16384 16384 16384 16384
LtFp8Matmul: 818.905507 TFlops(16384, 16384, 16384, 1, ms=10.741280)
16384 16384 16384 16384
LtFp8Matmul: 725.572071 TFlops(16384, 16384, 16384, 16, ms=193.967621)
16384 16384 16384 16384
LtFp8Matmul: 716.821030 TFlops(16384, 16384, 16384, 32, ms=392.671204)
16384 16384 16384 16384
LtFp8Matmul: 705.969721 TFlops(16384, 16384, 16384, 48, ms=598.060303)
16384 16384 16384 16384
LtFp8Matmul: 700.357654 TFlops(16384, 16384, 16384, 64, ms=803.803528)
16384 16384 16384 16384
LtFp8Matmul: 682.535830 TFlops(16384, 16384, 16384, 80, ms=1030.989746)
16384 16384 16384 16384
LtFp8Matmul: 675.015291 TFlops(16384, 16384, 16384, 96, ms=1250.971558)
16384 16384 16384 16384
LtFp8Matmul: 673.202500 TFlops(16384, 16384, 16384, 112, ms=1463.396851)
16384 16384 16384 16384
LtFp8Matmul: 672.159308 TFlops(16384, 16384, 16384, 128, ms=1675.049194)
16384 16384 16384 16384
LtFp8Matmul: 665.516597 TFlops(16384, 16384, 16384, 144, ms=1903.239380)
16384 16384 16384 16384
LtFp8Matmul: 662.529191 TFlops(16384, 16384, 16384, 160, ms=2124.245850)
16384 16384 16384 16384
LtFp8Matmul: 660.149391 TFlops(16384, 16384, 16384, 176, ms=2345.093994)
16384 16384 16384 16384
LtFp8Matmul: 660.426118 TFlops(16384, 16384, 16384, 192, ms=2557.212402)
16384 16384 16384 16384
LtFp8Matmul: 661.628762 TFlops(16384, 16384, 16384, 208, ms=2765.277832)
16384 16384 16384 16384
LtFp8Matmul: 663.486210 TFlops(16384, 16384, 16384, 224, ms=2969.654541)
16384 16384 16384 16384
LtFp8Matmul: 661.903542 TFlops(16384, 16384, 16384, 240, ms=3189.380615)
16384 16384 16384 16384
LtFp8Matmul: 662.075232 TFlops(16384, 16384, 16384, 256, ms=3401.123779)
16384 16384 16384 16384
LtFp8Matmul: 661.907032 TFlops(16384, 16384, 16384, 272, ms=3614.612305)
16384 16384 16384 16384
LtFp8Matmul: 660.073973 TFlops(16384, 16384, 16384, 288, ms=3837.864990)
16384 16384 16384 16384
LtFp8Matmul: 659.473666 TFlops(16384, 16384, 16384, 304, ms=4054.767334)
16384 16384 16384 16384
LtFp8Matmul: 658.848657 TFlops(16384, 16384, 16384, 320, ms=4272.225098)
16384 16384 16384 16384
LtFp8Matmul: 657.935113 TFlops(16384, 16384, 16384, 336, ms=4492.064941)
16384 16384 16384 16384
LtFp8Matmul: 658.659890 TFlops(16384, 16384, 16384, 352, ms=4700.794434)
16384 16384 16384 16384
LtFp8Matmul: 658.875082 TFlops(16384, 16384, 16384, 368, ms=4912.861816)
16384 16384 16384 16384
LtFp8Matmul: 657.981665 TFlops(16384, 16384, 16384, 384, ms=5133.425293)
16384 16384 16384 16384
LtFp8Matmul: 657.473597 TFlops(16384, 16384, 16384, 400, ms=5351.450195)
16384 16384 16384 16384
LtFp8Matmul: 656.979388 TFlops(16384, 16384, 16384, 416, ms=5569.694824)
16384 16384 16384 16384
LtFp8Matmul: 656.849220 TFlops(16384, 16384, 16384, 432, ms=5785.060059)
16384 16384 16384 16384
LtFp8Matmul: 656.579382 TFlops(16384, 16384, 16384, 448, ms=6001.787109)
16384 16384 16384 16384
LtFp8Matmul: 655.852153 TFlops(16384, 16384, 16384, 464, ms=6223.029297)
16384 16384 16384 16384
LtFp8Matmul: 656.353700 TFlops(16384, 16384, 16384, 480, ms=6432.697266)
16384 16384 16384 16384
LtFp8Matmul: 657.310881 TFlops(16384, 16384, 16384, 496, ms=6637.440918)
16384 16384 16384 16384
LtFp8Matmul: 657.631745 TFlops(16384, 16384, 16384, 512, ms=6848.208984)
16384 16384 16384 16384
LtFp8Matmul: 656.900713 TFlops(16384, 16384, 16384, 528, ms=7070.074707)
16384 16384 16384 16384
LtFp8Matmul: 656.265097 TFlops(16384, 16384, 16384, 544, ms=7291.374512)
16384 16384 16384 16384
LtFp8Matmul: 655.633264 TFlops(16384, 16384, 16384, 560, ms=7513.060059)
16384 16384 16384 16384
LtFp8Matmul: 655.415199 TFlops(16384, 16384, 16384, 576, ms=7730.290039)
16384 16384 16384 16384
LtFp8Matmul: 654.749665 TFlops(16384, 16384, 16384, 592, ms=7953.096191)
16384 16384 16384 16384
LtFp8Matmul: 653.999872 TFlops(16384, 16384, 16384, 608, ms=8177.409180)
16384 16384 16384 16384
LtFp8Matmul: 653.370198 TFlops(16384, 16384, 16384, 624, ms=8400.692383)
16384 16384 16384 16384
LtFp8Matmul: 653.301855 TFlops(16384, 16384, 16384, 640, ms=8616.996094)
16384 16384 16384 16384
LtFp8Matmul: 652.963627 TFlops(16384, 16384, 16384, 656, ms=8836.996094)
16384 16384 16384 16384
LtFp8Matmul: 652.232180 TFlops(16384, 16384, 16384, 672, ms=9062.684570)
16384 16384 16384 16384
LtFp8Matmul: 652.709416 TFlops(16384, 16384, 16384, 688, ms=9271.678711)
16384 16384 16384 16384
LtFp8Matmul: 653.062556 TFlops(16384, 16384, 16384, 704, ms=9482.168945)
16384 16384 16384 16384
LtFp8Matmul: 652.556037 TFlops(16384, 16384, 16384, 720, ms=9705.200195)
16384 16384 16384 16384
LtFp8Matmul: 651.677352 TFlops(16384, 16384, 16384, 736, ms=9934.248047)
16384 16384 16384 16384
LtFp8Matmul: 651.840786 TFlops(16384, 16384, 16384, 752, ms=10147.665039)
16384 16384 16384 16384
LtFp8Matmul: 652.000313 TFlops(16384, 16384, 16384, 768, ms=10361.037109)
16384 16384 16384 16384
LtFp8Matmul: 651.184702 TFlops(16384, 16384, 16384, 784, ms=10590.139648)
16384 16384 16384 16384
LtFp8Matmul: 649.996699 TFlops(16384, 16384, 16384, 800, ms=10826.015625)
16384 16384 16384 16384
LtFp8Matmul: 649.278480 TFlops(16384, 16384, 16384, 816, ms=11054.750977)
16384 16384 16384 16384
LtFp8Matmul: 649.278989 TFlops(16384, 16384, 16384, 832, ms=11271.501953)
16384 16384 16384 16384
LtFp8Matmul: 649.071085 TFlops(16384, 16384, 16384, 848, ms=11491.941406)
16384 16384 16384 16384
LtFp8Matmul: 648.949357 TFlops(16384, 16384, 16384, 864, ms=11710.966797)
16384 16384 16384 16384
LtFp8Matmul: 647.927907 TFlops(16384, 16384, 16384, 880, ms=11946.640625)
16384 16384 16384 16384
LtFp8Matmul: 647.851383 TFlops(16384, 16384, 16384, 896, ms=12165.289062)
16384 16384 16384 16384
LtFp8Matmul: 647.539811 TFlops(16384, 16384, 16384, 912, ms=12388.484375)
16384 16384 16384 16384
LtFp8Matmul: 647.616774 TFlops(16384, 16384, 16384, 928, ms=12604.328125)
16384 16384 16384 16384
LtFp8Matmul: 647.359671 TFlops(16384, 16384, 16384, 944, ms=12826.736328)
16384 16384 16384 16384
LtFp8Matmul: 646.958723 TFlops(16384, 16384, 16384, 960, ms=13052.222656)
16384 16384 16384 16384
LtFp8Matmul: 646.867271 TFlops(16384, 16384, 16384, 976, ms=13271.635742)
16384 16384 16384 16384
LtFp8Matmul: 647.325899 TFlops(16384, 16384, 16384, 992, ms=13479.646484)
16384 16384 16384 16384
LtFp8Matmul: 647.180024 TFlops(16384, 16384, 16384, 1008, ms=13700.147461)
16384 16384 16384 16384
LtFp8Matmul: 646.614325 TFlops(16384, 16384, 16384, 1024, ms=13929.786133)
16384 16384 16384 16384
LtFp8Matmul: 646.702113 TFlops(16384, 16384, 16384, 1040, ms=14145.518555)
16384 16384 16384 16384
LtFp8Matmul: 646.498172 TFlops(16384, 16384, 16384, 1056, ms=14367.672852)
16384 16384 16384 16384
LtFp8Matmul: 646.885106 TFlops(16384, 16384, 16384, 1072, ms=14576.640625)
16384 16384 16384 16384
LtFp8Matmul: 646.760413 TFlops(16384, 16384, 16384, 1088, ms=14797.054688)
16384 16384 16384 16384
LtFp8Matmul: 646.400920 TFlops(16384, 16384, 16384, 1104, ms=15023.008789)
16384 16384 16384 16384
LtFp8Matmul: 646.070864 TFlops(16384, 16384, 16384, 1120, ms=15248.519531)
16384 16384 16384 16384
LtFp8Matmul: 645.274212 TFlops(16384, 16384, 16384, 1136, ms=15485.450195)
16384 16384 16384 16384
LtFp8Matmul: 646.050755 TFlops(16384, 16384, 16384, 1152, ms=15684.679688)
16384 16384 16384 16384
LtFp8Matmul: 644.749037 TFlops(16384, 16384, 16384, 1168, ms=15934.628906)
16384 16384 16384 16384
LtFp8Matmul: 643.653479 TFlops(16384, 16384, 16384, 1184, ms=16180.405273)
16384 16384 16384 16384
LtFp8Matmul: 644.070652 TFlops(16384, 16384, 16384, 1200, ms=16388.437500)
16384 16384 16384 16384
LtFp8Matmul: 644.337351 TFlops(16384, 16384, 16384, 1216, ms=16600.076172)
16384 16384 16384 16384
LtFp8Matmul: 643.862784 TFlops(16384, 16384, 16384, 1232, ms=16830.894531)
16384 16384 16384 16384
LtFp8Matmul: 643.905383 TFlops(16384, 16384, 16384, 1248, ms=17048.349609)
16384 16384 16384 16384
LtFp8Matmul: 642.819152 TFlops(16384, 16384, 16384, 1264, ms=17296.095703)
16384 16384 16384 16384
LtFp8Matmul: 639.746313 TFlops(16384, 16384, 16384, 1280, ms=17599.162109)
16384 16384 16384 16384
LtFp8Matmul: 638.785037 TFlops(16384, 16384, 16384, 1296, ms=17845.966797)
16384 16384 16384 16384
LtFp8Matmul: 638.748931 TFlops(16384, 16384, 16384, 1312, ms=18067.308594)
16384 16384 16384 16384
LtFp8Matmul: 638.858339 TFlops(16384, 16384, 16384, 1328, ms=18284.509766)
16384 16384 16384 16384
LtFp8Matmul: 639.695776 TFlops(16384, 16384, 16384, 1344, ms=18480.580078)
16384 16384 16384 16384
LtFp8Matmul: 640.076193 TFlops(16384, 16384, 16384, 1360, ms=18689.472656)
16384 16384 16384 16384
LtFp8Matmul: 640.709557 TFlops(16384, 16384, 16384, 1376, ms=18890.656250)
16384 16384 16384 16384
LtFp8Matmul: 641.018474 TFlops(16384, 16384, 16384, 1392, ms=19101.105469)
16384 16384 16384 16384
LtFp8Matmul: 641.216962 TFlops(16384, 16384, 16384, 1408, ms=19314.677734)
16384 16384 16384 16384
LtFp8Matmul: 640.909135 TFlops(16384, 16384, 16384, 1424, ms=19543.544922)
16384 16384 16384 16384
LtFp8Matmul: 641.000437 TFlops(16384, 16384, 16384, 1440, ms=19760.320312)
16384 16384 16384 16384
LtFp8Matmul: 641.029091 TFlops(16384, 16384, 16384, 1456, ms=19978.986328)
16384 16384 16384 16384
LtFp8Matmul: 641.036854 TFlops(16384, 16384, 16384, 1472, ms=20198.291016)
16384 16384 16384 16384
LtFp8Matmul: 641.578270 TFlops(16384, 16384, 16384, 1488, ms=20400.607422)
16384 16384 16384 16384
LtFp8Matmul: 641.035262 TFlops(16384, 16384, 16384, 1504, ms=20637.435547)
16384 16384 16384 16384
LtFp8Matmul: 640.952563 TFlops(16384, 16384, 16384, 1520, ms=20859.673828)
16384 16384 16384 16384
LtFp8Matmul: 640.269000 TFlops(16384, 16384, 16384, 1536, ms=21101.753906)
16384 16384 16384 16384
LtFp8Matmul: 639.937074 TFlops(16384, 16384, 16384, 1552, ms=21332.623047)
16384 16384 16384 16384
LtFp8Matmul: 639.841985 TFlops(16384, 16384, 16384, 1568, ms=21555.750000)
16384 16384 16384 16384
LtFp8Matmul: 639.524882 TFlops(16384, 16384, 16384, 1584, ms=21786.503906)
16384 16384 16384 16384
LtFp8Matmul: 639.354460 TFlops(16384, 16384, 16384, 1600, ms=22012.435547)
16384 16384 16384 16384
LtFp8Matmul: 639.155671 TFlops(16384, 16384, 16384, 1616, ms=22239.474609)
16384 16384 16384 16384
LtFp8Matmul: 639.887896 TFlops(16384, 16384, 16384, 1632, ms=22433.966797)
16384 16384 16384 16384
LtFp8Matmul: 639.652839 TFlops(16384, 16384, 16384, 1648, ms=22662.232422)
16384 16384 16384 16384
LtFp8Matmul: 638.551376 TFlops(16384, 16384, 16384, 1664, ms=22921.724609)
16384 16384 16384 16384
LtFp8Matmul: 638.526340 TFlops(16384, 16384, 16384, 1680, ms=23143.033203)
16384 16384 16384 16384
LtFp8Matmul: 638.140952 TFlops(16384, 16384, 16384, 1696, ms=23377.552734)
16384 16384 16384 16384
LtFp8Matmul: 637.957098 TFlops(16384, 16384, 16384, 1712, ms=23604.896484)
16384 16384 16384 16384
LtFp8Matmul: 637.993631 TFlops(16384, 16384, 16384, 1728, ms=23824.138672)
16384 16384 16384 16384
LtFp8Matmul: 638.109740 TFlops(16384, 16384, 16384, 1744, ms=24040.357422)
16384 16384 16384 16384
LtFp8Matmul: 638.321126 TFlops(16384, 16384, 16384, 1760, ms=24252.876953)
16384 16384 16384 16384
LtFp8Matmul: 638.296120 TFlops(16384, 16384, 16384, 1776, ms=24474.316406)
16384 16384 16384 16384
LtFp8Matmul: 637.265232 TFlops(16384, 16384, 16384, 1792, ms=24734.753906)
16384 16384 16384 16384
LtFp8Matmul: 637.658597 TFlops(16384, 16384, 16384, 1808, ms=24940.205078)
16384 16384 16384 16384
LtFp8Matmul: 637.738964 TFlops(16384, 16384, 16384, 1824, ms=25157.744141)
16384 16384 16384 16384
LtFp8Matmul: 637.371277 TFlops(16384, 16384, 16384, 1840, ms=25393.066406)
16384 16384 16384 16384
LtFp8Matmul: 637.320801 TFlops(16384, 16384, 16384, 1856, ms=25615.904297)
16384 16384 16384 16384
LtFp8Matmul: 637.803638 TFlops(16384, 16384, 16384, 1872, ms=25817.171875)
16384 16384 16384 16384
LtFp8Matmul: 637.781091 TFlops(16384, 16384, 16384, 1888, ms=26038.751953)
16384 16384 16384 16384
LtFp8Matmul: 637.571427 TFlops(16384, 16384, 16384, 1904, ms=26268.054688)
16384 16384 16384 16384
LtFp8Matmul: 634.657164 TFlops(16384, 16384, 16384, 1920, ms=26610.427734)
16384 16384 16384 16384
LtFp8Matmul: 633.294690 TFlops(16384, 16384, 16384, 1936, ms=26889.908203)
16384 16384 16384 16384
LtFp8Matmul: 633.033025 TFlops(16384, 16384, 16384, 1952, ms=27123.345703)
16384 16384 16384 16384
LtFp8Matmul: 633.476025 TFlops(16384, 16384, 16384, 1968, ms=27326.544922)
16384 16384 16384 16384
LtFp8Matmul: 633.757321 TFlops(16384, 16384, 16384, 1984, ms=27536.484375)
16384 16384 16384 16384
LtFp8Matmul: 634.468334 TFlops(16384, 16384, 16384, 2000, ms=27727.445312)
16384 16384 16384 16384
LtFp8Matmul: 635.076188 TFlops(16384, 16384, 16384, 2016, ms=27922.513672)
16384 16384 16384 16384
LtFp8Matmul: 635.400724 TFlops(16384, 16384, 16384, 2032, ms=28129.746094)
16384 16384 16384 16384
LtFp8Matmul: 827.295139 TFlops(16384, 16384, 16384, 1, ms=10.632352)
16384 16384 16384 16384
LtFp8Matmul: 828.969238 TFlops(16384, 16384, 16384, 2, ms=21.221760)
16384 16384 16384 16384
LtFp8Matmul: 831.444745 TFlops(16384, 16384, 16384, 4, ms=42.317150)
16384 16384 16384 16384
LtFp8Matmul: 802.017915 TFlops(16384, 16384, 16384, 8, ms=87.739616)
16384 16384 16384 16384
LtFp8Matmul: 735.470599 TFlops(16384, 16384, 16384, 16, ms=191.357056)
16384 16384 16384 16384
LtFp8Matmul: 710.347929 TFlops(16384, 16384, 16384, 32, ms=396.249451)
16384 16384 16384 16384
LtFp8Matmul: 699.430888 TFlops(16384, 16384, 16384, 64, ms=804.868591)
16384 16384 16384 16384
LtFp8Matmul: 668.180900 TFlops(16384, 16384, 16384, 128, ms=1685.022583)
16384 16384 16384 16384
LtFp8Matmul: 652.353153 TFlops(16384, 16384, 16384, 256, ms=3451.811035)
16384 16384 16384 16384
LtFp8Matmul: 654.486228 TFlops(16384, 16384, 16384, 512, ms=6881.122070)
16384 16384 16384 16384
LtFp8Matmul: 653.718560 TFlops(16384, 16384, 16384, 1024, ms=13778.405273)
16384 16384 16384 16384
LtFp8Matmul: 827.295139 TFlops(16384, 16384, 16384, 1, ms=10.632352)
16384 16384 16384 16384
LtFp8Matmul: 828.969238 TFlops(16384, 16384, 16384, 2, ms=21.221760)
16384 16384 16384 16384
LtFp8Matmul: 831.444745 TFlops(16384, 16384, 16384, 4, ms=42.317150)
16384 16384 16384 16384
LtFp8Matmul: 802.017915 TFlops(16384, 16384, 16384, 8, ms=87.739616)
16384 16384 16384 16384
LtFp8Matmul: 735.470599 TFlops(16384, 16384, 16384, 16, ms=191.357056)
16384 16384 16384 16384
LtFp8Matmul: 710.347929 TFlops(16384, 16384, 16384, 32, ms=396.249451)
16384 16384 16384 16384
LtFp8Matmul: 699.430888 TFlops(16384, 16384, 16384, 64, ms=804.868591)
16384 16384 16384 16384
LtFp8Matmul: 668.180900 TFlops(16384, 16384, 16384, 128, ms=1685.022583)
16384 16384 16384 16384
LtFp8Matmul: 652.353153 TFlops(16384, 16384, 16384, 256, ms=3451.811035)
16384 16384 16384 16384
LtFp8Matmul: 654.486228 TFlops(16384, 16384, 16384, 512, ms=6881.122070)
16384 16384 16384 16384
LtFp8Matmul: 653.718560 TFlops(16384, 16384, 16384, 1024, ms=13778.405273)
16384 16384 16384 16384
LtFp8Matmul: 827.295139 TFlops(16384, 16384, 16384, 1, ms=10.632352)
16384 16384 16384 16384
LtFp8Matmul: 828.969238 TFlops(16384, 16384, 16384, 2, ms=21.221760)
16384 16384 16384 16384
LtFp8Matmul: 831.444745 TFlops(16384, 16384, 16384, 4, ms=42.317150)
16384 16384 16384 16384
LtFp8Matmul: 802.017915 TFlops(16384, 16384, 16384, 8, ms=87.739616)
16384 16384 16384 16384
LtFp8Matmul: 735.470599 TFlops(16384, 16384, 16384, 16, ms=191.357056)
16384 16384 16384 16384
LtFp8Matmul: 710.347929 TFlops(16384, 16384, 16384, 32, ms=396.249451)
16384 16384 16384 16384
LtFp8Matmul: 699.430888 TFlops(16384, 16384, 16384, 64, ms=804.868591)
16384 16384 16384 16384
LtFp8Matmul: 668.180900 TFlops(16384, 16384, 16384, 128, ms=1685.022583)
16384 16384 16384 16384
LtFp8Matmul: 652.353153 TFlops(16384, 16384, 16384, 256, ms=3451.811035)
16384 16384 16384 16384
LtFp8Matmul: 654.486228 TFlops(16384, 16384, 16384, 512, ms=6881.122070)
16384 16384 16384 16384
LtFp8Matmul: 653.718560 TFlops(16384, 16384, 16384, 1024, ms=13778.405273)
16384 16384 16384 16384
LtFp8Matmul: 827.295139 TFlops(16384, 16384, 16384, 1, ms=10.632352)
16384 16384 16384 16384
LtFp8Matmul: 828.969238 TFlops(16384, 16384, 16384, 2, ms=21.221760)
16384 16384 16384 16384
LtFp8Matmul: 831.444745 TFlops(16384, 16384, 16384, 4, ms=42.317150)
16384 16384 16384 16384
LtFp8Matmul: 802.017915 TFlops(16384, 16384, 16384, 8, ms=87.739616)
16384 16384 16384 16384
LtFp8Matmul: 735.470599 TFlops(16384, 16384, 16384, 16, ms=191.357056)
16384 16384 16384 16384
LtFp8Matmul: 710.347929 TFlops(16384, 16384, 16384, 32, ms=396.249451)
16384 16384 16384 16384
LtFp8Matmul: 699.430888 TFlops(16384, 16384, 16384, 64, ms=804.868591)
16384 16384 16384 16384
LtFp8Matmul: 668.180900 TFlops(16384, 16384, 16384, 128, ms=1685.022583)
16384 16384 16384 16384
LtFp8Matmul: 652.353153 TFlops(16384, 16384, 16384, 256, ms=3451.811035)
16384 16384 16384 16384
LtFp8Matmul: 654.486228 TFlops(16384, 16384, 16384, 512, ms=6881.122070)
16384 16384 16384 16384
LtFp8Matmul: 653.718560 TFlops(16384, 16384, 16384, 1024, ms=13778.405273)
16384 16384 16384 16384
LtFp8Matmul: 827.295139 TFlops(16384, 16384, 16384, 1, ms=10.632352)
16384 16384 16384 16384
LtFp8Matmul: 828.969238 TFlops(16384, 16384, 16384, 2, ms=21.221760)
16384 16384 16384 16384
LtFp8Matmul: 831.444745 TFlops(16384, 16384, 16384, 4, ms=42.317150)
16384 16384 16384 16384
LtFp8Matmul: 802.017915 TFlops(16384, 16384, 16384, 8, ms=87.739616)
16384 16384 16384 16384
LtFp8Matmul: 735.470599 TFlops(16384, 16384, 16384, 16, ms=191.357056)
16384 16384 16384 16384
LtFp8Matmul: 710.347929 TFlops(16384, 16384, 16384, 32, ms=396.249451)
16384 16384 16384 16384
LtFp8Matmul: 699.430888 TFlops(16384, 16384, 16384, 64, ms=804.868591)
16384 16384 16384 16384
LtFp8Matmul: 668.180900 TFlops(16384, 16384, 16384, 128, ms=1685.022583)
16384 16384 16384 16384
LtFp8Matmul: 652.353153 TFlops(16384, 16384, 16384, 256, ms=3451.811035)
16384 16384 16384 16384
LtFp8Matmul: 654.486228 TFlops(16384, 16384, 16384, 512, ms=6881.122070)
16384 16384 16384 16384
LtFp8Matmul: 653.718560 TFlops(16384, 16384, 16384, 1024, ms=13778.405273)
16384 16384 16384 16384
LtFp8Matmul: 827.295139 TFlops(16384, 16384, 16384, 1, ms=10.632352)
16384 16384 16384 16384
LtFp8Matmul: 828.969238 TFlops(16384, 16384, 16384, 2, ms=21.221760)
16384 16384 16384 16384
LtFp8Matmul: 831.444745 TFlops(16384, 16384, 16384, 4, ms=42.317150)
16384 16384 16384 16384
LtFp8Matmul: 802.017915 TFlops(16384, 16384, 16384, 8, ms=87.739616)
16384 16384 16384 16384
LtFp8Matmul: 735.470599 TFlops(16384, 16384, 16384, 16, ms=191.357056)
16384 16384 16384 16384
LtFp8Matmul: 710.347929 TFlops(16384, 16384, 16384, 32, ms=396.249451)
16384 16384 16384 16384
LtFp8Matmul: 699.430888 TFlops(16384, 16384, 16384, 64, ms=804.868591)
16384 16384 16384 16384
LtFp8Matmul: 668.180900 TFlops(16384, 16384, 16384, 128, ms=1685.022583)
16384 16384 16384 16384
LtFp8Matmul: 652.353153 TFlops(16384, 16384, 16384, 256, ms=3451.811035)
16384 16384 16384 16384
LtFp8Matmul: 654.486228 TFlops(16384, 16384, 16384, 512, ms=6881.122070)
16384 16384 16384 16384
LtFp8Matmul: 653.718560 TFlops(16384, 16384, 16384, 1024, ms=13778.405273)
16384 16384 16384 16384
LtFp8Matmul: 827.295139 TFlops(16384, 16384, 16384, 1, ms=10.632352)
16384 16384 16384 16384
LtFp8Matmul: 828.969238 TFlops(16384, 16384, 16384, 2, ms=21.221760)
16384 16384 16384 16384
LtFp8Matmul: 831.444745 TFlops(16384, 16384, 16384, 4, ms=42.317150)
16384 16384 16384 16384
LtFp8Matmul: 802.017915 TFlops(16384, 16384, 16384, 8, ms=87.739616)
16384 16384 16384 16384
LtFp8Matmul: 735.470599 TFlops(16384, 16384, 16384, 16, ms=191.357056)
16384 16384 16384 16384
LtFp8Matmul: 710.347929 TFlops(16384, 16384, 16384, 32, ms=396.249451)
16384 16384 16384 16384
LtFp8Matmul: 699.430888 TFlops(16384, 16384, 16384, 64, ms=804.868591)
16384 16384 16384 16384
LtFp8Matmul: 668.180900 TFlops(16384, 16384, 16384, 128, ms=1685.022583)
16384 16384 16384 16384
LtFp8Matmul: 652.353153 TFlops(16384, 16384, 16384, 256, ms=3451.811035)
16384 16384 16384 16384
LtFp8Matmul: 654.486228 TFlops(16384, 16384, 16384, 512, ms=6881.122070)
16384 16384 16384 16384
LtFp8Matmul: 653.718560 TFlops(16384, 16384, 16384, 1024, ms=13778.405273)
16384 16384 16384 16384
LtFp8Matmul: 827.295139 TFlops(16384, 16384, 16384, 1, ms=10.632352)
16384 16384 16384 16384
LtFp8Matmul: 828.969238 TFlops(16384, 16384, 16384, 2, ms=21.221760)
16384 16384 16384 16384
LtFp8Matmul: 831.444745 TFlops(16384, 16384, 16384, 4, ms=42.317150)
16384 16384 16384 16384
LtFp8Matmul: 802.017915 TFlops(16384, 16384, 16384, 8, ms=87.739616)
16384 16384 16384 16384
LtFp8Matmul: 735.470599 TFlops(16384, 16384, 16384, 16, ms=191.357056)
16384 16384 16384 16384
LtFp8Matmul: 710.347929 TFlops(16384, 16384, 16384, 32, ms=396.249451)
16384 16384 16384 16384
LtFp8Matmul: 699.430888 TFlops(16384, 16384, 16384, 64, ms=804.868591)
16384 16384 16384 16384
LtFp8Matmul: 668.180900 TFlops(16384, 16384, 16384, 128, ms=1685.022583)
16384 16384 16384 16384
LtFp8Matmul: 652.353153 TFlops(16384, 16384, 16384, 256, ms=3451.811035)
16384 16384 16384 16384
LtFp8Matmul: 654.486228 TFlops(16384, 16384, 16384, 512, ms=6881.122070)
16384 16384 16384 16384
LtFp8Matmul: 653.718560 TFlops(16384, 16384, 16384, 1024, ms=13778.405273)
16384 16384 16384 16384
LtFp8Matmul: 827.295139 TFlops(16384, 16384, 16384, 1, ms=10.632352)
16384 16384 16384 16384
LtFp8Matmul: 828.969238 TFlops(16384, 16384, 16384, 2, ms=21.221760)
16384 16384 16384 16384
LtFp8Matmul: 831.444745 TFlops(16384, 16384, 16384, 4, ms=42.317150)
16384 16384 16384 16384
LtFp8Matmul: 802.017915 TFlops(16384, 16384, 16384, 8, ms=87.739616)
16384 16384 16384 16384
LtFp8Matmul: 735.470599 TFlops(16384, 16384, 16384, 16, ms=191.357056)
16384 16384 16384 16384
LtFp8Matmul: 710.347929 TFlops(16384, 16384, 16384, 32, ms=396.249451)
16384 16384 16384 16384
LtFp8Matmul: 699.430888 TFlops(16384, 16384, 16384, 64, ms=804.868591)
16384 16384 16384 16384
LtFp8Matmul: 668.180900 TFlops(16384, 16384, 16384, 128, ms=1685.022583)
16384 16384 16384 16384
LtFp8Matmul: 652.353153 TFlops(16384, 16384, 16384, 256, ms=3451.811035)
16384 16384 16384 16384
LtFp8Matmul: 654.486228 TFlops(16384, 16384, 16384, 512, ms=6881.122070)
16384 16384 16384 16384
LtFp8Matmul: 653.718560 TFlops(16384, 16384, 16384, 1024, ms=13778.405273)
16384 16384 16384 16384
LtFp8Matmul: 827.295139 TFlops(16384, 16384, 16384, 1, ms=10.632352)
16384 16384 16384 16384
LtFp8Matmul: 828.969238 TFlops(16384, 16384, 16384, 2, ms=21.221760)
16384 16384 16384 16384
LtFp8Matmul: 831.444745 TFlops(16384, 16384, 16384, 4, ms=42.317150)
16384 16384 16384 16384
LtFp8Matmul: 802.017915 TFlops(16384, 16384, 16384, 8, ms=87.739616)
16384 16384 16384 16384
LtFp8Matmul: 735.470599 TFlops(16384, 16384, 16384, 16, ms=191.357056)
16384 16384 16384 16384
LtFp8Matmul: 710.347929 TFlops(16384, 16384, 16384, 32, ms=396.249451)
16384 16384 16384 16384
LtFp8Matmul: 699.430888 TFlops(16384, 16384, 16384, 64, ms=804.868591)
16384 16384 16384 16384
LtFp8Matmul: 668.180900 TFlops(16384, 16384, 16384, 128, ms=1685.022583)
16384 16384 16384 16384
LtFp8Matmul: 652.353153 TFlops(16384, 16384, 16384, 256, ms=3451.811035)
16384 16384 16384 16384
LtFp8Matmul: 654.486228 TFlops(16384, 16384, 16384, 512, ms=6881.122070)
16384 16384 16384 16384
LtFp8Matmul: 653.718560 TFlops(16384, 16384, 16384, 1024, ms=13778.405273)
16384 16384 16384 16384
LtFp8Matmul: 827.295139 TFlops(16384, 16384, 16384, 1, ms=10.632352)
16384 16384 16384 16384
LtFp8Matmul: 828.969238 TFlops(16384, 16384, 16384, 2, ms=21.221760)
16384 16384 16384 16384
LtFp8Matmul: 831.444745 TFlops(16384, 16384, 16384, 4, ms=42.317150)
16384 16384 16384 16384
LtFp8Matmul: 802.017915 TFlops(16384, 16384, 16384, 8, ms=87.739616)
16384 16384 16384 16384
LtFp8Matmul: 735.470599 TFlops(16384, 16384, 16384, 16, ms=191.357056)
16384 16384 16384 16384
LtFp8Matmul: 710.347929 TFlops(16384, 16384, 16384, 32, ms=396.249451)
16384 16384 16384 16384
LtFp8Matmul: 699.430888 TFlops(16384, 16384, 16384, 64, ms=804.868591)
16384 16384 16384 16384
LtFp8Matmul: 668.180900 TFlops(16384, 16384, 16384, 128, ms=1685.022583)
16384 16384 16384 16384
LtFp8Matmul: 652.353153 TFlops(16384, 16384, 16384, 256, ms=3451.811035)
16384 16384 16384 16384
LtFp8Matmul: 654.486228 TFlops(16384, 16384, 16384, 512, ms=6881.122070)
16384 16384 16384 16384
LtFp8Matmul: 653.718560 TFlops(16384, 16384, 16384, 1024, ms=13778.405273)
16384 16384 16384 16384
LtFp8Matmul: 827.295139 TFlops(16384, 16384, 16384, 1, ms=10.632352)
16384 16384 16384 16384
LtFp8Matmul: 828.969238 TFlops(16384, 16384, 16384, 2, ms=21.221760)
16384 16384 16384 16384
LtFp8Matmul: 831.444745 TFlops(16384, 16384, 16384, 4, ms=42.317150)
16384 16384 16384 16384
LtFp8Matmul: 802.017915 TFlops(16384, 16384, 16384, 8, ms=87.739616)
16384 16384 16384 16384
LtFp8Matmul: 735.470599 TFlops(16384, 16384, 16384, 16, ms=191.357056)
16384 16384 16384 16384
LtFp8Matmul: 710.347929 TFlops(16384, 16384, 16384, 32, ms=396.249451)
16384 16384 16384 16384
LtFp8Matmul: 699.430888 TFlops(16384, 16384, 16384, 64, ms=804.868591)
16384 16384 16384 16384
LtFp8Matmul: 668.180900 TFlops(16384, 16384, 16384, 128, ms=1685.022583)
16384 16384 16384 16384
LtFp8Matmul: 652.353153 TFlops(16384, 16384, 16384, 256, ms=3451.811035)
16384 16384 16384 16384
LtFp8Matmul: 654.486228 TFlops(16384, 16384, 16384, 512, ms=6881.122070)
16384 16384 16384 16384
LtFp8Matmul: 653.718560 TFlops(16384, 16384, 16384, 1024, ms=13778.405273)
16384 16384 16384 16384
LtFp8Matmul: 827.295139 TFlops(16384, 16384, 16384, 1, ms=10.632352)
16384 16384 16384 16384
LtFp8Matmul: 828.969238 TFlops(16384, 16384, 16384, 2, ms=21.221760)
16384 16384 16384 16384
LtFp8Matmul: 831.444745 TFlops(16384, 16384, 16384, 4, ms=42.317150)
16384 16384 16384 16384
LtFp8Matmul: 802.017915 TFlops(16384, 16384, 16384, 8, ms=87.739616)
16384 16384 16384 16384
LtFp8Matmul: 735.470599 TFlops(16384, 16384, 16384, 16, ms=191.357056)
16384 16384 16384 16384
LtFp8Matmul: 710.347929 TFlops(16384, 16384, 16384, 32, ms=396.249451)
16384 16384 16384 16384
LtFp8Matmul: 699.430888 TFlops(16384, 16384, 16384, 64, ms=804.868591)
16384 16384 16384 16384
LtFp8Matmul: 668.180900 TFlops(16384, 16384, 16384, 128, ms=1685.022583)
16384 16384 16384 16384
LtFp8Matmul: 652.353153 TFlops(16384, 16384, 16384, 256, ms=3451.811035)
16384 16384 16384 16384
LtFp8Matmul: 654.486228 TFlops(16384, 16384, 16384, 512, ms=6881.122070)
16384 16384 16384 16384
LtFp8Matmul: 653.718560 TFlops(16384, 16384, 16384, 1024, ms=13778.405273)
16384 16384 16384 16384
LtFp8Matmul: 827.295139 TFlops(16384, 16384, 16384, 1, ms=10.632352)
16384 16384 16384 16384
LtFp8Matmul: 828.969238 TFlops(16384, 16384, 16384, 2, ms=21.221760)
16384 16384 16384 16384
LtFp8Matmul: 831.444745 TFlops(16384, 16384, 16384, 4, ms=42.317150)
16384 16384 16384 16384
LtFp8Matmul: 802.017915 TFlops(16384, 16384, 16384, 8, ms=87.739616)
16384 16384 16384 16384
LtFp8Matmul: 735.470599 TFlops(16384, 16384, 16384, 16, ms=191.357056)
16384 16384 16384 16384
LtFp8Matmul: 710.347929 TFlops(16384, 16384, 16384, 32, ms=396.249451)
16384 16384 16384 16384
LtFp8Matmul: 699.430888 TFlops(16384, 16384, 16384, 64, ms=804.868591)
16384 16384 16384 16384
LtFp8Matmul: 668.180900 TFlops(16384, 16384, 16384, 128, ms=1685.022583)
16384 16384 16384 16384
LtFp8Matmul: 652.353153 TFlops(16384, 16384, 16384, 256, ms=3451.811035)
16384 16384 16384 16384
LtFp8Matmul: 654.486228 TFlops(16384, 16384, 16384, 512, ms=6881.122070)
16384 16384 16384 16384
LtFp8Matmul: 653.718560 TFlops(16384, 16384, 16384, 1024, ms=13778.405273)
16384 16384 16384 16384
LtFp8Matmul: 827.295139 TFlops(16384, 16384, 16384, 1, ms=10.632352)
16384 16384 16384 16384
LtFp8Matmul: 828.969238 TFlops(16384, 16384, 16384, 2, ms=21.221760)
16384 16384 16384 16384
LtFp8Matmul: 831.444745 TFlops(16384, 16384, 16384, 4, ms=42.317150)
16384 16384 16384 16384
LtFp8Matmul: 802.017915 TFlops(16384, 16384, 16384, 8, ms=87.739616)
16384 16384 16384 16384
LtFp8Matmul: 735.470599 TFlops(16384, 16384, 16384, 16, ms=191.357056)
16384 16384 16384 16384
LtFp8Matmul: 710.347929 TFlops(16384, 16384, 16384, 32, ms=396.249451)
16384 16384 16384 16384
LtFp8Matmul: 699.430888 TFlops(16384, 16384, 16384, 64, ms=804.868591)
16384 16384 16384 16384
LtFp8Matmul: 668.180900 TFlops(16384, 16384, 16384, 128, ms=1685.022583)
16384 16384 16384 16384
LtFp8Matmul: 652.353153 TFlops(16384, 16384, 16384, 256, ms=3451.811035)
16384 16384 16384 16384
LtFp8Matmul: 654.486228 TFlops(16384, 16384, 16384, 512, ms=6881.122070)
16384 16384 16384 16384
LtFp8Matmul: 653.718560 TFlops(16384, 16384, 16384, 1024, ms=13778.405273)
16384 16384 16384 16384
LtFp8Matmul: 827.295139 TFlops(16384, 16384, 16384, 1, ms=10.632352)
16384 16384 16384 16384
LtFp8Matmul: 828.969238 TFlops(16384, 16384, 16384, 2, ms=21.221760)
16384 16384 16384 16384
LtFp8Matmul: 831.444745 TFlops(16384, 16384, 16384, 4, ms=42.317150)
16384 16384 16384 16384
LtFp8Matmul: 802.017915 TFlops(16384, 16384, 16384, 8, ms=87.739616)
16384 16384 16384 16384
LtFp8Matmul: 735.470599 TFlops(16384, 16384, 16384, 16, ms=191.357056)
16384 16384 16384 16384
LtFp8Matmul: 710.347929 TFlops(16384, 16384, 16384, 32, ms=396.249451)
16384 16384 16384 16384
LtFp8Matmul: 699.430888 TFlops(16384, 16384, 16384, 64, ms=804.868591)
16384 16384 16384 16384
LtFp8Matmul: 668.180900 TFlops(16384, 16384, 16384, 128, ms=1685.022583)
16384 16384 16384 16384
LtFp8Matmul: 652.353153 TFlops(16384, 16384, 16384, 256, ms=3451.811035)
16384 16384 16384 16384
LtFp8Matmul: 654.486228 TFlops(16384, 16384, 16384, 512, ms=6881.122070)
16384 16384 16384 16384
LtFp8Matmul: 653.718560 TFlops(16384, 16384, 16384, 1024, ms=13778.405273)
