16384 16384 16384 16384
LtFp8Matmul: 1376.447349 TFlops(16384, 16384, 16384, 1, ms=6.390432)
16384 16384 16384 16384
LtFp8Matmul: 1214.587397 TFlops(16384, 16384, 16384, 16, ms=115.872673)
16384 16384 16384 16384
LtFp8Matmul: 1196.344472 TFlops(16384, 16384, 16384, 32, ms=235.279205)
16384 16384 16384 16384
LtFp8Matmul: 1194.572876 TFlops(16384, 16384, 16384, 48, ms=353.442200)
16384 16384 16384 16384
LtFp8Matmul: 1179.080360 TFlops(16384, 16384, 16384, 64, ms=477.448334)
16384 16384 16384 16384
LtFp8Matmul: 1178.990638 TFlops(16384, 16384, 16384, 80, ms=596.855835)
16384 16384 16384 16384
LtFp8Matmul: 1178.561302 TFlops(16384, 16384, 16384, 96, ms=716.487915)
16384 16384 16384 16384
LtFp8Matmul: 1174.830071 TFlops(16384, 16384, 16384, 112, ms=838.557373)
16384 16384 16384 16384
LtFp8Matmul: 1175.426065 TFlops(16384, 16384, 16384, 128, ms=957.865356)
16384 16384 16384 16384
LtFp8Matmul: 1175.920684 TFlops(16384, 16384, 16384, 144, ms=1077.145264)
16384 16384 16384 16384
LtFp8Matmul: 1175.748665 TFlops(16384, 16384, 16384, 160, ms=1197.003174)
16384 16384 16384 16384
LtFp8Matmul: 1172.727594 TFlops(16384, 16384, 16384, 176, ms=1320.095459)
16384 16384 16384 16384
LtFp8Matmul: 1174.448958 TFlops(16384, 16384, 16384, 192, ms=1437.993408)
16384 16384 16384 16384
LtFp8Matmul: 1172.926396 TFlops(16384, 16384, 16384, 208, ms=1559.848389)
16384 16384 16384 16384
LtFp8Matmul: 1170.763013 TFlops(16384, 16384, 16384, 224, ms=1682.940796)
16384 16384 16384 16384
LtFp8Matmul: 1170.100293 TFlops(16384, 16384, 16384, 240, ms=1804.172119)
16384 16384 16384 16384
LtFp8Matmul: 1173.725794 TFlops(16384, 16384, 16384, 256, ms=1918.505859)
16384 16384 16384 16384
LtFp8Matmul: 1171.464758 TFlops(16384, 16384, 16384, 272, ms=2042.346802)
16384 16384 16384 16384
LtFp8Matmul: 1172.726908 TFlops(16384, 16384, 16384, 288, ms=2160.157471)
16384 16384 16384 16384
LtFp8Matmul: 1171.839684 TFlops(16384, 16384, 16384, 304, ms=2281.892578)
16384 16384 16384 16384
LtFp8Matmul: 1171.027225 TFlops(16384, 16384, 16384, 320, ms=2403.658691)
16384 16384 16384 16384
LtFp8Matmul: 1170.956125 TFlops(16384, 16384, 16384, 336, ms=2523.994873)
16384 16384 16384 16384
LtFp8Matmul: 1170.596231 TFlops(16384, 16384, 16384, 352, ms=2644.998047)
16384 16384 16384 16384
LtFp8Matmul: 1171.035592 TFlops(16384, 16384, 16384, 368, ms=2764.187744)
16384 16384 16384 16384
LtFp8Matmul: 1171.624339 TFlops(16384, 16384, 16384, 384, ms=2882.920410)
16384 16384 16384 16384
LtFp8Matmul: 1171.714779 TFlops(16384, 16384, 16384, 400, ms=3002.810303)
16384 16384 16384 16384
LtFp8Matmul: 1171.097112 TFlops(16384, 16384, 16384, 416, ms=3124.569824)
16384 16384 16384 16384
LtFp8Matmul: 1171.644382 TFlops(16384, 16384, 16384, 432, ms=3243.229980)
16384 16384 16384 16384
LtFp8Matmul: 1172.003394 TFlops(16384, 16384, 16384, 448, ms=3362.319336)
16384 16384 16384 16384
LtFp8Matmul: 1171.676654 TFlops(16384, 16384, 16384, 464, ms=3483.373291)
16384 16384 16384 16384
LtFp8Matmul: 1172.584575 TFlops(16384, 16384, 16384, 480, ms=3600.699463)
16384 16384 16384 16384
LtFp8Matmul: 1171.423650 TFlops(16384, 16384, 16384, 496, ms=3724.410156)
16384 16384 16384 16384
LtFp8Matmul: 1171.420504 TFlops(16384, 16384, 16384, 512, ms=3844.562744)
16384 16384 16384 16384
LtFp8Matmul: 1171.958948 TFlops(16384, 16384, 16384, 528, ms=3962.883789)
16384 16384 16384 16384
LtFp8Matmul: 1171.455726 TFlops(16384, 16384, 16384, 544, ms=4084.725098)
16384 16384 16384 16384
LtFp8Matmul: 1170.470672 TFlops(16384, 16384, 16384, 560, ms=4208.402832)
16384 16384 16384 16384
LtFp8Matmul: 1171.217219 TFlops(16384, 16384, 16384, 576, ms=4325.883789)
16384 16384 16384 16384
LtFp8Matmul: 1171.387125 TFlops(16384, 16384, 16384, 592, ms=4445.402344)
16384 16384 16384 16384
LtFp8Matmul: 1170.297465 TFlops(16384, 16384, 16384, 608, ms=4569.799316)
16384 16384 16384 16384
LtFp8Matmul: 1171.253972 TFlops(16384, 16384, 16384, 624, ms=4686.227051)
16384 16384 16384 16384
LtFp8Matmul: 1171.331676 TFlops(16384, 16384, 16384, 640, ms=4806.067871)
16384 16384 16384 16384
LtFp8Matmul: 1171.405251 TFlops(16384, 16384, 16384, 656, ms=4925.910156)
16384 16384 16384 16384
LtFp8Matmul: 1170.229760 TFlops(16384, 16384, 16384, 672, ms=5051.123047)
16384 16384 16384 16384
LtFp8Matmul: 1170.947783 TFlops(16384, 16384, 16384, 688, ms=5168.216797)
16384 16384 16384 16384
LtFp8Matmul: 1170.204251 TFlops(16384, 16384, 16384, 704, ms=5291.768066)
16384 16384 16384 16384
LtFp8Matmul: 1170.698747 TFlops(16384, 16384, 16384, 720, ms=5409.749512)
16384 16384 16384 16384
LtFp8Matmul: 1171.029593 TFlops(16384, 16384, 16384, 736, ms=5528.403809)
16384 16384 16384 16384
LtFp8Matmul: 1171.124872 TFlops(16384, 16384, 16384, 752, ms=5648.126953)
16384 16384 16384 16384
LtFp8Matmul: 1170.809027 TFlops(16384, 16384, 16384, 768, ms=5769.855957)
16384 16384 16384 16384
LtFp8Matmul: 1169.922435 TFlops(16384, 16384, 16384, 784, ms=5894.524902)
16384 16384 16384 16384
LtFp8Matmul: 1169.893857 TFlops(16384, 16384, 16384, 800, ms=6014.968262)
16384 16384 16384 16384
LtFp8Matmul: 1171.036848 TFlops(16384, 16384, 16384, 816, ms=6129.279297)
16384 16384 16384 16384
LtFp8Matmul: 1169.806309 TFlops(16384, 16384, 16384, 832, ms=6256.035156)
16384 16384 16384 16384
LtFp8Matmul: 1170.256133 TFlops(16384, 16384, 16384, 848, ms=6373.892578)
16384 16384 16384 16384
LtFp8Matmul: 1169.259261 TFlops(16384, 16384, 16384, 864, ms=6499.691406)
16384 16384 16384 16384
LtFp8Matmul: 1169.799974 TFlops(16384, 16384, 16384, 880, ms=6616.996094)
16384 16384 16384 16384
LtFp8Matmul: 1169.212815 TFlops(16384, 16384, 16384, 896, ms=6740.688477)
16384 16384 16384 16384
LtFp8Matmul: 1170.063218 TFlops(16384, 16384, 16384, 912, ms=6856.071289)
16384 16384 16384 16384
LtFp8Matmul: 1169.933303 TFlops(16384, 16384, 16384, 928, ms=6977.127930)
16384 16384 16384 16384
LtFp8Matmul: 1170.381534 TFlops(16384, 16384, 16384, 944, ms=7094.705078)
16384 16384 16384 16384
LtFp8Matmul: 1169.954244 TFlops(16384, 16384, 16384, 960, ms=7217.589355)
16384 16384 16384 16384
LtFp8Matmul: 1169.866620 TFlops(16384, 16384, 16384, 976, ms=7338.432129)
16384 16384 16384 16384
LtFp8Matmul: 1170.027074 TFlops(16384, 16384, 16384, 992, ms=7457.711426)
16384 16384 16384 16384
LtFp8Matmul: 1170.703487 TFlops(16384, 16384, 16384, 1008, ms=7573.618652)
16384 16384 16384 16384
LtFp8Matmul: 1170.024113 TFlops(16384, 16384, 16384, 1024, ms=7698.302246)
16384 16384 16384 16384
LtFp8Matmul: 1169.565319 TFlops(16384, 16384, 16384, 1040, ms=7821.655273)
16384 16384 16384 16384
LtFp8Matmul: 1169.133633 TFlops(16384, 16384, 16384, 1056, ms=7944.920898)
16384 16384 16384 16384
LtFp8Matmul: 1169.726529 TFlops(16384, 16384, 16384, 1072, ms=8061.210449)
16384 16384 16384 16384
LtFp8Matmul: 1169.735280 TFlops(16384, 16384, 16384, 1088, ms=8181.465820)
16384 16384 16384 16384
LtFp8Matmul: 1169.317711 TFlops(16384, 16384, 16384, 1104, ms=8304.746094)
16384 16384 16384 16384
LtFp8Matmul: 1169.700762 TFlops(16384, 16384, 16384, 1120, ms=8422.345703)
16384 16384 16384 16384
LtFp8Matmul: 1169.590709 TFlops(16384, 16384, 16384, 1136, ms=8543.468750)
16384 16384 16384 16384
LtFp8Matmul: 1169.897102 TFlops(16384, 16384, 16384, 1152, ms=8661.530273)
16384 16384 16384 16384
LtFp8Matmul: 1170.342485 TFlops(16384, 16384, 16384, 1168, ms=8778.487305)
16384 16384 16384 16384
LtFp8Matmul: 1170.005225 TFlops(16384, 16384, 16384, 1184, ms=8901.305664)
16384 16384 16384 16384
LtFp8Matmul: 1169.707778 TFlops(16384, 16384, 16384, 1200, ms=9023.887695)
16384 16384 16384 16384
LtFp8Matmul: 1169.465627 TFlops(16384, 16384, 16384, 1216, ms=9146.099609)
16384 16384 16384 16384
LtFp8Matmul: 1170.106201 TFlops(16384, 16384, 16384, 1232, ms=9261.370117)
16384 16384 16384 16384
LtFp8Matmul: 1170.352190 TFlops(16384, 16384, 16384, 1248, ms=9379.675781)
16384 16384 16384 16384
LtFp8Matmul: 1170.125610 TFlops(16384, 16384, 16384, 1264, ms=9501.767578)
16384 16384 16384 16384
LtFp8Matmul: 1169.780617 TFlops(16384, 16384, 16384, 1280, ms=9624.880859)
16384 16384 16384 16384
LtFp8Matmul: 1169.798256 TFlops(16384, 16384, 16384, 1296, ms=9745.044922)
16384 16384 16384 16384
LtFp8Matmul: 1169.322479 TFlops(16384, 16384, 16384, 1312, ms=9869.368164)
16384 16384 16384 16384
LtFp8Matmul: 1169.455635 TFlops(16384, 16384, 16384, 1328, ms=9988.588867)
16384 16384 16384 16384
LtFp8Matmul: 1169.284246 TFlops(16384, 16384, 16384, 1344, ms=10110.415039)
16384 16384 16384 16384
LtFp8Matmul: 1169.365145 TFlops(16384, 16384, 16384, 1360, ms=10230.069336)
16384 16384 16384 16384
LtFp8Matmul: 1169.433029 TFlops(16384, 16384, 16384, 1376, ms=10349.822266)
16384 16384 16384 16384
LtFp8Matmul: 1169.570161 TFlops(16384, 16384, 16384, 1392, ms=10468.941406)
16384 16384 16384 16384
LtFp8Matmul: 1169.602482 TFlops(16384, 16384, 16384, 1408, ms=10588.981445)
16384 16384 16384 16384
LtFp8Matmul: 1169.672263 TFlops(16384, 16384, 16384, 1424, ms=10708.671875)
16384 16384 16384 16384
LtFp8Matmul: 1169.769513 TFlops(16384, 16384, 16384, 1440, ms=10828.093750)
16384 16384 16384 16384
LtFp8Matmul: 1169.454559 TFlops(16384, 16384, 16384, 1456, ms=10951.354492)
16384 16384 16384 16384
LtFp8Matmul: 1169.587001 TFlops(16384, 16384, 16384, 1472, ms=11070.445312)
16384 16384 16384 16384
LtFp8Matmul: 1169.481565 TFlops(16384, 16384, 16384, 1488, ms=11191.785156)
16384 16384 16384 16384
LtFp8Matmul: 1168.820749 TFlops(16384, 16384, 16384, 1504, ms=11318.522461)
16384 16384 16384 16384
LtFp8Matmul: 1168.372755 TFlops(16384, 16384, 16384, 1520, ms=11443.318359)
16384 16384 16384 16384
LtFp8Matmul: 1169.076782 TFlops(16384, 16384, 16384, 1536, ms=11556.810547)
16384 16384 16384 16384
LtFp8Matmul: 1168.509860 TFlops(16384, 16384, 16384, 1552, ms=11682.859375)
16384 16384 16384 16384
LtFp8Matmul: 1168.658904 TFlops(16384, 16384, 16384, 1568, ms=11801.795898)
16384 16384 16384 16384
LtFp8Matmul: 1168.947467 TFlops(16384, 16384, 16384, 1584, ms=11919.279297)
16384 16384 16384 16384
LtFp8Matmul: 1168.746899 TFlops(16384, 16384, 16384, 1600, ms=12041.742188)
16384 16384 16384 16384
LtFp8Matmul: 1168.582078 TFlops(16384, 16384, 16384, 1616, ms=12163.875000)
16384 16384 16384 16384
LtFp8Matmul: 1169.113683 TFlops(16384, 16384, 16384, 1632, ms=12278.723633)
16384 16384 16384 16384
LtFp8Matmul: 1169.151231 TFlops(16384, 16384, 16384, 1648, ms=12398.705078)
16384 16384 16384 16384
LtFp8Matmul: 1169.267869 TFlops(16384, 16384, 16384, 1664, ms=12517.832031)
16384 16384 16384 16384
LtFp8Matmul: 1169.192296 TFlops(16384, 16384, 16384, 1680, ms=12639.012695)
16384 16384 16384 16384
LtFp8Matmul: 1169.654538 TFlops(16384, 16384, 16384, 1696, ms=12754.341797)
16384 16384 16384 16384
LtFp8Matmul: 1169.593392 TFlops(16384, 16384, 16384, 1712, ms=12875.338867)
16384 16384 16384 16384
LtFp8Matmul: 1169.134279 TFlops(16384, 16384, 16384, 1728, ms=13000.772461)
16384 16384 16384 16384
LtFp8Matmul: 1169.414062 TFlops(16384, 16384, 16384, 1744, ms=13118.010742)
16384 16384 16384 16384
LtFp8Matmul: 1169.367575 TFlops(16384, 16384, 16384, 1760, ms=13238.885742)
16384 16384 16384 16384
LtFp8Matmul: 1168.807344 TFlops(16384, 16384, 16384, 1776, ms=13365.642578)
16384 16384 16384 16384
LtFp8Matmul: 1169.185544 TFlops(16384, 16384, 16384, 1792, ms=13481.691406)
16384 16384 16384 16384
LtFp8Matmul: 1169.256914 TFlops(16384, 16384, 16384, 1808, ms=13601.233398)
16384 16384 16384 16384
LtFp8Matmul: 1168.995147 TFlops(16384, 16384, 16384, 1824, ms=13724.670898)
16384 16384 16384 16384
LtFp8Matmul: 1168.848416 TFlops(16384, 16384, 16384, 1840, ms=13846.800781)
16384 16384 16384 16384
LtFp8Matmul: 1168.993881 TFlops(16384, 16384, 16384, 1856, ms=13965.469727)
16384 16384 16384 16384
LtFp8Matmul: 1168.675085 TFlops(16384, 16384, 16384, 1872, ms=14089.704102)
16384 16384 16384 16384
LtFp8Matmul: 1169.109671 TFlops(16384, 16384, 16384, 1888, ms=14204.846680)
16384 16384 16384 16384
LtFp8Matmul: 1168.667522 TFlops(16384, 16384, 16384, 1904, ms=14330.646484)
16384 16384 16384 16384
LtFp8Matmul: 1168.658583 TFlops(16384, 16384, 16384, 1920, ms=14451.182617)
16384 16384 16384 16384
LtFp8Matmul: 1168.591133 TFlops(16384, 16384, 16384, 1936, ms=14572.450195)
16384 16384 16384 16384
LtFp8Matmul: 1168.810584 TFlops(16384, 16384, 16384, 1952, ms=14690.125000)
16384 16384 16384 16384
LtFp8Matmul: 1168.888715 TFlops(16384, 16384, 16384, 1968, ms=14809.545898)
16384 16384 16384 16384
LtFp8Matmul: 1168.733412 TFlops(16384, 16384, 16384, 1984, ms=14931.932617)
16384 16384 16384 16384
LtFp8Matmul: 1168.303103 TFlops(16384, 16384, 16384, 2000, ms=15057.895508)
16384 16384 16384 16384
LtFp8Matmul: 1168.916362 TFlops(16384, 16384, 16384, 2016, ms=15170.395508)
16384 16384 16384 16384
LtFp8Matmul: 1169.401708 TFlops(16384, 16384, 16384, 2032, ms=15284.449219)
16384 16384 16384 16384
LtFp8Matmul: 1394.130474 TFlops(16384, 16384, 16384, 1, ms=6.309376)
16384 16384 16384 16384
LtFp8Matmul: 1402.617166 TFlops(16384, 16384, 16384, 2, ms=12.542400)
16384 16384 16384 16384
LtFp8Matmul: 1401.885719 TFlops(16384, 16384, 16384, 4, ms=25.097889)
16384 16384 16384 16384
LtFp8Matmul: 1333.247186 TFlops(16384, 16384, 16384, 8, ms=52.779968)
16384 16384 16384 16384
LtFp8Matmul: 1225.673907 TFlops(16384, 16384, 16384, 16, ms=114.824577)
16384 16384 16384 16384
LtFp8Matmul: 1187.911589 TFlops(16384, 16384, 16384, 32, ms=236.949432)
16384 16384 16384 16384
LtFp8Matmul: 1186.145210 TFlops(16384, 16384, 16384, 64, ms=474.604584)
16384 16384 16384 16384
LtFp8Matmul: 1174.575090 TFlops(16384, 16384, 16384, 128, ms=958.559326)
16384 16384 16384 16384
LtFp8Matmul: 1174.366613 TFlops(16384, 16384, 16384, 256, ms=1917.458984)
16384 16384 16384 16384
LtFp8Matmul: 1171.139085 TFlops(16384, 16384, 16384, 512, ms=3845.486572)
16384 16384 16384 16384
LtFp8Matmul: 1171.264532 TFlops(16384, 16384, 16384, 1024, ms=7690.149414)
16384 16384 16384 16384
LtFp8Matmul: 1394.130474 TFlops(16384, 16384, 16384, 1, ms=6.309376)
16384 16384 16384 16384
LtFp8Matmul: 1402.617166 TFlops(16384, 16384, 16384, 2, ms=12.542400)
16384 16384 16384 16384
LtFp8Matmul: 1401.885719 TFlops(16384, 16384, 16384, 4, ms=25.097889)
16384 16384 16384 16384
LtFp8Matmul: 1333.247186 TFlops(16384, 16384, 16384, 8, ms=52.779968)
16384 16384 16384 16384
LtFp8Matmul: 1225.673907 TFlops(16384, 16384, 16384, 16, ms=114.824577)
16384 16384 16384 16384
LtFp8Matmul: 1187.911589 TFlops(16384, 16384, 16384, 32, ms=236.949432)
16384 16384 16384 16384
LtFp8Matmul: 1186.145210 TFlops(16384, 16384, 16384, 64, ms=474.604584)
16384 16384 16384 16384
LtFp8Matmul: 1174.575090 TFlops(16384, 16384, 16384, 128, ms=958.559326)
16384 16384 16384 16384
LtFp8Matmul: 1174.366613 TFlops(16384, 16384, 16384, 256, ms=1917.458984)
16384 16384 16384 16384
LtFp8Matmul: 1171.139085 TFlops(16384, 16384, 16384, 512, ms=3845.486572)
16384 16384 16384 16384
LtFp8Matmul: 1171.264532 TFlops(16384, 16384, 16384, 1024, ms=7690.149414)
16384 16384 16384 16384
LtFp8Matmul: 1394.130474 TFlops(16384, 16384, 16384, 1, ms=6.309376)
16384 16384 16384 16384
LtFp8Matmul: 1402.617166 TFlops(16384, 16384, 16384, 2, ms=12.542400)
16384 16384 16384 16384
LtFp8Matmul: 1401.885719 TFlops(16384, 16384, 16384, 4, ms=25.097889)
16384 16384 16384 16384
LtFp8Matmul: 1333.247186 TFlops(16384, 16384, 16384, 8, ms=52.779968)
16384 16384 16384 16384
LtFp8Matmul: 1225.673907 TFlops(16384, 16384, 16384, 16, ms=114.824577)
16384 16384 16384 16384
LtFp8Matmul: 1187.911589 TFlops(16384, 16384, 16384, 32, ms=236.949432)
16384 16384 16384 16384
LtFp8Matmul: 1186.145210 TFlops(16384, 16384, 16384, 64, ms=474.604584)
16384 16384 16384 16384
LtFp8Matmul: 1174.575090 TFlops(16384, 16384, 16384, 128, ms=958.559326)
16384 16384 16384 16384
LtFp8Matmul: 1174.366613 TFlops(16384, 16384, 16384, 256, ms=1917.458984)
16384 16384 16384 16384
LtFp8Matmul: 1171.139085 TFlops(16384, 16384, 16384, 512, ms=3845.486572)
16384 16384 16384 16384
LtFp8Matmul: 1171.264532 TFlops(16384, 16384, 16384, 1024, ms=7690.149414)
16384 16384 16384 16384
LtFp8Matmul: 1394.130474 TFlops(16384, 16384, 16384, 1, ms=6.309376)
16384 16384 16384 16384
LtFp8Matmul: 1402.617166 TFlops(16384, 16384, 16384, 2, ms=12.542400)
16384 16384 16384 16384
LtFp8Matmul: 1401.885719 TFlops(16384, 16384, 16384, 4, ms=25.097889)
16384 16384 16384 16384
LtFp8Matmul: 1333.247186 TFlops(16384, 16384, 16384, 8, ms=52.779968)
16384 16384 16384 16384
LtFp8Matmul: 1225.673907 TFlops(16384, 16384, 16384, 16, ms=114.824577)
16384 16384 16384 16384
LtFp8Matmul: 1187.911589 TFlops(16384, 16384, 16384, 32, ms=236.949432)
16384 16384 16384 16384
LtFp8Matmul: 1186.145210 TFlops(16384, 16384, 16384, 64, ms=474.604584)
16384 16384 16384 16384
LtFp8Matmul: 1174.575090 TFlops(16384, 16384, 16384, 128, ms=958.559326)
16384 16384 16384 16384
LtFp8Matmul: 1174.366613 TFlops(16384, 16384, 16384, 256, ms=1917.458984)
16384 16384 16384 16384
LtFp8Matmul: 1171.139085 TFlops(16384, 16384, 16384, 512, ms=3845.486572)
16384 16384 16384 16384
LtFp8Matmul: 1171.264532 TFlops(16384, 16384, 16384, 1024, ms=7690.149414)
16384 16384 16384 16384
LtFp8Matmul: 1394.130474 TFlops(16384, 16384, 16384, 1, ms=6.309376)
16384 16384 16384 16384
LtFp8Matmul: 1402.617166 TFlops(16384, 16384, 16384, 2, ms=12.542400)
16384 16384 16384 16384
LtFp8Matmul: 1401.885719 TFlops(16384, 16384, 16384, 4, ms=25.097889)
16384 16384 16384 16384
LtFp8Matmul: 1333.247186 TFlops(16384, 16384, 16384, 8, ms=52.779968)
16384 16384 16384 16384
LtFp8Matmul: 1225.673907 TFlops(16384, 16384, 16384, 16, ms=114.824577)
16384 16384 16384 16384
LtFp8Matmul: 1187.911589 TFlops(16384, 16384, 16384, 32, ms=236.949432)
16384 16384 16384 16384
LtFp8Matmul: 1186.145210 TFlops(16384, 16384, 16384, 64, ms=474.604584)
16384 16384 16384 16384
LtFp8Matmul: 1174.575090 TFlops(16384, 16384, 16384, 128, ms=958.559326)
16384 16384 16384 16384
LtFp8Matmul: 1174.366613 TFlops(16384, 16384, 16384, 256, ms=1917.458984)
16384 16384 16384 16384
LtFp8Matmul: 1171.139085 TFlops(16384, 16384, 16384, 512, ms=3845.486572)
16384 16384 16384 16384
LtFp8Matmul: 1171.264532 TFlops(16384, 16384, 16384, 1024, ms=7690.149414)
16384 16384 16384 16384
LtFp8Matmul: 1394.130474 TFlops(16384, 16384, 16384, 1, ms=6.309376)
16384 16384 16384 16384
LtFp8Matmul: 1402.617166 TFlops(16384, 16384, 16384, 2, ms=12.542400)
16384 16384 16384 16384
LtFp8Matmul: 1401.885719 TFlops(16384, 16384, 16384, 4, ms=25.097889)
16384 16384 16384 16384
LtFp8Matmul: 1333.247186 TFlops(16384, 16384, 16384, 8, ms=52.779968)
16384 16384 16384 16384
LtFp8Matmul: 1225.673907 TFlops(16384, 16384, 16384, 16, ms=114.824577)
16384 16384 16384 16384
LtFp8Matmul: 1187.911589 TFlops(16384, 16384, 16384, 32, ms=236.949432)
16384 16384 16384 16384
LtFp8Matmul: 1186.145210 TFlops(16384, 16384, 16384, 64, ms=474.604584)
16384 16384 16384 16384
LtFp8Matmul: 1174.575090 TFlops(16384, 16384, 16384, 128, ms=958.559326)
16384 16384 16384 16384
LtFp8Matmul: 1174.366613 TFlops(16384, 16384, 16384, 256, ms=1917.458984)
16384 16384 16384 16384
LtFp8Matmul: 1171.139085 TFlops(16384, 16384, 16384, 512, ms=3845.486572)
16384 16384 16384 16384
LtFp8Matmul: 1171.264532 TFlops(16384, 16384, 16384, 1024, ms=7690.149414)
16384 16384 16384 16384
LtFp8Matmul: 1394.130474 TFlops(16384, 16384, 16384, 1, ms=6.309376)
16384 16384 16384 16384
LtFp8Matmul: 1402.617166 TFlops(16384, 16384, 16384, 2, ms=12.542400)
16384 16384 16384 16384
LtFp8Matmul: 1401.885719 TFlops(16384, 16384, 16384, 4, ms=25.097889)
16384 16384 16384 16384
LtFp8Matmul: 1333.247186 TFlops(16384, 16384, 16384, 8, ms=52.779968)
16384 16384 16384 16384
LtFp8Matmul: 1225.673907 TFlops(16384, 16384, 16384, 16, ms=114.824577)
16384 16384 16384 16384
LtFp8Matmul: 1187.911589 TFlops(16384, 16384, 16384, 32, ms=236.949432)
16384 16384 16384 16384
LtFp8Matmul: 1186.145210 TFlops(16384, 16384, 16384, 64, ms=474.604584)
16384 16384 16384 16384
LtFp8Matmul: 1174.575090 TFlops(16384, 16384, 16384, 128, ms=958.559326)
16384 16384 16384 16384
LtFp8Matmul: 1174.366613 TFlops(16384, 16384, 16384, 256, ms=1917.458984)
16384 16384 16384 16384
LtFp8Matmul: 1171.139085 TFlops(16384, 16384, 16384, 512, ms=3845.486572)
16384 16384 16384 16384
LtFp8Matmul: 1171.264532 TFlops(16384, 16384, 16384, 1024, ms=7690.149414)
16384 16384 16384 16384
LtFp8Matmul: 1394.130474 TFlops(16384, 16384, 16384, 1, ms=6.309376)
16384 16384 16384 16384
LtFp8Matmul: 1402.617166 TFlops(16384, 16384, 16384, 2, ms=12.542400)
16384 16384 16384 16384
LtFp8Matmul: 1401.885719 TFlops(16384, 16384, 16384, 4, ms=25.097889)
16384 16384 16384 16384
LtFp8Matmul: 1333.247186 TFlops(16384, 16384, 16384, 8, ms=52.779968)
16384 16384 16384 16384
LtFp8Matmul: 1225.673907 TFlops(16384, 16384, 16384, 16, ms=114.824577)
16384 16384 16384 16384
LtFp8Matmul: 1187.911589 TFlops(16384, 16384, 16384, 32, ms=236.949432)
16384 16384 16384 16384
LtFp8Matmul: 1186.145210 TFlops(16384, 16384, 16384, 64, ms=474.604584)
16384 16384 16384 16384
LtFp8Matmul: 1174.575090 TFlops(16384, 16384, 16384, 128, ms=958.559326)
16384 16384 16384 16384
LtFp8Matmul: 1174.366613 TFlops(16384, 16384, 16384, 256, ms=1917.458984)
16384 16384 16384 16384
LtFp8Matmul: 1171.139085 TFlops(16384, 16384, 16384, 512, ms=3845.486572)
16384 16384 16384 16384
LtFp8Matmul: 1171.264532 TFlops(16384, 16384, 16384, 1024, ms=7690.149414)
16384 16384 16384 16384
LtFp8Matmul: 1394.130474 TFlops(16384, 16384, 16384, 1, ms=6.309376)
16384 16384 16384 16384
LtFp8Matmul: 1402.617166 TFlops(16384, 16384, 16384, 2, ms=12.542400)
16384 16384 16384 16384
LtFp8Matmul: 1401.885719 TFlops(16384, 16384, 16384, 4, ms=25.097889)
16384 16384 16384 16384
LtFp8Matmul: 1333.247186 TFlops(16384, 16384, 16384, 8, ms=52.779968)
16384 16384 16384 16384
LtFp8Matmul: 1225.673907 TFlops(16384, 16384, 16384, 16, ms=114.824577)
16384 16384 16384 16384
LtFp8Matmul: 1187.911589 TFlops(16384, 16384, 16384, 32, ms=236.949432)
16384 16384 16384 16384
LtFp8Matmul: 1186.145210 TFlops(16384, 16384, 16384, 64, ms=474.604584)
16384 16384 16384 16384
LtFp8Matmul: 1174.575090 TFlops(16384, 16384, 16384, 128, ms=958.559326)
16384 16384 16384 16384
LtFp8Matmul: 1174.366613 TFlops(16384, 16384, 16384, 256, ms=1917.458984)
16384 16384 16384 16384
LtFp8Matmul: 1171.139085 TFlops(16384, 16384, 16384, 512, ms=3845.486572)
16384 16384 16384 16384
LtFp8Matmul: 1171.264532 TFlops(16384, 16384, 16384, 1024, ms=7690.149414)
16384 16384 16384 16384
LtFp8Matmul: 1394.130474 TFlops(16384, 16384, 16384, 1, ms=6.309376)
16384 16384 16384 16384
LtFp8Matmul: 1402.617166 TFlops(16384, 16384, 16384, 2, ms=12.542400)
16384 16384 16384 16384
LtFp8Matmul: 1401.885719 TFlops(16384, 16384, 16384, 4, ms=25.097889)
16384 16384 16384 16384
LtFp8Matmul: 1333.247186 TFlops(16384, 16384, 16384, 8, ms=52.779968)
16384 16384 16384 16384
LtFp8Matmul: 1225.673907 TFlops(16384, 16384, 16384, 16, ms=114.824577)
16384 16384 16384 16384
LtFp8Matmul: 1187.911589 TFlops(16384, 16384, 16384, 32, ms=236.949432)
16384 16384 16384 16384
LtFp8Matmul: 1186.145210 TFlops(16384, 16384, 16384, 64, ms=474.604584)
16384 16384 16384 16384
LtFp8Matmul: 1174.575090 TFlops(16384, 16384, 16384, 128, ms=958.559326)
16384 16384 16384 16384
LtFp8Matmul: 1174.366613 TFlops(16384, 16384, 16384, 256, ms=1917.458984)
16384 16384 16384 16384
LtFp8Matmul: 1171.139085 TFlops(16384, 16384, 16384, 512, ms=3845.486572)
16384 16384 16384 16384
LtFp8Matmul: 1171.264532 TFlops(16384, 16384, 16384, 1024, ms=7690.149414)
16384 16384 16384 16384
LtFp8Matmul: 1394.130474 TFlops(16384, 16384, 16384, 1, ms=6.309376)
16384 16384 16384 16384
LtFp8Matmul: 1402.617166 TFlops(16384, 16384, 16384, 2, ms=12.542400)
16384 16384 16384 16384
LtFp8Matmul: 1401.885719 TFlops(16384, 16384, 16384, 4, ms=25.097889)
16384 16384 16384 16384
LtFp8Matmul: 1333.247186 TFlops(16384, 16384, 16384, 8, ms=52.779968)
16384 16384 16384 16384
LtFp8Matmul: 1225.673907 TFlops(16384, 16384, 16384, 16, ms=114.824577)
16384 16384 16384 16384
LtFp8Matmul: 1187.911589 TFlops(16384, 16384, 16384, 32, ms=236.949432)
16384 16384 16384 16384
LtFp8Matmul: 1186.145210 TFlops(16384, 16384, 16384, 64, ms=474.604584)
16384 16384 16384 16384
LtFp8Matmul: 1174.575090 TFlops(16384, 16384, 16384, 128, ms=958.559326)
16384 16384 16384 16384
LtFp8Matmul: 1174.366613 TFlops(16384, 16384, 16384, 256, ms=1917.458984)
16384 16384 16384 16384
LtFp8Matmul: 1171.139085 TFlops(16384, 16384, 16384, 512, ms=3845.486572)
16384 16384 16384 16384
LtFp8Matmul: 1171.264532 TFlops(16384, 16384, 16384, 1024, ms=7690.149414)
16384 16384 16384 16384
LtFp8Matmul: 1394.130474 TFlops(16384, 16384, 16384, 1, ms=6.309376)
16384 16384 16384 16384
LtFp8Matmul: 1402.617166 TFlops(16384, 16384, 16384, 2, ms=12.542400)
16384 16384 16384 16384
LtFp8Matmul: 1401.885719 TFlops(16384, 16384, 16384, 4, ms=25.097889)
16384 16384 16384 16384
LtFp8Matmul: 1333.247186 TFlops(16384, 16384, 16384, 8, ms=52.779968)
16384 16384 16384 16384
LtFp8Matmul: 1225.673907 TFlops(16384, 16384, 16384, 16, ms=114.824577)
16384 16384 16384 16384
LtFp8Matmul: 1187.911589 TFlops(16384, 16384, 16384, 32, ms=236.949432)
16384 16384 16384 16384
LtFp8Matmul: 1186.145210 TFlops(16384, 16384, 16384, 64, ms=474.604584)
16384 16384 16384 16384
LtFp8Matmul: 1174.575090 TFlops(16384, 16384, 16384, 128, ms=958.559326)
16384 16384 16384 16384
LtFp8Matmul: 1174.366613 TFlops(16384, 16384, 16384, 256, ms=1917.458984)
16384 16384 16384 16384
LtFp8Matmul: 1171.139085 TFlops(16384, 16384, 16384, 512, ms=3845.486572)
16384 16384 16384 16384
LtFp8Matmul: 1171.264532 TFlops(16384, 16384, 16384, 1024, ms=7690.149414)
16384 16384 16384 16384
LtFp8Matmul: 1394.130474 TFlops(16384, 16384, 16384, 1, ms=6.309376)
16384 16384 16384 16384
LtFp8Matmul: 1402.617166 TFlops(16384, 16384, 16384, 2, ms=12.542400)
16384 16384 16384 16384
LtFp8Matmul: 1401.885719 TFlops(16384, 16384, 16384, 4, ms=25.097889)
16384 16384 16384 16384
LtFp8Matmul: 1333.247186 TFlops(16384, 16384, 16384, 8, ms=52.779968)
16384 16384 16384 16384
LtFp8Matmul: 1225.673907 TFlops(16384, 16384, 16384, 16, ms=114.824577)
16384 16384 16384 16384
LtFp8Matmul: 1187.911589 TFlops(16384, 16384, 16384, 32, ms=236.949432)
16384 16384 16384 16384
LtFp8Matmul: 1186.145210 TFlops(16384, 16384, 16384, 64, ms=474.604584)
16384 16384 16384 16384
LtFp8Matmul: 1174.575090 TFlops(16384, 16384, 16384, 128, ms=958.559326)
16384 16384 16384 16384
LtFp8Matmul: 1174.366613 TFlops(16384, 16384, 16384, 256, ms=1917.458984)
16384 16384 16384 16384
LtFp8Matmul: 1171.139085 TFlops(16384, 16384, 16384, 512, ms=3845.486572)
16384 16384 16384 16384
LtFp8Matmul: 1171.264532 TFlops(16384, 16384, 16384, 1024, ms=7690.149414)
16384 16384 16384 16384
LtFp8Matmul: 1394.130474 TFlops(16384, 16384, 16384, 1, ms=6.309376)
16384 16384 16384 16384
LtFp8Matmul: 1402.617166 TFlops(16384, 16384, 16384, 2, ms=12.542400)
16384 16384 16384 16384
LtFp8Matmul: 1401.885719 TFlops(16384, 16384, 16384, 4, ms=25.097889)
16384 16384 16384 16384
LtFp8Matmul: 1333.247186 TFlops(16384, 16384, 16384, 8, ms=52.779968)
16384 16384 16384 16384
LtFp8Matmul: 1225.673907 TFlops(16384, 16384, 16384, 16, ms=114.824577)
16384 16384 16384 16384
LtFp8Matmul: 1187.911589 TFlops(16384, 16384, 16384, 32, ms=236.949432)
16384 16384 16384 16384
LtFp8Matmul: 1186.145210 TFlops(16384, 16384, 16384, 64, ms=474.604584)
16384 16384 16384 16384
LtFp8Matmul: 1174.575090 TFlops(16384, 16384, 16384, 128, ms=958.559326)
16384 16384 16384 16384
LtFp8Matmul: 1174.366613 TFlops(16384, 16384, 16384, 256, ms=1917.458984)
16384 16384 16384 16384
LtFp8Matmul: 1171.139085 TFlops(16384, 16384, 16384, 512, ms=3845.486572)
16384 16384 16384 16384
LtFp8Matmul: 1171.264532 TFlops(16384, 16384, 16384, 1024, ms=7690.149414)
16384 16384 16384 16384
LtFp8Matmul: 1394.130474 TFlops(16384, 16384, 16384, 1, ms=6.309376)
16384 16384 16384 16384
LtFp8Matmul: 1402.617166 TFlops(16384, 16384, 16384, 2, ms=12.542400)
16384 16384 16384 16384
LtFp8Matmul: 1401.885719 TFlops(16384, 16384, 16384, 4, ms=25.097889)
16384 16384 16384 16384
LtFp8Matmul: 1333.247186 TFlops(16384, 16384, 16384, 8, ms=52.779968)
16384 16384 16384 16384
LtFp8Matmul: 1225.673907 TFlops(16384, 16384, 16384, 16, ms=114.824577)
16384 16384 16384 16384
LtFp8Matmul: 1187.911589 TFlops(16384, 16384, 16384, 32, ms=236.949432)
16384 16384 16384 16384
LtFp8Matmul: 1186.145210 TFlops(16384, 16384, 16384, 64, ms=474.604584)
16384 16384 16384 16384
LtFp8Matmul: 1174.575090 TFlops(16384, 16384, 16384, 128, ms=958.559326)
16384 16384 16384 16384
LtFp8Matmul: 1174.366613 TFlops(16384, 16384, 16384, 256, ms=1917.458984)
16384 16384 16384 16384
LtFp8Matmul: 1171.139085 TFlops(16384, 16384, 16384, 512, ms=3845.486572)
16384 16384 16384 16384
LtFp8Matmul: 1171.264532 TFlops(16384, 16384, 16384, 1024, ms=7690.149414)
16384 16384 16384 16384
LtFp8Matmul: 1394.130474 TFlops(16384, 16384, 16384, 1, ms=6.309376)
16384 16384 16384 16384
LtFp8Matmul: 1402.617166 TFlops(16384, 16384, 16384, 2, ms=12.542400)
16384 16384 16384 16384
LtFp8Matmul: 1401.885719 TFlops(16384, 16384, 16384, 4, ms=25.097889)
16384 16384 16384 16384
LtFp8Matmul: 1333.247186 TFlops(16384, 16384, 16384, 8, ms=52.779968)
16384 16384 16384 16384
LtFp8Matmul: 1225.673907 TFlops(16384, 16384, 16384, 16, ms=114.824577)
16384 16384 16384 16384
LtFp8Matmul: 1187.911589 TFlops(16384, 16384, 16384, 32, ms=236.949432)
16384 16384 16384 16384
LtFp8Matmul: 1186.145210 TFlops(16384, 16384, 16384, 64, ms=474.604584)
16384 16384 16384 16384
LtFp8Matmul: 1174.575090 TFlops(16384, 16384, 16384, 128, ms=958.559326)
16384 16384 16384 16384
LtFp8Matmul: 1174.366613 TFlops(16384, 16384, 16384, 256, ms=1917.458984)
16384 16384 16384 16384
LtFp8Matmul: 1171.139085 TFlops(16384, 16384, 16384, 512, ms=3845.486572)
16384 16384 16384 16384
LtFp8Matmul: 1171.264532 TFlops(16384, 16384, 16384, 1024, ms=7690.149414)
