16384 16384 16384 16384
LtFp8Matmul: 1215.988762 TFlops(16384, 16384, 16384, 1, ms=7.233696)
16384 16384 16384 16384
LtFp8Matmul: 1094.312585 TFlops(16384, 16384, 16384, 16, ms=128.608124)
16384 16384 16384 16384
LtFp8Matmul: 1074.220361 TFlops(16384, 16384, 16384, 32, ms=262.027222)
16384 16384 16384 16384
LtFp8Matmul: 1069.876447 TFlops(16384, 16384, 16384, 48, ms=394.636658)
16384 16384 16384 16384
LtFp8Matmul: 1065.710055 TFlops(16384, 16384, 16384, 64, ms=528.239319)
16384 16384 16384 16384
LtFp8Matmul: 1068.595928 TFlops(16384, 16384, 16384, 80, ms=658.515930)
16384 16384 16384 16384
LtFp8Matmul: 1062.978957 TFlops(16384, 16384, 16384, 96, ms=794.394775)
16384 16384 16384 16384
LtFp8Matmul: 1051.558752 TFlops(16384, 16384, 16384, 112, ms=936.859131)
16384 16384 16384 16384
LtFp8Matmul: 1039.724607 TFlops(16384, 16384, 16384, 128, ms=1082.882812)
16384 16384 16384 16384
LtFp8Matmul: 1036.840837 TFlops(16384, 16384, 16384, 144, ms=1221.631470)
16384 16384 16384 16384
LtFp8Matmul: 1038.661659 TFlops(16384, 16384, 16384, 160, ms=1354.988770)
16384 16384 16384 16384
LtFp8Matmul: 1040.971459 TFlops(16384, 16384, 16384, 176, ms=1487.180420)
16384 16384 16384 16384
LtFp8Matmul: 1041.792147 TFlops(16384, 16384, 16384, 192, ms=1621.100586)
16384 16384 16384 16384
LtFp8Matmul: 1041.812592 TFlops(16384, 16384, 16384, 208, ms=1756.157837)
16384 16384 16384 16384
LtFp8Matmul: 1038.519662 TFlops(16384, 16384, 16384, 224, ms=1897.243652)
16384 16384 16384 16384
LtFp8Matmul: 1036.529286 TFlops(16384, 16384, 16384, 240, ms=2036.664429)
16384 16384 16384 16384
LtFp8Matmul: 1033.886762 TFlops(16384, 16384, 16384, 256, ms=2177.994629)
16384 16384 16384 16384
LtFp8Matmul: 1033.633618 TFlops(16384, 16384, 16384, 272, ms=2314.686035)
16384 16384 16384 16384
LtFp8Matmul: 1034.289221 TFlops(16384, 16384, 16384, 288, ms=2449.290527)
16384 16384 16384 16384
LtFp8Matmul: 1034.309308 TFlops(16384, 16384, 16384, 304, ms=2585.312012)
16384 16384 16384 16384
LtFp8Matmul: 1034.988219 TFlops(16384, 16384, 16384, 320, ms=2719.595947)
16384 16384 16384 16384
LtFp8Matmul: 1035.044611 TFlops(16384, 16384, 16384, 336, ms=2855.420166)
16384 16384 16384 16384
LtFp8Matmul: 1032.773348 TFlops(16384, 16384, 16384, 352, ms=2997.971191)
16384 16384 16384 16384
LtFp8Matmul: 1031.330508 TFlops(16384, 16384, 16384, 368, ms=3138.627441)
16384 16384 16384 16384
LtFp8Matmul: 1029.817085 TFlops(16384, 16384, 16384, 384, ms=3279.902588)
16384 16384 16384 16384
LtFp8Matmul: 1031.349935 TFlops(16384, 16384, 16384, 400, ms=3411.487305)
16384 16384 16384 16384
LtFp8Matmul: 1031.256341 TFlops(16384, 16384, 16384, 416, ms=3548.268799)
16384 16384 16384 16384
LtFp8Matmul: 1032.403328 TFlops(16384, 16384, 16384, 432, ms=3680.646973)
16384 16384 16384 16384
LtFp8Matmul: 1029.389211 TFlops(16384, 16384, 16384, 448, ms=3828.143555)
16384 16384 16384 16384
LtFp8Matmul: 1030.156732 TFlops(16384, 16384, 16384, 464, ms=3961.908936)
16384 16384 16384 16384
LtFp8Matmul: 1028.724672 TFlops(16384, 16384, 16384, 480, ms=4104.231934)
16384 16384 16384 16384
LtFp8Matmul: 1028.201108 TFlops(16384, 16384, 16384, 496, ms=4243.199219)
16384 16384 16384 16384
LtFp8Matmul: 1028.640515 TFlops(16384, 16384, 16384, 512, ms=4378.205566)
16384 16384 16384 16384
LtFp8Matmul: 1028.282454 TFlops(16384, 16384, 16384, 528, ms=4516.596680)
16384 16384 16384 16384
LtFp8Matmul: 1028.269693 TFlops(16384, 16384, 16384, 544, ms=4653.520996)
16384 16384 16384 16384
LtFp8Matmul: 1027.954330 TFlops(16384, 16384, 16384, 560, ms=4791.858887)
16384 16384 16384 16384
LtFp8Matmul: 1027.637532 TFlops(16384, 16384, 16384, 576, ms=4930.288574)
16384 16384 16384 16384
LtFp8Matmul: 1026.534667 TFlops(16384, 16384, 16384, 592, ms=5072.685059)
16384 16384 16384 16384
LtFp8Matmul: 1025.924474 TFlops(16384, 16384, 16384, 608, ms=5212.883301)
16384 16384 16384 16384
LtFp8Matmul: 1026.157576 TFlops(16384, 16384, 16384, 624, ms=5348.849121)
16384 16384 16384 16384
LtFp8Matmul: 1026.649197 TFlops(16384, 16384, 16384, 640, ms=5483.372070)
16384 16384 16384 16384
LtFp8Matmul: 1025.801839 TFlops(16384, 16384, 16384, 656, ms=5625.099121)
16384 16384 16384 16384
LtFp8Matmul: 1025.630937 TFlops(16384, 16384, 16384, 672, ms=5763.256836)
16384 16384 16384 16384
LtFp8Matmul: 1025.433167 TFlops(16384, 16384, 16384, 688, ms=5901.615234)
16384 16384 16384 16384
LtFp8Matmul: 1025.087999 TFlops(16384, 16384, 16384, 704, ms=6040.895508)
16384 16384 16384 16384
LtFp8Matmul: 1026.002205 TFlops(16384, 16384, 16384, 720, ms=6172.683594)
16384 16384 16384 16384
LtFp8Matmul: 1024.553583 TFlops(16384, 16384, 16384, 736, ms=6318.775879)
16384 16384 16384 16384
LtFp8Matmul: 1025.397721 TFlops(16384, 16384, 16384, 752, ms=6450.825684)
16384 16384 16384 16384
LtFp8Matmul: 1024.724689 TFlops(16384, 16384, 16384, 768, ms=6592.404297)
16384 16384 16384 16384
LtFp8Matmul: 1024.398615 TFlops(16384, 16384, 16384, 784, ms=6731.888184)
16384 16384 16384 16384
LtFp8Matmul: 1023.740520 TFlops(16384, 16384, 16384, 800, ms=6873.689453)
16384 16384 16384 16384
LtFp8Matmul: 1022.940720 TFlops(16384, 16384, 16384, 816, ms=7016.645020)
16384 16384 16384 16384
LtFp8Matmul: 1022.650537 TFlops(16384, 16384, 16384, 832, ms=7156.256348)
16384 16384 16384 16384
LtFp8Matmul: 1021.553229 TFlops(16384, 16384, 16384, 848, ms=7301.711426)
16384 16384 16384 16384
LtFp8Matmul: 1020.785375 TFlops(16384, 16384, 16384, 864, ms=7445.075684)
16384 16384 16384 16384
LtFp8Matmul: 1021.574644 TFlops(16384, 16384, 16384, 880, ms=7577.088867)
16384 16384 16384 16384
LtFp8Matmul: 1021.133827 TFlops(16384, 16384, 16384, 896, ms=7718.184570)
16384 16384 16384 16384
LtFp8Matmul: 1021.239386 TFlops(16384, 16384, 16384, 912, ms=7855.197266)
16384 16384 16384 16384
LtFp8Matmul: 1020.793014 TFlops(16384, 16384, 16384, 928, ms=7996.502930)
16384 16384 16384 16384
LtFp8Matmul: 1020.867424 TFlops(16384, 16384, 16384, 944, ms=8133.780762)
16384 16384 16384 16384
LtFp8Matmul: 1020.604246 TFlops(16384, 16384, 16384, 960, ms=8273.774414)
16384 16384 16384 16384
LtFp8Matmul: 1020.272084 TFlops(16384, 16384, 16384, 976, ms=8414.409180)
16384 16384 16384 16384
LtFp8Matmul: 1019.765756 TFlops(16384, 16384, 16384, 992, ms=8556.596680)
16384 16384 16384 16384
LtFp8Matmul: 1019.467797 TFlops(16384, 16384, 16384, 1008, ms=8697.147461)
16384 16384 16384 16384
LtFp8Matmul: 1019.563830 TFlops(16384, 16384, 16384, 1024, ms=8834.365234)
16384 16384 16384 16384
LtFp8Matmul: 1019.031878 TFlops(16384, 16384, 16384, 1040, ms=8977.085938)
16384 16384 16384 16384
LtFp8Matmul: 1018.937629 TFlops(16384, 16384, 16384, 1056, ms=9116.038086)
16384 16384 16384 16384
LtFp8Matmul: 1018.259457 TFlops(16384, 16384, 16384, 1072, ms=9260.323242)
16384 16384 16384 16384
LtFp8Matmul: 1018.471733 TFlops(16384, 16384, 16384, 1088, ms=9396.578125)
16384 16384 16384 16384
LtFp8Matmul: 1018.139438 TFlops(16384, 16384, 16384, 1104, ms=9537.875000)
16384 16384 16384 16384
LtFp8Matmul: 1017.500964 TFlops(16384, 16384, 16384, 1120, ms=9682.176758)
16384 16384 16384 16384
LtFp8Matmul: 1017.629422 TFlops(16384, 16384, 16384, 1136, ms=9819.253906)
16384 16384 16384 16384
LtFp8Matmul: 1016.724183 TFlops(16384, 16384, 16384, 1152, ms=9966.418945)
16384 16384 16384 16384
LtFp8Matmul: 1017.047424 TFlops(16384, 16384, 16384, 1168, ms=10101.629883)
16384 16384 16384 16384
LtFp8Matmul: 1016.875055 TFlops(16384, 16384, 16384, 1184, ms=10241.744141)
16384 16384 16384 16384
LtFp8Matmul: 1017.349365 TFlops(16384, 16384, 16384, 1200, ms=10375.306641)
16384 16384 16384 16384
LtFp8Matmul: 1016.141952 TFlops(16384, 16384, 16384, 1216, ms=10526.136719)
16384 16384 16384 16384
LtFp8Matmul: 1016.717767 TFlops(16384, 16384, 16384, 1232, ms=10658.598633)
16384 16384 16384 16384
LtFp8Matmul: 1016.430523 TFlops(16384, 16384, 16384, 1248, ms=10800.073242)
16384 16384 16384 16384
LtFp8Matmul: 1013.541621 TFlops(16384, 16384, 16384, 1264, ms=10969.713867)
16384 16384 16384 16384
LtFp8Matmul: 1013.607713 TFlops(16384, 16384, 16384, 1280, ms=11107.846680)
16384 16384 16384 16384
LtFp8Matmul: 1012.517920 TFlops(16384, 16384, 16384, 1296, ms=11258.799805)
16384 16384 16384 16384
LtFp8Matmul: 1011.086749 TFlops(16384, 16384, 16384, 1312, ms=11413.930664)
16384 16384 16384 16384
LtFp8Matmul: 1011.172985 TFlops(16384, 16384, 16384, 1328, ms=11552.139648)
16384 16384 16384 16384
LtFp8Matmul: 1012.658131 TFlops(16384, 16384, 16384, 1344, ms=11674.175781)
16384 16384 16384 16384
LtFp8Matmul: 1013.055488 TFlops(16384, 16384, 16384, 1360, ms=11808.520508)
16384 16384 16384 16384
LtFp8Matmul: 1012.744479 TFlops(16384, 16384, 16384, 1376, ms=11951.113281)
16384 16384 16384 16384
LtFp8Matmul: 1013.816223 TFlops(16384, 16384, 16384, 1392, ms=12077.298828)
16384 16384 16384 16384
LtFp8Matmul: 1013.765751 TFlops(16384, 16384, 16384, 1408, ms=12216.726562)
16384 16384 16384 16384
LtFp8Matmul: 1013.810645 TFlops(16384, 16384, 16384, 1424, ms=12355.005859)
16384 16384 16384 16384
LtFp8Matmul: 1013.844482 TFlops(16384, 16384, 16384, 1440, ms=12493.409180)
16384 16384 16384 16384
LtFp8Matmul: 1014.204616 TFlops(16384, 16384, 16384, 1456, ms=12627.739258)
16384 16384 16384 16384
LtFp8Matmul: 1013.611064 TFlops(16384, 16384, 16384, 1472, ms=12773.981445)
16384 16384 16384 16384
LtFp8Matmul: 1013.584999 TFlops(16384, 16384, 16384, 1488, ms=12913.161133)
16384 16384 16384 16384
LtFp8Matmul: 1013.851836 TFlops(16384, 16384, 16384, 1504, ms=13048.577148)
16384 16384 16384 16384
LtFp8Matmul: 1013.615560 TFlops(16384, 16384, 16384, 1520, ms=13190.465820)
16384 16384 16384 16384
LtFp8Matmul: 1013.538061 TFlops(16384, 16384, 16384, 1536, ms=13330.332031)
16384 16384 16384 16384
LtFp8Matmul: 1013.680290 TFlops(16384, 16384, 16384, 1552, ms=13467.299805)
16384 16384 16384 16384
LtFp8Matmul: 1013.655281 TFlops(16384, 16384, 16384, 1568, ms=13606.473633)
16384 16384 16384 16384
LtFp8Matmul: 1013.093986 TFlops(16384, 16384, 16384, 1584, ms=13752.930664)
16384 16384 16384 16384
LtFp8Matmul: 1012.195481 TFlops(16384, 16384, 16384, 1600, ms=13904.180664)
16384 16384 16384 16384
LtFp8Matmul: 1012.048730 TFlops(16384, 16384, 16384, 1616, ms=14045.258789)
16384 16384 16384 16384
LtFp8Matmul: 1012.090292 TFlops(16384, 16384, 16384, 1632, ms=14183.738281)
16384 16384 16384 16384
LtFp8Matmul: 1012.106205 TFlops(16384, 16384, 16384, 1648, ms=14322.569336)
16384 16384 16384 16384
LtFp8Matmul: 1012.058391 TFlops(16384, 16384, 16384, 1664, ms=14462.306641)
16384 16384 16384 16384
LtFp8Matmul: 1011.863832 TFlops(16384, 16384, 16384, 1680, ms=14604.174805)
16384 16384 16384 16384
LtFp8Matmul: 1011.490009 TFlops(16384, 16384, 16384, 1696, ms=14748.710938)
16384 16384 16384 16384
LtFp8Matmul: 1011.257918 TFlops(16384, 16384, 16384, 1712, ms=14891.266602)
16384 16384 16384 16384
LtFp8Matmul: 1011.493968 TFlops(16384, 16384, 16384, 1728, ms=15026.929688)
16384 16384 16384 16384
LtFp8Matmul: 1010.535463 TFlops(16384, 16384, 16384, 1744, ms=15180.453125)
16384 16384 16384 16384
LtFp8Matmul: 1010.455895 TFlops(16384, 16384, 16384, 1760, ms=15320.929688)
16384 16384 16384 16384
LtFp8Matmul: 1010.151784 TFlops(16384, 16384, 16384, 1776, ms=15464.865234)
16384 16384 16384 16384
LtFp8Matmul: 1010.379098 TFlops(16384, 16384, 16384, 1792, ms=15600.677734)
16384 16384 16384 16384
LtFp8Matmul: 1010.181844 TFlops(16384, 16384, 16384, 1808, ms=15743.042969)
16384 16384 16384 16384
LtFp8Matmul: 1019.679517 TFlops(16384, 16384, 16384, 1824, ms=15734.427734)
16384 16384 16384 16384
LtFp8Matmul: 1019.256022 TFlops(16384, 16384, 16384, 1840, ms=15879.043945)
16384 16384 16384 16384
LtFp8Matmul: 1019.480009 TFlops(16384, 16384, 16384, 1856, ms=16013.603516)
16384 16384 16384 16384
LtFp8Matmul: 1019.168789 TFlops(16384, 16384, 16384, 1872, ms=16156.583984)
16384 16384 16384 16384
LtFp8Matmul: 1019.239075 TFlops(16384, 16384, 16384, 1888, ms=16293.550781)
16384 16384 16384 16384
LtFp8Matmul: 1018.626475 TFlops(16384, 16384, 16384, 1904, ms=16441.513672)
16384 16384 16384 16384
LtFp8Matmul: 1018.901576 TFlops(16384, 16384, 16384, 1920, ms=16575.201172)
16384 16384 16384 16384
LtFp8Matmul: 1018.233187 TFlops(16384, 16384, 16384, 1936, ms=16724.298828)
16384 16384 16384 16384
LtFp8Matmul: 1018.503370 TFlops(16384, 16384, 16384, 1952, ms=16858.042969)
16384 16384 16384 16384
LtFp8Matmul: 1018.023551 TFlops(16384, 16384, 16384, 1968, ms=17004.234375)
16384 16384 16384 16384
LtFp8Matmul: 1016.219408 TFlops(16384, 16384, 16384, 1984, ms=17172.914062)
16384 16384 16384 16384
LtFp8Matmul: 1011.048807 TFlops(16384, 16384, 16384, 2000, ms=17399.937500)
16384 16384 16384 16384
LtFp8Matmul: 1011.595848 TFlops(16384, 16384, 16384, 2016, ms=17529.652344)
16384 16384 16384 16384
LtFp8Matmul: 1013.599717 TFlops(16384, 16384, 16384, 2032, ms=17633.845703)
16384 16384 16384 16384
LtFp8Matmul: 1228.219170 TFlops(16384, 16384, 16384, 1, ms=7.161664)
16384 16384 16384 16384
LtFp8Matmul: 1234.743148 TFlops(16384, 16384, 16384, 2, ms=14.247648)
16384 16384 16384 16384
LtFp8Matmul: 1223.608772 TFlops(16384, 16384, 16384, 4, ms=28.754593)
16384 16384 16384 16384
LtFp8Matmul: 1176.009886 TFlops(16384, 16384, 16384, 8, ms=59.836864)
16384 16384 16384 16384
LtFp8Matmul: 1139.732802 TFlops(16384, 16384, 16384, 16, ms=123.482880)
16384 16384 16384 16384
LtFp8Matmul: 1088.472247 TFlops(16384, 16384, 16384, 32, ms=258.596375)
16384 16384 16384 16384
LtFp8Matmul: 1071.354219 TFlops(16384, 16384, 16384, 64, ms=525.456421)
16384 16384 16384 16384
LtFp8Matmul: 1048.446081 TFlops(16384, 16384, 16384, 128, ms=1073.874878)
16384 16384 16384 16384
LtFp8Matmul: 1037.793027 TFlops(16384, 16384, 16384, 256, ms=2169.796631)
16384 16384 16384 16384
LtFp8Matmul: 1033.238748 TFlops(16384, 16384, 16384, 512, ms=4358.721191)
16384 16384 16384 16384
LtFp8Matmul: 1027.014187 TFlops(16384, 16384, 16384, 1024, ms=8770.277344)
16384 16384 16384 16384
LtFp8Matmul: 1228.219170 TFlops(16384, 16384, 16384, 1, ms=7.161664)
16384 16384 16384 16384
LtFp8Matmul: 1234.743148 TFlops(16384, 16384, 16384, 2, ms=14.247648)
16384 16384 16384 16384
LtFp8Matmul: 1223.608772 TFlops(16384, 16384, 16384, 4, ms=28.754593)
16384 16384 16384 16384
LtFp8Matmul: 1176.009886 TFlops(16384, 16384, 16384, 8, ms=59.836864)
16384 16384 16384 16384
LtFp8Matmul: 1139.732802 TFlops(16384, 16384, 16384, 16, ms=123.482880)
16384 16384 16384 16384
LtFp8Matmul: 1088.472247 TFlops(16384, 16384, 16384, 32, ms=258.596375)
16384 16384 16384 16384
LtFp8Matmul: 1071.354219 TFlops(16384, 16384, 16384, 64, ms=525.456421)
16384 16384 16384 16384
LtFp8Matmul: 1048.446081 TFlops(16384, 16384, 16384, 128, ms=1073.874878)
16384 16384 16384 16384
LtFp8Matmul: 1037.793027 TFlops(16384, 16384, 16384, 256, ms=2169.796631)
16384 16384 16384 16384
LtFp8Matmul: 1033.238748 TFlops(16384, 16384, 16384, 512, ms=4358.721191)
16384 16384 16384 16384
LtFp8Matmul: 1027.014187 TFlops(16384, 16384, 16384, 1024, ms=8770.277344)
16384 16384 16384 16384
LtFp8Matmul: 1228.219170 TFlops(16384, 16384, 16384, 1, ms=7.161664)
16384 16384 16384 16384
LtFp8Matmul: 1234.743148 TFlops(16384, 16384, 16384, 2, ms=14.247648)
16384 16384 16384 16384
LtFp8Matmul: 1223.608772 TFlops(16384, 16384, 16384, 4, ms=28.754593)
16384 16384 16384 16384
LtFp8Matmul: 1176.009886 TFlops(16384, 16384, 16384, 8, ms=59.836864)
16384 16384 16384 16384
LtFp8Matmul: 1139.732802 TFlops(16384, 16384, 16384, 16, ms=123.482880)
16384 16384 16384 16384
LtFp8Matmul: 1088.472247 TFlops(16384, 16384, 16384, 32, ms=258.596375)
16384 16384 16384 16384
LtFp8Matmul: 1071.354219 TFlops(16384, 16384, 16384, 64, ms=525.456421)
16384 16384 16384 16384
LtFp8Matmul: 1048.446081 TFlops(16384, 16384, 16384, 128, ms=1073.874878)
16384 16384 16384 16384
LtFp8Matmul: 1037.793027 TFlops(16384, 16384, 16384, 256, ms=2169.796631)
16384 16384 16384 16384
LtFp8Matmul: 1033.238748 TFlops(16384, 16384, 16384, 512, ms=4358.721191)
16384 16384 16384 16384
LtFp8Matmul: 1027.014187 TFlops(16384, 16384, 16384, 1024, ms=8770.277344)
16384 16384 16384 16384
LtFp8Matmul: 1228.219170 TFlops(16384, 16384, 16384, 1, ms=7.161664)
16384 16384 16384 16384
LtFp8Matmul: 1234.743148 TFlops(16384, 16384, 16384, 2, ms=14.247648)
16384 16384 16384 16384
LtFp8Matmul: 1223.608772 TFlops(16384, 16384, 16384, 4, ms=28.754593)
16384 16384 16384 16384
LtFp8Matmul: 1176.009886 TFlops(16384, 16384, 16384, 8, ms=59.836864)
16384 16384 16384 16384
LtFp8Matmul: 1139.732802 TFlops(16384, 16384, 16384, 16, ms=123.482880)
16384 16384 16384 16384
LtFp8Matmul: 1088.472247 TFlops(16384, 16384, 16384, 32, ms=258.596375)
16384 16384 16384 16384
LtFp8Matmul: 1071.354219 TFlops(16384, 16384, 16384, 64, ms=525.456421)
16384 16384 16384 16384
LtFp8Matmul: 1048.446081 TFlops(16384, 16384, 16384, 128, ms=1073.874878)
16384 16384 16384 16384
LtFp8Matmul: 1037.793027 TFlops(16384, 16384, 16384, 256, ms=2169.796631)
16384 16384 16384 16384
LtFp8Matmul: 1033.238748 TFlops(16384, 16384, 16384, 512, ms=4358.721191)
16384 16384 16384 16384
LtFp8Matmul: 1027.014187 TFlops(16384, 16384, 16384, 1024, ms=8770.277344)
16384 16384 16384 16384
LtFp8Matmul: 1228.219170 TFlops(16384, 16384, 16384, 1, ms=7.161664)
16384 16384 16384 16384
LtFp8Matmul: 1234.743148 TFlops(16384, 16384, 16384, 2, ms=14.247648)
16384 16384 16384 16384
LtFp8Matmul: 1223.608772 TFlops(16384, 16384, 16384, 4, ms=28.754593)
16384 16384 16384 16384
LtFp8Matmul: 1176.009886 TFlops(16384, 16384, 16384, 8, ms=59.836864)
16384 16384 16384 16384
LtFp8Matmul: 1139.732802 TFlops(16384, 16384, 16384, 16, ms=123.482880)
16384 16384 16384 16384
LtFp8Matmul: 1088.472247 TFlops(16384, 16384, 16384, 32, ms=258.596375)
16384 16384 16384 16384
LtFp8Matmul: 1071.354219 TFlops(16384, 16384, 16384, 64, ms=525.456421)
16384 16384 16384 16384
LtFp8Matmul: 1048.446081 TFlops(16384, 16384, 16384, 128, ms=1073.874878)
16384 16384 16384 16384
LtFp8Matmul: 1037.793027 TFlops(16384, 16384, 16384, 256, ms=2169.796631)
16384 16384 16384 16384
LtFp8Matmul: 1033.238748 TFlops(16384, 16384, 16384, 512, ms=4358.721191)
16384 16384 16384 16384
LtFp8Matmul: 1027.014187 TFlops(16384, 16384, 16384, 1024, ms=8770.277344)
16384 16384 16384 16384
LtFp8Matmul: 1228.219170 TFlops(16384, 16384, 16384, 1, ms=7.161664)
16384 16384 16384 16384
LtFp8Matmul: 1234.743148 TFlops(16384, 16384, 16384, 2, ms=14.247648)
16384 16384 16384 16384
LtFp8Matmul: 1223.608772 TFlops(16384, 16384, 16384, 4, ms=28.754593)
16384 16384 16384 16384
LtFp8Matmul: 1176.009886 TFlops(16384, 16384, 16384, 8, ms=59.836864)
16384 16384 16384 16384
LtFp8Matmul: 1139.732802 TFlops(16384, 16384, 16384, 16, ms=123.482880)
16384 16384 16384 16384
LtFp8Matmul: 1088.472247 TFlops(16384, 16384, 16384, 32, ms=258.596375)
16384 16384 16384 16384
LtFp8Matmul: 1071.354219 TFlops(16384, 16384, 16384, 64, ms=525.456421)
16384 16384 16384 16384
LtFp8Matmul: 1048.446081 TFlops(16384, 16384, 16384, 128, ms=1073.874878)
16384 16384 16384 16384
LtFp8Matmul: 1037.793027 TFlops(16384, 16384, 16384, 256, ms=2169.796631)
16384 16384 16384 16384
LtFp8Matmul: 1033.238748 TFlops(16384, 16384, 16384, 512, ms=4358.721191)
16384 16384 16384 16384
LtFp8Matmul: 1027.014187 TFlops(16384, 16384, 16384, 1024, ms=8770.277344)
16384 16384 16384 16384
LtFp8Matmul: 1228.219170 TFlops(16384, 16384, 16384, 1, ms=7.161664)
16384 16384 16384 16384
LtFp8Matmul: 1234.743148 TFlops(16384, 16384, 16384, 2, ms=14.247648)
16384 16384 16384 16384
LtFp8Matmul: 1223.608772 TFlops(16384, 16384, 16384, 4, ms=28.754593)
16384 16384 16384 16384
LtFp8Matmul: 1176.009886 TFlops(16384, 16384, 16384, 8, ms=59.836864)
16384 16384 16384 16384
LtFp8Matmul: 1139.732802 TFlops(16384, 16384, 16384, 16, ms=123.482880)
16384 16384 16384 16384
LtFp8Matmul: 1088.472247 TFlops(16384, 16384, 16384, 32, ms=258.596375)
16384 16384 16384 16384
LtFp8Matmul: 1071.354219 TFlops(16384, 16384, 16384, 64, ms=525.456421)
16384 16384 16384 16384
LtFp8Matmul: 1048.446081 TFlops(16384, 16384, 16384, 128, ms=1073.874878)
16384 16384 16384 16384
LtFp8Matmul: 1037.793027 TFlops(16384, 16384, 16384, 256, ms=2169.796631)
16384 16384 16384 16384
LtFp8Matmul: 1033.238748 TFlops(16384, 16384, 16384, 512, ms=4358.721191)
16384 16384 16384 16384
LtFp8Matmul: 1027.014187 TFlops(16384, 16384, 16384, 1024, ms=8770.277344)
16384 16384 16384 16384
LtFp8Matmul: 1228.219170 TFlops(16384, 16384, 16384, 1, ms=7.161664)
16384 16384 16384 16384
LtFp8Matmul: 1234.743148 TFlops(16384, 16384, 16384, 2, ms=14.247648)
16384 16384 16384 16384
LtFp8Matmul: 1223.608772 TFlops(16384, 16384, 16384, 4, ms=28.754593)
16384 16384 16384 16384
LtFp8Matmul: 1176.009886 TFlops(16384, 16384, 16384, 8, ms=59.836864)
16384 16384 16384 16384
LtFp8Matmul: 1139.732802 TFlops(16384, 16384, 16384, 16, ms=123.482880)
16384 16384 16384 16384
LtFp8Matmul: 1088.472247 TFlops(16384, 16384, 16384, 32, ms=258.596375)
16384 16384 16384 16384
LtFp8Matmul: 1071.354219 TFlops(16384, 16384, 16384, 64, ms=525.456421)
16384 16384 16384 16384
LtFp8Matmul: 1048.446081 TFlops(16384, 16384, 16384, 128, ms=1073.874878)
16384 16384 16384 16384
LtFp8Matmul: 1037.793027 TFlops(16384, 16384, 16384, 256, ms=2169.796631)
16384 16384 16384 16384
LtFp8Matmul: 1033.238748 TFlops(16384, 16384, 16384, 512, ms=4358.721191)
16384 16384 16384 16384
LtFp8Matmul: 1027.014187 TFlops(16384, 16384, 16384, 1024, ms=8770.277344)
16384 16384 16384 16384
LtFp8Matmul: 1228.219170 TFlops(16384, 16384, 16384, 1, ms=7.161664)
16384 16384 16384 16384
LtFp8Matmul: 1234.743148 TFlops(16384, 16384, 16384, 2, ms=14.247648)
16384 16384 16384 16384
LtFp8Matmul: 1223.608772 TFlops(16384, 16384, 16384, 4, ms=28.754593)
16384 16384 16384 16384
LtFp8Matmul: 1176.009886 TFlops(16384, 16384, 16384, 8, ms=59.836864)
16384 16384 16384 16384
LtFp8Matmul: 1139.732802 TFlops(16384, 16384, 16384, 16, ms=123.482880)
16384 16384 16384 16384
LtFp8Matmul: 1088.472247 TFlops(16384, 16384, 16384, 32, ms=258.596375)
16384 16384 16384 16384
LtFp8Matmul: 1071.354219 TFlops(16384, 16384, 16384, 64, ms=525.456421)
16384 16384 16384 16384
LtFp8Matmul: 1048.446081 TFlops(16384, 16384, 16384, 128, ms=1073.874878)
16384 16384 16384 16384
LtFp8Matmul: 1037.793027 TFlops(16384, 16384, 16384, 256, ms=2169.796631)
16384 16384 16384 16384
LtFp8Matmul: 1033.238748 TFlops(16384, 16384, 16384, 512, ms=4358.721191)
16384 16384 16384 16384
LtFp8Matmul: 1027.014187 TFlops(16384, 16384, 16384, 1024, ms=8770.277344)
16384 16384 16384 16384
LtFp8Matmul: 1228.219170 TFlops(16384, 16384, 16384, 1, ms=7.161664)
16384 16384 16384 16384
LtFp8Matmul: 1234.743148 TFlops(16384, 16384, 16384, 2, ms=14.247648)
16384 16384 16384 16384
LtFp8Matmul: 1223.608772 TFlops(16384, 16384, 16384, 4, ms=28.754593)
16384 16384 16384 16384
LtFp8Matmul: 1176.009886 TFlops(16384, 16384, 16384, 8, ms=59.836864)
16384 16384 16384 16384
LtFp8Matmul: 1139.732802 TFlops(16384, 16384, 16384, 16, ms=123.482880)
16384 16384 16384 16384
LtFp8Matmul: 1088.472247 TFlops(16384, 16384, 16384, 32, ms=258.596375)
16384 16384 16384 16384
LtFp8Matmul: 1071.354219 TFlops(16384, 16384, 16384, 64, ms=525.456421)
16384 16384 16384 16384
LtFp8Matmul: 1048.446081 TFlops(16384, 16384, 16384, 128, ms=1073.874878)
16384 16384 16384 16384
LtFp8Matmul: 1037.793027 TFlops(16384, 16384, 16384, 256, ms=2169.796631)
16384 16384 16384 16384
LtFp8Matmul: 1033.238748 TFlops(16384, 16384, 16384, 512, ms=4358.721191)
16384 16384 16384 16384
LtFp8Matmul: 1027.014187 TFlops(16384, 16384, 16384, 1024, ms=8770.277344)
16384 16384 16384 16384
LtFp8Matmul: 1228.219170 TFlops(16384, 16384, 16384, 1, ms=7.161664)
16384 16384 16384 16384
LtFp8Matmul: 1234.743148 TFlops(16384, 16384, 16384, 2, ms=14.247648)
16384 16384 16384 16384
LtFp8Matmul: 1223.608772 TFlops(16384, 16384, 16384, 4, ms=28.754593)
16384 16384 16384 16384
LtFp8Matmul: 1176.009886 TFlops(16384, 16384, 16384, 8, ms=59.836864)
16384 16384 16384 16384
LtFp8Matmul: 1139.732802 TFlops(16384, 16384, 16384, 16, ms=123.482880)
16384 16384 16384 16384
LtFp8Matmul: 1088.472247 TFlops(16384, 16384, 16384, 32, ms=258.596375)
16384 16384 16384 16384
LtFp8Matmul: 1071.354219 TFlops(16384, 16384, 16384, 64, ms=525.456421)
16384 16384 16384 16384
LtFp8Matmul: 1048.446081 TFlops(16384, 16384, 16384, 128, ms=1073.874878)
16384 16384 16384 16384
LtFp8Matmul: 1037.793027 TFlops(16384, 16384, 16384, 256, ms=2169.796631)
16384 16384 16384 16384
LtFp8Matmul: 1033.238748 TFlops(16384, 16384, 16384, 512, ms=4358.721191)
16384 16384 16384 16384
LtFp8Matmul: 1027.014187 TFlops(16384, 16384, 16384, 1024, ms=8770.277344)
16384 16384 16384 16384
LtFp8Matmul: 1228.219170 TFlops(16384, 16384, 16384, 1, ms=7.161664)
16384 16384 16384 16384
LtFp8Matmul: 1234.743148 TFlops(16384, 16384, 16384, 2, ms=14.247648)
16384 16384 16384 16384
LtFp8Matmul: 1223.608772 TFlops(16384, 16384, 16384, 4, ms=28.754593)
16384 16384 16384 16384
LtFp8Matmul: 1176.009886 TFlops(16384, 16384, 16384, 8, ms=59.836864)
16384 16384 16384 16384
LtFp8Matmul: 1139.732802 TFlops(16384, 16384, 16384, 16, ms=123.482880)
16384 16384 16384 16384
LtFp8Matmul: 1088.472247 TFlops(16384, 16384, 16384, 32, ms=258.596375)
16384 16384 16384 16384
LtFp8Matmul: 1071.354219 TFlops(16384, 16384, 16384, 64, ms=525.456421)
16384 16384 16384 16384
LtFp8Matmul: 1048.446081 TFlops(16384, 16384, 16384, 128, ms=1073.874878)
16384 16384 16384 16384
LtFp8Matmul: 1037.793027 TFlops(16384, 16384, 16384, 256, ms=2169.796631)
16384 16384 16384 16384
LtFp8Matmul: 1033.238748 TFlops(16384, 16384, 16384, 512, ms=4358.721191)
16384 16384 16384 16384
LtFp8Matmul: 1027.014187 TFlops(16384, 16384, 16384, 1024, ms=8770.277344)
16384 16384 16384 16384
LtFp8Matmul: 1228.219170 TFlops(16384, 16384, 16384, 1, ms=7.161664)
16384 16384 16384 16384
LtFp8Matmul: 1234.743148 TFlops(16384, 16384, 16384, 2, ms=14.247648)
16384 16384 16384 16384
LtFp8Matmul: 1223.608772 TFlops(16384, 16384, 16384, 4, ms=28.754593)
16384 16384 16384 16384
LtFp8Matmul: 1176.009886 TFlops(16384, 16384, 16384, 8, ms=59.836864)
16384 16384 16384 16384
LtFp8Matmul: 1139.732802 TFlops(16384, 16384, 16384, 16, ms=123.482880)
16384 16384 16384 16384
LtFp8Matmul: 1088.472247 TFlops(16384, 16384, 16384, 32, ms=258.596375)
16384 16384 16384 16384
LtFp8Matmul: 1071.354219 TFlops(16384, 16384, 16384, 64, ms=525.456421)
16384 16384 16384 16384
LtFp8Matmul: 1048.446081 TFlops(16384, 16384, 16384, 128, ms=1073.874878)
16384 16384 16384 16384
LtFp8Matmul: 1037.793027 TFlops(16384, 16384, 16384, 256, ms=2169.796631)
16384 16384 16384 16384
LtFp8Matmul: 1033.238748 TFlops(16384, 16384, 16384, 512, ms=4358.721191)
16384 16384 16384 16384
LtFp8Matmul: 1027.014187 TFlops(16384, 16384, 16384, 1024, ms=8770.277344)
16384 16384 16384 16384
LtFp8Matmul: 1228.219170 TFlops(16384, 16384, 16384, 1, ms=7.161664)
16384 16384 16384 16384
LtFp8Matmul: 1234.743148 TFlops(16384, 16384, 16384, 2, ms=14.247648)
16384 16384 16384 16384
LtFp8Matmul: 1223.608772 TFlops(16384, 16384, 16384, 4, ms=28.754593)
16384 16384 16384 16384
LtFp8Matmul: 1176.009886 TFlops(16384, 16384, 16384, 8, ms=59.836864)
16384 16384 16384 16384
LtFp8Matmul: 1139.732802 TFlops(16384, 16384, 16384, 16, ms=123.482880)
16384 16384 16384 16384
LtFp8Matmul: 1088.472247 TFlops(16384, 16384, 16384, 32, ms=258.596375)
16384 16384 16384 16384
LtFp8Matmul: 1071.354219 TFlops(16384, 16384, 16384, 64, ms=525.456421)
16384 16384 16384 16384
LtFp8Matmul: 1048.446081 TFlops(16384, 16384, 16384, 128, ms=1073.874878)
16384 16384 16384 16384
LtFp8Matmul: 1037.793027 TFlops(16384, 16384, 16384, 256, ms=2169.796631)
16384 16384 16384 16384
LtFp8Matmul: 1033.238748 TFlops(16384, 16384, 16384, 512, ms=4358.721191)
16384 16384 16384 16384
LtFp8Matmul: 1027.014187 TFlops(16384, 16384, 16384, 1024, ms=8770.277344)
16384 16384 16384 16384
LtFp8Matmul: 1228.219170 TFlops(16384, 16384, 16384, 1, ms=7.161664)
16384 16384 16384 16384
LtFp8Matmul: 1234.743148 TFlops(16384, 16384, 16384, 2, ms=14.247648)
16384 16384 16384 16384
LtFp8Matmul: 1223.608772 TFlops(16384, 16384, 16384, 4, ms=28.754593)
16384 16384 16384 16384
LtFp8Matmul: 1176.009886 TFlops(16384, 16384, 16384, 8, ms=59.836864)
16384 16384 16384 16384
LtFp8Matmul: 1139.732802 TFlops(16384, 16384, 16384, 16, ms=123.482880)
16384 16384 16384 16384
LtFp8Matmul: 1088.472247 TFlops(16384, 16384, 16384, 32, ms=258.596375)
16384 16384 16384 16384
LtFp8Matmul: 1071.354219 TFlops(16384, 16384, 16384, 64, ms=525.456421)
16384 16384 16384 16384
LtFp8Matmul: 1048.446081 TFlops(16384, 16384, 16384, 128, ms=1073.874878)
16384 16384 16384 16384
LtFp8Matmul: 1037.793027 TFlops(16384, 16384, 16384, 256, ms=2169.796631)
16384 16384 16384 16384
LtFp8Matmul: 1033.238748 TFlops(16384, 16384, 16384, 512, ms=4358.721191)
16384 16384 16384 16384
LtFp8Matmul: 1027.014187 TFlops(16384, 16384, 16384, 1024, ms=8770.277344)
16384 16384 16384 16384
LtFp8Matmul: 1228.219170 TFlops(16384, 16384, 16384, 1, ms=7.161664)
16384 16384 16384 16384
LtFp8Matmul: 1234.743148 TFlops(16384, 16384, 16384, 2, ms=14.247648)
16384 16384 16384 16384
LtFp8Matmul: 1223.608772 TFlops(16384, 16384, 16384, 4, ms=28.754593)
16384 16384 16384 16384
LtFp8Matmul: 1176.009886 TFlops(16384, 16384, 16384, 8, ms=59.836864)
16384 16384 16384 16384
LtFp8Matmul: 1139.732802 TFlops(16384, 16384, 16384, 16, ms=123.482880)
16384 16384 16384 16384
LtFp8Matmul: 1088.472247 TFlops(16384, 16384, 16384, 32, ms=258.596375)
16384 16384 16384 16384
LtFp8Matmul: 1071.354219 TFlops(16384, 16384, 16384, 64, ms=525.456421)
16384 16384 16384 16384
LtFp8Matmul: 1048.446081 TFlops(16384, 16384, 16384, 128, ms=1073.874878)
16384 16384 16384 16384
LtFp8Matmul: 1037.793027 TFlops(16384, 16384, 16384, 256, ms=2169.796631)
16384 16384 16384 16384
LtFp8Matmul: 1033.238748 TFlops(16384, 16384, 16384, 512, ms=4358.721191)
16384 16384 16384 16384
LtFp8Matmul: 1027.014187 TFlops(16384, 16384, 16384, 1024, ms=8770.277344)
