16384 16384 16384 16384
LtFp8Matmul: 708.968301 TFlops(16384, 16384, 16384, 32, ms=397.020538)
16384 16384 16384 16384
LtFp8Matmul: 716.974934 TFlops(16384, 16384, 16384, 32, ms=392.586914)
16384 16384 16384 16384
LtFp8Matmul: 717.923270 TFlops(16384, 16384, 16384, 32, ms=392.068329)
16384 16384 16384 16384
LtFp8Matmul: 714.824895 TFlops(16384, 16384, 16384, 32, ms=393.767731)
16384 16384 16384 16384
LtFp8Matmul: 717.533710 TFlops(16384, 16384, 16384, 32, ms=392.281189)
16384 16384 16384 16384
LtFp8Matmul: 716.890173 TFlops(16384, 16384, 16384, 32, ms=392.633331)
16384 16384 16384 16384
LtFp8Matmul: 721.678135 TFlops(16384, 16384, 16384, 32, ms=390.028412)
16384 16384 16384 16384
LtFp8Matmul: 713.571235 TFlops(16384, 16384, 16384, 32, ms=394.459534)
16384 16384 16384 16384
LtFp8Matmul: 713.250413 TFlops(16384, 16384, 16384, 32, ms=394.636963)
16384 16384 16384 16384
LtFp8Matmul: 715.938338 TFlops(16384, 16384, 16384, 32, ms=393.155334)
16384 16384 16384 16384
LtFp8Matmul: 709.989170 TFlops(16384, 16384, 16384, 32, ms=396.449677)
16384 16384 16384 16384
LtFp8Matmul: 710.035628 TFlops(16384, 16384, 16384, 32, ms=396.423737)
16384 16384 16384 16384
LtFp8Matmul: 710.691553 TFlops(16384, 16384, 16384, 32, ms=396.057861)
16384 16384 16384 16384
LtFp8Matmul: 711.556133 TFlops(16384, 16384, 16384, 32, ms=395.576630)
16384 16384 16384 16384
LtFp8Matmul: 712.695422 TFlops(16384, 16384, 16384, 32, ms=394.944275)
16384 16384 16384 16384
LtFp8Matmul: 708.053462 TFlops(16384, 16384, 16384, 32, ms=397.533508)
16384 16384 16384 16384
LtFp8Matmul: 712.166478 TFlops(16384, 16384, 16384, 32, ms=395.237610)
16384 16384 16384 16384
LtFp8Matmul: 709.050382 TFlops(16384, 16384, 16384, 32, ms=396.974579)
16384 16384 16384 16384
LtFp8Matmul: 710.721290 TFlops(16384, 16384, 16384, 32, ms=396.041290)
16384 16384 16384 16384
LtFp8Matmul: 713.801905 TFlops(16384, 16384, 16384, 32, ms=394.332062)
16384 16384 16384 16384
LtFp8Matmul: 714.921803 TFlops(16384, 16384, 16384, 32, ms=393.714355)
16384 16384 16384 16384
LtFp8Matmul: 716.094420 TFlops(16384, 16384, 16384, 32, ms=393.069641)
16384 16384 16384 16384
LtFp8Matmul: 715.028271 TFlops(16384, 16384, 16384, 32, ms=393.655731)
16384 16384 16384 16384
LtFp8Matmul: 709.778327 TFlops(16384, 16384, 16384, 32, ms=396.567444)
16384 16384 16384 16384
LtFp8Matmul: 712.889708 TFlops(16384, 16384, 16384, 32, ms=394.836639)
16384 16384 16384 16384
LtFp8Matmul: 715.534164 TFlops(16384, 16384, 16384, 32, ms=393.377411)
16384 16384 16384 16384
LtFp8Matmul: 720.234617 TFlops(16384, 16384, 16384, 32, ms=390.810120)
16384 16384 16384 16384
LtFp8Matmul: 717.553806 TFlops(16384, 16384, 16384, 32, ms=392.270203)
16384 16384 16384 16384
LtFp8Matmul: 714.576180 TFlops(16384, 16384, 16384, 32, ms=393.904785)
16384 16384 16384 16384
LtFp8Matmul: 716.263363 TFlops(16384, 16384, 16384, 32, ms=392.976929)
16384 16384 16384 16384
LtFp8Matmul: 717.060718 TFlops(16384, 16384, 16384, 32, ms=392.539948)
16384 16384 16384 16384
LtFp8Matmul: 704.921722 TFlops(16384, 16384, 16384, 32, ms=399.299622)
16384 16384 16384 16384
LtFp8Matmul: 714.675512 TFlops(16384, 16384, 16384, 32, ms=393.850037)
16384 16384 16384 16384
LtFp8Matmul: 712.304527 TFlops(16384, 16384, 16384, 32, ms=395.161011)
16384 16384 16384 16384
LtFp8Matmul: 705.630413 TFlops(16384, 16384, 16384, 32, ms=398.898590)
16384 16384 16384 16384
LtFp8Matmul: 713.044464 TFlops(16384, 16384, 16384, 32, ms=394.750946)
16384 16384 16384 16384
LtFp8Matmul: 713.346011 TFlops(16384, 16384, 16384, 32, ms=394.584076)
16384 16384 16384 16384
LtFp8Matmul: 712.526836 TFlops(16384, 16384, 16384, 32, ms=395.037720)
16384 16384 16384 16384
LtFp8Matmul: 707.527910 TFlops(16384, 16384, 16384, 32, ms=397.828796)
16384 16384 16384 16384
LtFp8Matmul: 713.607728 TFlops(16384, 16384, 16384, 32, ms=394.439362)
16384 16384 16384 16384
LtFp8Matmul: 711.826700 TFlops(16384, 16384, 16384, 32, ms=395.426270)
16384 16384 16384 16384
LtFp8Matmul: 711.424849 TFlops(16384, 16384, 16384, 32, ms=395.649628)
16384 16384 16384 16384
LtFp8Matmul: 714.441068 TFlops(16384, 16384, 16384, 32, ms=393.979279)
16384 16384 16384 16384
LtFp8Matmul: 708.319577 TFlops(16384, 16384, 16384, 32, ms=397.384155)
16384 16384 16384 16384
LtFp8Matmul: 717.621024 TFlops(16384, 16384, 16384, 32, ms=392.233459)
16384 16384 16384 16384
LtFp8Matmul: 715.911608 TFlops(16384, 16384, 16384, 32, ms=393.170013)
16384 16384 16384 16384
LtFp8Matmul: 713.728220 TFlops(16384, 16384, 16384, 32, ms=394.372772)
16384 16384 16384 16384
LtFp8Matmul: 714.237750 TFlops(16384, 16384, 16384, 32, ms=394.091431)
16384 16384 16384 16384
LtFp8Matmul: 708.083087 TFlops(16384, 16384, 16384, 32, ms=397.516876)
16384 16384 16384 16384
LtFp8Matmul: 711.928292 TFlops(16384, 16384, 16384, 32, ms=395.369843)
