16384 16384 16384 16384
LtFp8Matmul: 1221.076015 TFlops(16384, 16384, 16384, 32, ms=230.513885)
16384 16384 16384 16384
LtFp8Matmul: 1199.510492 TFlops(16384, 16384, 16384, 32, ms=234.658203)
16384 16384 16384 16384
LtFp8Matmul: 1201.173078 TFlops(16384, 16384, 16384, 32, ms=234.333405)
16384 16384 16384 16384
LtFp8Matmul: 1209.419618 TFlops(16384, 16384, 16384, 32, ms=232.735580)
16384 16384 16384 16384
LtFp8Matmul: 1216.134664 TFlops(16384, 16384, 16384, 32, ms=231.450500)
16384 16384 16384 16384
LtFp8Matmul: 1191.100058 TFlops(16384, 16384, 16384, 32, ms=236.315140)
16384 16384 16384 16384
LtFp8Matmul: 1214.134765 TFlops(16384, 16384, 16384, 32, ms=231.831741)
16384 16384 16384 16384
LtFp8Matmul: 1223.299127 TFlops(16384, 16384, 16384, 32, ms=230.094971)
16384 16384 16384 16384
LtFp8Matmul: 1221.888965 TFlops(16384, 16384, 16384, 32, ms=230.360519)
16384 16384 16384 16384
LtFp8Matmul: 1191.187356 TFlops(16384, 16384, 16384, 32, ms=236.297821)
16384 16384 16384 16384
LtFp8Matmul: 1207.291184 TFlops(16384, 16384, 16384, 32, ms=233.145889)
16384 16384 16384 16384
LtFp8Matmul: 1211.093425 TFlops(16384, 16384, 16384, 32, ms=232.413925)
16384 16384 16384 16384
LtFp8Matmul: 1187.862173 TFlops(16384, 16384, 16384, 32, ms=236.959290)
16384 16384 16384 16384
LtFp8Matmul: 1197.119532 TFlops(16384, 16384, 16384, 32, ms=235.126877)
16384 16384 16384 16384
LtFp8Matmul: 1195.914248 TFlops(16384, 16384, 16384, 32, ms=235.363846)
16384 16384 16384 16384
LtFp8Matmul: 1195.904014 TFlops(16384, 16384, 16384, 32, ms=235.365860)
16384 16384 16384 16384
LtFp8Matmul: 1205.012619 TFlops(16384, 16384, 16384, 32, ms=233.586746)
16384 16384 16384 16384
LtFp8Matmul: 1188.403597 TFlops(16384, 16384, 16384, 32, ms=236.851334)
16384 16384 16384 16384
LtFp8Matmul: 1204.515889 TFlops(16384, 16384, 16384, 32, ms=233.683075)
16384 16384 16384 16384
LtFp8Matmul: 1203.124036 TFlops(16384, 16384, 16384, 32, ms=233.953415)
16384 16384 16384 16384
LtFp8Matmul: 1216.363770 TFlops(16384, 16384, 16384, 32, ms=231.406906)
16384 16384 16384 16384
LtFp8Matmul: 1196.473514 TFlops(16384, 16384, 16384, 32, ms=235.253830)
16384 16384 16384 16384
LtFp8Matmul: 1209.510573 TFlops(16384, 16384, 16384, 32, ms=232.718079)
16384 16384 16384 16384
LtFp8Matmul: 1212.719410 TFlops(16384, 16384, 16384, 32, ms=232.102310)
16384 16384 16384 16384
LtFp8Matmul: 1207.503848 TFlops(16384, 16384, 16384, 32, ms=233.104828)
16384 16384 16384 16384
LtFp8Matmul: 1215.131850 TFlops(16384, 16384, 16384, 32, ms=231.641510)
16384 16384 16384 16384
LtFp8Matmul: 1197.424070 TFlops(16384, 16384, 16384, 32, ms=235.067078)
16384 16384 16384 16384
LtFp8Matmul: 1210.888079 TFlops(16384, 16384, 16384, 32, ms=232.453339)
16384 16384 16384 16384
LtFp8Matmul: 1215.784236 TFlops(16384, 16384, 16384, 32, ms=231.517212)
16384 16384 16384 16384
LtFp8Matmul: 1208.771587 TFlops(16384, 16384, 16384, 32, ms=232.860352)
16384 16384 16384 16384
LtFp8Matmul: 1192.749806 TFlops(16384, 16384, 16384, 32, ms=235.988281)
16384 16384 16384 16384
LtFp8Matmul: 1216.090329 TFlops(16384, 16384, 16384, 32, ms=231.458939)
16384 16384 16384 16384
LtFp8Matmul: 1186.459679 TFlops(16384, 16384, 16384, 32, ms=237.239395)
16384 16384 16384 16384
LtFp8Matmul: 1211.236008 TFlops(16384, 16384, 16384, 32, ms=232.386566)
16384 16384 16384 16384
LtFp8Matmul: 1203.209338 TFlops(16384, 16384, 16384, 32, ms=233.936829)
16384 16384 16384 16384
LtFp8Matmul: 1206.251307 TFlops(16384, 16384, 16384, 32, ms=233.346878)
16384 16384 16384 16384
LtFp8Matmul: 1198.619471 TFlops(16384, 16384, 16384, 32, ms=234.832642)
16384 16384 16384 16384
LtFp8Matmul: 1207.706229 TFlops(16384, 16384, 16384, 32, ms=233.065765)
16384 16384 16384 16384
LtFp8Matmul: 1196.106791 TFlops(16384, 16384, 16384, 32, ms=235.325958)
16384 16384 16384 16384
LtFp8Matmul: 1188.142121 TFlops(16384, 16384, 16384, 32, ms=236.903458)
16384 16384 16384 16384
LtFp8Matmul: 1208.081605 TFlops(16384, 16384, 16384, 32, ms=232.993347)
16384 16384 16384 16384
LtFp8Matmul: 1203.999686 TFlops(16384, 16384, 16384, 32, ms=233.783264)
16384 16384 16384 16384
LtFp8Matmul: 1203.220169 TFlops(16384, 16384, 16384, 32, ms=233.934723)
16384 16384 16384 16384
LtFp8Matmul: 1196.577048 TFlops(16384, 16384, 16384, 32, ms=235.233475)
16384 16384 16384 16384
LtFp8Matmul: 1189.232872 TFlops(16384, 16384, 16384, 32, ms=236.686172)
16384 16384 16384 16384
LtFp8Matmul: 1206.354489 TFlops(16384, 16384, 16384, 32, ms=233.326920)
16384 16384 16384 16384
LtFp8Matmul: 1202.737619 TFlops(16384, 16384, 16384, 32, ms=234.028580)
16384 16384 16384 16384
LtFp8Matmul: 1213.629050 TFlops(16384, 16384, 16384, 32, ms=231.928345)
16384 16384 16384 16384
LtFp8Matmul: 1209.847078 TFlops(16384, 16384, 16384, 32, ms=232.653351)
16384 16384 16384 16384
LtFp8Matmul: 1200.293175 TFlops(16384, 16384, 16384, 32, ms=234.505188)
