16384 16384 16384 16384
LtFp8Matmul: 1042.356414 TFlops(16384, 16384, 16384, 32, ms=270.037170)
16384 16384 16384 16384
LtFp8Matmul: 1043.653702 TFlops(16384, 16384, 16384, 32, ms=269.701508)
16384 16384 16384 16384
LtFp8Matmul: 1043.477183 TFlops(16384, 16384, 16384, 32, ms=269.747131)
16384 16384 16384 16384
LtFp8Matmul: 1040.310846 TFlops(16384, 16384, 16384, 32, ms=270.568146)
16384 16384 16384 16384
LtFp8Matmul: 1042.395407 TFlops(16384, 16384, 16384, 32, ms=270.027069)
16384 16384 16384 16384
LtFp8Matmul: 1045.757149 TFlops(16384, 16384, 16384, 32, ms=269.159027)
16384 16384 16384 16384
LtFp8Matmul: 1040.757390 TFlops(16384, 16384, 16384, 32, ms=270.452057)
16384 16384 16384 16384
LtFp8Matmul: 1040.210415 TFlops(16384, 16384, 16384, 32, ms=270.594269)
16384 16384 16384 16384
LtFp8Matmul: 1043.626423 TFlops(16384, 16384, 16384, 32, ms=269.708557)
16384 16384 16384 16384
LtFp8Matmul: 1042.812615 TFlops(16384, 16384, 16384, 32, ms=269.919037)
16384 16384 16384 16384
LtFp8Matmul: 1048.499237 TFlops(16384, 16384, 16384, 32, ms=268.455109)
16384 16384 16384 16384
LtFp8Matmul: 1044.179479 TFlops(16384, 16384, 16384, 32, ms=269.565704)
16384 16384 16384 16384
LtFp8Matmul: 1035.643895 TFlops(16384, 16384, 16384, 32, ms=271.787415)
16384 16384 16384 16384
LtFp8Matmul: 1046.699437 TFlops(16384, 16384, 16384, 32, ms=268.916718)
16384 16384 16384 16384
LtFp8Matmul: 1050.857615 TFlops(16384, 16384, 16384, 32, ms=267.852631)
16384 16384 16384 16384
LtFp8Matmul: 1044.017081 TFlops(16384, 16384, 16384, 32, ms=269.607635)
16384 16384 16384 16384
LtFp8Matmul: 1041.944515 TFlops(16384, 16384, 16384, 32, ms=270.143921)
16384 16384 16384 16384
LtFp8Matmul: 1045.958043 TFlops(16384, 16384, 16384, 32, ms=269.107330)
16384 16384 16384 16384
LtFp8Matmul: 1047.363141 TFlops(16384, 16384, 16384, 32, ms=268.746307)
16384 16384 16384 16384
LtFp8Matmul: 1039.279886 TFlops(16384, 16384, 16384, 32, ms=270.836548)
16384 16384 16384 16384
LtFp8Matmul: 1044.472017 TFlops(16384, 16384, 16384, 32, ms=269.490204)
16384 16384 16384 16384
LtFp8Matmul: 1040.773244 TFlops(16384, 16384, 16384, 32, ms=270.447937)
16384 16384 16384 16384
LtFp8Matmul: 1043.150869 TFlops(16384, 16384, 16384, 32, ms=269.831512)
16384 16384 16384 16384
LtFp8Matmul: 1046.481634 TFlops(16384, 16384, 16384, 32, ms=268.972687)
16384 16384 16384 16384
LtFp8Matmul: 1038.590245 TFlops(16384, 16384, 16384, 32, ms=271.016388)
16384 16384 16384 16384
LtFp8Matmul: 1050.963826 TFlops(16384, 16384, 16384, 32, ms=267.825562)
16384 16384 16384 16384
LtFp8Matmul: 1039.437299 TFlops(16384, 16384, 16384, 32, ms=270.795532)
16384 16384 16384 16384
LtFp8Matmul: 1041.369014 TFlops(16384, 16384, 16384, 32, ms=270.293213)
16384 16384 16384 16384
LtFp8Matmul: 1046.921014 TFlops(16384, 16384, 16384, 32, ms=268.859802)
16384 16384 16384 16384
LtFp8Matmul: 1037.584284 TFlops(16384, 16384, 16384, 32, ms=271.279144)
16384 16384 16384 16384
LtFp8Matmul: 1044.347958 TFlops(16384, 16384, 16384, 32, ms=269.522217)
16384 16384 16384 16384
LtFp8Matmul: 1042.469161 TFlops(16384, 16384, 16384, 32, ms=270.007965)
16384 16384 16384 16384
LtFp8Matmul: 1040.238806 TFlops(16384, 16384, 16384, 32, ms=270.586884)
16384 16384 16384 16384
LtFp8Matmul: 1045.064452 TFlops(16384, 16384, 16384, 32, ms=269.337433)
16384 16384 16384 16384
LtFp8Matmul: 1040.304393 TFlops(16384, 16384, 16384, 32, ms=270.569824)
16384 16384 16384 16384
LtFp8Matmul: 1035.745656 TFlops(16384, 16384, 16384, 32, ms=271.760712)
16384 16384 16384 16384
LtFp8Matmul: 1042.005844 TFlops(16384, 16384, 16384, 32, ms=270.128021)
16384 16384 16384 16384
LtFp8Matmul: 1038.935244 TFlops(16384, 16384, 16384, 32, ms=270.926392)
16384 16384 16384 16384
LtFp8Matmul: 1043.788345 TFlops(16384, 16384, 16384, 32, ms=269.666718)
16384 16384 16384 16384
LtFp8Matmul: 1042.581813 TFlops(16384, 16384, 16384, 32, ms=269.978790)
16384 16384 16384 16384
LtFp8Matmul: 1040.977633 TFlops(16384, 16384, 16384, 32, ms=270.394836)
16384 16384 16384 16384
LtFp8Matmul: 1051.325843 TFlops(16384, 16384, 16384, 32, ms=267.733337)
16384 16384 16384 16384
LtFp8Matmul: 1044.413236 TFlops(16384, 16384, 16384, 32, ms=269.505371)
16384 16384 16384 16384
LtFp8Matmul: 1035.511113 TFlops(16384, 16384, 16384, 32, ms=271.822266)
16384 16384 16384 16384
LtFp8Matmul: 1044.288718 TFlops(16384, 16384, 16384, 32, ms=269.537506)
16384 16384 16384 16384
LtFp8Matmul: 1036.634677 TFlops(16384, 16384, 16384, 32, ms=271.527649)
16384 16384 16384 16384
LtFp8Matmul: 1040.646305 TFlops(16384, 16384, 16384, 32, ms=270.480927)
16384 16384 16384 16384
LtFp8Matmul: 1046.904734 TFlops(16384, 16384, 16384, 32, ms=268.863983)
16384 16384 16384 16384
LtFp8Matmul: 1038.440337 TFlops(16384, 16384, 16384, 32, ms=271.055511)
16384 16384 16384 16384
LtFp8Matmul: 1039.274617 TFlops(16384, 16384, 16384, 32, ms=270.837921)
