16384 16384 16384 16384
LtFp8Matmul: 847.306751 TFlops(16384, 16384, 16384, 32, ms=332.199615)
16384 16384 16384 16384
LtFp8Matmul: 841.388020 TFlops(16384, 16384, 16384, 32, ms=334.536469)
16384 16384 16384 16384
LtFp8Matmul: 849.995999 TFlops(16384, 16384, 16384, 32, ms=331.148590)
16384 16384 16384 16384
LtFp8Matmul: 850.030624 TFlops(16384, 16384, 16384, 32, ms=331.135101)
16384 16384 16384 16384
LtFp8Matmul: 844.659681 TFlops(16384, 16384, 16384, 32, ms=333.240692)
16384 16384 16384 16384
LtFp8Matmul: 845.686776 TFlops(16384, 16384, 16384, 32, ms=332.835968)
16384 16384 16384 16384
LtFp8Matmul: 846.353064 TFlops(16384, 16384, 16384, 32, ms=332.573944)
16384 16384 16384 16384
LtFp8Matmul: 851.158087 TFlops(16384, 16384, 16384, 32, ms=330.696472)
16384 16384 16384 16384
LtFp8Matmul: 849.439104 TFlops(16384, 16384, 16384, 32, ms=331.365692)
16384 16384 16384 16384
LtFp8Matmul: 845.847005 TFlops(16384, 16384, 16384, 32, ms=332.772919)
16384 16384 16384 16384
LtFp8Matmul: 848.810676 TFlops(16384, 16384, 16384, 32, ms=331.611023)
16384 16384 16384 16384
LtFp8Matmul: 852.296106 TFlops(16384, 16384, 16384, 32, ms=330.254913)
16384 16384 16384 16384
LtFp8Matmul: 849.289085 TFlops(16384, 16384, 16384, 32, ms=331.424225)
16384 16384 16384 16384
LtFp8Matmul: 851.768916 TFlops(16384, 16384, 16384, 32, ms=330.459320)
16384 16384 16384 16384
LtFp8Matmul: 846.387160 TFlops(16384, 16384, 16384, 32, ms=332.560547)
16384 16384 16384 16384
LtFp8Matmul: 836.631653 TFlops(16384, 16384, 16384, 32, ms=336.438354)
16384 16384 16384 16384
LtFp8Matmul: 846.331785 TFlops(16384, 16384, 16384, 32, ms=332.582306)
16384 16384 16384 16384
LtFp8Matmul: 836.594469 TFlops(16384, 16384, 16384, 32, ms=336.453308)
16384 16384 16384 16384
LtFp8Matmul: 855.271674 TFlops(16384, 16384, 16384, 32, ms=329.105927)
16384 16384 16384 16384
LtFp8Matmul: 847.255303 TFlops(16384, 16384, 16384, 32, ms=332.219788)
16384 16384 16384 16384
LtFp8Matmul: 845.466540 TFlops(16384, 16384, 16384, 32, ms=332.922668)
16384 16384 16384 16384
LtFp8Matmul: 846.595986 TFlops(16384, 16384, 16384, 32, ms=332.478516)
16384 16384 16384 16384
LtFp8Matmul: 848.065026 TFlops(16384, 16384, 16384, 32, ms=331.902588)
16384 16384 16384 16384
LtFp8Matmul: 850.757371 TFlops(16384, 16384, 16384, 32, ms=330.852234)
16384 16384 16384 16384
LtFp8Matmul: 851.132874 TFlops(16384, 16384, 16384, 32, ms=330.706268)
16384 16384 16384 16384
LtFp8Matmul: 849.781891 TFlops(16384, 16384, 16384, 32, ms=331.232025)
16384 16384 16384 16384
LtFp8Matmul: 846.706578 TFlops(16384, 16384, 16384, 32, ms=332.435089)
16384 16384 16384 16384
LtFp8Matmul: 847.027949 TFlops(16384, 16384, 16384, 32, ms=332.308960)
16384 16384 16384 16384
LtFp8Matmul: 849.000147 TFlops(16384, 16384, 16384, 32, ms=331.537018)
16384 16384 16384 16384
LtFp8Matmul: 846.737748 TFlops(16384, 16384, 16384, 32, ms=332.422852)
16384 16384 16384 16384
LtFp8Matmul: 849.646465 TFlops(16384, 16384, 16384, 32, ms=331.284821)
16384 16384 16384 16384
LtFp8Matmul: 847.725726 TFlops(16384, 16384, 16384, 32, ms=332.035431)
16384 16384 16384 16384
LtFp8Matmul: 850.732810 TFlops(16384, 16384, 16384, 32, ms=330.861786)
16384 16384 16384 16384
LtFp8Matmul: 841.255409 TFlops(16384, 16384, 16384, 32, ms=334.589203)
16384 16384 16384 16384
LtFp8Matmul: 848.385712 TFlops(16384, 16384, 16384, 32, ms=331.777130)
16384 16384 16384 16384
LtFp8Matmul: 852.044866 TFlops(16384, 16384, 16384, 32, ms=330.352295)
16384 16384 16384 16384
LtFp8Matmul: 834.634103 TFlops(16384, 16384, 16384, 32, ms=337.243561)
16384 16384 16384 16384
LtFp8Matmul: 850.306075 TFlops(16384, 16384, 16384, 32, ms=331.027832)
16384 16384 16384 16384
LtFp8Matmul: 840.464681 TFlops(16384, 16384, 16384, 32, ms=334.903992)
16384 16384 16384 16384
LtFp8Matmul: 847.626630 TFlops(16384, 16384, 16384, 32, ms=332.074249)
16384 16384 16384 16384
LtFp8Matmul: 845.598776 TFlops(16384, 16384, 16384, 32, ms=332.870605)
16384 16384 16384 16384
LtFp8Matmul: 851.680432 TFlops(16384, 16384, 16384, 32, ms=330.493652)
16384 16384 16384 16384
LtFp8Matmul: 854.702699 TFlops(16384, 16384, 16384, 32, ms=329.325012)
16384 16384 16384 16384
LtFp8Matmul: 846.787189 TFlops(16384, 16384, 16384, 32, ms=332.403442)
16384 16384 16384 16384
LtFp8Matmul: 833.975121 TFlops(16384, 16384, 16384, 32, ms=337.510040)
16384 16384 16384 16384
LtFp8Matmul: 847.965148 TFlops(16384, 16384, 16384, 32, ms=331.941681)
16384 16384 16384 16384
LtFp8Matmul: 849.859644 TFlops(16384, 16384, 16384, 32, ms=331.201721)
16384 16384 16384 16384
LtFp8Matmul: 849.027890 TFlops(16384, 16384, 16384, 32, ms=331.526184)
16384 16384 16384 16384
LtFp8Matmul: 852.898080 TFlops(16384, 16384, 16384, 32, ms=330.021820)
16384 16384 16384 16384
LtFp8Matmul: 855.378912 TFlops(16384, 16384, 16384, 32, ms=329.064667)
