16384 16384 16384 16384
LtFp8Matmul: 1091.788577 TFlops(16384, 16384, 16384, 32, ms=257.810883)
16384 16384 16384 16384
LtFp8Matmul: 1086.654207 TFlops(16384, 16384, 16384, 32, ms=259.029022)
16384 16384 16384 16384
LtFp8Matmul: 1089.810703 TFlops(16384, 16384, 16384, 32, ms=258.278778)
16384 16384 16384 16384
LtFp8Matmul: 1088.068411 TFlops(16384, 16384, 16384, 32, ms=258.692352)
16384 16384 16384 16384
LtFp8Matmul: 1082.555276 TFlops(16384, 16384, 16384, 32, ms=260.009796)
16384 16384 16384 16384
LtFp8Matmul: 1085.462966 TFlops(16384, 16384, 16384, 32, ms=259.313293)
16384 16384 16384 16384
LtFp8Matmul: 1088.912248 TFlops(16384, 16384, 16384, 32, ms=258.491882)
16384 16384 16384 16384
LtFp8Matmul: 1086.382607 TFlops(16384, 16384, 16384, 32, ms=259.093781)
16384 16384 16384 16384
LtFp8Matmul: 1086.041827 TFlops(16384, 16384, 16384, 32, ms=259.175079)
16384 16384 16384 16384
LtFp8Matmul: 1091.783925 TFlops(16384, 16384, 16384, 32, ms=257.811981)
16384 16384 16384 16384
LtFp8Matmul: 1080.844447 TFlops(16384, 16384, 16384, 32, ms=260.421356)
16384 16384 16384 16384
LtFp8Matmul: 1092.457919 TFlops(16384, 16384, 16384, 32, ms=257.652924)
16384 16384 16384 16384
LtFp8Matmul: 1086.313385 TFlops(16384, 16384, 16384, 32, ms=259.110291)
16384 16384 16384 16384
LtFp8Matmul: 1081.119241 TFlops(16384, 16384, 16384, 32, ms=260.355164)
16384 16384 16384 16384
LtFp8Matmul: 1083.089575 TFlops(16384, 16384, 16384, 32, ms=259.881531)
16384 16384 16384 16384
LtFp8Matmul: 1081.192745 TFlops(16384, 16384, 16384, 32, ms=260.337463)
16384 16384 16384 16384
LtFp8Matmul: 1079.529679 TFlops(16384, 16384, 16384, 32, ms=260.738525)
16384 16384 16384 16384
LtFp8Matmul: 1089.288408 TFlops(16384, 16384, 16384, 32, ms=258.402618)
16384 16384 16384 16384
LtFp8Matmul: 1079.636709 TFlops(16384, 16384, 16384, 32, ms=260.712677)
16384 16384 16384 16384
LtFp8Matmul: 1081.895219 TFlops(16384, 16384, 16384, 32, ms=260.168427)
16384 16384 16384 16384
LtFp8Matmul: 1090.379387 TFlops(16384, 16384, 16384, 32, ms=258.144073)
16384 16384 16384 16384
LtFp8Matmul: 1093.791155 TFlops(16384, 16384, 16384, 32, ms=257.338867)
16384 16384 16384 16384
LtFp8Matmul: 1082.621352 TFlops(16384, 16384, 16384, 32, ms=259.993927)
16384 16384 16384 16384
LtFp8Matmul: 1086.794668 TFlops(16384, 16384, 16384, 32, ms=258.995544)
16384 16384 16384 16384
LtFp8Matmul: 1079.218061 TFlops(16384, 16384, 16384, 32, ms=260.813812)
16384 16384 16384 16384
LtFp8Matmul: 1082.563535 TFlops(16384, 16384, 16384, 32, ms=260.007812)
16384 16384 16384 16384
LtFp8Matmul: 1083.065410 TFlops(16384, 16384, 16384, 32, ms=259.887329)
16384 16384 16384 16384
LtFp8Matmul: 1085.578715 TFlops(16384, 16384, 16384, 32, ms=259.285645)
16384 16384 16384 16384
LtFp8Matmul: 1081.917681 TFlops(16384, 16384, 16384, 32, ms=260.163025)
16384 16384 16384 16384
LtFp8Matmul: 1087.687963 TFlops(16384, 16384, 16384, 32, ms=258.782837)
16384 16384 16384 16384
LtFp8Matmul: 1080.962886 TFlops(16384, 16384, 16384, 32, ms=260.392822)
16384 16384 16384 16384
LtFp8Matmul: 1088.855172 TFlops(16384, 16384, 16384, 32, ms=258.505432)
16384 16384 16384 16384
LtFp8Matmul: 1084.639133 TFlops(16384, 16384, 16384, 32, ms=259.510254)
16384 16384 16384 16384
LtFp8Matmul: 1088.648898 TFlops(16384, 16384, 16384, 32, ms=258.554413)
16384 16384 16384 16384
LtFp8Matmul: 1089.251102 TFlops(16384, 16384, 16384, 32, ms=258.411469)
16384 16384 16384 16384
LtFp8Matmul: 1082.779585 TFlops(16384, 16384, 16384, 32, ms=259.955933)
16384 16384 16384 16384
LtFp8Matmul: 1091.823085 TFlops(16384, 16384, 16384, 32, ms=257.802734)
16384 16384 16384 16384
LtFp8Matmul: 1086.862543 TFlops(16384, 16384, 16384, 32, ms=258.979370)
16384 16384 16384 16384
LtFp8Matmul: 1081.764522 TFlops(16384, 16384, 16384, 32, ms=260.199860)
16384 16384 16384 16384
LtFp8Matmul: 1090.468338 TFlops(16384, 16384, 16384, 32, ms=258.123016)
16384 16384 16384 16384
LtFp8Matmul: 1087.474951 TFlops(16384, 16384, 16384, 32, ms=258.833527)
16384 16384 16384 16384
LtFp8Matmul: 1086.333216 TFlops(16384, 16384, 16384, 32, ms=259.105560)
16384 16384 16384 16384
LtFp8Matmul: 1078.351226 TFlops(16384, 16384, 16384, 32, ms=261.023468)
16384 16384 16384 16384
LtFp8Matmul: 1083.181029 TFlops(16384, 16384, 16384, 32, ms=259.859589)
16384 16384 16384 16384
LtFp8Matmul: 1082.699890 TFlops(16384, 16384, 16384, 32, ms=259.975067)
16384 16384 16384 16384
LtFp8Matmul: 1090.458282 TFlops(16384, 16384, 16384, 32, ms=258.125397)
16384 16384 16384 16384
LtFp8Matmul: 1081.117086 TFlops(16384, 16384, 16384, 32, ms=260.355682)
16384 16384 16384 16384
LtFp8Matmul: 1082.265783 TFlops(16384, 16384, 16384, 32, ms=260.079346)
16384 16384 16384 16384
LtFp8Matmul: 1086.332833 TFlops(16384, 16384, 16384, 32, ms=259.105652)
16384 16384 16384 16384
LtFp8Matmul: 1089.331763 TFlops(16384, 16384, 16384, 32, ms=258.392334)
