16384 16384 16384 16384
LtFp8Matmul: 1404.243747 TFlops(16384, 16384, 16384, 1, ms=6.263936)
16384 16384 16384 16384
LtFp8Matmul: 1227.096170 TFlops(16384, 16384, 16384, 16, ms=114.691490)
16384 16384 16384 16384
LtFp8Matmul: 1204.901009 TFlops(16384, 16384, 16384, 32, ms=233.608383)
16384 16384 16384 16384
LtFp8Matmul: 1188.230874 TFlops(16384, 16384, 16384, 48, ms=355.328644)
16384 16384 16384 16384
LtFp8Matmul: 1184.025940 TFlops(16384, 16384, 16384, 64, ms=475.454071)
16384 16384 16384 16384
LtFp8Matmul: 1186.966187 TFlops(16384, 16384, 16384, 80, ms=592.845398)
16384 16384 16384 16384
LtFp8Matmul: 1174.031571 TFlops(16384, 16384, 16384, 96, ms=719.252319)
16384 16384 16384 16384
LtFp8Matmul: 1178.159189 TFlops(16384, 16384, 16384, 112, ms=836.187866)
16384 16384 16384 16384
LtFp8Matmul: 1175.628625 TFlops(16384, 16384, 16384, 128, ms=957.700317)
16384 16384 16384 16384
LtFp8Matmul: 1171.012344 TFlops(16384, 16384, 16384, 144, ms=1081.660156)
16384 16384 16384 16384
LtFp8Matmul: 1173.398959 TFlops(16384, 16384, 16384, 160, ms=1199.400146)
16384 16384 16384 16384
LtFp8Matmul: 1171.310115 TFlops(16384, 16384, 16384, 176, ms=1321.692993)
16384 16384 16384 16384
LtFp8Matmul: 1173.889818 TFlops(16384, 16384, 16384, 192, ms=1438.678345)
16384 16384 16384 16384
LtFp8Matmul: 1174.565770 TFlops(16384, 16384, 16384, 208, ms=1557.671265)
16384 16384 16384 16384
LtFp8Matmul: 1170.967536 TFlops(16384, 16384, 16384, 224, ms=1682.646851)
16384 16384 16384 16384
LtFp8Matmul: 1172.169147 TFlops(16384, 16384, 16384, 240, ms=1800.987793)
16384 16384 16384 16384
LtFp8Matmul: 1172.834102 TFlops(16384, 16384, 16384, 256, ms=1919.964478)
16384 16384 16384 16384
LtFp8Matmul: 1172.207980 TFlops(16384, 16384, 16384, 272, ms=2041.051880)
16384 16384 16384 16384
LtFp8Matmul: 1170.340990 TFlops(16384, 16384, 16384, 288, ms=2164.561279)
16384 16384 16384 16384
LtFp8Matmul: 1169.227926 TFlops(16384, 16384, 16384, 304, ms=2286.989746)
16384 16384 16384 16384
LtFp8Matmul: 1172.171491 TFlops(16384, 16384, 16384, 320, ms=2401.312256)
16384 16384 16384 16384
LtFp8Matmul: 1170.293905 TFlops(16384, 16384, 16384, 336, ms=2525.423096)
16384 16384 16384 16384
LtFp8Matmul: 1172.366807 TFlops(16384, 16384, 16384, 352, ms=2641.003418)
16384 16384 16384 16384
LtFp8Matmul: 1172.511936 TFlops(16384, 16384, 16384, 368, ms=2760.707275)
16384 16384 16384 16384
LtFp8Matmul: 1172.418929 TFlops(16384, 16384, 16384, 384, ms=2880.966553)
16384 16384 16384 16384
LtFp8Matmul: 1170.837187 TFlops(16384, 16384, 16384, 400, ms=3005.061035)
16384 16384 16384 16384
LtFp8Matmul: 1172.696689 TFlops(16384, 16384, 16384, 416, ms=3120.307861)
16384 16384 16384 16384
LtFp8Matmul: 1171.317876 TFlops(16384, 16384, 16384, 432, ms=3244.134033)
16384 16384 16384 16384
LtFp8Matmul: 1170.673514 TFlops(16384, 16384, 16384, 448, ms=3366.138916)
16384 16384 16384 16384
LtFp8Matmul: 1172.228348 TFlops(16384, 16384, 16384, 464, ms=3481.733887)
16384 16384 16384 16384
LtFp8Matmul: 1171.877482 TFlops(16384, 16384, 16384, 480, ms=3602.872070)
16384 16384 16384 16384
LtFp8Matmul: 1171.756777 TFlops(16384, 16384, 16384, 496, ms=3723.351318)
16384 16384 16384 16384
LtFp8Matmul: 1171.489541 TFlops(16384, 16384, 16384, 512, ms=3844.336182)
16384 16384 16384 16384
LtFp8Matmul: 1172.529466 TFlops(16384, 16384, 16384, 528, ms=3960.955566)
16384 16384 16384 16384
LtFp8Matmul: 1171.092311 TFlops(16384, 16384, 16384, 544, ms=4085.992676)
16384 16384 16384 16384
LtFp8Matmul: 1171.167763 TFlops(16384, 16384, 16384, 560, ms=4205.897949)
16384 16384 16384 16384
LtFp8Matmul: 1171.673620 TFlops(16384, 16384, 16384, 576, ms=4324.198730)
16384 16384 16384 16384
LtFp8Matmul: 1170.392748 TFlops(16384, 16384, 16384, 592, ms=4449.179199)
16384 16384 16384 16384
LtFp8Matmul: 1171.583473 TFlops(16384, 16384, 16384, 608, ms=4564.783203)
16384 16384 16384 16384
LtFp8Matmul: 1171.873768 TFlops(16384, 16384, 16384, 624, ms=4683.748535)
16384 16384 16384 16384
LtFp8Matmul: 1171.648073 TFlops(16384, 16384, 16384, 640, ms=4804.770020)
16384 16384 16384 16384
LtFp8Matmul: 1171.584909 TFlops(16384, 16384, 16384, 656, ms=4925.154785)
16384 16384 16384 16384
LtFp8Matmul: 1171.756769 TFlops(16384, 16384, 16384, 672, ms=5044.540527)
16384 16384 16384 16384
LtFp8Matmul: 1172.535127 TFlops(16384, 16384, 16384, 688, ms=5161.220215)
16384 16384 16384 16384
LtFp8Matmul: 1172.419155 TFlops(16384, 16384, 16384, 704, ms=5281.770996)
16384 16384 16384 16384
LtFp8Matmul: 1172.250191 TFlops(16384, 16384, 16384, 720, ms=5402.589844)
16384 16384 16384 16384
LtFp8Matmul: 1171.086688 TFlops(16384, 16384, 16384, 736, ms=5528.134277)
