16384 16384 16384 16384
LtFp8Matmul: 827.295139 TFlops(16384, 16384, 16384, 1, ms=10.632352)
16384 16384 16384 16384
LtFp8Matmul: 828.969238 TFlops(16384, 16384, 16384, 2, ms=21.221760)
16384 16384 16384 16384
LtFp8Matmul: 831.444745 TFlops(16384, 16384, 16384, 4, ms=42.317150)
16384 16384 16384 16384
LtFp8Matmul: 802.017915 TFlops(16384, 16384, 16384, 8, ms=87.739616)
16384 16384 16384 16384
LtFp8Matmul: 735.470599 TFlops(16384, 16384, 16384, 16, ms=191.357056)
16384 16384 16384 16384
LtFp8Matmul: 710.347929 TFlops(16384, 16384, 16384, 32, ms=396.249451)
16384 16384 16384 16384
LtFp8Matmul: 699.430888 TFlops(16384, 16384, 16384, 64, ms=804.868591)
16384 16384 16384 16384
LtFp8Matmul: 668.180900 TFlops(16384, 16384, 16384, 128, ms=1685.022583)
16384 16384 16384 16384
LtFp8Matmul: 652.353153 TFlops(16384, 16384, 16384, 256, ms=3451.811035)
16384 16384 16384 16384
LtFp8Matmul: 654.486228 TFlops(16384, 16384, 16384, 512, ms=6881.122070)
16384 16384 16384 16384
LtFp8Matmul: 653.718560 TFlops(16384, 16384, 16384, 1024, ms=13778.405273)
16384 16384 16384 16384
LtFp8Matmul: 827.295139 TFlops(16384, 16384, 16384, 1, ms=10.632352)
16384 16384 16384 16384
LtFp8Matmul: 828.969238 TFlops(16384, 16384, 16384, 2, ms=21.221760)
16384 16384 16384 16384
LtFp8Matmul: 831.444745 TFlops(16384, 16384, 16384, 4, ms=42.317150)
16384 16384 16384 16384
LtFp8Matmul: 802.017915 TFlops(16384, 16384, 16384, 8, ms=87.739616)
16384 16384 16384 16384
LtFp8Matmul: 735.470599 TFlops(16384, 16384, 16384, 16, ms=191.357056)
16384 16384 16384 16384
LtFp8Matmul: 710.347929 TFlops(16384, 16384, 16384, 32, ms=396.249451)
16384 16384 16384 16384
LtFp8Matmul: 699.430888 TFlops(16384, 16384, 16384, 64, ms=804.868591)
16384 16384 16384 16384
LtFp8Matmul: 668.180900 TFlops(16384, 16384, 16384, 128, ms=1685.022583)
16384 16384 16384 16384
LtFp8Matmul: 652.353153 TFlops(16384, 16384, 16384, 256, ms=3451.811035)
16384 16384 16384 16384
LtFp8Matmul: 654.486228 TFlops(16384, 16384, 16384, 512, ms=6881.122070)
16384 16384 16384 16384
LtFp8Matmul: 653.718560 TFlops(16384, 16384, 16384, 1024, ms=13778.405273)
16384 16384 16384 16384
LtFp8Matmul: 827.295139 TFlops(16384, 16384, 16384, 1, ms=10.632352)
16384 16384 16384 16384
LtFp8Matmul: 828.969238 TFlops(16384, 16384, 16384, 2, ms=21.221760)
16384 16384 16384 16384
LtFp8Matmul: 831.444745 TFlops(16384, 16384, 16384, 4, ms=42.317150)
16384 16384 16384 16384
LtFp8Matmul: 802.017915 TFlops(16384, 16384, 16384, 8, ms=87.739616)
16384 16384 16384 16384
LtFp8Matmul: 735.470599 TFlops(16384, 16384, 16384, 16, ms=191.357056)
16384 16384 16384 16384
LtFp8Matmul: 710.347929 TFlops(16384, 16384, 16384, 32, ms=396.249451)
16384 16384 16384 16384
LtFp8Matmul: 699.430888 TFlops(16384, 16384, 16384, 64, ms=804.868591)
16384 16384 16384 16384
LtFp8Matmul: 668.180900 TFlops(16384, 16384, 16384, 128, ms=1685.022583)
16384 16384 16384 16384
LtFp8Matmul: 652.353153 TFlops(16384, 16384, 16384, 256, ms=3451.811035)
16384 16384 16384 16384
LtFp8Matmul: 654.486228 TFlops(16384, 16384, 16384, 512, ms=6881.122070)
16384 16384 16384 16384
LtFp8Matmul: 653.718560 TFlops(16384, 16384, 16384, 1024, ms=13778.405273)
16384 16384 16384 16384
LtFp8Matmul: 827.295139 TFlops(16384, 16384, 16384, 1, ms=10.632352)
16384 16384 16384 16384
LtFp8Matmul: 828.969238 TFlops(16384, 16384, 16384, 2, ms=21.221760)
16384 16384 16384 16384
LtFp8Matmul: 831.444745 TFlops(16384, 16384, 16384, 4, ms=42.317150)
16384 16384 16384 16384
LtFp8Matmul: 802.017915 TFlops(16384, 16384, 16384, 8, ms=87.739616)
16384 16384 16384 16384
LtFp8Matmul: 735.470599 TFlops(16384, 16384, 16384, 16, ms=191.357056)
16384 16384 16384 16384
LtFp8Matmul: 710.347929 TFlops(16384, 16384, 16384, 32, ms=396.249451)
16384 16384 16384 16384
LtFp8Matmul: 699.430888 TFlops(16384, 16384, 16384, 64, ms=804.868591)
16384 16384 16384 16384
LtFp8Matmul: 668.180900 TFlops(16384, 16384, 16384, 128, ms=1685.022583)
16384 16384 16384 16384
LtFp8Matmul: 652.353153 TFlops(16384, 16384, 16384, 256, ms=3451.811035)
16384 16384 16384 16384
LtFp8Matmul: 654.486228 TFlops(16384, 16384, 16384, 512, ms=6881.122070)
16384 16384 16384 16384
LtFp8Matmul: 653.718560 TFlops(16384, 16384, 16384, 1024, ms=13778.405273)
16384 16384 16384 16384
LtFp8Matmul: 827.295139 TFlops(16384, 16384, 16384, 1, ms=10.632352)
16384 16384 16384 16384
LtFp8Matmul: 828.969238 TFlops(16384, 16384, 16384, 2, ms=21.221760)
16384 16384 16384 16384
LtFp8Matmul: 831.444745 TFlops(16384, 16384, 16384, 4, ms=42.317150)
16384 16384 16384 16384
LtFp8Matmul: 802.017915 TFlops(16384, 16384, 16384, 8, ms=87.739616)
16384 16384 16384 16384
LtFp8Matmul: 735.470599 TFlops(16384, 16384, 16384, 16, ms=191.357056)
16384 16384 16384 16384
LtFp8Matmul: 710.347929 TFlops(16384, 16384, 16384, 32, ms=396.249451)
16384 16384 16384 16384
LtFp8Matmul: 699.430888 TFlops(16384, 16384, 16384, 64, ms=804.868591)
16384 16384 16384 16384
LtFp8Matmul: 668.180900 TFlops(16384, 16384, 16384, 128, ms=1685.022583)
16384 16384 16384 16384
LtFp8Matmul: 652.353153 TFlops(16384, 16384, 16384, 256, ms=3451.811035)
16384 16384 16384 16384
LtFp8Matmul: 654.486228 TFlops(16384, 16384, 16384, 512, ms=6881.122070)
16384 16384 16384 16384
LtFp8Matmul: 653.718560 TFlops(16384, 16384, 16384, 1024, ms=13778.405273)
16384 16384 16384 16384
LtFp8Matmul: 827.295139 TFlops(16384, 16384, 16384, 1, ms=10.632352)
16384 16384 16384 16384
LtFp8Matmul: 828.969238 TFlops(16384, 16384, 16384, 2, ms=21.221760)
16384 16384 16384 16384
LtFp8Matmul: 831.444745 TFlops(16384, 16384, 16384, 4, ms=42.317150)
16384 16384 16384 16384
LtFp8Matmul: 802.017915 TFlops(16384, 16384, 16384, 8, ms=87.739616)
16384 16384 16384 16384
LtFp8Matmul: 735.470599 TFlops(16384, 16384, 16384, 16, ms=191.357056)
16384 16384 16384 16384
LtFp8Matmul: 710.347929 TFlops(16384, 16384, 16384, 32, ms=396.249451)
16384 16384 16384 16384
LtFp8Matmul: 699.430888 TFlops(16384, 16384, 16384, 64, ms=804.868591)
16384 16384 16384 16384
LtFp8Matmul: 668.180900 TFlops(16384, 16384, 16384, 128, ms=1685.022583)
16384 16384 16384 16384
LtFp8Matmul: 652.353153 TFlops(16384, 16384, 16384, 256, ms=3451.811035)
16384 16384 16384 16384
LtFp8Matmul: 654.486228 TFlops(16384, 16384, 16384, 512, ms=6881.122070)
16384 16384 16384 16384
LtFp8Matmul: 653.718560 TFlops(16384, 16384, 16384, 1024, ms=13778.405273)
16384 16384 16384 16384
LtFp8Matmul: 827.295139 TFlops(16384, 16384, 16384, 1, ms=10.632352)
16384 16384 16384 16384
LtFp8Matmul: 828.969238 TFlops(16384, 16384, 16384, 2, ms=21.221760)
16384 16384 16384 16384
LtFp8Matmul: 831.444745 TFlops(16384, 16384, 16384, 4, ms=42.317150)
16384 16384 16384 16384
LtFp8Matmul: 802.017915 TFlops(16384, 16384, 16384, 8, ms=87.739616)
16384 16384 16384 16384
LtFp8Matmul: 735.470599 TFlops(16384, 16384, 16384, 16, ms=191.357056)
16384 16384 16384 16384
LtFp8Matmul: 710.347929 TFlops(16384, 16384, 16384, 32, ms=396.249451)
16384 16384 16384 16384
LtFp8Matmul: 699.430888 TFlops(16384, 16384, 16384, 64, ms=804.868591)
16384 16384 16384 16384
LtFp8Matmul: 668.180900 TFlops(16384, 16384, 16384, 128, ms=1685.022583)
16384 16384 16384 16384
LtFp8Matmul: 652.353153 TFlops(16384, 16384, 16384, 256, ms=3451.811035)
16384 16384 16384 16384
LtFp8Matmul: 654.486228 TFlops(16384, 16384, 16384, 512, ms=6881.122070)
16384 16384 16384 16384
LtFp8Matmul: 653.718560 TFlops(16384, 16384, 16384, 1024, ms=13778.405273)
16384 16384 16384 16384
LtFp8Matmul: 827.295139 TFlops(16384, 16384, 16384, 1, ms=10.632352)
16384 16384 16384 16384
LtFp8Matmul: 828.969238 TFlops(16384, 16384, 16384, 2, ms=21.221760)
16384 16384 16384 16384
LtFp8Matmul: 831.444745 TFlops(16384, 16384, 16384, 4, ms=42.317150)
16384 16384 16384 16384
LtFp8Matmul: 802.017915 TFlops(16384, 16384, 16384, 8, ms=87.739616)
16384 16384 16384 16384
LtFp8Matmul: 735.470599 TFlops(16384, 16384, 16384, 16, ms=191.357056)
16384 16384 16384 16384
LtFp8Matmul: 710.347929 TFlops(16384, 16384, 16384, 32, ms=396.249451)
16384 16384 16384 16384
LtFp8Matmul: 699.430888 TFlops(16384, 16384, 16384, 64, ms=804.868591)
16384 16384 16384 16384
LtFp8Matmul: 668.180900 TFlops(16384, 16384, 16384, 128, ms=1685.022583)
16384 16384 16384 16384
LtFp8Matmul: 652.353153 TFlops(16384, 16384, 16384, 256, ms=3451.811035)
16384 16384 16384 16384
LtFp8Matmul: 654.486228 TFlops(16384, 16384, 16384, 512, ms=6881.122070)
16384 16384 16384 16384
LtFp8Matmul: 653.718560 TFlops(16384, 16384, 16384, 1024, ms=13778.405273)
16384 16384 16384 16384
LtFp8Matmul: 827.295139 TFlops(16384, 16384, 16384, 1, ms=10.632352)
16384 16384 16384 16384
LtFp8Matmul: 828.969238 TFlops(16384, 16384, 16384, 2, ms=21.221760)
16384 16384 16384 16384
LtFp8Matmul: 831.444745 TFlops(16384, 16384, 16384, 4, ms=42.317150)
16384 16384 16384 16384
LtFp8Matmul: 802.017915 TFlops(16384, 16384, 16384, 8, ms=87.739616)
16384 16384 16384 16384
LtFp8Matmul: 735.470599 TFlops(16384, 16384, 16384, 16, ms=191.357056)
16384 16384 16384 16384
LtFp8Matmul: 710.347929 TFlops(16384, 16384, 16384, 32, ms=396.249451)
16384 16384 16384 16384
LtFp8Matmul: 699.430888 TFlops(16384, 16384, 16384, 64, ms=804.868591)
16384 16384 16384 16384
LtFp8Matmul: 668.180900 TFlops(16384, 16384, 16384, 128, ms=1685.022583)
16384 16384 16384 16384
LtFp8Matmul: 652.353153 TFlops(16384, 16384, 16384, 256, ms=3451.811035)
16384 16384 16384 16384
LtFp8Matmul: 654.486228 TFlops(16384, 16384, 16384, 512, ms=6881.122070)
16384 16384 16384 16384
LtFp8Matmul: 653.718560 TFlops(16384, 16384, 16384, 1024, ms=13778.405273)
16384 16384 16384 16384
LtFp8Matmul: 827.295139 TFlops(16384, 16384, 16384, 1, ms=10.632352)
16384 16384 16384 16384
LtFp8Matmul: 828.969238 TFlops(16384, 16384, 16384, 2, ms=21.221760)
16384 16384 16384 16384
LtFp8Matmul: 831.444745 TFlops(16384, 16384, 16384, 4, ms=42.317150)
16384 16384 16384 16384
LtFp8Matmul: 802.017915 TFlops(16384, 16384, 16384, 8, ms=87.739616)
16384 16384 16384 16384
LtFp8Matmul: 735.470599 TFlops(16384, 16384, 16384, 16, ms=191.357056)
16384 16384 16384 16384
LtFp8Matmul: 710.347929 TFlops(16384, 16384, 16384, 32, ms=396.249451)
16384 16384 16384 16384
LtFp8Matmul: 699.430888 TFlops(16384, 16384, 16384, 64, ms=804.868591)
16384 16384 16384 16384
LtFp8Matmul: 668.180900 TFlops(16384, 16384, 16384, 128, ms=1685.022583)
16384 16384 16384 16384
LtFp8Matmul: 652.353153 TFlops(16384, 16384, 16384, 256, ms=3451.811035)
16384 16384 16384 16384
LtFp8Matmul: 654.486228 TFlops(16384, 16384, 16384, 512, ms=6881.122070)
16384 16384 16384 16384
LtFp8Matmul: 653.718560 TFlops(16384, 16384, 16384, 1024, ms=13778.405273)
16384 16384 16384 16384
LtFp8Matmul: 827.295139 TFlops(16384, 16384, 16384, 1, ms=10.632352)
16384 16384 16384 16384
LtFp8Matmul: 828.969238 TFlops(16384, 16384, 16384, 2, ms=21.221760)
16384 16384 16384 16384
LtFp8Matmul: 831.444745 TFlops(16384, 16384, 16384, 4, ms=42.317150)
16384 16384 16384 16384
LtFp8Matmul: 802.017915 TFlops(16384, 16384, 16384, 8, ms=87.739616)
16384 16384 16384 16384
LtFp8Matmul: 735.470599 TFlops(16384, 16384, 16384, 16, ms=191.357056)
16384 16384 16384 16384
LtFp8Matmul: 710.347929 TFlops(16384, 16384, 16384, 32, ms=396.249451)
16384 16384 16384 16384
LtFp8Matmul: 699.430888 TFlops(16384, 16384, 16384, 64, ms=804.868591)
16384 16384 16384 16384
LtFp8Matmul: 668.180900 TFlops(16384, 16384, 16384, 128, ms=1685.022583)
16384 16384 16384 16384
LtFp8Matmul: 652.353153 TFlops(16384, 16384, 16384, 256, ms=3451.811035)
16384 16384 16384 16384
LtFp8Matmul: 654.486228 TFlops(16384, 16384, 16384, 512, ms=6881.122070)
16384 16384 16384 16384
LtFp8Matmul: 653.718560 TFlops(16384, 16384, 16384, 1024, ms=13778.405273)
16384 16384 16384 16384
LtFp8Matmul: 827.295139 TFlops(16384, 16384, 16384, 1, ms=10.632352)
16384 16384 16384 16384
LtFp8Matmul: 828.969238 TFlops(16384, 16384, 16384, 2, ms=21.221760)
16384 16384 16384 16384
LtFp8Matmul: 831.444745 TFlops(16384, 16384, 16384, 4, ms=42.317150)
16384 16384 16384 16384
LtFp8Matmul: 802.017915 TFlops(16384, 16384, 16384, 8, ms=87.739616)
16384 16384 16384 16384
LtFp8Matmul: 735.470599 TFlops(16384, 16384, 16384, 16, ms=191.357056)
16384 16384 16384 16384
LtFp8Matmul: 710.347929 TFlops(16384, 16384, 16384, 32, ms=396.249451)
16384 16384 16384 16384
LtFp8Matmul: 699.430888 TFlops(16384, 16384, 16384, 64, ms=804.868591)
16384 16384 16384 16384
LtFp8Matmul: 668.180900 TFlops(16384, 16384, 16384, 128, ms=1685.022583)
16384 16384 16384 16384
LtFp8Matmul: 652.353153 TFlops(16384, 16384, 16384, 256, ms=3451.811035)
16384 16384 16384 16384
LtFp8Matmul: 654.486228 TFlops(16384, 16384, 16384, 512, ms=6881.122070)
16384 16384 16384 16384
LtFp8Matmul: 653.718560 TFlops(16384, 16384, 16384, 1024, ms=13778.405273)
16384 16384 16384 16384
LtFp8Matmul: 827.295139 TFlops(16384, 16384, 16384, 1, ms=10.632352)
16384 16384 16384 16384
LtFp8Matmul: 828.969238 TFlops(16384, 16384, 16384, 2, ms=21.221760)
16384 16384 16384 16384
LtFp8Matmul: 831.444745 TFlops(16384, 16384, 16384, 4, ms=42.317150)
16384 16384 16384 16384
LtFp8Matmul: 802.017915 TFlops(16384, 16384, 16384, 8, ms=87.739616)
16384 16384 16384 16384
LtFp8Matmul: 735.470599 TFlops(16384, 16384, 16384, 16, ms=191.357056)
16384 16384 16384 16384
LtFp8Matmul: 710.347929 TFlops(16384, 16384, 16384, 32, ms=396.249451)
16384 16384 16384 16384
LtFp8Matmul: 699.430888 TFlops(16384, 16384, 16384, 64, ms=804.868591)
16384 16384 16384 16384
LtFp8Matmul: 668.180900 TFlops(16384, 16384, 16384, 128, ms=1685.022583)
16384 16384 16384 16384
LtFp8Matmul: 652.353153 TFlops(16384, 16384, 16384, 256, ms=3451.811035)
16384 16384 16384 16384
LtFp8Matmul: 654.486228 TFlops(16384, 16384, 16384, 512, ms=6881.122070)
16384 16384 16384 16384
LtFp8Matmul: 653.718560 TFlops(16384, 16384, 16384, 1024, ms=13778.405273)
16384 16384 16384 16384
LtFp8Matmul: 827.295139 TFlops(16384, 16384, 16384, 1, ms=10.632352)
16384 16384 16384 16384
LtFp8Matmul: 828.969238 TFlops(16384, 16384, 16384, 2, ms=21.221760)
16384 16384 16384 16384
LtFp8Matmul: 831.444745 TFlops(16384, 16384, 16384, 4, ms=42.317150)
16384 16384 16384 16384
LtFp8Matmul: 802.017915 TFlops(16384, 16384, 16384, 8, ms=87.739616)
16384 16384 16384 16384
LtFp8Matmul: 735.470599 TFlops(16384, 16384, 16384, 16, ms=191.357056)
16384 16384 16384 16384
LtFp8Matmul: 710.347929 TFlops(16384, 16384, 16384, 32, ms=396.249451)
16384 16384 16384 16384
LtFp8Matmul: 699.430888 TFlops(16384, 16384, 16384, 64, ms=804.868591)
16384 16384 16384 16384
LtFp8Matmul: 668.180900 TFlops(16384, 16384, 16384, 128, ms=1685.022583)
16384 16384 16384 16384
LtFp8Matmul: 652.353153 TFlops(16384, 16384, 16384, 256, ms=3451.811035)
16384 16384 16384 16384
LtFp8Matmul: 654.486228 TFlops(16384, 16384, 16384, 512, ms=6881.122070)
16384 16384 16384 16384
LtFp8Matmul: 653.718560 TFlops(16384, 16384, 16384, 1024, ms=13778.405273)
16384 16384 16384 16384
LtFp8Matmul: 827.295139 TFlops(16384, 16384, 16384, 1, ms=10.632352)
16384 16384 16384 16384
LtFp8Matmul: 828.969238 TFlops(16384, 16384, 16384, 2, ms=21.221760)
16384 16384 16384 16384
LtFp8Matmul: 831.444745 TFlops(16384, 16384, 16384, 4, ms=42.317150)
16384 16384 16384 16384
LtFp8Matmul: 802.017915 TFlops(16384, 16384, 16384, 8, ms=87.739616)
16384 16384 16384 16384
LtFp8Matmul: 735.470599 TFlops(16384, 16384, 16384, 16, ms=191.357056)
16384 16384 16384 16384
LtFp8Matmul: 710.347929 TFlops(16384, 16384, 16384, 32, ms=396.249451)
16384 16384 16384 16384
LtFp8Matmul: 699.430888 TFlops(16384, 16384, 16384, 64, ms=804.868591)
16384 16384 16384 16384
LtFp8Matmul: 668.180900 TFlops(16384, 16384, 16384, 128, ms=1685.022583)
16384 16384 16384 16384
LtFp8Matmul: 652.353153 TFlops(16384, 16384, 16384, 256, ms=3451.811035)
16384 16384 16384 16384
LtFp8Matmul: 654.486228 TFlops(16384, 16384, 16384, 512, ms=6881.122070)
16384 16384 16384 16384
LtFp8Matmul: 653.718560 TFlops(16384, 16384, 16384, 1024, ms=13778.405273)
16384 16384 16384 16384
LtFp8Matmul: 827.295139 TFlops(16384, 16384, 16384, 1, ms=10.632352)
16384 16384 16384 16384
LtFp8Matmul: 828.969238 TFlops(16384, 16384, 16384, 2, ms=21.221760)
16384 16384 16384 16384
LtFp8Matmul: 831.444745 TFlops(16384, 16384, 16384, 4, ms=42.317150)
16384 16384 16384 16384
LtFp8Matmul: 802.017915 TFlops(16384, 16384, 16384, 8, ms=87.739616)
16384 16384 16384 16384
LtFp8Matmul: 735.470599 TFlops(16384, 16384, 16384, 16, ms=191.357056)
16384 16384 16384 16384
LtFp8Matmul: 710.347929 TFlops(16384, 16384, 16384, 32, ms=396.249451)
16384 16384 16384 16384
LtFp8Matmul: 699.430888 TFlops(16384, 16384, 16384, 64, ms=804.868591)
16384 16384 16384 16384
LtFp8Matmul: 668.180900 TFlops(16384, 16384, 16384, 128, ms=1685.022583)
16384 16384 16384 16384
LtFp8Matmul: 652.353153 TFlops(16384, 16384, 16384, 256, ms=3451.811035)
16384 16384 16384 16384
LtFp8Matmul: 654.486228 TFlops(16384, 16384, 16384, 512, ms=6881.122070)
16384 16384 16384 16384
LtFp8Matmul: 653.718560 TFlops(16384, 16384, 16384, 1024, ms=13778.405273)
