16384 16384 16384 16384
LtFp8Matmul: 962.548635 TFlops(16384, 16384, 16384, 1, ms=9.138336)
16384 16384 16384 16384
LtFp8Matmul: 869.041742 TFlops(16384, 16384, 16384, 16, ms=161.945602)
16384 16384 16384 16384
LtFp8Matmul: 849.476422 TFlops(16384, 16384, 16384, 32, ms=331.351135)
16384 16384 16384 16384
LtFp8Matmul: 845.211487 TFlops(16384, 16384, 16384, 48, ms=499.534698)
16384 16384 16384 16384
LtFp8Matmul: 839.007789 TFlops(16384, 16384, 16384, 64, ms=670.971069)
16384 16384 16384 16384
LtFp8Matmul: 833.062314 TFlops(16384, 16384, 16384, 80, ms=844.699646)
16384 16384 16384 16384
LtFp8Matmul: 802.214372 TFlops(16384, 16384, 16384, 96, ms=1052.617554)
16384 16384 16384 16384
LtFp8Matmul: 798.557505 TFlops(16384, 16384, 16384, 112, ms=1233.677490)
16384 16384 16384 16384
LtFp8Matmul: 799.711519 TFlops(16384, 16384, 16384, 128, ms=1407.882568)
16384 16384 16384 16384
LtFp8Matmul: 802.757579 TFlops(16384, 16384, 16384, 144, ms=1577.857910)
16384 16384 16384 16384
LtFp8Matmul: 805.518748 TFlops(16384, 16384, 16384, 160, ms=1747.165894)
16384 16384 16384 16384
LtFp8Matmul: 800.522736 TFlops(16384, 16384, 16384, 176, ms=1933.876831)
16384 16384 16384 16384
LtFp8Matmul: 794.734249 TFlops(16384, 16384, 16384, 192, ms=2125.049805)
16384 16384 16384 16384
LtFp8Matmul: 791.894910 TFlops(16384, 16384, 16384, 208, ms=2310.391602)
16384 16384 16384 16384
LtFp8Matmul: 793.100912 TFlops(16384, 16384, 16384, 224, ms=2484.330566)
16384 16384 16384 16384
LtFp8Matmul: 795.442234 TFlops(16384, 16384, 16384, 240, ms=2653.947998)
16384 16384 16384 16384
LtFp8Matmul: 794.374170 TFlops(16384, 16384, 16384, 256, ms=2834.684082)
16384 16384 16384 16384
LtFp8Matmul: 790.944403 TFlops(16384, 16384, 16384, 272, ms=3024.912109)
16384 16384 16384 16384
LtFp8Matmul: 789.376397 TFlops(16384, 16384, 16384, 288, ms=3209.210205)
16384 16384 16384 16384
LtFp8Matmul: 788.765155 TFlops(16384, 16384, 16384, 304, ms=3390.124756)
16384 16384 16384 16384
LtFp8Matmul: 788.626793 TFlops(16384, 16384, 16384, 320, ms=3569.178467)
16384 16384 16384 16384
LtFp8Matmul: 789.221228 TFlops(16384, 16384, 16384, 336, ms=3744.814697)
16384 16384 16384 16384
LtFp8Matmul: 786.758074 TFlops(16384, 16384, 16384, 352, ms=3935.421631)
16384 16384 16384 16384
LtFp8Matmul: 785.502317 TFlops(16384, 16384, 16384, 368, ms=4120.881836)
16384 16384 16384 16384
LtFp8Matmul: 783.884760 TFlops(16384, 16384, 16384, 384, ms=4308.923828)
16384 16384 16384 16384
LtFp8Matmul: 784.519710 TFlops(16384, 16384, 16384, 400, ms=4484.829590)
16384 16384 16384 16384
LtFp8Matmul: 784.015210 TFlops(16384, 16384, 16384, 416, ms=4667.224121)
16384 16384 16384 16384
LtFp8Matmul: 782.371794 TFlops(16384, 16384, 16384, 432, ms=4856.913574)
16384 16384 16384 16384
LtFp8Matmul: 781.112130 TFlops(16384, 16384, 16384, 448, ms=5044.921875)
16384 16384 16384 16384
LtFp8Matmul: 780.988790 TFlops(16384, 16384, 16384, 464, ms=5225.922852)
16384 16384 16384 16384
LtFp8Matmul: 780.415678 TFlops(16384, 16384, 16384, 480, ms=5410.097168)
16384 16384 16384 16384
LtFp8Matmul: 781.328517 TFlops(16384, 16384, 16384, 496, ms=5583.902344)
16384 16384 16384 16384
LtFp8Matmul: 780.409973 TFlops(16384, 16384, 16384, 512, ms=5770.812500)
16384 16384 16384 16384
LtFp8Matmul: 779.655391 TFlops(16384, 16384, 16384, 528, ms=5956.910156)
16384 16384 16384 16384
LtFp8Matmul: 777.995127 TFlops(16384, 16384, 16384, 544, ms=6150.520020)
16384 16384 16384 16384
LtFp8Matmul: 785.842213 TFlops(16384, 16384, 16384, 560, ms=6268.194824)
16384 16384 16384 16384
LtFp8Matmul: 785.400498 TFlops(16384, 16384, 16384, 576, ms=6450.912109)
16384 16384 16384 16384
LtFp8Matmul: 783.760083 TFlops(16384, 16384, 16384, 592, ms=6643.980957)
16384 16384 16384 16384
LtFp8Matmul: 781.407764 TFlops(16384, 16384, 16384, 608, ms=6844.089355)
16384 16384 16384 16384
LtFp8Matmul: 777.288020 TFlops(16384, 16384, 16384, 624, ms=7061.426270)
16384 16384 16384 16384
LtFp8Matmul: 772.987746 TFlops(16384, 16384, 16384, 640, ms=7282.779785)
16384 16384 16384 16384
LtFp8Matmul: 772.322893 TFlops(16384, 16384, 16384, 656, ms=7471.275391)
16384 16384 16384 16384
LtFp8Matmul: 773.382991 TFlops(16384, 16384, 16384, 672, ms=7643.010742)
16384 16384 16384 16384
LtFp8Matmul: 773.480283 TFlops(16384, 16384, 16384, 688, ms=7824.002930)
16384 16384 16384 16384
LtFp8Matmul: 773.295068 TFlops(16384, 16384, 16384, 704, ms=8007.874023)
16384 16384 16384 16384
LtFp8Matmul: 774.306996 TFlops(16384, 16384, 16384, 720, ms=8179.167969)
16384 16384 16384 16384
LtFp8Matmul: 774.851419 TFlops(16384, 16384, 16384, 736, ms=8355.052734)
16384 16384 16384 16384
LtFp8Matmul: 775.386973 TFlops(16384, 16384, 16384, 752, ms=8530.788086)
16384 16384 16384 16384
LtFp8Matmul: 775.290014 TFlops(16384, 16384, 16384, 768, ms=8713.383789)
16384 16384 16384 16384
LtFp8Matmul: 774.445160 TFlops(16384, 16384, 16384, 784, ms=8904.616211)
16384 16384 16384 16384
LtFp8Matmul: 774.501456 TFlops(16384, 16384, 16384, 800, ms=9085.682617)
16384 16384 16384 16384
LtFp8Matmul: 774.450923 TFlops(16384, 16384, 16384, 816, ms=9268.000977)
16384 16384 16384 16384
LtFp8Matmul: 774.865795 TFlops(16384, 16384, 16384, 832, ms=9444.666992)
16384 16384 16384 16384
LtFp8Matmul: 775.049961 TFlops(16384, 16384, 16384, 848, ms=9624.007812)
16384 16384 16384 16384
LtFp8Matmul: 774.258663 TFlops(16384, 16384, 16384, 864, ms=9815.614258)
16384 16384 16384 16384
LtFp8Matmul: 774.097537 TFlops(16384, 16384, 16384, 880, ms=9999.465820)
16384 16384 16384 16384
LtFp8Matmul: 773.376939 TFlops(16384, 16384, 16384, 896, ms=10190.760742)
16384 16384 16384 16384
LtFp8Matmul: 773.129339 TFlops(16384, 16384, 16384, 912, ms=10376.060547)
16384 16384 16384 16384
LtFp8Matmul: 773.232472 TFlops(16384, 16384, 16384, 928, ms=10556.688477)
16384 16384 16384 16384
LtFp8Matmul: 773.238108 TFlops(16384, 16384, 16384, 944, ms=10738.622070)
16384 16384 16384 16384
LtFp8Matmul: 771.084961 TFlops(16384, 16384, 16384, 960, ms=10951.126953)
16384 16384 16384 16384
LtFp8Matmul: 770.565357 TFlops(16384, 16384, 16384, 976, ms=11141.153320)
16384 16384 16384 16384
LtFp8Matmul: 770.959712 TFlops(16384, 16384, 16384, 992, ms=11318.002930)
16384 16384 16384 16384
LtFp8Matmul: 770.972975 TFlops(16384, 16384, 16384, 1008, ms=11500.353516)
16384 16384 16384 16384
LtFp8Matmul: 773.484906 TFlops(16384, 16384, 16384, 1024, ms=11644.958008)
16384 16384 16384 16384
LtFp8Matmul: 773.303841 TFlops(16384, 16384, 16384, 1040, ms=11829.679688)
16384 16384 16384 16384
LtFp8Matmul: 772.929500 TFlops(16384, 16384, 16384, 1056, ms=12017.492188)
16384 16384 16384 16384
LtFp8Matmul: 772.801212 TFlops(16384, 16384, 16384, 1072, ms=12201.600586)
16384 16384 16384 16384
LtFp8Matmul: 772.638054 TFlops(16384, 16384, 16384, 1088, ms=12386.329102)
16384 16384 16384 16384
LtFp8Matmul: 771.449035 TFlops(16384, 16384, 16384, 1104, ms=12587.852539)
16384 16384 16384 16384
LtFp8Matmul: 770.553960 TFlops(16384, 16384, 16384, 1120, ms=12785.119141)
16384 16384 16384 16384
LtFp8Matmul: 770.418316 TFlops(16384, 16384, 16384, 1136, ms=12970.046875)
16384 16384 16384 16384
LtFp8Matmul: 771.274376 TFlops(16384, 16384, 16384, 1152, ms=13138.125000)
16384 16384 16384 16384
LtFp8Matmul: 770.704233 TFlops(16384, 16384, 16384, 1168, ms=13330.453125)
16384 16384 16384 16384
LtFp8Matmul: 770.484100 TFlops(16384, 16384, 16384, 1184, ms=13516.922852)
16384 16384 16384 16384
LtFp8Matmul: 769.490995 TFlops(16384, 16384, 16384, 1200, ms=13717.264648)
16384 16384 16384 16384
LtFp8Matmul: 769.277859 TFlops(16384, 16384, 16384, 1216, ms=13904.012695)
16384 16384 16384 16384
LtFp8Matmul: 768.231325 TFlops(16384, 16384, 16384, 1232, ms=14106.150391)
16384 16384 16384 16384
LtFp8Matmul: 768.266896 TFlops(16384, 16384, 16384, 1248, ms=14288.685547)
16384 16384 16384 16384
LtFp8Matmul: 768.471200 TFlops(16384, 16384, 16384, 1264, ms=14468.026367)
16384 16384 16384 16384
LtFp8Matmul: 768.480570 TFlops(16384, 16384, 16384, 1280, ms=14650.987305)
16384 16384 16384 16384
LtFp8Matmul: 767.148382 TFlops(16384, 16384, 16384, 1296, ms=14859.884766)
16384 16384 16384 16384
LtFp8Matmul: 767.462070 TFlops(16384, 16384, 16384, 1312, ms=15037.191406)
16384 16384 16384 16384
LtFp8Matmul: 767.544829 TFlops(16384, 16384, 16384, 1328, ms=15218.930664)
16384 16384 16384 16384
LtFp8Matmul: 767.064379 TFlops(16384, 16384, 16384, 1344, ms=15411.938477)
16384 16384 16384 16384
LtFp8Matmul: 766.901626 TFlops(16384, 16384, 16384, 1360, ms=15598.723633)
16384 16384 16384 16384
LtFp8Matmul: 766.411492 TFlops(16384, 16384, 16384, 1376, ms=15792.331055)
16384 16384 16384 16384
LtFp8Matmul: 766.320097 TFlops(16384, 16384, 16384, 1392, ms=15977.868164)
16384 16384 16384 16384
LtFp8Matmul: 765.804391 TFlops(16384, 16384, 16384, 1408, ms=16172.405273)
16384 16384 16384 16384
LtFp8Matmul: 765.705550 TFlops(16384, 16384, 16384, 1424, ms=16358.293945)
16384 16384 16384 16384
LtFp8Matmul: 765.779478 TFlops(16384, 16384, 16384, 1440, ms=16540.498047)
16384 16384 16384 16384
LtFp8Matmul: 765.519506 TFlops(16384, 16384, 16384, 1456, ms=16729.960938)
16384 16384 16384 16384
LtFp8Matmul: 764.523669 TFlops(16384, 16384, 16384, 1472, ms=16935.837891)
16384 16384 16384 16384
LtFp8Matmul: 765.527816 TFlops(16384, 16384, 16384, 1488, ms=17097.466797)
16384 16384 16384 16384
LtFp8Matmul: 765.137811 TFlops(16384, 16384, 16384, 1504, ms=17290.119141)
16384 16384 16384 16384
LtFp8Matmul: 764.281925 TFlops(16384, 16384, 16384, 1520, ms=17493.625000)
16384 16384 16384 16384
LtFp8Matmul: 761.247407 TFlops(16384, 16384, 16384, 1536, ms=17748.236328)
16384 16384 16384 16384
LtFp8Matmul: 759.363277 TFlops(16384, 16384, 16384, 1552, ms=17977.609375)
16384 16384 16384 16384
LtFp8Matmul: 758.995356 TFlops(16384, 16384, 16384, 1568, ms=18171.750000)
16384 16384 16384 16384
LtFp8Matmul: 758.291281 TFlops(16384, 16384, 16384, 1584, ms=18374.220703)
16384 16384 16384 16384
LtFp8Matmul: 759.426771 TFlops(16384, 16384, 16384, 1600, ms=18532.068359)
16384 16384 16384 16384
LtFp8Matmul: 759.905647 TFlops(16384, 16384, 16384, 1616, ms=18705.593750)
16384 16384 16384 16384
LtFp8Matmul: 761.682212 TFlops(16384, 16384, 16384, 1632, ms=18846.736328)
16384 16384 16384 16384
LtFp8Matmul: 761.449594 TFlops(16384, 16384, 16384, 1648, ms=19037.322266)
16384 16384 16384 16384
LtFp8Matmul: 762.854744 TFlops(16384, 16384, 16384, 1664, ms=19186.744141)
16384 16384 16384 16384
LtFp8Matmul: 762.688936 TFlops(16384, 16384, 16384, 1680, ms=19375.443359)
16384 16384 16384 16384
LtFp8Matmul: 763.289933 TFlops(16384, 16384, 16384, 1696, ms=19544.570312)
16384 16384 16384 16384
LtFp8Matmul: 762.249623 TFlops(16384, 16384, 16384, 1712, ms=19755.878906)
16384 16384 16384 16384
LtFp8Matmul: 763.468296 TFlops(16384, 16384, 16384, 1728, ms=19908.683594)
16384 16384 16384 16384
LtFp8Matmul: 763.004818 TFlops(16384, 16384, 16384, 1744, ms=20105.228516)
16384 16384 16384 16384
LtFp8Matmul: 762.709834 TFlops(16384, 16384, 16384, 1760, ms=20297.527344)
16384 16384 16384 16384
LtFp8Matmul: 763.148415 TFlops(16384, 16384, 16384, 1776, ms=20470.279297)
16384 16384 16384 16384
LtFp8Matmul: 761.932479 TFlops(16384, 16384, 16384, 1792, ms=20687.658203)
16384 16384 16384 16384
LtFp8Matmul: 763.017113 TFlops(16384, 16384, 16384, 1808, ms=20842.699219)
16384 16384 16384 16384
LtFp8Matmul: 763.415042 TFlops(16384, 16384, 16384, 1824, ms=21016.187500)
16384 16384 16384 16384
LtFp8Matmul: 763.963768 TFlops(16384, 16384, 16384, 1840, ms=21185.312500)
16384 16384 16384 16384
LtFp8Matmul: 763.104894 TFlops(16384, 16384, 16384, 1856, ms=21393.583984)
16384 16384 16384 16384
LtFp8Matmul: 763.118077 TFlops(16384, 16384, 16384, 1872, ms=21577.638672)
16384 16384 16384 16384
LtFp8Matmul: 762.572624 TFlops(16384, 16384, 16384, 1888, ms=21777.628906)
16384 16384 16384 16384
LtFp8Matmul: 763.056515 TFlops(16384, 16384, 16384, 1904, ms=21948.257812)
16384 16384 16384 16384
LtFp8Matmul: 763.457908 TFlops(16384, 16384, 16384, 1920, ms=22121.060547)
16384 16384 16384 16384
LtFp8Matmul: 763.643075 TFlops(16384, 16384, 16384, 1936, ms=22299.994141)
16384 16384 16384 16384
LtFp8Matmul: 762.607490 TFlops(16384, 16384, 16384, 1952, ms=22514.824219)
16384 16384 16384 16384
LtFp8Matmul: 762.726501 TFlops(16384, 16384, 16384, 1968, ms=22695.830078)
16384 16384 16384 16384
LtFp8Matmul: 762.477198 TFlops(16384, 16384, 16384, 1984, ms=22887.830078)
16384 16384 16384 16384
LtFp8Matmul: 762.398887 TFlops(16384, 16384, 16384, 2000, ms=23074.779297)
16384 16384 16384 16384
LtFp8Matmul: 762.419392 TFlops(16384, 16384, 16384, 2016, ms=23258.751953)
16384 16384 16384 16384
LtFp8Matmul: 761.662727 TFlops(16384, 16384, 16384, 2032, ms=23466.634766)
16384 16384 16384 16384
LtFp8Matmul: 967.226069 TFlops(16384, 16384, 16384, 1, ms=9.094144)
16384 16384 16384 16384
LtFp8Matmul: 973.894805 TFlops(16384, 16384, 16384, 2, ms=18.063744)
16384 16384 16384 16384
LtFp8Matmul: 985.078109 TFlops(16384, 16384, 16384, 4, ms=35.717342)
16384 16384 16384 16384
LtFp8Matmul: 921.198050 TFlops(16384, 16384, 16384, 8, ms=76.388290)
16384 16384 16384 16384
LtFp8Matmul: 880.864012 TFlops(16384, 16384, 16384, 16, ms=159.772095)
16384 16384 16384 16384
LtFp8Matmul: 839.760910 TFlops(16384, 16384, 16384, 32, ms=335.184662)
16384 16384 16384 16384
LtFp8Matmul: 839.010308 TFlops(16384, 16384, 16384, 64, ms=670.969055)
16384 16384 16384 16384
LtFp8Matmul: 792.363518 TFlops(16384, 16384, 16384, 128, ms=1420.938599)
16384 16384 16384 16384
LtFp8Matmul: 783.706699 TFlops(16384, 16384, 16384, 256, ms=2873.268555)
16384 16384 16384 16384
LtFp8Matmul: 771.746017 TFlops(16384, 16384, 16384, 512, ms=5835.598145)
16384 16384 16384 16384
LtFp8Matmul: 779.621751 TFlops(16384, 16384, 16384, 1024, ms=11553.293945)
16384 16384 16384 16384
LtFp8Matmul: 967.226069 TFlops(16384, 16384, 16384, 1, ms=9.094144)
16384 16384 16384 16384
LtFp8Matmul: 973.894805 TFlops(16384, 16384, 16384, 2, ms=18.063744)
16384 16384 16384 16384
LtFp8Matmul: 985.078109 TFlops(16384, 16384, 16384, 4, ms=35.717342)
16384 16384 16384 16384
LtFp8Matmul: 921.198050 TFlops(16384, 16384, 16384, 8, ms=76.388290)
16384 16384 16384 16384
LtFp8Matmul: 880.864012 TFlops(16384, 16384, 16384, 16, ms=159.772095)
16384 16384 16384 16384
LtFp8Matmul: 839.760910 TFlops(16384, 16384, 16384, 32, ms=335.184662)
16384 16384 16384 16384
LtFp8Matmul: 839.010308 TFlops(16384, 16384, 16384, 64, ms=670.969055)
16384 16384 16384 16384
LtFp8Matmul: 792.363518 TFlops(16384, 16384, 16384, 128, ms=1420.938599)
16384 16384 16384 16384
LtFp8Matmul: 783.706699 TFlops(16384, 16384, 16384, 256, ms=2873.268555)
16384 16384 16384 16384
LtFp8Matmul: 771.746017 TFlops(16384, 16384, 16384, 512, ms=5835.598145)
16384 16384 16384 16384
LtFp8Matmul: 779.621751 TFlops(16384, 16384, 16384, 1024, ms=11553.293945)
16384 16384 16384 16384
LtFp8Matmul: 967.226069 TFlops(16384, 16384, 16384, 1, ms=9.094144)
16384 16384 16384 16384
LtFp8Matmul: 973.894805 TFlops(16384, 16384, 16384, 2, ms=18.063744)
16384 16384 16384 16384
LtFp8Matmul: 985.078109 TFlops(16384, 16384, 16384, 4, ms=35.717342)
16384 16384 16384 16384
LtFp8Matmul: 921.198050 TFlops(16384, 16384, 16384, 8, ms=76.388290)
16384 16384 16384 16384
LtFp8Matmul: 880.864012 TFlops(16384, 16384, 16384, 16, ms=159.772095)
16384 16384 16384 16384
LtFp8Matmul: 839.760910 TFlops(16384, 16384, 16384, 32, ms=335.184662)
16384 16384 16384 16384
LtFp8Matmul: 839.010308 TFlops(16384, 16384, 16384, 64, ms=670.969055)
16384 16384 16384 16384
LtFp8Matmul: 792.363518 TFlops(16384, 16384, 16384, 128, ms=1420.938599)
16384 16384 16384 16384
LtFp8Matmul: 783.706699 TFlops(16384, 16384, 16384, 256, ms=2873.268555)
16384 16384 16384 16384
LtFp8Matmul: 771.746017 TFlops(16384, 16384, 16384, 512, ms=5835.598145)
16384 16384 16384 16384
LtFp8Matmul: 779.621751 TFlops(16384, 16384, 16384, 1024, ms=11553.293945)
16384 16384 16384 16384
LtFp8Matmul: 967.226069 TFlops(16384, 16384, 16384, 1, ms=9.094144)
16384 16384 16384 16384
LtFp8Matmul: 973.894805 TFlops(16384, 16384, 16384, 2, ms=18.063744)
16384 16384 16384 16384
LtFp8Matmul: 985.078109 TFlops(16384, 16384, 16384, 4, ms=35.717342)
16384 16384 16384 16384
LtFp8Matmul: 921.198050 TFlops(16384, 16384, 16384, 8, ms=76.388290)
16384 16384 16384 16384
LtFp8Matmul: 880.864012 TFlops(16384, 16384, 16384, 16, ms=159.772095)
16384 16384 16384 16384
LtFp8Matmul: 839.760910 TFlops(16384, 16384, 16384, 32, ms=335.184662)
16384 16384 16384 16384
LtFp8Matmul: 839.010308 TFlops(16384, 16384, 16384, 64, ms=670.969055)
16384 16384 16384 16384
LtFp8Matmul: 792.363518 TFlops(16384, 16384, 16384, 128, ms=1420.938599)
16384 16384 16384 16384
LtFp8Matmul: 783.706699 TFlops(16384, 16384, 16384, 256, ms=2873.268555)
16384 16384 16384 16384
LtFp8Matmul: 771.746017 TFlops(16384, 16384, 16384, 512, ms=5835.598145)
16384 16384 16384 16384
LtFp8Matmul: 779.621751 TFlops(16384, 16384, 16384, 1024, ms=11553.293945)
16384 16384 16384 16384
LtFp8Matmul: 967.226069 TFlops(16384, 16384, 16384, 1, ms=9.094144)
16384 16384 16384 16384
LtFp8Matmul: 973.894805 TFlops(16384, 16384, 16384, 2, ms=18.063744)
16384 16384 16384 16384
LtFp8Matmul: 985.078109 TFlops(16384, 16384, 16384, 4, ms=35.717342)
16384 16384 16384 16384
LtFp8Matmul: 921.198050 TFlops(16384, 16384, 16384, 8, ms=76.388290)
16384 16384 16384 16384
LtFp8Matmul: 880.864012 TFlops(16384, 16384, 16384, 16, ms=159.772095)
16384 16384 16384 16384
LtFp8Matmul: 839.760910 TFlops(16384, 16384, 16384, 32, ms=335.184662)
16384 16384 16384 16384
LtFp8Matmul: 839.010308 TFlops(16384, 16384, 16384, 64, ms=670.969055)
16384 16384 16384 16384
LtFp8Matmul: 792.363518 TFlops(16384, 16384, 16384, 128, ms=1420.938599)
16384 16384 16384 16384
LtFp8Matmul: 783.706699 TFlops(16384, 16384, 16384, 256, ms=2873.268555)
16384 16384 16384 16384
LtFp8Matmul: 771.746017 TFlops(16384, 16384, 16384, 512, ms=5835.598145)
16384 16384 16384 16384
LtFp8Matmul: 779.621751 TFlops(16384, 16384, 16384, 1024, ms=11553.293945)
16384 16384 16384 16384
LtFp8Matmul: 967.226069 TFlops(16384, 16384, 16384, 1, ms=9.094144)
16384 16384 16384 16384
LtFp8Matmul: 973.894805 TFlops(16384, 16384, 16384, 2, ms=18.063744)
16384 16384 16384 16384
LtFp8Matmul: 985.078109 TFlops(16384, 16384, 16384, 4, ms=35.717342)
16384 16384 16384 16384
LtFp8Matmul: 921.198050 TFlops(16384, 16384, 16384, 8, ms=76.388290)
16384 16384 16384 16384
LtFp8Matmul: 880.864012 TFlops(16384, 16384, 16384, 16, ms=159.772095)
16384 16384 16384 16384
LtFp8Matmul: 839.760910 TFlops(16384, 16384, 16384, 32, ms=335.184662)
16384 16384 16384 16384
LtFp8Matmul: 839.010308 TFlops(16384, 16384, 16384, 64, ms=670.969055)
16384 16384 16384 16384
LtFp8Matmul: 792.363518 TFlops(16384, 16384, 16384, 128, ms=1420.938599)
16384 16384 16384 16384
LtFp8Matmul: 783.706699 TFlops(16384, 16384, 16384, 256, ms=2873.268555)
16384 16384 16384 16384
LtFp8Matmul: 771.746017 TFlops(16384, 16384, 16384, 512, ms=5835.598145)
16384 16384 16384 16384
LtFp8Matmul: 779.621751 TFlops(16384, 16384, 16384, 1024, ms=11553.293945)
16384 16384 16384 16384
LtFp8Matmul: 967.226069 TFlops(16384, 16384, 16384, 1, ms=9.094144)
16384 16384 16384 16384
LtFp8Matmul: 973.894805 TFlops(16384, 16384, 16384, 2, ms=18.063744)
16384 16384 16384 16384
LtFp8Matmul: 985.078109 TFlops(16384, 16384, 16384, 4, ms=35.717342)
16384 16384 16384 16384
LtFp8Matmul: 921.198050 TFlops(16384, 16384, 16384, 8, ms=76.388290)
16384 16384 16384 16384
LtFp8Matmul: 880.864012 TFlops(16384, 16384, 16384, 16, ms=159.772095)
16384 16384 16384 16384
LtFp8Matmul: 839.760910 TFlops(16384, 16384, 16384, 32, ms=335.184662)
16384 16384 16384 16384
LtFp8Matmul: 839.010308 TFlops(16384, 16384, 16384, 64, ms=670.969055)
16384 16384 16384 16384
LtFp8Matmul: 792.363518 TFlops(16384, 16384, 16384, 128, ms=1420.938599)
16384 16384 16384 16384
LtFp8Matmul: 783.706699 TFlops(16384, 16384, 16384, 256, ms=2873.268555)
16384 16384 16384 16384
LtFp8Matmul: 771.746017 TFlops(16384, 16384, 16384, 512, ms=5835.598145)
16384 16384 16384 16384
LtFp8Matmul: 779.621751 TFlops(16384, 16384, 16384, 1024, ms=11553.293945)
16384 16384 16384 16384
LtFp8Matmul: 967.226069 TFlops(16384, 16384, 16384, 1, ms=9.094144)
16384 16384 16384 16384
LtFp8Matmul: 973.894805 TFlops(16384, 16384, 16384, 2, ms=18.063744)
16384 16384 16384 16384
LtFp8Matmul: 985.078109 TFlops(16384, 16384, 16384, 4, ms=35.717342)
16384 16384 16384 16384
LtFp8Matmul: 921.198050 TFlops(16384, 16384, 16384, 8, ms=76.388290)
16384 16384 16384 16384
LtFp8Matmul: 880.864012 TFlops(16384, 16384, 16384, 16, ms=159.772095)
16384 16384 16384 16384
LtFp8Matmul: 839.760910 TFlops(16384, 16384, 16384, 32, ms=335.184662)
16384 16384 16384 16384
LtFp8Matmul: 839.010308 TFlops(16384, 16384, 16384, 64, ms=670.969055)
16384 16384 16384 16384
LtFp8Matmul: 792.363518 TFlops(16384, 16384, 16384, 128, ms=1420.938599)
16384 16384 16384 16384
LtFp8Matmul: 783.706699 TFlops(16384, 16384, 16384, 256, ms=2873.268555)
16384 16384 16384 16384
LtFp8Matmul: 771.746017 TFlops(16384, 16384, 16384, 512, ms=5835.598145)
16384 16384 16384 16384
LtFp8Matmul: 779.621751 TFlops(16384, 16384, 16384, 1024, ms=11553.293945)
16384 16384 16384 16384
LtFp8Matmul: 967.226069 TFlops(16384, 16384, 16384, 1, ms=9.094144)
16384 16384 16384 16384
LtFp8Matmul: 973.894805 TFlops(16384, 16384, 16384, 2, ms=18.063744)
16384 16384 16384 16384
LtFp8Matmul: 985.078109 TFlops(16384, 16384, 16384, 4, ms=35.717342)
16384 16384 16384 16384
LtFp8Matmul: 921.198050 TFlops(16384, 16384, 16384, 8, ms=76.388290)
16384 16384 16384 16384
LtFp8Matmul: 880.864012 TFlops(16384, 16384, 16384, 16, ms=159.772095)
16384 16384 16384 16384
LtFp8Matmul: 839.760910 TFlops(16384, 16384, 16384, 32, ms=335.184662)
16384 16384 16384 16384
LtFp8Matmul: 839.010308 TFlops(16384, 16384, 16384, 64, ms=670.969055)
16384 16384 16384 16384
LtFp8Matmul: 792.363518 TFlops(16384, 16384, 16384, 128, ms=1420.938599)
16384 16384 16384 16384
LtFp8Matmul: 783.706699 TFlops(16384, 16384, 16384, 256, ms=2873.268555)
16384 16384 16384 16384
LtFp8Matmul: 771.746017 TFlops(16384, 16384, 16384, 512, ms=5835.598145)
16384 16384 16384 16384
LtFp8Matmul: 779.621751 TFlops(16384, 16384, 16384, 1024, ms=11553.293945)
16384 16384 16384 16384
LtFp8Matmul: 967.226069 TFlops(16384, 16384, 16384, 1, ms=9.094144)
16384 16384 16384 16384
LtFp8Matmul: 973.894805 TFlops(16384, 16384, 16384, 2, ms=18.063744)
16384 16384 16384 16384
LtFp8Matmul: 985.078109 TFlops(16384, 16384, 16384, 4, ms=35.717342)
16384 16384 16384 16384
LtFp8Matmul: 921.198050 TFlops(16384, 16384, 16384, 8, ms=76.388290)
16384 16384 16384 16384
LtFp8Matmul: 880.864012 TFlops(16384, 16384, 16384, 16, ms=159.772095)
16384 16384 16384 16384
LtFp8Matmul: 839.760910 TFlops(16384, 16384, 16384, 32, ms=335.184662)
16384 16384 16384 16384
LtFp8Matmul: 839.010308 TFlops(16384, 16384, 16384, 64, ms=670.969055)
16384 16384 16384 16384
LtFp8Matmul: 792.363518 TFlops(16384, 16384, 16384, 128, ms=1420.938599)
16384 16384 16384 16384
LtFp8Matmul: 783.706699 TFlops(16384, 16384, 16384, 256, ms=2873.268555)
16384 16384 16384 16384
LtFp8Matmul: 771.746017 TFlops(16384, 16384, 16384, 512, ms=5835.598145)
16384 16384 16384 16384
LtFp8Matmul: 779.621751 TFlops(16384, 16384, 16384, 1024, ms=11553.293945)
16384 16384 16384 16384
LtFp8Matmul: 967.226069 TFlops(16384, 16384, 16384, 1, ms=9.094144)
16384 16384 16384 16384
LtFp8Matmul: 973.894805 TFlops(16384, 16384, 16384, 2, ms=18.063744)
16384 16384 16384 16384
LtFp8Matmul: 985.078109 TFlops(16384, 16384, 16384, 4, ms=35.717342)
16384 16384 16384 16384
LtFp8Matmul: 921.198050 TFlops(16384, 16384, 16384, 8, ms=76.388290)
16384 16384 16384 16384
LtFp8Matmul: 880.864012 TFlops(16384, 16384, 16384, 16, ms=159.772095)
16384 16384 16384 16384
LtFp8Matmul: 839.760910 TFlops(16384, 16384, 16384, 32, ms=335.184662)
16384 16384 16384 16384
LtFp8Matmul: 839.010308 TFlops(16384, 16384, 16384, 64, ms=670.969055)
16384 16384 16384 16384
LtFp8Matmul: 792.363518 TFlops(16384, 16384, 16384, 128, ms=1420.938599)
16384 16384 16384 16384
LtFp8Matmul: 783.706699 TFlops(16384, 16384, 16384, 256, ms=2873.268555)
16384 16384 16384 16384
LtFp8Matmul: 771.746017 TFlops(16384, 16384, 16384, 512, ms=5835.598145)
16384 16384 16384 16384
LtFp8Matmul: 779.621751 TFlops(16384, 16384, 16384, 1024, ms=11553.293945)
16384 16384 16384 16384
LtFp8Matmul: 967.226069 TFlops(16384, 16384, 16384, 1, ms=9.094144)
16384 16384 16384 16384
LtFp8Matmul: 973.894805 TFlops(16384, 16384, 16384, 2, ms=18.063744)
16384 16384 16384 16384
LtFp8Matmul: 985.078109 TFlops(16384, 16384, 16384, 4, ms=35.717342)
16384 16384 16384 16384
LtFp8Matmul: 921.198050 TFlops(16384, 16384, 16384, 8, ms=76.388290)
16384 16384 16384 16384
LtFp8Matmul: 880.864012 TFlops(16384, 16384, 16384, 16, ms=159.772095)
16384 16384 16384 16384
LtFp8Matmul: 839.760910 TFlops(16384, 16384, 16384, 32, ms=335.184662)
16384 16384 16384 16384
LtFp8Matmul: 839.010308 TFlops(16384, 16384, 16384, 64, ms=670.969055)
16384 16384 16384 16384
LtFp8Matmul: 792.363518 TFlops(16384, 16384, 16384, 128, ms=1420.938599)
16384 16384 16384 16384
LtFp8Matmul: 783.706699 TFlops(16384, 16384, 16384, 256, ms=2873.268555)
16384 16384 16384 16384
LtFp8Matmul: 771.746017 TFlops(16384, 16384, 16384, 512, ms=5835.598145)
16384 16384 16384 16384
LtFp8Matmul: 779.621751 TFlops(16384, 16384, 16384, 1024, ms=11553.293945)
16384 16384 16384 16384
LtFp8Matmul: 967.226069 TFlops(16384, 16384, 16384, 1, ms=9.094144)
16384 16384 16384 16384
LtFp8Matmul: 973.894805 TFlops(16384, 16384, 16384, 2, ms=18.063744)
16384 16384 16384 16384
LtFp8Matmul: 985.078109 TFlops(16384, 16384, 16384, 4, ms=35.717342)
16384 16384 16384 16384
LtFp8Matmul: 921.198050 TFlops(16384, 16384, 16384, 8, ms=76.388290)
16384 16384 16384 16384
LtFp8Matmul: 880.864012 TFlops(16384, 16384, 16384, 16, ms=159.772095)
16384 16384 16384 16384
LtFp8Matmul: 839.760910 TFlops(16384, 16384, 16384, 32, ms=335.184662)
16384 16384 16384 16384
LtFp8Matmul: 839.010308 TFlops(16384, 16384, 16384, 64, ms=670.969055)
16384 16384 16384 16384
LtFp8Matmul: 792.363518 TFlops(16384, 16384, 16384, 128, ms=1420.938599)
16384 16384 16384 16384
LtFp8Matmul: 783.706699 TFlops(16384, 16384, 16384, 256, ms=2873.268555)
16384 16384 16384 16384
LtFp8Matmul: 771.746017 TFlops(16384, 16384, 16384, 512, ms=5835.598145)
16384 16384 16384 16384
LtFp8Matmul: 779.621751 TFlops(16384, 16384, 16384, 1024, ms=11553.293945)
16384 16384 16384 16384
LtFp8Matmul: 967.226069 TFlops(16384, 16384, 16384, 1, ms=9.094144)
16384 16384 16384 16384
LtFp8Matmul: 973.894805 TFlops(16384, 16384, 16384, 2, ms=18.063744)
16384 16384 16384 16384
LtFp8Matmul: 985.078109 TFlops(16384, 16384, 16384, 4, ms=35.717342)
16384 16384 16384 16384
LtFp8Matmul: 921.198050 TFlops(16384, 16384, 16384, 8, ms=76.388290)
16384 16384 16384 16384
LtFp8Matmul: 880.864012 TFlops(16384, 16384, 16384, 16, ms=159.772095)
16384 16384 16384 16384
LtFp8Matmul: 839.760910 TFlops(16384, 16384, 16384, 32, ms=335.184662)
16384 16384 16384 16384
LtFp8Matmul: 839.010308 TFlops(16384, 16384, 16384, 64, ms=670.969055)
16384 16384 16384 16384
LtFp8Matmul: 792.363518 TFlops(16384, 16384, 16384, 128, ms=1420.938599)
16384 16384 16384 16384
LtFp8Matmul: 783.706699 TFlops(16384, 16384, 16384, 256, ms=2873.268555)
16384 16384 16384 16384
LtFp8Matmul: 771.746017 TFlops(16384, 16384, 16384, 512, ms=5835.598145)
16384 16384 16384 16384
LtFp8Matmul: 779.621751 TFlops(16384, 16384, 16384, 1024, ms=11553.293945)
16384 16384 16384 16384
LtFp8Matmul: 967.226069 TFlops(16384, 16384, 16384, 1, ms=9.094144)
16384 16384 16384 16384
LtFp8Matmul: 973.894805 TFlops(16384, 16384, 16384, 2, ms=18.063744)
16384 16384 16384 16384
LtFp8Matmul: 985.078109 TFlops(16384, 16384, 16384, 4, ms=35.717342)
16384 16384 16384 16384
LtFp8Matmul: 921.198050 TFlops(16384, 16384, 16384, 8, ms=76.388290)
16384 16384 16384 16384
LtFp8Matmul: 880.864012 TFlops(16384, 16384, 16384, 16, ms=159.772095)
16384 16384 16384 16384
LtFp8Matmul: 839.760910 TFlops(16384, 16384, 16384, 32, ms=335.184662)
16384 16384 16384 16384
LtFp8Matmul: 839.010308 TFlops(16384, 16384, 16384, 64, ms=670.969055)
16384 16384 16384 16384
LtFp8Matmul: 792.363518 TFlops(16384, 16384, 16384, 128, ms=1420.938599)
16384 16384 16384 16384
LtFp8Matmul: 783.706699 TFlops(16384, 16384, 16384, 256, ms=2873.268555)
16384 16384 16384 16384
LtFp8Matmul: 771.746017 TFlops(16384, 16384, 16384, 512, ms=5835.598145)
16384 16384 16384 16384
LtFp8Matmul: 779.621751 TFlops(16384, 16384, 16384, 1024, ms=11553.293945)
16384 16384 16384 16384
LtFp8Matmul: 967.226069 TFlops(16384, 16384, 16384, 1, ms=9.094144)
16384 16384 16384 16384
LtFp8Matmul: 973.894805 TFlops(16384, 16384, 16384, 2, ms=18.063744)
16384 16384 16384 16384
LtFp8Matmul: 985.078109 TFlops(16384, 16384, 16384, 4, ms=35.717342)
16384 16384 16384 16384
LtFp8Matmul: 921.198050 TFlops(16384, 16384, 16384, 8, ms=76.388290)
16384 16384 16384 16384
LtFp8Matmul: 880.864012 TFlops(16384, 16384, 16384, 16, ms=159.772095)
16384 16384 16384 16384
LtFp8Matmul: 839.760910 TFlops(16384, 16384, 16384, 32, ms=335.184662)
16384 16384 16384 16384
LtFp8Matmul: 839.010308 TFlops(16384, 16384, 16384, 64, ms=670.969055)
16384 16384 16384 16384
LtFp8Matmul: 792.363518 TFlops(16384, 16384, 16384, 128, ms=1420.938599)
16384 16384 16384 16384
LtFp8Matmul: 783.706699 TFlops(16384, 16384, 16384, 256, ms=2873.268555)
16384 16384 16384 16384
LtFp8Matmul: 771.746017 TFlops(16384, 16384, 16384, 512, ms=5835.598145)
16384 16384 16384 16384
LtFp8Matmul: 779.621751 TFlops(16384, 16384, 16384, 1024, ms=11553.293945)
