16384 16384 16384 16384
LtFp8Matmul: 1140.316729 TFlops(16384, 16384, 16384, 1, ms=7.713728)
16384 16384 16384 16384
LtFp8Matmul: 1058.809610 TFlops(16384, 16384, 16384, 16, ms=132.920486)
16384 16384 16384 16384
LtFp8Matmul: 1034.719193 TFlops(16384, 16384, 16384, 32, ms=272.030304)
16384 16384 16384 16384
LtFp8Matmul: 1033.071520 TFlops(16384, 16384, 16384, 48, ms=408.696259)
16384 16384 16384 16384
LtFp8Matmul: 1032.182476 TFlops(16384, 16384, 16384, 64, ms=545.397705)
16384 16384 16384 16384
LtFp8Matmul: 1030.418547 TFlops(16384, 16384, 16384, 80, ms=682.914185)
16384 16384 16384 16384
LtFp8Matmul: 1028.404208 TFlops(16384, 16384, 16384, 96, ms=821.102173)
16384 16384 16384 16384
LtFp8Matmul: 1031.172645 TFlops(16384, 16384, 16384, 112, ms=955.380676)
16384 16384 16384 16384
LtFp8Matmul: 1028.612753 TFlops(16384, 16384, 16384, 128, ms=1094.580933)
16384 16384 16384 16384
LtFp8Matmul: 1029.383376 TFlops(16384, 16384, 16384, 144, ms=1230.481689)
16384 16384 16384 16384
LtFp8Matmul: 1030.235406 TFlops(16384, 16384, 16384, 160, ms=1366.071167)
16384 16384 16384 16384
LtFp8Matmul: 1027.252895 TFlops(16384, 16384, 16384, 176, ms=1507.041138)
16384 16384 16384 16384
LtFp8Matmul: 1027.202148 TFlops(16384, 16384, 16384, 192, ms=1644.126099)
16384 16384 16384 16384
LtFp8Matmul: 1029.241087 TFlops(16384, 16384, 16384, 208, ms=1777.608154)
16384 16384 16384 16384
LtFp8Matmul: 1028.043713 TFlops(16384, 16384, 16384, 224, ms=1916.576904)
16384 16384 16384 16384
LtFp8Matmul: 1028.318384 TFlops(16384, 16384, 16384, 240, ms=2052.926758)
16384 16384 16384 16384
LtFp8Matmul: 1027.587207 TFlops(16384, 16384, 16384, 256, ms=2191.346680)
16384 16384 16384 16384
LtFp8Matmul: 1028.153936 TFlops(16384, 16384, 16384, 272, ms=2327.022461)
16384 16384 16384 16384
LtFp8Matmul: 1028.090627 TFlops(16384, 16384, 16384, 288, ms=2464.057861)
16384 16384 16384 16384
LtFp8Matmul: 1028.036883 TFlops(16384, 16384, 16384, 304, ms=2601.085938)
16384 16384 16384 16384
LtFp8Matmul: 1027.421002 TFlops(16384, 16384, 16384, 320, ms=2739.626465)
16384 16384 16384 16384
LtFp8Matmul: 1027.503629 TFlops(16384, 16384, 16384, 336, ms=2876.376465)
16384 16384 16384 16384
LtFp8Matmul: 1026.738099 TFlops(16384, 16384, 16384, 352, ms=3015.593506)
16384 16384 16384 16384
LtFp8Matmul: 1027.055178 TFlops(16384, 16384, 16384, 368, ms=3151.692627)
16384 16384 16384 16384
LtFp8Matmul: 1027.146019 TFlops(16384, 16384, 16384, 384, ms=3288.431885)
16384 16384 16384 16384
LtFp8Matmul: 1027.131723 TFlops(16384, 16384, 16384, 400, ms=3425.497559)
16384 16384 16384 16384
LtFp8Matmul: 1026.664655 TFlops(16384, 16384, 16384, 416, ms=3564.138184)
16384 16384 16384 16384
LtFp8Matmul: 1026.792247 TFlops(16384, 16384, 16384, 432, ms=3700.760498)
16384 16384 16384 16384
LtFp8Matmul: 1025.919487 TFlops(16384, 16384, 16384, 448, ms=3841.090576)
16384 16384 16384 16384
LtFp8Matmul: 1026.269765 TFlops(16384, 16384, 16384, 464, ms=3976.914551)
16384 16384 16384 16384
LtFp8Matmul: 1026.187121 TFlops(16384, 16384, 16384, 480, ms=4114.380859)
16384 16384 16384 16384
LtFp8Matmul: 1025.608665 TFlops(16384, 16384, 16384, 496, ms=4253.924805)
16384 16384 16384 16384
LtFp8Matmul: 1026.689972 TFlops(16384, 16384, 16384, 512, ms=4386.523438)
16384 16384 16384 16384
LtFp8Matmul: 1026.932120 TFlops(16384, 16384, 16384, 528, ms=4522.535645)
16384 16384 16384 16384
LtFp8Matmul: 1026.401572 TFlops(16384, 16384, 16384, 544, ms=4661.990723)
16384 16384 16384 16384
LtFp8Matmul: 1026.136636 TFlops(16384, 16384, 16384, 560, ms=4800.347168)
16384 16384 16384 16384
LtFp8Matmul: 1026.725631 TFlops(16384, 16384, 16384, 576, ms=4934.667480)
16384 16384 16384 16384
LtFp8Matmul: 1026.442880 TFlops(16384, 16384, 16384, 592, ms=5073.138672)
16384 16384 16384 16384
LtFp8Matmul: 1026.157849 TFlops(16384, 16384, 16384, 608, ms=5211.697754)
16384 16384 16384 16384
LtFp8Matmul: 1026.373261 TFlops(16384, 16384, 16384, 624, ms=5347.725098)
16384 16384 16384 16384
LtFp8Matmul: 1026.529542 TFlops(16384, 16384, 16384, 640, ms=5484.011230)
16384 16384 16384 16384
LtFp8Matmul: 1026.377919 TFlops(16384, 16384, 16384, 656, ms=5621.941895)
16384 16384 16384 16384
LtFp8Matmul: 1026.608042 TFlops(16384, 16384, 16384, 672, ms=5757.771484)
16384 16384 16384 16384
LtFp8Matmul: 1026.057299 TFlops(16384, 16384, 16384, 688, ms=5898.025391)
16384 16384 16384 16384
LtFp8Matmul: 1026.550688 TFlops(16384, 16384, 16384, 704, ms=6032.288086)
16384 16384 16384 16384
LtFp8Matmul: 1021.058313 TFlops(16384, 16384, 16384, 720, ms=6202.571289)
16384 16384 16384 16384
LtFp8Matmul: 1026.441826 TFlops(16384, 16384, 16384, 736, ms=6307.151855)
16384 16384 16384 16384
LtFp8Matmul: 1026.743393 TFlops(16384, 16384, 16384, 752, ms=6442.371094)
16384 16384 16384 16384
LtFp8Matmul: 1025.735667 TFlops(16384, 16384, 16384, 768, ms=6585.906738)
16384 16384 16384 16384
LtFp8Matmul: 1020.929785 TFlops(16384, 16384, 16384, 784, ms=6754.761230)
16384 16384 16384 16384
LtFp8Matmul: 1026.847545 TFlops(16384, 16384, 16384, 800, ms=6852.891113)
16384 16384 16384 16384
LtFp8Matmul: 1026.306799 TFlops(16384, 16384, 16384, 816, ms=6993.631836)
16384 16384 16384 16384
LtFp8Matmul: 1026.230366 TFlops(16384, 16384, 16384, 832, ms=7131.292969)
16384 16384 16384 16384
LtFp8Matmul: 1026.157724 TFlops(16384, 16384, 16384, 848, ms=7268.947754)
16384 16384 16384 16384
LtFp8Matmul: 1026.110241 TFlops(16384, 16384, 16384, 864, ms=7406.440430)
16384 16384 16384 16384
LtFp8Matmul: 1025.999475 TFlops(16384, 16384, 16384, 880, ms=7544.411133)
16384 16384 16384 16384
LtFp8Matmul: 1025.268671 TFlops(16384, 16384, 16384, 896, ms=7687.057617)
16384 16384 16384 16384
LtFp8Matmul: 1024.684951 TFlops(16384, 16384, 16384, 912, ms=7828.783691)
16384 16384 16384 16384
LtFp8Matmul: 1024.322166 TFlops(16384, 16384, 16384, 928, ms=7968.952148)
16384 16384 16384 16384
LtFp8Matmul: 1023.245745 TFlops(16384, 16384, 16384, 944, ms=8114.875488)
16384 16384 16384 16384
LtFp8Matmul: 1023.438277 TFlops(16384, 16384, 16384, 960, ms=8250.863281)
16384 16384 16384 16384
LtFp8Matmul: 1020.845160 TFlops(16384, 16384, 16384, 976, ms=8409.685547)
16384 16384 16384 16384
LtFp8Matmul: 1020.764274 TFlops(16384, 16384, 16384, 992, ms=8548.226562)
16384 16384 16384 16384
LtFp8Matmul: 1022.965408 TFlops(16384, 16384, 16384, 1008, ms=8667.411133)
16384 16384 16384 16384
LtFp8Matmul: 1020.766107 TFlops(16384, 16384, 16384, 1024, ms=8823.959961)
16384 16384 16384 16384
LtFp8Matmul: 1022.429657 TFlops(16384, 16384, 16384, 1040, ms=8947.252930)
16384 16384 16384 16384
LtFp8Matmul: 1022.020719 TFlops(16384, 16384, 16384, 1056, ms=9088.538086)
16384 16384 16384 16384
LtFp8Matmul: 1021.024197 TFlops(16384, 16384, 16384, 1072, ms=9235.248047)
16384 16384 16384 16384
LtFp8Matmul: 1020.928962 TFlops(16384, 16384, 16384, 1088, ms=9373.961914)
16384 16384 16384 16384
LtFp8Matmul: 1020.913432 TFlops(16384, 16384, 16384, 1104, ms=9511.958984)
16384 16384 16384 16384
LtFp8Matmul: 1021.240016 TFlops(16384, 16384, 16384, 1120, ms=9646.727539)
16384 16384 16384 16384
LtFp8Matmul: 1021.816516 TFlops(16384, 16384, 16384, 1136, ms=9779.017578)
16384 16384 16384 16384
LtFp8Matmul: 1019.920876 TFlops(16384, 16384, 16384, 1152, ms=9935.181641)
16384 16384 16384 16384
LtFp8Matmul: 1019.934161 TFlops(16384, 16384, 16384, 1168, ms=10073.039062)
16384 16384 16384 16384
LtFp8Matmul: 1020.667493 TFlops(16384, 16384, 16384, 1184, ms=10203.689453)
16384 16384 16384 16384
LtFp8Matmul: 1020.715109 TFlops(16384, 16384, 16384, 1200, ms=10341.094727)
16384 16384 16384 16384
LtFp8Matmul: 1020.594736 TFlops(16384, 16384, 16384, 1216, ms=10480.211914)
16384 16384 16384 16384
LtFp8Matmul: 1019.482055 TFlops(16384, 16384, 16384, 1232, ms=10629.698242)
16384 16384 16384 16384
LtFp8Matmul: 1020.212938 TFlops(16384, 16384, 16384, 1248, ms=10760.032227)
16384 16384 16384 16384
LtFp8Matmul: 1020.299055 TFlops(16384, 16384, 16384, 1264, ms=10897.061523)
16384 16384 16384 16384
LtFp8Matmul: 1016.161599 TFlops(16384, 16384, 16384, 1280, ms=11079.929688)
16384 16384 16384 16384
LtFp8Matmul: 1014.432661 TFlops(16384, 16384, 16384, 1296, ms=11237.548828)
16384 16384 16384 16384
LtFp8Matmul: 1014.302388 TFlops(16384, 16384, 16384, 1312, ms=11377.745117)
16384 16384 16384 16384
LtFp8Matmul: 1014.187756 TFlops(16384, 16384, 16384, 1328, ms=11517.799805)
16384 16384 16384 16384
LtFp8Matmul: 1014.599681 TFlops(16384, 16384, 16384, 1344, ms=11651.835938)
16384 16384 16384 16384
LtFp8Matmul: 1014.164853 TFlops(16384, 16384, 16384, 1360, ms=11795.603516)
16384 16384 16384 16384
LtFp8Matmul: 1014.208036 TFlops(16384, 16384, 16384, 1376, ms=11933.867188)
16384 16384 16384 16384
LtFp8Matmul: 1013.490635 TFlops(16384, 16384, 16384, 1392, ms=12081.178711)
16384 16384 16384 16384
LtFp8Matmul: 1014.285139 TFlops(16384, 16384, 16384, 1408, ms=12210.470703)
16384 16384 16384 16384
LtFp8Matmul: 1015.928259 TFlops(16384, 16384, 16384, 1424, ms=12329.252930)
16384 16384 16384 16384
LtFp8Matmul: 1016.564511 TFlops(16384, 16384, 16384, 1440, ms=12459.980469)
16384 16384 16384 16384
LtFp8Matmul: 1015.008408 TFlops(16384, 16384, 16384, 1456, ms=12617.739258)
16384 16384 16384 16384
LtFp8Matmul: 1017.153610 TFlops(16384, 16384, 16384, 1472, ms=12729.492188)
16384 16384 16384 16384
LtFp8Matmul: 1017.701653 TFlops(16384, 16384, 16384, 1488, ms=12860.926758)
16384 16384 16384 16384
LtFp8Matmul: 1017.475205 TFlops(16384, 16384, 16384, 1504, ms=13002.109375)
16384 16384 16384 16384
LtFp8Matmul: 1017.471349 TFlops(16384, 16384, 16384, 1520, ms=13140.479492)
16384 16384 16384 16384
LtFp8Matmul: 1016.701320 TFlops(16384, 16384, 16384, 1536, ms=13288.857422)
16384 16384 16384 16384
LtFp8Matmul: 1015.997547 TFlops(16384, 16384, 16384, 1552, ms=13436.583984)
16384 16384 16384 16384
LtFp8Matmul: 1017.493384 TFlops(16384, 16384, 16384, 1568, ms=13555.148438)
16384 16384 16384 16384
LtFp8Matmul: 1015.910228 TFlops(16384, 16384, 16384, 1584, ms=13714.805664)
16384 16384 16384 16384
LtFp8Matmul: 1016.607816 TFlops(16384, 16384, 16384, 1600, ms=13843.833008)
16384 16384 16384 16384
LtFp8Matmul: 1016.416559 TFlops(16384, 16384, 16384, 1616, ms=13984.902344)
16384 16384 16384 16384
LtFp8Matmul: 1017.210540 TFlops(16384, 16384, 16384, 1632, ms=14112.342773)
16384 16384 16384 16384
LtFp8Matmul: 1016.710142 TFlops(16384, 16384, 16384, 1648, ms=14257.712891)
16384 16384 16384 16384
LtFp8Matmul: 1016.039492 TFlops(16384, 16384, 16384, 1664, ms=14405.639648)
16384 16384 16384 16384
LtFp8Matmul: 1014.505742 TFlops(16384, 16384, 16384, 1680, ms=14566.143555)
16384 16384 16384 16384
LtFp8Matmul: 1016.090197 TFlops(16384, 16384, 16384, 1696, ms=14681.938477)
16384 16384 16384 16384
LtFp8Matmul: 1016.310927 TFlops(16384, 16384, 16384, 1712, ms=14817.228516)
16384 16384 16384 16384
LtFp8Matmul: 1015.778403 TFlops(16384, 16384, 16384, 1728, ms=14963.547852)
16384 16384 16384 16384
LtFp8Matmul: 1014.363016 TFlops(16384, 16384, 16384, 1744, ms=15123.171875)
16384 16384 16384 16384
LtFp8Matmul: 1015.386092 TFlops(16384, 16384, 16384, 1760, ms=15246.539062)
16384 16384 16384 16384
LtFp8Matmul: 1015.601109 TFlops(16384, 16384, 16384, 1776, ms=15381.886719)
16384 16384 16384 16384
LtFp8Matmul: 1014.820779 TFlops(16384, 16384, 16384, 1792, ms=15532.396484)
16384 16384 16384 16384
LtFp8Matmul: 1015.998371 TFlops(16384, 16384, 16384, 1808, ms=15652.915039)
16384 16384 16384 16384
LtFp8Matmul: 1015.056778 TFlops(16384, 16384, 16384, 1824, ms=15806.084961)
16384 16384 16384 16384
LtFp8Matmul: 1014.530075 TFlops(16384, 16384, 16384, 1840, ms=15953.012695)
16384 16384 16384 16384
LtFp8Matmul: 1013.828131 TFlops(16384, 16384, 16384, 1856, ms=16102.875977)
16384 16384 16384 16384
LtFp8Matmul: 1015.149631 TFlops(16384, 16384, 16384, 1872, ms=16220.550781)
16384 16384 16384 16384
LtFp8Matmul: 1014.097352 TFlops(16384, 16384, 16384, 1888, ms=16376.163086)
16384 16384 16384 16384
LtFp8Matmul: 1013.869821 TFlops(16384, 16384, 16384, 1904, ms=16518.650391)
16384 16384 16384 16384
LtFp8Matmul: 1013.742618 TFlops(16384, 16384, 16384, 1920, ms=16659.552734)
16384 16384 16384 16384
LtFp8Matmul: 1015.242416 TFlops(16384, 16384, 16384, 1936, ms=16773.566406)
16384 16384 16384 16384
LtFp8Matmul: 1014.631783 TFlops(16384, 16384, 16384, 1952, ms=16922.369141)
16384 16384 16384 16384
LtFp8Matmul: 1014.962053 TFlops(16384, 16384, 16384, 1968, ms=17055.525391)
16384 16384 16384 16384
LtFp8Matmul: 1014.195177 TFlops(16384, 16384, 16384, 1984, ms=17207.189453)
16384 16384 16384 16384
LtFp8Matmul: 1014.796898 TFlops(16384, 16384, 16384, 2000, ms=17335.671875)
16384 16384 16384 16384
LtFp8Matmul: 1014.131634 TFlops(16384, 16384, 16384, 2016, ms=17485.820312)
16384 16384 16384 16384
LtFp8Matmul: 1013.728166 TFlops(16384, 16384, 16384, 2032, ms=17631.611328)
