16384 16384 16384 16384
LtFp8Matmul: 1014.616582 TFlops(16384, 16384, 16384, 1, ms=8.669376)
16384 16384 16384 16384
LtFp8Matmul: 904.283810 TFlops(16384, 16384, 16384, 16, ms=155.634201)
16384 16384 16384 16384
LtFp8Matmul: 885.963783 TFlops(16384, 16384, 16384, 32, ms=317.704834)
16384 16384 16384 16384
LtFp8Matmul: 888.727314 TFlops(16384, 16384, 16384, 48, ms=475.075378)
16384 16384 16384 16384
LtFp8Matmul: 885.930595 TFlops(16384, 16384, 16384, 64, ms=635.433472)
16384 16384 16384 16384
LtFp8Matmul: 882.978879 TFlops(16384, 16384, 16384, 80, ms=796.947083)
16384 16384 16384 16384
LtFp8Matmul: 871.184941 TFlops(16384, 16384, 16384, 96, ms=969.283203)
16384 16384 16384 16384
LtFp8Matmul: 861.809146 TFlops(16384, 16384, 16384, 112, ms=1143.132935)
16384 16384 16384 16384
LtFp8Matmul: 862.715537 TFlops(16384, 16384, 16384, 128, ms=1305.065063)
16384 16384 16384 16384
LtFp8Matmul: 864.358422 TFlops(16384, 16384, 16384, 144, ms=1465.407593)
16384 16384 16384 16384
LtFp8Matmul: 864.166428 TFlops(16384, 16384, 16384, 160, ms=1628.592407)
16384 16384 16384 16384
LtFp8Matmul: 863.850210 TFlops(16384, 16384, 16384, 176, ms=1792.107422)
16384 16384 16384 16384
LtFp8Matmul: 862.305829 TFlops(16384, 16384, 16384, 192, ms=1958.527710)
16384 16384 16384 16384
LtFp8Matmul: 858.719855 TFlops(16384, 16384, 16384, 208, ms=2130.598633)
16384 16384 16384 16384
LtFp8Matmul: 857.924342 TFlops(16384, 16384, 16384, 224, ms=2296.618408)
16384 16384 16384 16384
LtFp8Matmul: 859.196652 TFlops(16384, 16384, 16384, 240, ms=2457.018799)
16384 16384 16384 16384
LtFp8Matmul: 859.699979 TFlops(16384, 16384, 16384, 256, ms=2619.285645)
16384 16384 16384 16384
LtFp8Matmul: 858.379489 TFlops(16384, 16384, 16384, 272, ms=2787.272217)
16384 16384 16384 16384
LtFp8Matmul: 856.765123 TFlops(16384, 16384, 16384, 288, ms=2956.790283)
16384 16384 16384 16384
LtFp8Matmul: 855.653848 TFlops(16384, 16384, 16384, 304, ms=3125.109863)
16384 16384 16384 16384
LtFp8Matmul: 855.275782 TFlops(16384, 16384, 16384, 320, ms=3291.043457)
16384 16384 16384 16384
LtFp8Matmul: 856.499385 TFlops(16384, 16384, 16384, 336, ms=3450.658936)
16384 16384 16384 16384
LtFp8Matmul: 856.882070 TFlops(16384, 16384, 16384, 352, ms=3613.361572)
16384 16384 16384 16384
LtFp8Matmul: 856.713432 TFlops(16384, 16384, 16384, 368, ms=3778.348877)
16384 16384 16384 16384
LtFp8Matmul: 854.813386 TFlops(16384, 16384, 16384, 384, ms=3951.388428)
16384 16384 16384 16384
LtFp8Matmul: 854.535487 TFlops(16384, 16384, 16384, 400, ms=4117.368164)
16384 16384 16384 16384
LtFp8Matmul: 854.541217 TFlops(16384, 16384, 16384, 416, ms=4282.034180)
16384 16384 16384 16384
LtFp8Matmul: 853.676426 TFlops(16384, 16384, 16384, 432, ms=4451.232422)
16384 16384 16384 16384
LtFp8Matmul: 853.642856 TFlops(16384, 16384, 16384, 448, ms=4616.274414)
16384 16384 16384 16384
LtFp8Matmul: 852.835335 TFlops(16384, 16384, 16384, 464, ms=4785.668457)
16384 16384 16384 16384
LtFp8Matmul: 851.725314 TFlops(16384, 16384, 16384, 480, ms=4957.143555)
16384 16384 16384 16384
LtFp8Matmul: 851.561398 TFlops(16384, 16384, 16384, 496, ms=5123.367676)
16384 16384 16384 16384
LtFp8Matmul: 851.243555 TFlops(16384, 16384, 16384, 512, ms=5290.612305)
16384 16384 16384 16384
LtFp8Matmul: 851.458763 TFlops(16384, 16384, 16384, 528, ms=5454.564941)
16384 16384 16384 16384
LtFp8Matmul: 851.375219 TFlops(16384, 16384, 16384, 544, ms=5620.406250)
16384 16384 16384 16384
LtFp8Matmul: 850.064506 TFlops(16384, 16384, 16384, 560, ms=5794.633301)
16384 16384 16384 16384
LtFp8Matmul: 849.919945 TFlops(16384, 16384, 16384, 576, ms=5961.208008)
16384 16384 16384 16384
LtFp8Matmul: 849.391972 TFlops(16384, 16384, 16384, 592, ms=6130.605469)
16384 16384 16384 16384
LtFp8Matmul: 848.660337 TFlops(16384, 16384, 16384, 608, ms=6301.725586)
16384 16384 16384 16384
LtFp8Matmul: 848.439594 TFlops(16384, 16384, 16384, 624, ms=6469.243164)
16384 16384 16384 16384
LtFp8Matmul: 847.857158 TFlops(16384, 16384, 16384, 640, ms=6639.679199)
16384 16384 16384 16384
LtFp8Matmul: 847.757077 TFlops(16384, 16384, 16384, 656, ms=6806.474609)
16384 16384 16384 16384
LtFp8Matmul: 847.262811 TFlops(16384, 16384, 16384, 672, ms=6976.553711)
16384 16384 16384 16384
LtFp8Matmul: 847.213933 TFlops(16384, 16384, 16384, 688, ms=7143.074219)
16384 16384 16384 16384
LtFp8Matmul: 846.581688 TFlops(16384, 16384, 16384, 704, ms=7314.650879)
16384 16384 16384 16384
LtFp8Matmul: 846.405718 TFlops(16384, 16384, 16384, 720, ms=7482.448242)
16384 16384 16384 16384
LtFp8Matmul: 846.292022 TFlops(16384, 16384, 16384, 736, ms=7649.752441)
16384 16384 16384 16384
LtFp8Matmul: 845.701266 TFlops(16384, 16384, 16384, 752, ms=7821.511230)
16384 16384 16384 16384
LtFp8Matmul: 845.901696 TFlops(16384, 16384, 16384, 768, ms=7986.033691)
16384 16384 16384 16384
LtFp8Matmul: 845.084681 TFlops(16384, 16384, 16384, 784, ms=8160.291016)
16384 16384 16384 16384
LtFp8Matmul: 845.309864 TFlops(16384, 16384, 16384, 800, ms=8324.609375)
16384 16384 16384 16384
LtFp8Matmul: 845.147248 TFlops(16384, 16384, 16384, 816, ms=8492.735352)
16384 16384 16384 16384
LtFp8Matmul: 844.641230 TFlops(16384, 16384, 16384, 832, ms=8664.447266)
16384 16384 16384 16384
LtFp8Matmul: 843.064550 TFlops(16384, 16384, 16384, 848, ms=8847.586914)
16384 16384 16384 16384
LtFp8Matmul: 840.473265 TFlops(16384, 16384, 16384, 864, ms=9042.315430)
16384 16384 16384 16384
LtFp8Matmul: 838.248769 TFlops(16384, 16384, 16384, 880, ms=9234.206055)
16384 16384 16384 16384
LtFp8Matmul: 839.014353 TFlops(16384, 16384, 16384, 896, ms=9393.521484)
16384 16384 16384 16384
LtFp8Matmul: 840.457466 TFlops(16384, 16384, 16384, 912, ms=9544.845703)
16384 16384 16384 16384
LtFp8Matmul: 840.904351 TFlops(16384, 16384, 16384, 928, ms=9707.137695)
16384 16384 16384 16384
LtFp8Matmul: 841.416465 TFlops(16384, 16384, 16384, 944, ms=9868.492188)
16384 16384 16384 16384
LtFp8Matmul: 841.517504 TFlops(16384, 16384, 16384, 960, ms=10034.549805)
16384 16384 16384 16384
LtFp8Matmul: 841.763049 TFlops(16384, 16384, 16384, 976, ms=10198.816406)
16384 16384 16384 16384
LtFp8Matmul: 841.963994 TFlops(16384, 16384, 16384, 992, ms=10363.536133)
16384 16384 16384 16384
LtFp8Matmul: 842.185759 TFlops(16384, 16384, 16384, 1008, ms=10527.916992)
16384 16384 16384 16384
LtFp8Matmul: 842.108822 TFlops(16384, 16384, 16384, 1024, ms=10696.003906)
16384 16384 16384 16384
LtFp8Matmul: 842.020718 TFlops(16384, 16384, 16384, 1040, ms=10864.265625)
16384 16384 16384 16384
LtFp8Matmul: 841.593518 TFlops(16384, 16384, 16384, 1056, ms=11037.007812)
16384 16384 16384 16384
LtFp8Matmul: 841.860671 TFlops(16384, 16384, 16384, 1072, ms=11200.679688)
16384 16384 16384 16384
LtFp8Matmul: 841.910178 TFlops(16384, 16384, 16384, 1088, ms=11367.185547)
16384 16384 16384 16384
LtFp8Matmul: 841.682458 TFlops(16384, 16384, 16384, 1104, ms=11537.470703)
16384 16384 16384 16384
LtFp8Matmul: 841.443745 TFlops(16384, 16384, 16384, 1120, ms=11708.000977)
16384 16384 16384 16384
LtFp8Matmul: 841.415398 TFlops(16384, 16384, 16384, 1136, ms=11875.658203)
16384 16384 16384 16384
LtFp8Matmul: 841.272895 TFlops(16384, 16384, 16384, 1152, ms=12044.960938)
16384 16384 16384 16384
LtFp8Matmul: 840.563166 TFlops(16384, 16384, 16384, 1168, ms=12222.563477)
16384 16384 16384 16384
LtFp8Matmul: 840.791980 TFlops(16384, 16384, 16384, 1184, ms=12386.624023)
16384 16384 16384 16384
LtFp8Matmul: 840.932433 TFlops(16384, 16384, 16384, 1200, ms=12551.914062)
16384 16384 16384 16384
LtFp8Matmul: 840.884881 TFlops(16384, 16384, 16384, 1216, ms=12719.992188)
16384 16384 16384 16384
LtFp8Matmul: 839.891722 TFlops(16384, 16384, 16384, 1232, ms=12902.599609)
16384 16384 16384 16384
LtFp8Matmul: 840.180228 TFlops(16384, 16384, 16384, 1248, ms=13065.677734)
16384 16384 16384 16384
LtFp8Matmul: 839.588825 TFlops(16384, 16384, 16384, 1264, ms=13242.507812)
16384 16384 16384 16384
LtFp8Matmul: 839.671785 TFlops(16384, 16384, 16384, 1280, ms=13408.809570)
16384 16384 16384 16384
LtFp8Matmul: 839.067016 TFlops(16384, 16384, 16384, 1296, ms=13586.205078)
16384 16384 16384 16384
LtFp8Matmul: 838.297376 TFlops(16384, 16384, 16384, 1312, ms=13766.563477)
16384 16384 16384 16384
LtFp8Matmul: 838.506236 TFlops(16384, 16384, 16384, 1328, ms=13930.977539)
16384 16384 16384 16384
LtFp8Matmul: 838.660020 TFlops(16384, 16384, 16384, 1344, ms=14096.235352)
16384 16384 16384 16384
LtFp8Matmul: 838.208665 TFlops(16384, 16384, 16384, 1360, ms=14271.728516)
16384 16384 16384 16384
LtFp8Matmul: 837.144405 TFlops(16384, 16384, 16384, 1376, ms=14457.988281)
16384 16384 16384 16384
LtFp8Matmul: 838.307846 TFlops(16384, 16384, 16384, 1392, ms=14605.805664)
16384 16384 16384 16384
LtFp8Matmul: 838.522296 TFlops(16384, 16384, 16384, 1408, ms=14769.910156)
16384 16384 16384 16384
LtFp8Matmul: 837.619310 TFlops(16384, 16384, 16384, 1424, ms=14953.853516)
16384 16384 16384 16384
LtFp8Matmul: 838.091555 TFlops(16384, 16384, 16384, 1440, ms=15113.353516)
16384 16384 16384 16384
LtFp8Matmul: 838.549701 TFlops(16384, 16384, 16384, 1456, ms=15272.930664)
16384 16384 16384 16384
LtFp8Matmul: 837.843896 TFlops(16384, 16384, 16384, 1472, ms=15453.772461)
16384 16384 16384 16384
LtFp8Matmul: 837.488790 TFlops(16384, 16384, 16384, 1488, ms=15628.372070)
16384 16384 16384 16384
LtFp8Matmul: 837.573769 TFlops(16384, 16384, 16384, 1504, ms=15794.816406)
16384 16384 16384 16384
LtFp8Matmul: 837.242716 TFlops(16384, 16384, 16384, 1520, ms=15969.158203)
16384 16384 16384 16384
LtFp8Matmul: 837.229630 TFlops(16384, 16384, 16384, 1536, ms=16137.506836)
16384 16384 16384 16384
LtFp8Matmul: 836.547664 TFlops(16384, 16384, 16384, 1552, ms=16318.898438)
16384 16384 16384 16384
LtFp8Matmul: 836.883935 TFlops(16384, 16384, 16384, 1568, ms=16480.509766)
16384 16384 16384 16384
LtFp8Matmul: 836.898785 TFlops(16384, 16384, 16384, 1584, ms=16648.382812)
16384 16384 16384 16384
LtFp8Matmul: 837.345144 TFlops(16384, 16384, 16384, 1600, ms=16807.583984)
16384 16384 16384 16384
LtFp8Matmul: 836.699376 TFlops(16384, 16384, 16384, 1616, ms=16988.761719)
16384 16384 16384 16384
LtFp8Matmul: 836.936159 TFlops(16384, 16384, 16384, 1632, ms=17152.113281)
16384 16384 16384 16384
LtFp8Matmul: 837.613948 TFlops(16384, 16384, 16384, 1648, ms=17306.255859)
16384 16384 16384 16384
LtFp8Matmul: 839.043380 TFlops(16384, 16384, 16384, 1664, ms=17444.507812)
16384 16384 16384 16384
LtFp8Matmul: 840.934395 TFlops(16384, 16384, 16384, 1680, ms=17572.638672)
16384 16384 16384 16384
LtFp8Matmul: 842.741869 TFlops(16384, 16384, 16384, 1696, ms=17701.949219)
16384 16384 16384 16384
LtFp8Matmul: 843.593471 TFlops(16384, 16384, 16384, 1712, ms=17850.910156)
16384 16384 16384 16384
LtFp8Matmul: 843.930531 TFlops(16384, 16384, 16384, 1728, ms=18010.544922)
16384 16384 16384 16384
LtFp8Matmul: 843.299634 TFlops(16384, 16384, 16384, 1744, ms=18190.908203)
16384 16384 16384 16384
LtFp8Matmul: 843.541249 TFlops(16384, 16384, 16384, 1760, ms=18352.539062)
16384 16384 16384 16384
LtFp8Matmul: 842.826922 TFlops(16384, 16384, 16384, 1776, ms=18535.076172)
16384 16384 16384 16384
LtFp8Matmul: 843.179687 TFlops(16384, 16384, 16384, 1792, ms=18694.234375)
16384 16384 16384 16384
LtFp8Matmul: 843.076177 TFlops(16384, 16384, 16384, 1808, ms=18863.462891)
16384 16384 16384 16384
LtFp8Matmul: 843.102815 TFlops(16384, 16384, 16384, 1824, ms=19029.794922)
16384 16384 16384 16384
LtFp8Matmul: 842.883976 TFlops(16384, 16384, 16384, 1840, ms=19201.707031)
16384 16384 16384 16384
LtFp8Matmul: 842.855447 TFlops(16384, 16384, 16384, 1856, ms=19369.333984)
16384 16384 16384 16384
LtFp8Matmul: 843.073597 TFlops(16384, 16384, 16384, 1872, ms=19531.255859)
16384 16384 16384 16384
LtFp8Matmul: 843.093335 TFlops(16384, 16384, 16384, 1888, ms=19697.728516)
16384 16384 16384 16384
LtFp8Matmul: 842.291442 TFlops(16384, 16384, 16384, 1904, ms=19883.570312)
16384 16384 16384 16384
LtFp8Matmul: 842.664223 TFlops(16384, 16384, 16384, 1920, ms=20041.789062)
16384 16384 16384 16384
LtFp8Matmul: 841.679337 TFlops(16384, 16384, 16384, 1936, ms=20232.451172)
16384 16384 16384 16384
LtFp8Matmul: 841.719526 TFlops(16384, 16384, 16384, 1952, ms=20398.687500)
16384 16384 16384 16384
LtFp8Matmul: 841.479911 TFlops(16384, 16384, 16384, 1968, ms=20571.746094)
16384 16384 16384 16384
LtFp8Matmul: 842.010172 TFlops(16384, 16384, 16384, 1984, ms=20725.935547)
16384 16384 16384 16384
LtFp8Matmul: 842.081654 TFlops(16384, 16384, 16384, 2000, ms=20891.306641)
16384 16384 16384 16384
LtFp8Matmul: 842.192322 TFlops(16384, 16384, 16384, 2016, ms=21055.669922)
16384 16384 16384 16384
LtFp8Matmul: 841.700871 TFlops(16384, 16384, 16384, 2032, ms=21235.169922)
