lda 8192 ldb 8192 ldc 8192
LtHSHgemmStridedBatchSimple: 704.258061 TFlops(8192, 8192, 8192, 1, 32, ms=49.959488)
lda 8192 ldb 8192 ldc 8192
LtHSHgemmStridedBatchSimple: 694.745362 TFlops(8192, 8192, 8192, 1, 32, ms=50.643551)
lda 8192 ldb 8192 ldc 8192
LtHSHgemmStridedBatchSimple: 675.646702 TFlops(8192, 8192, 8192, 1, 32, ms=52.075104)
lda 8192 ldb 8192 ldc 8192
LtHSHgemmStridedBatchSimple: 706.189049 TFlops(8192, 8192, 8192, 1, 32, ms=49.822880)
lda 8192 ldb 8192 ldc 8192
LtHSHgemmStridedBatchSimple: 710.272385 TFlops(8192, 8192, 8192, 1, 32, ms=49.536449)
lda 8192 ldb 8192 ldc 8192
LtHSHgemmStridedBatchSimple: 692.094365 TFlops(8192, 8192, 8192, 1, 32, ms=50.837536)
lda 8192 ldb 8192 ldc 8192
LtHSHgemmStridedBatchSimple: 704.508953 TFlops(8192, 8192, 8192, 1, 32, ms=49.941696)
lda 8192 ldb 8192 ldc 8192
LtHSHgemmStridedBatchSimple: 701.026928 TFlops(8192, 8192, 8192, 1, 32, ms=50.189758)
lda 8192 ldb 8192 ldc 8192
LtHSHgemmStridedBatchSimple: 713.934288 TFlops(8192, 8192, 8192, 1, 32, ms=49.282368)
lda 8192 ldb 8192 ldc 8192
LtHSHgemmStridedBatchSimple: 678.881879 TFlops(8192, 8192, 8192, 1, 32, ms=51.826942)
lda 8192 ldb 8192 ldc 8192
LtHSHgemmStridedBatchSimple: 713.018501 TFlops(8192, 8192, 8192, 1, 32, ms=49.345665)
lda 8192 ldb 8192 ldc 8192
LtHSHgemmStridedBatchSimple: 718.804648 TFlops(8192, 8192, 8192, 1, 32, ms=48.948448)
lda 8192 ldb 8192 ldc 8192
LtHSHgemmStridedBatchSimple: 685.053966 TFlops(8192, 8192, 8192, 1, 32, ms=51.360001)
lda 8192 ldb 8192 ldc 8192
LtHSHgemmStridedBatchSimple: 700.716858 TFlops(8192, 8192, 8192, 1, 32, ms=50.211967)
lda 8192 ldb 8192 ldc 8192
LtHSHgemmStridedBatchSimple: 679.404955 TFlops(8192, 8192, 8192, 1, 32, ms=51.787041)
lda 8192 ldb 8192 ldc 8192
LtHSHgemmStridedBatchSimple: 701.033162 TFlops(8192, 8192, 8192, 1, 32, ms=50.189312)
lda 8192 ldb 8192 ldc 8192
LtHSHgemmStridedBatchSimple: 688.734507 TFlops(8192, 8192, 8192, 1, 32, ms=51.085537)
lda 8192 ldb 8192 ldc 8192
LtHSHgemmStridedBatchSimple: 701.623233 TFlops(8192, 8192, 8192, 1, 32, ms=50.147102)
lda 8192 ldb 8192 ldc 8192
LtHSHgemmStridedBatchSimple: 678.348283 TFlops(8192, 8192, 8192, 1, 32, ms=51.867710)
lda 8192 ldb 8192 ldc 8192
LtHSHgemmStridedBatchSimple: 680.392140 TFlops(8192, 8192, 8192, 1, 32, ms=51.711903)
lda 8192 ldb 8192 ldc 8192
LtHSHgemmStridedBatchSimple: 702.298138 TFlops(8192, 8192, 8192, 1, 32, ms=50.098911)
lda 8192 ldb 8192 ldc 8192
LtHSHgemmStridedBatchSimple: 695.917674 TFlops(8192, 8192, 8192, 1, 32, ms=50.558239)
lda 8192 ldb 8192 ldc 8192
LtHSHgemmStridedBatchSimple: 704.506693 TFlops(8192, 8192, 8192, 1, 32, ms=49.941856)
lda 8192 ldb 8192 ldc 8192
LtHSHgemmStridedBatchSimple: 708.777944 TFlops(8192, 8192, 8192, 1, 32, ms=49.640896)
lda 8192 ldb 8192 ldc 8192
LtHSHgemmStridedBatchSimple: 685.557553 TFlops(8192, 8192, 8192, 1, 32, ms=51.322273)
lda 8192 ldb 8192 ldc 8192
LtHSHgemmStridedBatchSimple: 680.402630 TFlops(8192, 8192, 8192, 1, 32, ms=51.711105)
lda 8192 ldb 8192 ldc 8192
LtHSHgemmStridedBatchSimple: 689.076787 TFlops(8192, 8192, 8192, 1, 32, ms=51.060162)
lda 8192 ldb 8192 ldc 8192
LtHSHgemmStridedBatchSimple: 684.512354 TFlops(8192, 8192, 8192, 1, 32, ms=51.400639)
lda 8192 ldb 8192 ldc 8192
LtHSHgemmStridedBatchSimple: 694.105887 TFlops(8192, 8192, 8192, 1, 32, ms=50.690208)
lda 8192 ldb 8192 ldc 8192
LtHSHgemmStridedBatchSimple: 696.499109 TFlops(8192, 8192, 8192, 1, 32, ms=50.516033)
lda 8192 ldb 8192 ldc 8192
LtHSHgemmStridedBatchSimple: 699.776771 TFlops(8192, 8192, 8192, 1, 32, ms=50.279423)
lda 8192 ldb 8192 ldc 8192
LtHSHgemmStridedBatchSimple: 682.814536 TFlops(8192, 8192, 8192, 1, 32, ms=51.528446)
lda 8192 ldb 8192 ldc 8192
LtHSHgemmStridedBatchSimple: 691.468467 TFlops(8192, 8192, 8192, 1, 32, ms=50.883553)
lda 8192 ldb 8192 ldc 8192
LtHSHgemmStridedBatchSimple: 709.675054 TFlops(8192, 8192, 8192, 1, 32, ms=49.578144)
lda 8192 ldb 8192 ldc 8192
LtHSHgemmStridedBatchSimple: 694.400931 TFlops(8192, 8192, 8192, 1, 32, ms=50.668671)
lda 8192 ldb 8192 ldc 8192
LtHSHgemmStridedBatchSimple: 677.273158 TFlops(8192, 8192, 8192, 1, 32, ms=51.950047)
lda 8192 ldb 8192 ldc 8192
LtHSHgemmStridedBatchSimple: 702.973913 TFlops(8192, 8192, 8192, 1, 32, ms=50.050751)
lda 8192 ldb 8192 ldc 8192
LtHSHgemmStridedBatchSimple: 694.754102 TFlops(8192, 8192, 8192, 1, 32, ms=50.642914)
lda 8192 ldb 8192 ldc 8192
LtHSHgemmStridedBatchSimple: 685.273844 TFlops(8192, 8192, 8192, 1, 32, ms=51.343521)
lda 8192 ldb 8192 ldc 8192
LtHSHgemmStridedBatchSimple: 700.085956 TFlops(8192, 8192, 8192, 1, 32, ms=50.257217)
lda 8192 ldb 8192 ldc 8192
LtHSHgemmStridedBatchSimple: 710.849136 TFlops(8192, 8192, 8192, 1, 32, ms=49.496258)
lda 8192 ldb 8192 ldc 8192
LtHSHgemmStridedBatchSimple: 694.021799 TFlops(8192, 8192, 8192, 1, 32, ms=50.696350)
lda 8192 ldb 8192 ldc 8192
LtHSHgemmStridedBatchSimple: 692.047732 TFlops(8192, 8192, 8192, 1, 32, ms=50.840961)
lda 8192 ldb 8192 ldc 8192
LtHSHgemmStridedBatchSimple: 718.910371 TFlops(8192, 8192, 8192, 1, 32, ms=48.941250)
lda 8192 ldb 8192 ldc 8192
LtHSHgemmStridedBatchSimple: 707.683061 TFlops(8192, 8192, 8192, 1, 32, ms=49.717697)
lda 8192 ldb 8192 ldc 8192
LtHSHgemmStridedBatchSimple: 681.627127 TFlops(8192, 8192, 8192, 1, 32, ms=51.618210)
lda 8192 ldb 8192 ldc 8192
LtHSHgemmStridedBatchSimple: 718.003860 TFlops(8192, 8192, 8192, 1, 32, ms=49.003040)
lda 8192 ldb 8192 ldc 8192
LtHSHgemmStridedBatchSimple: 714.404656 TFlops(8192, 8192, 8192, 1, 32, ms=49.249920)
lda 8192 ldb 8192 ldc 8192
LtHSHgemmStridedBatchSimple: 700.570387 TFlops(8192, 8192, 8192, 1, 32, ms=50.222466)
lda 8192 ldb 8192 ldc 8192
LtHSHgemmStridedBatchSimple: 686.982240 TFlops(8192, 8192, 8192, 1, 32, ms=51.215839)
