lda 8192 ldb 8192 ldc 8192
LtHSHgemmStridedBatchSimple: 465.930505 TFlops(8192, 8192, 8192, 1, 32, ms=75.514206)
lda 8192 ldb 8192 ldc 8192
LtHSHgemmStridedBatchSimple: 465.844422 TFlops(8192, 8192, 8192, 1, 32, ms=75.528160)
lda 8192 ldb 8192 ldc 8192
LtHSHgemmStridedBatchSimple: 473.904160 TFlops(8192, 8192, 8192, 1, 32, ms=74.243645)
lda 8192 ldb 8192 ldc 8192
LtHSHgemmStridedBatchSimple: 496.146909 TFlops(8192, 8192, 8192, 1, 32, ms=70.915230)
lda 8192 ldb 8192 ldc 8192
LtHSHgemmStridedBatchSimple: 469.141760 TFlops(8192, 8192, 8192, 1, 32, ms=74.997314)
lda 8192 ldb 8192 ldc 8192
LtHSHgemmStridedBatchSimple: 468.679424 TFlops(8192, 8192, 8192, 1, 32, ms=75.071297)
lda 8192 ldb 8192 ldc 8192
LtHSHgemmStridedBatchSimple: 470.258798 TFlops(8192, 8192, 8192, 1, 32, ms=74.819168)
lda 8192 ldb 8192 ldc 8192
LtHSHgemmStridedBatchSimple: 468.763556 TFlops(8192, 8192, 8192, 1, 32, ms=75.057823)
lda 8192 ldb 8192 ldc 8192
LtHSHgemmStridedBatchSimple: 465.545803 TFlops(8192, 8192, 8192, 1, 32, ms=75.576607)
lda 8192 ldb 8192 ldc 8192
LtHSHgemmStridedBatchSimple: 467.584184 TFlops(8192, 8192, 8192, 1, 32, ms=75.247139)
lda 8192 ldb 8192 ldc 8192
LtHSHgemmStridedBatchSimple: 463.164052 TFlops(8192, 8192, 8192, 1, 32, ms=75.965248)
lda 8192 ldb 8192 ldc 8192
LtHSHgemmStridedBatchSimple: 480.179884 TFlops(8192, 8192, 8192, 1, 32, ms=73.273315)
lda 8192 ldb 8192 ldc 8192
LtHSHgemmStridedBatchSimple: 468.452190 TFlops(8192, 8192, 8192, 1, 32, ms=75.107712)
lda 8192 ldb 8192 ldc 8192
LtHSHgemmStridedBatchSimple: 462.249433 TFlops(8192, 8192, 8192, 1, 32, ms=76.115555)
lda 8192 ldb 8192 ldc 8192
LtHSHgemmStridedBatchSimple: 475.856925 TFlops(8192, 8192, 8192, 1, 32, ms=73.938972)
lda 8192 ldb 8192 ldc 8192
LtHSHgemmStridedBatchSimple: 461.600290 TFlops(8192, 8192, 8192, 1, 32, ms=76.222595)
lda 8192 ldb 8192 ldc 8192
LtHSHgemmStridedBatchSimple: 462.871599 TFlops(8192, 8192, 8192, 1, 32, ms=76.013245)
lda 8192 ldb 8192 ldc 8192
LtHSHgemmStridedBatchSimple: 460.601923 TFlops(8192, 8192, 8192, 1, 32, ms=76.387810)
lda 8192 ldb 8192 ldc 8192
LtHSHgemmStridedBatchSimple: 466.202517 TFlops(8192, 8192, 8192, 1, 32, ms=75.470146)
lda 8192 ldb 8192 ldc 8192
LtHSHgemmStridedBatchSimple: 459.088563 TFlops(8192, 8192, 8192, 1, 32, ms=76.639618)
lda 8192 ldb 8192 ldc 8192
LtHSHgemmStridedBatchSimple: 461.089663 TFlops(8192, 8192, 8192, 1, 32, ms=76.307007)
lda 8192 ldb 8192 ldc 8192
LtHSHgemmStridedBatchSimple: 462.784321 TFlops(8192, 8192, 8192, 1, 32, ms=76.027580)
lda 8192 ldb 8192 ldc 8192
LtHSHgemmStridedBatchSimple: 458.912085 TFlops(8192, 8192, 8192, 1, 32, ms=76.669090)
lda 8192 ldb 8192 ldc 8192
LtHSHgemmStridedBatchSimple: 459.034916 TFlops(8192, 8192, 8192, 1, 32, ms=76.648575)
lda 8192 ldb 8192 ldc 8192
LtHSHgemmStridedBatchSimple: 461.707322 TFlops(8192, 8192, 8192, 1, 32, ms=76.204926)
lda 8192 ldb 8192 ldc 8192
LtHSHgemmStridedBatchSimple: 477.877740 TFlops(8192, 8192, 8192, 1, 32, ms=73.626305)
lda 8192 ldb 8192 ldc 8192
LtHSHgemmStridedBatchSimple: 463.494789 TFlops(8192, 8192, 8192, 1, 32, ms=75.911041)
lda 8192 ldb 8192 ldc 8192
LtHSHgemmStridedBatchSimple: 462.846420 TFlops(8192, 8192, 8192, 1, 32, ms=76.017380)
lda 8192 ldb 8192 ldc 8192
LtHSHgemmStridedBatchSimple: 461.989974 TFlops(8192, 8192, 8192, 1, 32, ms=76.158302)
lda 8192 ldb 8192 ldc 8192
LtHSHgemmStridedBatchSimple: 460.471908 TFlops(8192, 8192, 8192, 1, 32, ms=76.409378)
lda 8192 ldb 8192 ldc 8192
LtHSHgemmStridedBatchSimple: 479.555179 TFlops(8192, 8192, 8192, 1, 32, ms=73.368767)
lda 8192 ldb 8192 ldc 8192
LtHSHgemmStridedBatchSimple: 459.941616 TFlops(8192, 8192, 8192, 1, 32, ms=76.497475)
lda 8192 ldb 8192 ldc 8192
LtHSHgemmStridedBatchSimple: 460.050541 TFlops(8192, 8192, 8192, 1, 32, ms=76.479362)
lda 8192 ldb 8192 ldc 8192
LtHSHgemmStridedBatchSimple: 459.618630 TFlops(8192, 8192, 8192, 1, 32, ms=76.551231)
lda 8192 ldb 8192 ldc 8192
LtHSHgemmStridedBatchSimple: 472.104139 TFlops(8192, 8192, 8192, 1, 32, ms=74.526718)
lda 8192 ldb 8192 ldc 8192
LtHSHgemmStridedBatchSimple: 467.993586 TFlops(8192, 8192, 8192, 1, 32, ms=75.181313)
lda 8192 ldb 8192 ldc 8192
LtHSHgemmStridedBatchSimple: 464.060721 TFlops(8192, 8192, 8192, 1, 32, ms=75.818466)
lda 8192 ldb 8192 ldc 8192
LtHSHgemmStridedBatchSimple: 473.292559 TFlops(8192, 8192, 8192, 1, 32, ms=74.339584)
lda 8192 ldb 8192 ldc 8192
LtHSHgemmStridedBatchSimple: 476.005650 TFlops(8192, 8192, 8192, 1, 32, ms=73.915871)
lda 8192 ldb 8192 ldc 8192
LtHSHgemmStridedBatchSimple: 469.998702 TFlops(8192, 8192, 8192, 1, 32, ms=74.860573)
lda 8192 ldb 8192 ldc 8192
LtHSHgemmStridedBatchSimple: 456.725033 TFlops(8192, 8192, 8192, 1, 32, ms=77.036224)
lda 8192 ldb 8192 ldc 8192
LtHSHgemmStridedBatchSimple: 469.749899 TFlops(8192, 8192, 8192, 1, 32, ms=74.900223)
lda 8192 ldb 8192 ldc 8192
LtHSHgemmStridedBatchSimple: 470.403853 TFlops(8192, 8192, 8192, 1, 32, ms=74.796097)
lda 8192 ldb 8192 ldc 8192
LtHSHgemmStridedBatchSimple: 468.097189 TFlops(8192, 8192, 8192, 1, 32, ms=75.164673)
lda 8192 ldb 8192 ldc 8192
LtHSHgemmStridedBatchSimple: 473.474148 TFlops(8192, 8192, 8192, 1, 32, ms=74.311073)
lda 8192 ldb 8192 ldc 8192
LtHSHgemmStridedBatchSimple: 456.104384 TFlops(8192, 8192, 8192, 1, 32, ms=77.141052)
lda 8192 ldb 8192 ldc 8192
LtHSHgemmStridedBatchSimple: 465.290471 TFlops(8192, 8192, 8192, 1, 32, ms=75.618080)
lda 8192 ldb 8192 ldc 8192
LtHSHgemmStridedBatchSimple: 460.356441 TFlops(8192, 8192, 8192, 1, 32, ms=76.428543)
lda 8192 ldb 8192 ldc 8192
LtHSHgemmStridedBatchSimple: 463.286609 TFlops(8192, 8192, 8192, 1, 32, ms=75.945152)
lda 8192 ldb 8192 ldc 8192
LtHSHgemmStridedBatchSimple: 475.131040 TFlops(8192, 8192, 8192, 1, 32, ms=74.051933)
