16384 16384 16384 16384
LtFp8Matmul: 898.036078 TFlops(16384, 16384, 16384, 32, ms=313.433929)
16384 16384 16384 16384
LtFp8Matmul: 894.931710 TFlops(16384, 16384, 16384, 32, ms=314.521179)
16384 16384 16384 16384
LtFp8Matmul: 904.626694 TFlops(16384, 16384, 16384, 32, ms=311.150421)
16384 16384 16384 16384
LtFp8Matmul: 898.418780 TFlops(16384, 16384, 16384, 32, ms=313.300415)
16384 16384 16384 16384
LtFp8Matmul: 903.297057 TFlops(16384, 16384, 16384, 32, ms=311.608429)
16384 16384 16384 16384
LtFp8Matmul: 901.093474 TFlops(16384, 16384, 16384, 32, ms=312.370453)
16384 16384 16384 16384
LtFp8Matmul: 905.763364 TFlops(16384, 16384, 16384, 32, ms=310.759949)
16384 16384 16384 16384
LtFp8Matmul: 898.205214 TFlops(16384, 16384, 16384, 32, ms=313.374908)
16384 16384 16384 16384
LtFp8Matmul: 903.236462 TFlops(16384, 16384, 16384, 32, ms=311.629333)
16384 16384 16384 16384
LtFp8Matmul: 901.709428 TFlops(16384, 16384, 16384, 32, ms=312.157074)
16384 16384 16384 16384
LtFp8Matmul: 895.660406 TFlops(16384, 16384, 16384, 32, ms=314.265289)
16384 16384 16384 16384
LtFp8Matmul: 900.131412 TFlops(16384, 16384, 16384, 32, ms=312.704315)
16384 16384 16384 16384
LtFp8Matmul: 894.834900 TFlops(16384, 16384, 16384, 32, ms=314.555206)
16384 16384 16384 16384
LtFp8Matmul: 903.374028 TFlops(16384, 16384, 16384, 32, ms=311.581879)
16384 16384 16384 16384
LtFp8Matmul: 902.604200 TFlops(16384, 16384, 16384, 32, ms=311.847626)
16384 16384 16384 16384
LtFp8Matmul: 897.707433 TFlops(16384, 16384, 16384, 32, ms=313.548676)
16384 16384 16384 16384
LtFp8Matmul: 896.769149 TFlops(16384, 16384, 16384, 32, ms=313.876740)
16384 16384 16384 16384
LtFp8Matmul: 904.098907 TFlops(16384, 16384, 16384, 32, ms=311.332062)
16384 16384 16384 16384
LtFp8Matmul: 902.133032 TFlops(16384, 16384, 16384, 32, ms=312.010498)
16384 16384 16384 16384
LtFp8Matmul: 902.221190 TFlops(16384, 16384, 16384, 32, ms=311.980011)
16384 16384 16384 16384
LtFp8Matmul: 895.710942 TFlops(16384, 16384, 16384, 32, ms=314.247559)
16384 16384 16384 16384
LtFp8Matmul: 898.694178 TFlops(16384, 16384, 16384, 32, ms=313.204407)
16384 16384 16384 16384
LtFp8Matmul: 903.162256 TFlops(16384, 16384, 16384, 32, ms=311.654938)
16384 16384 16384 16384
LtFp8Matmul: 905.781688 TFlops(16384, 16384, 16384, 32, ms=310.753662)
16384 16384 16384 16384
LtFp8Matmul: 905.397844 TFlops(16384, 16384, 16384, 32, ms=310.885406)
16384 16384 16384 16384
LtFp8Matmul: 901.936571 TFlops(16384, 16384, 16384, 32, ms=312.078461)
16384 16384 16384 16384
LtFp8Matmul: 898.123174 TFlops(16384, 16384, 16384, 32, ms=313.403534)
16384 16384 16384 16384
LtFp8Matmul: 905.771103 TFlops(16384, 16384, 16384, 32, ms=310.757294)
16384 16384 16384 16384
LtFp8Matmul: 903.116359 TFlops(16384, 16384, 16384, 32, ms=311.670776)
16384 16384 16384 16384
LtFp8Matmul: 896.206423 TFlops(16384, 16384, 16384, 32, ms=314.073822)
16384 16384 16384 16384
LtFp8Matmul: 898.649959 TFlops(16384, 16384, 16384, 32, ms=313.219818)
16384 16384 16384 16384
LtFp8Matmul: 903.689481 TFlops(16384, 16384, 16384, 32, ms=311.473114)
16384 16384 16384 16384
LtFp8Matmul: 898.290768 TFlops(16384, 16384, 16384, 32, ms=313.345062)
16384 16384 16384 16384
LtFp8Matmul: 897.983706 TFlops(16384, 16384, 16384, 32, ms=313.452209)
16384 16384 16384 16384
LtFp8Matmul: 895.462320 TFlops(16384, 16384, 16384, 32, ms=314.334808)
16384 16384 16384 16384
LtFp8Matmul: 898.268985 TFlops(16384, 16384, 16384, 32, ms=313.352661)
16384 16384 16384 16384
LtFp8Matmul: 900.421397 TFlops(16384, 16384, 16384, 32, ms=312.603607)
16384 16384 16384 16384
LtFp8Matmul: 900.891394 TFlops(16384, 16384, 16384, 32, ms=312.440521)
16384 16384 16384 16384
LtFp8Matmul: 899.221370 TFlops(16384, 16384, 16384, 32, ms=313.020782)
16384 16384 16384 16384
LtFp8Matmul: 902.282089 TFlops(16384, 16384, 16384, 32, ms=311.958954)
16384 16384 16384 16384
LtFp8Matmul: 895.215661 TFlops(16384, 16384, 16384, 32, ms=314.421417)
16384 16384 16384 16384
LtFp8Matmul: 899.417264 TFlops(16384, 16384, 16384, 32, ms=312.952606)
16384 16384 16384 16384
LtFp8Matmul: 894.869628 TFlops(16384, 16384, 16384, 32, ms=314.542999)
16384 16384 16384 16384
LtFp8Matmul: 899.508663 TFlops(16384, 16384, 16384, 32, ms=312.920807)
16384 16384 16384 16384
LtFp8Matmul: 895.785234 TFlops(16384, 16384, 16384, 32, ms=314.221497)
16384 16384 16384 16384
LtFp8Matmul: 901.809142 TFlops(16384, 16384, 16384, 32, ms=312.122559)
16384 16384 16384 16384
LtFp8Matmul: 897.594299 TFlops(16384, 16384, 16384, 32, ms=313.588196)
16384 16384 16384 16384
LtFp8Matmul: 905.263393 TFlops(16384, 16384, 16384, 32, ms=310.931580)
16384 16384 16384 16384
LtFp8Matmul: 904.671325 TFlops(16384, 16384, 16384, 32, ms=311.135071)
16384 16384 16384 16384
LtFp8Matmul: 895.959963 TFlops(16384, 16384, 16384, 32, ms=314.160217)
