lda 8192 ldb 73728 ldc 8192
LtHSHgemmStridedBatchSimple: 725.249417 TFlops(8192, 8192, 73728, 1, 1, ms=13.644416)
lda 8192 ldb 73728 ldc 8192
LtHSHgemmStridedBatchSimple: 697.216852 TFlops(8192, 8192, 73728, 1, 2, ms=28.386017)
lda 8192 ldb 73728 ldc 8192
LtHSHgemmStridedBatchSimple: 615.585740 TFlops(8192, 8192, 73728, 1, 4, ms=64.300415)
lda 8192 ldb 73728 ldc 8192
LtHSHgemmStridedBatchSimple: 642.091572 TFlops(8192, 8192, 73728, 1, 8, ms=123.292130)
lda 8192 ldb 73728 ldc 8192
LtHSHgemmStridedBatchSimple: 639.276210 TFlops(8192, 8192, 73728, 1, 16, ms=247.670212)
lda 8192 ldb 73728 ldc 8192
LtHSHgemmStridedBatchSimple: 636.297068 TFlops(8192, 8192, 73728, 1, 32, ms=497.659607)
lda 8192 ldb 73728 ldc 8192
LtHSHgemmStridedBatchSimple: 631.013711 TFlops(8192, 8192, 73728, 1, 64, ms=1003.652832)
lda 8192 ldb 73728 ldc 8192
LtHSHgemmStridedBatchSimple: 628.221492 TFlops(8192, 8192, 73728, 1, 128, ms=2016.227417)
lda 8192 ldb 73728 ldc 8192
LtHSHgemmStridedBatchSimple: 629.685095 TFlops(8192, 8192, 73728, 1, 256, ms=4023.082031)
lda 8192 ldb 73728 ldc 8192
LtHSHgemmStridedBatchSimple: 626.384956 TFlops(8192, 8192, 73728, 1, 512, ms=8088.555664)
lda 8192 ldb 73728 ldc 8192
LtHSHgemmStridedBatchSimple: 626.164848 TFlops(8192, 8192, 73728, 1, 1024, ms=16182.797852)
lda 8192 ldb 73728 ldc 8192
LtHSHgemmStridedBatchSimple: 626.031529 TFlops(8192, 8192, 73728, 1, 2048, ms=32372.488281)
