lda 8192 ldb 73728 ldc 8192
LtHSHgemmStridedBatchSimple: 455.215116 TFlops(8192, 8192, 73728, 1, 1, ms=21.738304)
lda 8192 ldb 73728 ldc 8192
LtHSHgemmStridedBatchSimple: 492.378202 TFlops(8192, 8192, 73728, 1, 2, ms=40.195137)
lda 8192 ldb 73728 ldc 8192
LtHSHgemmStridedBatchSimple: 463.079825 TFlops(8192, 8192, 73728, 1, 4, ms=85.476448)
lda 8192 ldb 73728 ldc 8192
LtHSHgemmStridedBatchSimple: 450.389793 TFlops(8192, 8192, 73728, 1, 8, ms=175.769608)
lda 8192 ldb 73728 ldc 8192
LtHSHgemmStridedBatchSimple: 449.983921 TFlops(8192, 8192, 73728, 1, 16, ms=351.856293)
lda 8192 ldb 73728 ldc 8192
LtHSHgemmStridedBatchSimple: 451.109737 TFlops(8192, 8192, 73728, 1, 32, ms=701.956360)
lda 8192 ldb 73728 ldc 8192
LtHSHgemmStridedBatchSimple: 426.934665 TFlops(8192, 8192, 73728, 1, 64, ms=1483.408936)
lda 8192 ldb 73728 ldc 8192
LtHSHgemmStridedBatchSimple: 429.681183 TFlops(8192, 8192, 73728, 1, 128, ms=2947.854004)
lda 8192 ldb 73728 ldc 8192
LtHSHgemmStridedBatchSimple: 426.088805 TFlops(8192, 8192, 73728, 1, 256, ms=5945.415039)
lda 8192 ldb 73728 ldc 8192
LtHSHgemmStridedBatchSimple: 420.828573 TFlops(8192, 8192, 73728, 1, 512, ms=12039.461914)
lda 8192 ldb 73728 ldc 8192
LtHSHgemmStridedBatchSimple: 418.154212 TFlops(8192, 8192, 73728, 1, 1024, ms=24232.923828)
lda 8192 ldb 73728 ldc 8192
LtHSHgemmStridedBatchSimple: 409.148837 TFlops(8192, 8192, 73728, 1, 2048, ms=49532.582031)
