73728 73728 4096 4096
LtFp8Matmul: 1171.443457 TFlops(4096, 4096, 73728, 1, ms=2.111840)
73728 73728 4096 4096
LtFp8Matmul: 1147.619883 TFlops(4096, 4096, 73728, 2, ms=4.311360)
73728 73728 4096 4096
LtFp8Matmul: 1142.544408 TFlops(4096, 4096, 73728, 4, ms=8.661024)
73728 73728 4096 4096
LtFp8Matmul: 1141.372087 TFlops(4096, 4096, 73728, 8, ms=17.339840)
73728 73728 4096 4096
LtFp8Matmul: 1154.346738 TFlops(4096, 4096, 73728, 16, ms=34.289886)
73728 73728 4096 4096
LtFp8Matmul: 1135.524885 TFlops(4096, 4096, 73728, 32, ms=69.716515)
73728 73728 4096 4096
LtFp8Matmul: 1094.165775 TFlops(4096, 4096, 73728, 64, ms=144.703552)
73728 73728 4096 4096
LtFp8Matmul: 1078.312242 TFlops(4096, 4096, 73728, 128, ms=293.662018)
73728 73728 4096 4096
LtFp8Matmul: 1074.253670 TFlops(4096, 4096, 73728, 256, ms=589.542969)
73728 73728 4096 4096
LtFp8Matmul: 1069.566282 TFlops(4096, 4096, 73728, 512, ms=1184.253296)
73728 73728 4096 4096
LtFp8Matmul: 1068.487596 TFlops(4096, 4096, 73728, 1024, ms=2370.897705)
73728 73728 4096 4096
LtFp8Matmul: 1066.292578 TFlops(4096, 4096, 73728, 2048, ms=4751.556641)
