65536 65536 8192 8192
LtFp8Matmul: 1390.329683 TFlops(8192, 8192, 65536, 1, ms=6.326624)
65536 65536 8192 8192
LtFp8Matmul: 1404.283193 TFlops(8192, 8192, 65536, 2, ms=12.527520)
65536 65536 8192 8192
LtFp8Matmul: 1408.330303 TFlops(8192, 8192, 65536, 4, ms=24.983040)
65536 65536 8192 8192
LtFp8Matmul: 1332.856075 TFlops(8192, 8192, 65536, 8, ms=52.795456)
65536 65536 8192 8192
LtFp8Matmul: 1270.281634 TFlops(8192, 8192, 65536, 16, ms=110.792351)
65536 65536 8192 8192
LtFp8Matmul: 1241.476488 TFlops(8192, 8192, 65536, 32, ms=226.725983)
65536 65536 8192 8192
LtFp8Matmul: 1244.128906 TFlops(8192, 8192, 65536, 64, ms=452.485229)
65536 65536 8192 8192
LtFp8Matmul: 1241.996483 TFlops(8192, 8192, 65536, 128, ms=906.524231)
65536 65536 8192 8192
LtFp8Matmul: 1235.618517 TFlops(8192, 8192, 65536, 256, ms=1822.406982)
65536 65536 8192 8192
LtFp8Matmul: 1233.018131 TFlops(8192, 8192, 65536, 512, ms=3652.500732)
65536 65536 8192 8192
LtFp8Matmul: 1228.651350 TFlops(8192, 8192, 65536, 1024, ms=7330.964355)
65536 65536 8192 8192
LtFp8Matmul: 1220.543182 TFlops(8192, 8192, 65536, 2048, ms=14759.329102)
