73728 73728 4096 4096
LtFp8Matmul: 849.656666 TFlops(4096, 4096, 73728, 1, ms=2.911648)
73728 73728 4096 4096
LtFp8Matmul: 849.764101 TFlops(4096, 4096, 73728, 2, ms=5.822560)
73728 73728 4096 4096
LtFp8Matmul: 847.303058 TFlops(4096, 4096, 73728, 4, ms=11.678944)
73728 73728 4096 4096
LtFp8Matmul: 848.225724 TFlops(4096, 4096, 73728, 8, ms=23.332479)
73728 73728 4096 4096
LtFp8Matmul: 856.220821 TFlops(4096, 4096, 73728, 16, ms=46.229218)
73728 73728 4096 4096
LtFp8Matmul: 812.082210 TFlops(4096, 4096, 73728, 32, ms=97.483772)
73728 73728 4096 4096
LtFp8Matmul: 772.562014 TFlops(4096, 4096, 73728, 64, ms=204.941055)
73728 73728 4096 4096
LtFp8Matmul: 769.129539 TFlops(4096, 4096, 73728, 128, ms=411.711334)
73728 73728 4096 4096
LtFp8Matmul: 756.142026 TFlops(4096, 4096, 73728, 256, ms=837.565796)
73728 73728 4096 4096
LtFp8Matmul: 722.625386 TFlops(4096, 4096, 73728, 512, ms=1752.827148)
73728 73728 4096 4096
LtFp8Matmul: 708.143594 TFlops(4096, 4096, 73728, 1024, ms=3577.346191)
73728 73728 4096 4096
LtFp8Matmul: 701.668935 TFlops(4096, 4096, 73728, 2048, ms=7220.712402)
