65536 65536 8192 8192
LtFp8Matmul: 951.286076 TFlops(8192, 8192, 65536, 1, ms=9.246528)
65536 65536 8192 8192
LtFp8Matmul: 966.511820 TFlops(8192, 8192, 65536, 2, ms=18.201729)
65536 65536 8192 8192
LtFp8Matmul: 954.330267 TFlops(8192, 8192, 65536, 4, ms=36.868130)
65536 65536 8192 8192
LtFp8Matmul: 921.242859 TFlops(8192, 8192, 65536, 8, ms=76.384575)
65536 65536 8192 8192
LtFp8Matmul: 898.185534 TFlops(8192, 8192, 65536, 16, ms=156.690887)
65536 65536 8192 8192
LtFp8Matmul: 886.557771 TFlops(8192, 8192, 65536, 32, ms=317.491974)
65536 65536 8192 8192
LtFp8Matmul: 884.689083 TFlops(8192, 8192, 65536, 64, ms=636.325195)
65536 65536 8192 8192
LtFp8Matmul: 841.576187 TFlops(8192, 8192, 65536, 128, ms=1337.846680)
65536 65536 8192 8192
LtFp8Matmul: 839.360310 TFlops(8192, 8192, 65536, 256, ms=2682.757080)
65536 65536 8192 8192
LtFp8Matmul: 828.421911 TFlops(8192, 8192, 65536, 512, ms=5436.359863)
65536 65536 8192 8192
LtFp8Matmul: 807.778041 TFlops(8192, 8192, 65536, 1024, ms=11150.586914)
65536 65536 8192 8192
LtFp8Matmul: 803.310453 TFlops(8192, 8192, 65536, 2048, ms=22425.201172)
