16384 16384 16384 16384
LtFp8Matmul: 1403.268776 TFlops(16384, 16384, 16384, 1, ms=6.268288)
16384 16384 16384 16384
LtFp8Matmul: 1231.326036 TFlops(16384, 16384, 16384, 16, ms=114.297501)
16384 16384 16384 16384
LtFp8Matmul: 1204.720338 TFlops(16384, 16384, 16384, 32, ms=233.643417)
16384 16384 16384 16384
LtFp8Matmul: 1201.429939 TFlops(16384, 16384, 16384, 48, ms=351.424957)
16384 16384 16384 16384
LtFp8Matmul: 1186.782562 TFlops(16384, 16384, 16384, 64, ms=474.349701)
16384 16384 16384 16384
LtFp8Matmul: 1185.030377 TFlops(16384, 16384, 16384, 80, ms=593.813843)
16384 16384 16384 16384
LtFp8Matmul: 1183.691162 TFlops(16384, 16384, 16384, 96, ms=713.382812)
16384 16384 16384 16384
LtFp8Matmul: 1180.534804 TFlops(16384, 16384, 16384, 112, ms=834.505188)
16384 16384 16384 16384
LtFp8Matmul: 1181.224228 TFlops(16384, 16384, 16384, 128, ms=953.163574)
16384 16384 16384 16384
LtFp8Matmul: 1180.056645 TFlops(16384, 16384, 16384, 144, ms=1073.369995)
16384 16384 16384 16384
LtFp8Matmul: 1182.706792 TFlops(16384, 16384, 16384, 160, ms=1189.960938)
16384 16384 16384 16384
LtFp8Matmul: 1184.559805 TFlops(16384, 16384, 16384, 176, ms=1306.909424)
16384 16384 16384 16384
LtFp8Matmul: 1179.924570 TFlops(16384, 16384, 16384, 192, ms=1431.320190)
16384 16384 16384 16384
LtFp8Matmul: 1174.113071 TFlops(16384, 16384, 16384, 208, ms=1558.271851)
16384 16384 16384 16384
LtFp8Matmul: 1172.027052 TFlops(16384, 16384, 16384, 224, ms=1681.125732)
16384 16384 16384 16384
LtFp8Matmul: 1172.222539 TFlops(16384, 16384, 16384, 240, ms=1800.905762)
16384 16384 16384 16384
LtFp8Matmul: 1174.124655 TFlops(16384, 16384, 16384, 256, ms=1917.854126)
16384 16384 16384 16384
LtFp8Matmul: 1170.852631 TFlops(16384, 16384, 16384, 272, ms=2043.414551)
16384 16384 16384 16384
LtFp8Matmul: 1172.119652 TFlops(16384, 16384, 16384, 288, ms=2161.276611)
16384 16384 16384 16384
LtFp8Matmul: 1172.387581 TFlops(16384, 16384, 16384, 304, ms=2280.826172)
16384 16384 16384 16384
LtFp8Matmul: 1170.482844 TFlops(16384, 16384, 16384, 320, ms=2404.776611)
16384 16384 16384 16384
LtFp8Matmul: 1171.941785 TFlops(16384, 16384, 16384, 336, ms=2521.872070)
16384 16384 16384 16384
LtFp8Matmul: 1172.852534 TFlops(16384, 16384, 16384, 352, ms=2639.909668)
16384 16384 16384 16384
LtFp8Matmul: 1172.103643 TFlops(16384, 16384, 16384, 368, ms=2761.668945)
16384 16384 16384 16384
LtFp8Matmul: 1170.920207 TFlops(16384, 16384, 16384, 384, ms=2884.654053)
16384 16384 16384 16384
LtFp8Matmul: 1170.739314 TFlops(16384, 16384, 16384, 400, ms=3005.312256)
16384 16384 16384 16384
LtFp8Matmul: 1172.149811 TFlops(16384, 16384, 16384, 416, ms=3121.763672)
16384 16384 16384 16384
LtFp8Matmul: 1171.100365 TFlops(16384, 16384, 16384, 432, ms=3244.736572)
16384 16384 16384 16384
LtFp8Matmul: 1169.268124 TFlops(16384, 16384, 16384, 448, ms=3370.184814)
16384 16384 16384 16384
LtFp8Matmul: 1171.241909 TFlops(16384, 16384, 16384, 464, ms=3484.666260)
16384 16384 16384 16384
LtFp8Matmul: 1172.988523 TFlops(16384, 16384, 16384, 480, ms=3599.459473)
16384 16384 16384 16384
LtFp8Matmul: 1170.662172 TFlops(16384, 16384, 16384, 496, ms=3726.832764)
16384 16384 16384 16384
LtFp8Matmul: 1171.232703 TFlops(16384, 16384, 16384, 512, ms=3845.179199)
16384 16384 16384 16384
LtFp8Matmul: 1170.573037 TFlops(16384, 16384, 16384, 528, ms=3967.575684)
16384 16384 16384 16384
LtFp8Matmul: 1172.014587 TFlops(16384, 16384, 16384, 544, ms=4082.777344)
16384 16384 16384 16384
LtFp8Matmul: 1170.210258 TFlops(16384, 16384, 16384, 560, ms=4209.339355)
16384 16384 16384 16384
LtFp8Matmul: 1170.424950 TFlops(16384, 16384, 16384, 576, ms=4328.812012)
16384 16384 16384 16384
LtFp8Matmul: 1170.392876 TFlops(16384, 16384, 16384, 592, ms=4449.178711)
16384 16384 16384 16384
LtFp8Matmul: 1170.418272 TFlops(16384, 16384, 16384, 608, ms=4569.327637)
16384 16384 16384 16384
LtFp8Matmul: 1170.665674 TFlops(16384, 16384, 16384, 624, ms=4688.582031)
16384 16384 16384 16384
LtFp8Matmul: 1171.560565 TFlops(16384, 16384, 16384, 640, ms=4805.128906)
16384 16384 16384 16384
LtFp8Matmul: 1171.353930 TFlops(16384, 16384, 16384, 656, ms=4926.125977)
16384 16384 16384 16384
LtFp8Matmul: 1170.505960 TFlops(16384, 16384, 16384, 672, ms=5049.931152)
16384 16384 16384 16384
LtFp8Matmul: 1169.874896 TFlops(16384, 16384, 16384, 688, ms=5172.956543)
16384 16384 16384 16384
LtFp8Matmul: 1169.988229 TFlops(16384, 16384, 16384, 704, ms=5292.745117)
16384 16384 16384 16384
LtFp8Matmul: 1170.869529 TFlops(16384, 16384, 16384, 720, ms=5408.960449)
16384 16384 16384 16384
LtFp8Matmul: 1171.043039 TFlops(16384, 16384, 16384, 736, ms=5528.340332)
16384 16384 16384 16384
LtFp8Matmul: 1170.446121 TFlops(16384, 16384, 16384, 752, ms=5651.402344)
16384 16384 16384 16384
LtFp8Matmul: 1170.167927 TFlops(16384, 16384, 16384, 768, ms=5773.017090)
16384 16384 16384 16384
LtFp8Matmul: 1170.366656 TFlops(16384, 16384, 16384, 784, ms=5892.287598)
16384 16384 16384 16384
LtFp8Matmul: 1170.191471 TFlops(16384, 16384, 16384, 800, ms=6013.438477)
16384 16384 16384 16384
LtFp8Matmul: 1170.689262 TFlops(16384, 16384, 16384, 816, ms=6131.099121)
16384 16384 16384 16384
LtFp8Matmul: 1170.205987 TFlops(16384, 16384, 16384, 832, ms=6253.898438)
16384 16384 16384 16384
LtFp8Matmul: 1170.347672 TFlops(16384, 16384, 16384, 848, ms=6373.394043)
16384 16384 16384 16384
LtFp8Matmul: 1170.731100 TFlops(16384, 16384, 16384, 864, ms=6491.520020)
16384 16384 16384 16384
LtFp8Matmul: 1170.106497 TFlops(16384, 16384, 16384, 880, ms=6615.262695)
16384 16384 16384 16384
LtFp8Matmul: 1170.881234 TFlops(16384, 16384, 16384, 896, ms=6731.083496)
16384 16384 16384 16384
LtFp8Matmul: 1170.474098 TFlops(16384, 16384, 16384, 912, ms=6853.664551)
16384 16384 16384 16384
LtFp8Matmul: 1171.476726 TFlops(16384, 16384, 16384, 928, ms=6967.935547)
16384 16384 16384 16384
LtFp8Matmul: 1171.801249 TFlops(16384, 16384, 16384, 944, ms=7086.109375)
16384 16384 16384 16384
LtFp8Matmul: 1171.056327 TFlops(16384, 16384, 16384, 960, ms=7210.796875)
16384 16384 16384 16384
LtFp8Matmul: 1171.129847 TFlops(16384, 16384, 16384, 976, ms=7330.516602)
16384 16384 16384 16384
LtFp8Matmul: 1171.451064 TFlops(16384, 16384, 16384, 992, ms=7448.645996)
16384 16384 16384 16384
LtFp8Matmul: 1170.718583 TFlops(16384, 16384, 16384, 1008, ms=7573.520996)
16384 16384 16384 16384
LtFp8Matmul: 1170.996569 TFlops(16384, 16384, 16384, 1024, ms=7691.909180)
16384 16384 16384 16384
LtFp8Matmul: 1170.857309 TFlops(16384, 16384, 16384, 1040, ms=7813.024414)
16384 16384 16384 16384
LtFp8Matmul: 1171.054539 TFlops(16384, 16384, 16384, 1056, ms=7931.888672)
16384 16384 16384 16384
LtFp8Matmul: 1170.095077 TFlops(16384, 16384, 16384, 1072, ms=8058.671387)
16384 16384 16384 16384
LtFp8Matmul: 1169.686972 TFlops(16384, 16384, 16384, 1088, ms=8181.803711)
16384 16384 16384 16384
LtFp8Matmul: 1169.854074 TFlops(16384, 16384, 16384, 1104, ms=8300.938477)
16384 16384 16384 16384
LtFp8Matmul: 1170.210394 TFlops(16384, 16384, 16384, 1120, ms=8418.677734)
16384 16384 16384 16384
LtFp8Matmul: 1169.753433 TFlops(16384, 16384, 16384, 1136, ms=8542.280273)
16384 16384 16384 16384
LtFp8Matmul: 1169.989441 TFlops(16384, 16384, 16384, 1152, ms=8660.846680)
16384 16384 16384 16384
LtFp8Matmul: 1169.214785 TFlops(16384, 16384, 16384, 1168, ms=8786.954102)
16384 16384 16384 16384
LtFp8Matmul: 1170.651496 TFlops(16384, 16384, 16384, 1184, ms=8896.391602)
16384 16384 16384 16384
LtFp8Matmul: 1169.546531 TFlops(16384, 16384, 16384, 1200, ms=9025.131836)
16384 16384 16384 16384
LtFp8Matmul: 1169.061444 TFlops(16384, 16384, 16384, 1216, ms=9149.261719)
16384 16384 16384 16384
LtFp8Matmul: 1169.296269 TFlops(16384, 16384, 16384, 1232, ms=9267.785156)
16384 16384 16384 16384
LtFp8Matmul: 1169.636388 TFlops(16384, 16384, 16384, 1248, ms=9385.416016)
16384 16384 16384 16384
LtFp8Matmul: 1169.573387 TFlops(16384, 16384, 16384, 1264, ms=9506.253906)
16384 16384 16384 16384
LtFp8Matmul: 1169.248066 TFlops(16384, 16384, 16384, 1280, ms=9629.264648)
16384 16384 16384 16384
LtFp8Matmul: 1170.226408 TFlops(16384, 16384, 16384, 1296, ms=9741.479492)
16384 16384 16384 16384
LtFp8Matmul: 1169.856692 TFlops(16384, 16384, 16384, 1312, ms=9864.861328)
16384 16384 16384 16384
LtFp8Matmul: 1170.220121 TFlops(16384, 16384, 16384, 1328, ms=9982.063477)
16384 16384 16384 16384
LtFp8Matmul: 1171.142021 TFlops(16384, 16384, 16384, 1344, ms=10094.376953)
16384 16384 16384 16384
LtFp8Matmul: 1170.657321 TFlops(16384, 16384, 16384, 1360, ms=10218.777344)
16384 16384 16384 16384
LtFp8Matmul: 1170.441324 TFlops(16384, 16384, 16384, 1376, ms=10340.906250)
16384 16384 16384 16384
LtFp8Matmul: 1170.510046 TFlops(16384, 16384, 16384, 1392, ms=10460.535156)
16384 16384 16384 16384
LtFp8Matmul: 1170.024065 TFlops(16384, 16384, 16384, 1408, ms=10585.166016)
16384 16384 16384 16384
LtFp8Matmul: 1169.891077 TFlops(16384, 16384, 16384, 1424, ms=10706.668945)
16384 16384 16384 16384
LtFp8Matmul: 1170.025932 TFlops(16384, 16384, 16384, 1440, ms=10825.720703)
16384 16384 16384 16384
LtFp8Matmul: 1170.110244 TFlops(16384, 16384, 16384, 1456, ms=10945.217773)
16384 16384 16384 16384
LtFp8Matmul: 1169.662735 TFlops(16384, 16384, 16384, 1472, ms=11069.728516)
16384 16384 16384 16384
LtFp8Matmul: 1169.418402 TFlops(16384, 16384, 16384, 1488, ms=11192.389648)
16384 16384 16384 16384
LtFp8Matmul: 1169.891301 TFlops(16384, 16384, 16384, 1504, ms=11308.165039)
16384 16384 16384 16384
LtFp8Matmul: 1170.014055 TFlops(16384, 16384, 16384, 1520, ms=11427.265625)
16384 16384 16384 16384
LtFp8Matmul: 1170.986013 TFlops(16384, 16384, 16384, 1536, ms=11537.967773)
16384 16384 16384 16384
LtFp8Matmul: 1170.061237 TFlops(16384, 16384, 16384, 1552, ms=11667.369141)
16384 16384 16384 16384
LtFp8Matmul: 1170.314286 TFlops(16384, 16384, 16384, 1568, ms=11785.102539)
16384 16384 16384 16384
LtFp8Matmul: 1169.713294 TFlops(16384, 16384, 16384, 1584, ms=11911.475586)
16384 16384 16384 16384
LtFp8Matmul: 1169.815892 TFlops(16384, 16384, 16384, 1600, ms=12030.738281)
16384 16384 16384 16384
LtFp8Matmul: 1170.135989 TFlops(16384, 16384, 16384, 1616, ms=12147.721680)
16384 16384 16384 16384
LtFp8Matmul: 1170.245172 TFlops(16384, 16384, 16384, 1632, ms=12266.851562)
16384 16384 16384 16384
LtFp8Matmul: 1170.168286 TFlops(16384, 16384, 16384, 1648, ms=12387.928711)
16384 16384 16384 16384
LtFp8Matmul: 1169.234211 TFlops(16384, 16384, 16384, 1664, ms=12518.192383)
16384 16384 16384 16384
LtFp8Matmul: 1169.198891 TFlops(16384, 16384, 16384, 1680, ms=12638.941406)
16384 16384 16384 16384
LtFp8Matmul: 1169.410367 TFlops(16384, 16384, 16384, 1696, ms=12757.004883)
16384 16384 16384 16384
LtFp8Matmul: 1168.973632 TFlops(16384, 16384, 16384, 1712, ms=12882.165039)
16384 16384 16384 16384
LtFp8Matmul: 1169.214992 TFlops(16384, 16384, 16384, 1728, ms=12999.875000)
16384 16384 16384 16384
LtFp8Matmul: 1168.748286 TFlops(16384, 16384, 16384, 1744, ms=13125.483398)
16384 16384 16384 16384
LtFp8Matmul: 1168.815784 TFlops(16384, 16384, 16384, 1760, ms=13245.135742)
16384 16384 16384 16384
LtFp8Matmul: 1169.692150 TFlops(16384, 16384, 16384, 1776, ms=13355.532227)
16384 16384 16384 16384
LtFp8Matmul: 1168.934403 TFlops(16384, 16384, 16384, 1792, ms=13484.587891)
16384 16384 16384 16384
LtFp8Matmul: 1170.092246 TFlops(16384, 16384, 16384, 1808, ms=13591.523438)
16384 16384 16384 16384
LtFp8Matmul: 1169.770301 TFlops(16384, 16384, 16384, 1824, ms=13715.576172)
16384 16384 16384 16384
LtFp8Matmul: 1170.034036 TFlops(16384, 16384, 16384, 1840, ms=13832.769531)
16384 16384 16384 16384
LtFp8Matmul: 1170.289161 TFlops(16384, 16384, 16384, 1856, ms=13950.012695)
16384 16384 16384 16384
LtFp8Matmul: 1169.369192 TFlops(16384, 16384, 16384, 1872, ms=14081.340820)
16384 16384 16384 16384
LtFp8Matmul: 1168.672918 TFlops(16384, 16384, 16384, 1888, ms=14210.155273)
16384 16384 16384 16384
LtFp8Matmul: 1169.019632 TFlops(16384, 16384, 16384, 1904, ms=14326.330078)
16384 16384 16384 16384
LtFp8Matmul: 1169.072317 TFlops(16384, 16384, 16384, 1920, ms=14446.068359)
16384 16384 16384 16384
LtFp8Matmul: 1168.895769 TFlops(16384, 16384, 16384, 1936, ms=14568.652344)
16384 16384 16384 16384
LtFp8Matmul: 1169.342213 TFlops(16384, 16384, 16384, 1952, ms=14683.446289)
16384 16384 16384 16384
LtFp8Matmul: 1168.782202 TFlops(16384, 16384, 16384, 1968, ms=14810.895508)
16384 16384 16384 16384
LtFp8Matmul: 1169.199094 TFlops(16384, 16384, 16384, 1984, ms=14925.985352)
16384 16384 16384 16384
LtFp8Matmul: 1168.914423 TFlops(16384, 16384, 16384, 2000, ms=15050.020508)
16384 16384 16384 16384
LtFp8Matmul: 1169.726727 TFlops(16384, 16384, 16384, 2016, ms=15159.885742)
16384 16384 16384 16384
LtFp8Matmul: 1169.421956 TFlops(16384, 16384, 16384, 2032, ms=15284.184570)
