16384 16384 16384 16384
LtFp8Matmul: 1214.833361 TFlops(16384, 16384, 16384, 1, ms=7.240576)
16384 16384 16384 16384
LtFp8Matmul: 1084.685818 TFlops(16384, 16384, 16384, 16, ms=129.749542)
16384 16384 16384 16384
LtFp8Matmul: 1071.196944 TFlops(16384, 16384, 16384, 32, ms=262.766785)
16384 16384 16384 16384
LtFp8Matmul: 1071.447146 TFlops(16384, 16384, 16384, 48, ms=394.058136)
16384 16384 16384 16384
LtFp8Matmul: 1060.113839 TFlops(16384, 16384, 16384, 64, ms=531.027832)
16384 16384 16384 16384
LtFp8Matmul: 1058.323958 TFlops(16384, 16384, 16384, 80, ms=664.907410)
16384 16384 16384 16384
LtFp8Matmul: 1057.454915 TFlops(16384, 16384, 16384, 96, ms=798.544617)
16384 16384 16384 16384
LtFp8Matmul: 1046.551437 TFlops(16384, 16384, 16384, 112, ms=941.341614)
16384 16384 16384 16384
LtFp8Matmul: 1039.259394 TFlops(16384, 16384, 16384, 128, ms=1083.367554)
16384 16384 16384 16384
LtFp8Matmul: 1036.268009 TFlops(16384, 16384, 16384, 144, ms=1222.306763)
16384 16384 16384 16384
LtFp8Matmul: 1037.463256 TFlops(16384, 16384, 16384, 160, ms=1356.553955)
16384 16384 16384 16384
LtFp8Matmul: 1039.603069 TFlops(16384, 16384, 16384, 176, ms=1489.137939)
16384 16384 16384 16384
LtFp8Matmul: 1040.508128 TFlops(16384, 16384, 16384, 192, ms=1623.101074)
16384 16384 16384 16384
LtFp8Matmul: 1039.293111 TFlops(16384, 16384, 16384, 208, ms=1760.415161)
16384 16384 16384 16384
LtFp8Matmul: 1039.493664 TFlops(16384, 16384, 16384, 224, ms=1895.465942)
16384 16384 16384 16384
LtFp8Matmul: 1035.400634 TFlops(16384, 16384, 16384, 240, ms=2038.884521)
16384 16384 16384 16384
LtFp8Matmul: 1034.298229 TFlops(16384, 16384, 16384, 256, ms=2177.128174)
16384 16384 16384 16384
LtFp8Matmul: 1032.853283 TFlops(16384, 16384, 16384, 272, ms=2316.434814)
16384 16384 16384 16384
LtFp8Matmul: 1033.616751 TFlops(16384, 16384, 16384, 288, ms=2450.884033)
16384 16384 16384 16384
LtFp8Matmul: 1036.306482 TFlops(16384, 16384, 16384, 304, ms=2580.329590)
16384 16384 16384 16384
LtFp8Matmul: 1037.730979 TFlops(16384, 16384, 16384, 320, ms=2712.407959)
16384 16384 16384 16384
LtFp8Matmul: 1033.399061 TFlops(16384, 16384, 16384, 336, ms=2859.967041)
16384 16384 16384 16384
LtFp8Matmul: 1032.911297 TFlops(16384, 16384, 16384, 352, ms=2997.570801)
16384 16384 16384 16384
LtFp8Matmul: 1031.356821 TFlops(16384, 16384, 16384, 368, ms=3138.547363)
16384 16384 16384 16384
LtFp8Matmul: 1033.387196 TFlops(16384, 16384, 16384, 384, ms=3268.571289)
16384 16384 16384 16384
LtFp8Matmul: 1032.944357 TFlops(16384, 16384, 16384, 400, ms=3406.221436)
16384 16384 16384 16384
LtFp8Matmul: 1033.481635 TFlops(16384, 16384, 16384, 416, ms=3540.628662)
16384 16384 16384 16384
LtFp8Matmul: 1033.437593 TFlops(16384, 16384, 16384, 432, ms=3676.963379)
16384 16384 16384 16384
LtFp8Matmul: 1032.464069 TFlops(16384, 16384, 16384, 448, ms=3816.742676)
16384 16384 16384 16384
LtFp8Matmul: 1031.637122 TFlops(16384, 16384, 16384, 464, ms=3956.223633)
16384 16384 16384 16384
LtFp8Matmul: 1030.152098 TFlops(16384, 16384, 16384, 480, ms=4098.544922)
16384 16384 16384 16384
LtFp8Matmul: 1029.729456 TFlops(16384, 16384, 16384, 496, ms=4236.901367)
16384 16384 16384 16384
LtFp8Matmul: 1029.987478 TFlops(16384, 16384, 16384, 512, ms=4372.479980)
16384 16384 16384 16384
LtFp8Matmul: 1028.435440 TFlops(16384, 16384, 16384, 528, ms=4515.924805)
16384 16384 16384 16384
LtFp8Matmul: 1026.978320 TFlops(16384, 16384, 16384, 544, ms=4659.372559)
16384 16384 16384 16384
LtFp8Matmul: 1025.227800 TFlops(16384, 16384, 16384, 560, ms=4804.602539)
16384 16384 16384 16384
LtFp8Matmul: 1023.526288 TFlops(16384, 16384, 16384, 576, ms=4950.092285)
16384 16384 16384 16384
LtFp8Matmul: 1023.354041 TFlops(16384, 16384, 16384, 592, ms=5088.451172)
16384 16384 16384 16384
LtFp8Matmul: 1023.370358 TFlops(16384, 16384, 16384, 608, ms=5225.893555)
16384 16384 16384 16384
LtFp8Matmul: 1023.727606 TFlops(16384, 16384, 16384, 624, ms=5361.545410)
16384 16384 16384 16384
LtFp8Matmul: 1024.370213 TFlops(16384, 16384, 16384, 640, ms=5495.571289)
16384 16384 16384 16384
LtFp8Matmul: 1024.701372 TFlops(16384, 16384, 16384, 656, ms=5631.140137)
16384 16384 16384 16384
LtFp8Matmul: 1024.074846 TFlops(16384, 16384, 16384, 672, ms=5772.014160)
16384 16384 16384 16384
LtFp8Matmul: 1023.480371 TFlops(16384, 16384, 16384, 688, ms=5912.875488)
16384 16384 16384 16384
LtFp8Matmul: 1023.521332 TFlops(16384, 16384, 16384, 704, ms=6050.142090)
16384 16384 16384 16384
LtFp8Matmul: 1024.000400 TFlops(16384, 16384, 16384, 720, ms=6184.750488)
16384 16384 16384 16384
LtFp8Matmul: 1024.043098 TFlops(16384, 16384, 16384, 736, ms=6321.925781)
16384 16384 16384 16384
LtFp8Matmul: 1023.901467 TFlops(16384, 16384, 16384, 752, ms=6460.252441)
16384 16384 16384 16384
LtFp8Matmul: 1023.212217 TFlops(16384, 16384, 16384, 768, ms=6602.148926)
16384 16384 16384 16384
LtFp8Matmul: 1022.684437 TFlops(16384, 16384, 16384, 784, ms=6743.171875)
16384 16384 16384 16384
LtFp8Matmul: 1022.646995 TFlops(16384, 16384, 16384, 800, ms=6881.039551)
16384 16384 16384 16384
LtFp8Matmul: 1021.973513 TFlops(16384, 16384, 16384, 816, ms=7023.285645)
16384 16384 16384 16384
LtFp8Matmul: 1021.649800 TFlops(16384, 16384, 16384, 832, ms=7163.266113)
16384 16384 16384 16384
LtFp8Matmul: 1021.509578 TFlops(16384, 16384, 16384, 848, ms=7302.023438)
16384 16384 16384 16384
LtFp8Matmul: 1021.054709 TFlops(16384, 16384, 16384, 864, ms=7443.111816)
16384 16384 16384 16384
LtFp8Matmul: 1020.512166 TFlops(16384, 16384, 16384, 880, ms=7584.977539)
16384 16384 16384 16384
LtFp8Matmul: 1020.406424 TFlops(16384, 16384, 16384, 896, ms=7723.686523)
16384 16384 16384 16384
LtFp8Matmul: 1019.732554 TFlops(16384, 16384, 16384, 912, ms=7866.804688)
16384 16384 16384 16384
LtFp8Matmul: 1020.239187 TFlops(16384, 16384, 16384, 928, ms=8000.843750)
16384 16384 16384 16384
LtFp8Matmul: 1019.931802 TFlops(16384, 16384, 16384, 944, ms=8141.242188)
16384 16384 16384 16384
LtFp8Matmul: 1019.458606 TFlops(16384, 16384, 16384, 960, ms=8283.072266)
16384 16384 16384 16384
LtFp8Matmul: 1019.553362 TFlops(16384, 16384, 16384, 976, ms=8420.340820)
16384 16384 16384 16384
LtFp8Matmul: 1019.391946 TFlops(16384, 16384, 16384, 992, ms=8559.734375)
16384 16384 16384 16384
LtFp8Matmul: 1019.077943 TFlops(16384, 16384, 16384, 1008, ms=8700.474609)
16384 16384 16384 16384
LtFp8Matmul: 1019.107809 TFlops(16384, 16384, 16384, 1024, ms=8838.318359)
16384 16384 16384 16384
LtFp8Matmul: 1019.009708 TFlops(16384, 16384, 16384, 1040, ms=8977.281250)
16384 16384 16384 16384
LtFp8Matmul: 1018.812881 TFlops(16384, 16384, 16384, 1056, ms=9117.154297)
16384 16384 16384 16384
LtFp8Matmul: 1018.266652 TFlops(16384, 16384, 16384, 1072, ms=9260.257812)
16384 16384 16384 16384
LtFp8Matmul: 1017.852480 TFlops(16384, 16384, 16384, 1088, ms=9402.294922)
16384 16384 16384 16384
LtFp8Matmul: 1017.615564 TFlops(16384, 16384, 16384, 1104, ms=9542.785156)
16384 16384 16384 16384
LtFp8Matmul: 1018.535469 TFlops(16384, 16384, 16384, 1120, ms=9672.342773)
16384 16384 16384 16384
LtFp8Matmul: 1017.691870 TFlops(16384, 16384, 16384, 1136, ms=9818.651367)
16384 16384 16384 16384
LtFp8Matmul: 1017.493364 TFlops(16384, 16384, 16384, 1152, ms=9958.884766)
16384 16384 16384 16384
LtFp8Matmul: 1017.853219 TFlops(16384, 16384, 16384, 1168, ms=10093.632812)
16384 16384 16384 16384
LtFp8Matmul: 1017.328061 TFlops(16384, 16384, 16384, 1184, ms=10237.183594)
16384 16384 16384 16384
LtFp8Matmul: 1016.813410 TFlops(16384, 16384, 16384, 1200, ms=10380.775391)
16384 16384 16384 16384
LtFp8Matmul: 1017.120973 TFlops(16384, 16384, 16384, 1216, ms=10516.004883)
16384 16384 16384 16384
LtFp8Matmul: 1017.716517 TFlops(16384, 16384, 16384, 1232, ms=10648.138672)
16384 16384 16384 16384
LtFp8Matmul: 1017.435882 TFlops(16384, 16384, 16384, 1248, ms=10789.401367)
16384 16384 16384 16384
LtFp8Matmul: 1017.034291 TFlops(16384, 16384, 16384, 1264, ms=10932.041992)
16384 16384 16384 16384
LtFp8Matmul: 1015.797211 TFlops(16384, 16384, 16384, 1280, ms=11083.904297)
16384 16384 16384 16384
LtFp8Matmul: 1016.597975 TFlops(16384, 16384, 16384, 1296, ms=11213.613281)
16384 16384 16384 16384
LtFp8Matmul: 1016.023491 TFlops(16384, 16384, 16384, 1312, ms=11358.471680)
16384 16384 16384 16384
LtFp8Matmul: 1015.042185 TFlops(16384, 16384, 16384, 1328, ms=11508.104492)
16384 16384 16384 16384
LtFp8Matmul: 1014.803977 TFlops(16384, 16384, 16384, 1344, ms=11649.490234)
16384 16384 16384 16384
LtFp8Matmul: 1014.976922 TFlops(16384, 16384, 16384, 1360, ms=11786.166016)
16384 16384 16384 16384
LtFp8Matmul: 1015.138752 TFlops(16384, 16384, 16384, 1376, ms=11922.925781)
16384 16384 16384 16384
LtFp8Matmul: 1015.480451 TFlops(16384, 16384, 16384, 1392, ms=12057.505859)
16384 16384 16384 16384
LtFp8Matmul: 1017.067540 TFlops(16384, 16384, 16384, 1408, ms=12177.066406)
16384 16384 16384 16384
LtFp8Matmul: 1018.462809 TFlops(16384, 16384, 16384, 1424, ms=12298.570312)
16384 16384 16384 16384
LtFp8Matmul: 1018.528042 TFlops(16384, 16384, 16384, 1440, ms=12435.959961)
16384 16384 16384 16384
LtFp8Matmul: 1018.165924 TFlops(16384, 16384, 16384, 1456, ms=12578.609375)
16384 16384 16384 16384
LtFp8Matmul: 1019.139192 TFlops(16384, 16384, 16384, 1472, ms=12704.691406)
16384 16384 16384 16384
LtFp8Matmul: 1019.881262 TFlops(16384, 16384, 16384, 1488, ms=12833.441406)
16384 16384 16384 16384
LtFp8Matmul: 1019.658630 TFlops(16384, 16384, 16384, 1504, ms=12974.267578)
16384 16384 16384 16384
LtFp8Matmul: 1018.219434 TFlops(16384, 16384, 16384, 1520, ms=13130.825195)
16384 16384 16384 16384
LtFp8Matmul: 1018.345231 TFlops(16384, 16384, 16384, 1536, ms=13267.405273)
16384 16384 16384 16384
LtFp8Matmul: 1016.791378 TFlops(16384, 16384, 16384, 1552, ms=13426.093750)
16384 16384 16384 16384
LtFp8Matmul: 1017.342840 TFlops(16384, 16384, 16384, 1568, ms=13557.154297)
16384 16384 16384 16384
LtFp8Matmul: 1012.260989 TFlops(16384, 16384, 16384, 1584, ms=13764.248047)
16384 16384 16384 16384
LtFp8Matmul: 1011.950771 TFlops(16384, 16384, 16384, 1600, ms=13907.542969)
16384 16384 16384 16384
LtFp8Matmul: 1012.164498 TFlops(16384, 16384, 16384, 1616, ms=14043.652344)
16384 16384 16384 16384
LtFp8Matmul: 1012.258047 TFlops(16384, 16384, 16384, 1632, ms=14181.387695)
16384 16384 16384 16384
LtFp8Matmul: 1011.852316 TFlops(16384, 16384, 16384, 1648, ms=14326.163086)
16384 16384 16384 16384
LtFp8Matmul: 1011.681711 TFlops(16384, 16384, 16384, 1664, ms=14467.691406)
16384 16384 16384 16384
LtFp8Matmul: 1011.578446 TFlops(16384, 16384, 16384, 1680, ms=14608.294922)
16384 16384 16384 16384
LtFp8Matmul: 1011.313697 TFlops(16384, 16384, 16384, 1696, ms=14751.282227)
16384 16384 16384 16384
LtFp8Matmul: 1010.904832 TFlops(16384, 16384, 16384, 1712, ms=14896.467773)
16384 16384 16384 16384
LtFp8Matmul: 1011.111276 TFlops(16384, 16384, 16384, 1728, ms=15032.617188)
16384 16384 16384 16384
LtFp8Matmul: 1010.787302 TFlops(16384, 16384, 16384, 1744, ms=15176.670898)
16384 16384 16384 16384
LtFp8Matmul: 1011.052268 TFlops(16384, 16384, 16384, 1760, ms=15311.892578)
16384 16384 16384 16384
LtFp8Matmul: 1010.158546 TFlops(16384, 16384, 16384, 1776, ms=15464.761719)
16384 16384 16384 16384
LtFp8Matmul: 1010.102847 TFlops(16384, 16384, 16384, 1792, ms=15604.944336)
16384 16384 16384 16384
LtFp8Matmul: 1010.290326 TFlops(16384, 16384, 16384, 1808, ms=15741.352539)
16384 16384 16384 16384
LtFp8Matmul: 1010.302459 TFlops(16384, 16384, 16384, 1824, ms=15880.465820)
16384 16384 16384 16384
LtFp8Matmul: 1010.584770 TFlops(16384, 16384, 16384, 1840, ms=16015.292969)
16384 16384 16384 16384
LtFp8Matmul: 1019.346296 TFlops(16384, 16384, 16384, 1856, ms=16015.704102)
16384 16384 16384 16384
LtFp8Matmul: 1019.336190 TFlops(16384, 16384, 16384, 1872, ms=16153.930664)
16384 16384 16384 16384
LtFp8Matmul: 1018.925665 TFlops(16384, 16384, 16384, 1888, ms=16298.562500)
16384 16384 16384 16384
LtFp8Matmul: 1018.757782 TFlops(16384, 16384, 16384, 1904, ms=16439.394531)
16384 16384 16384 16384
LtFp8Matmul: 1018.581953 TFlops(16384, 16384, 16384, 1920, ms=16580.402344)
16384 16384 16384 16384
LtFp8Matmul: 1018.627179 TFlops(16384, 16384, 16384, 1936, ms=16717.830078)
16384 16384 16384 16384
LtFp8Matmul: 1018.262941 TFlops(16384, 16384, 16384, 1952, ms=16862.023438)
16384 16384 16384 16384
LtFp8Matmul: 1018.517358 TFlops(16384, 16384, 16384, 1968, ms=16995.990234)
16384 16384 16384 16384
LtFp8Matmul: 1018.536925 TFlops(16384, 16384, 16384, 1984, ms=17133.839844)
16384 16384 16384 16384
LtFp8Matmul: 1017.867405 TFlops(16384, 16384, 16384, 2000, ms=17283.376953)
16384 16384 16384 16384
LtFp8Matmul: 1017.691783 TFlops(16384, 16384, 16384, 2016, ms=17424.650391)
16384 16384 16384 16384
LtFp8Matmul: 1017.370687 TFlops(16384, 16384, 16384, 2032, ms=17568.484375)
