16384 16384 16384 16384
LtFp8Matmul: 816.390603 TFlops(16384, 16384, 16384, 1, ms=10.774368)
16384 16384 16384 16384
LtFp8Matmul: 722.449172 TFlops(16384, 16384, 16384, 16, ms=194.806076)
16384 16384 16384 16384
LtFp8Matmul: 715.072619 TFlops(16384, 16384, 16384, 32, ms=393.631317)
16384 16384 16384 16384
LtFp8Matmul: 715.159353 TFlops(16384, 16384, 16384, 48, ms=590.375366)
16384 16384 16384 16384
LtFp8Matmul: 699.598692 TFlops(16384, 16384, 16384, 64, ms=804.675537)
16384 16384 16384 16384
LtFp8Matmul: 681.936078 TFlops(16384, 16384, 16384, 80, ms=1031.896484)
16384 16384 16384 16384
LtFp8Matmul: 671.025919 TFlops(16384, 16384, 16384, 96, ms=1258.408813)
16384 16384 16384 16384
LtFp8Matmul: 671.389971 TFlops(16384, 16384, 16384, 112, ms=1467.347534)
16384 16384 16384 16384
LtFp8Matmul: 672.315750 TFlops(16384, 16384, 16384, 128, ms=1674.659424)
16384 16384 16384 16384
LtFp8Matmul: 669.448831 TFlops(16384, 16384, 16384, 144, ms=1892.060059)
16384 16384 16384 16384
LtFp8Matmul: 663.509480 TFlops(16384, 16384, 16384, 160, ms=2121.107422)
16384 16384 16384 16384
LtFp8Matmul: 661.324221 TFlops(16384, 16384, 16384, 176, ms=2340.927979)
16384 16384 16384 16384
LtFp8Matmul: 663.842062 TFlops(16384, 16384, 16384, 192, ms=2544.053711)
16384 16384 16384 16384
LtFp8Matmul: 665.074690 TFlops(16384, 16384, 16384, 208, ms=2750.950195)
16384 16384 16384 16384
LtFp8Matmul: 663.810210 TFlops(16384, 16384, 16384, 224, ms=2968.205078)
16384 16384 16384 16384
LtFp8Matmul: 661.467785 TFlops(16384, 16384, 16384, 240, ms=3191.481689)
16384 16384 16384 16384
LtFp8Matmul: 661.072922 TFlops(16384, 16384, 16384, 256, ms=3406.280518)
16384 16384 16384 16384
LtFp8Matmul: 662.171132 TFlops(16384, 16384, 16384, 272, ms=3613.170654)
16384 16384 16384 16384
LtFp8Matmul: 661.778485 TFlops(16384, 16384, 16384, 288, ms=3827.979980)
16384 16384 16384 16384
LtFp8Matmul: 660.850929 TFlops(16384, 16384, 16384, 304, ms=4046.316895)
16384 16384 16384 16384
LtFp8Matmul: 658.309340 TFlops(16384, 16384, 16384, 320, ms=4275.725098)
16384 16384 16384 16384
LtFp8Matmul: 659.240158 TFlops(16384, 16384, 16384, 336, ms=4483.172363)
16384 16384 16384 16384
LtFp8Matmul: 660.082596 TFlops(16384, 16384, 16384, 352, ms=4690.662598)
16384 16384 16384 16384
LtFp8Matmul: 658.320633 TFlops(16384, 16384, 16384, 368, ms=4916.999512)
16384 16384 16384 16384
LtFp8Matmul: 655.531136 TFlops(16384, 16384, 16384, 384, ms=5152.615234)
16384 16384 16384 16384
LtFp8Matmul: 656.041887 TFlops(16384, 16384, 16384, 400, ms=5363.128906)
16384 16384 16384 16384
LtFp8Matmul: 656.032613 TFlops(16384, 16384, 16384, 416, ms=5577.732910)
16384 16384 16384 16384
LtFp8Matmul: 655.631843 TFlops(16384, 16384, 16384, 432, ms=5795.801758)
16384 16384 16384 16384
LtFp8Matmul: 653.962237 TFlops(16384, 16384, 16384, 448, ms=6025.806152)
16384 16384 16384 16384
LtFp8Matmul: 653.396935 TFlops(16384, 16384, 16384, 464, ms=6246.413086)
16384 16384 16384 16384
LtFp8Matmul: 653.996334 TFlops(16384, 16384, 16384, 480, ms=6455.884277)
16384 16384 16384 16384
LtFp8Matmul: 653.692736 TFlops(16384, 16384, 16384, 496, ms=6674.178711)
16384 16384 16384 16384
LtFp8Matmul: 653.420681 TFlops(16384, 16384, 16384, 512, ms=6892.343262)
16384 16384 16384 16384
LtFp8Matmul: 653.767984 TFlops(16384, 16384, 16384, 528, ms=7103.953125)
16384 16384 16384 16384
LtFp8Matmul: 651.997674 TFlops(16384, 16384, 16384, 544, ms=7339.097656)
16384 16384 16384 16384
LtFp8Matmul: 650.684144 TFlops(16384, 16384, 16384, 560, ms=7570.204590)
16384 16384 16384 16384
LtFp8Matmul: 650.454261 TFlops(16384, 16384, 16384, 576, ms=7789.248047)
16384 16384 16384 16384
LtFp8Matmul: 649.270548 TFlops(16384, 16384, 16384, 592, ms=8020.211426)
16384 16384 16384 16384
LtFp8Matmul: 648.765381 TFlops(16384, 16384, 16384, 608, ms=8243.387695)
16384 16384 16384 16384
LtFp8Matmul: 649.677771 TFlops(16384, 16384, 16384, 624, ms=8448.437500)
16384 16384 16384 16384
LtFp8Matmul: 649.949576 TFlops(16384, 16384, 16384, 640, ms=8661.440430)
16384 16384 16384 16384
LtFp8Matmul: 649.116951 TFlops(16384, 16384, 16384, 656, ms=8889.364258)
16384 16384 16384 16384
LtFp8Matmul: 649.356248 TFlops(16384, 16384, 16384, 672, ms=9102.822266)
16384 16384 16384 16384
LtFp8Matmul: 650.233526 TFlops(16384, 16384, 16384, 688, ms=9306.982422)
16384 16384 16384 16384
LtFp8Matmul: 650.868180 TFlops(16384, 16384, 16384, 704, ms=9514.137695)
16384 16384 16384 16384
LtFp8Matmul: 650.731484 TFlops(16384, 16384, 16384, 720, ms=9732.412109)
16384 16384 16384 16384
LtFp8Matmul: 649.982219 TFlops(16384, 16384, 16384, 736, ms=9960.156250)
16384 16384 16384 16384
LtFp8Matmul: 649.293402 TFlops(16384, 16384, 16384, 752, ms=10187.477539)
16384 16384 16384 16384
LtFp8Matmul: 649.758064 TFlops(16384, 16384, 16384, 768, ms=10396.791992)
16384 16384 16384 16384
LtFp8Matmul: 649.927854 TFlops(16384, 16384, 16384, 784, ms=10610.619141)
16384 16384 16384 16384
LtFp8Matmul: 648.932729 TFlops(16384, 16384, 16384, 800, ms=10843.765625)
16384 16384 16384 16384
LtFp8Matmul: 649.282724 TFlops(16384, 16384, 16384, 816, ms=11054.678711)
16384 16384 16384 16384
LtFp8Matmul: 648.739797 TFlops(16384, 16384, 16384, 832, ms=11280.870117)
16384 16384 16384 16384
LtFp8Matmul: 647.965314 TFlops(16384, 16384, 16384, 848, ms=11511.552734)
16384 16384 16384 16384
LtFp8Matmul: 648.110469 TFlops(16384, 16384, 16384, 864, ms=11726.125000)
16384 16384 16384 16384
LtFp8Matmul: 647.681507 TFlops(16384, 16384, 16384, 880, ms=11951.185547)
16384 16384 16384 16384
LtFp8Matmul: 647.297630 TFlops(16384, 16384, 16384, 896, ms=12175.696289)
16384 16384 16384 16384
LtFp8Matmul: 646.913235 TFlops(16384, 16384, 16384, 912, ms=12400.483398)
16384 16384 16384 16384
LtFp8Matmul: 650.302766 TFlops(16384, 16384, 16384, 928, ms=12552.267578)
16384 16384 16384 16384
LtFp8Matmul: 650.111461 TFlops(16384, 16384, 16384, 944, ms=12772.443359)
16384 16384 16384 16384
LtFp8Matmul: 649.923269 TFlops(16384, 16384, 16384, 960, ms=12992.686523)
16384 16384 16384 16384
LtFp8Matmul: 649.274288 TFlops(16384, 16384, 16384, 976, ms=13222.434570)
16384 16384 16384 16384
LtFp8Matmul: 648.806956 TFlops(16384, 16384, 16384, 992, ms=13448.875977)
16384 16384 16384 16384
LtFp8Matmul: 648.509777 TFlops(16384, 16384, 16384, 1008, ms=13672.055664)
16384 16384 16384 16384
LtFp8Matmul: 647.445322 TFlops(16384, 16384, 16384, 1024, ms=13911.907227)
16384 16384 16384 16384
LtFp8Matmul: 647.427580 TFlops(16384, 16384, 16384, 1040, ms=14129.667969)
16384 16384 16384 16384
LtFp8Matmul: 647.351774 TFlops(16384, 16384, 16384, 1056, ms=14348.727539)
16384 16384 16384 16384
LtFp8Matmul: 646.950467 TFlops(16384, 16384, 16384, 1072, ms=14575.167969)
16384 16384 16384 16384
LtFp8Matmul: 646.363309 TFlops(16384, 16384, 16384, 1088, ms=14806.145508)
16384 16384 16384 16384
LtFp8Matmul: 646.547389 TFlops(16384, 16384, 16384, 1104, ms=15019.605469)
16384 16384 16384 16384
LtFp8Matmul: 646.418530 TFlops(16384, 16384, 16384, 1120, ms=15240.318359)
16384 16384 16384 16384
LtFp8Matmul: 646.402934 TFlops(16384, 16384, 16384, 1136, ms=15458.410156)
16384 16384 16384 16384
LtFp8Matmul: 645.802625 TFlops(16384, 16384, 16384, 1152, ms=15690.706055)
16384 16384 16384 16384
LtFp8Matmul: 645.383304 TFlops(16384, 16384, 16384, 1168, ms=15918.968750)
16384 16384 16384 16384
LtFp8Matmul: 645.442937 TFlops(16384, 16384, 16384, 1184, ms=16135.545898)
16384 16384 16384 16384
LtFp8Matmul: 645.832767 TFlops(16384, 16384, 16384, 1200, ms=16343.722656)
16384 16384 16384 16384
LtFp8Matmul: 645.317335 TFlops(16384, 16384, 16384, 1216, ms=16574.867188)
16384 16384 16384 16384
LtFp8Matmul: 645.449702 TFlops(16384, 16384, 16384, 1232, ms=16789.513672)
16384 16384 16384 16384
LtFp8Matmul: 644.955044 TFlops(16384, 16384, 16384, 1248, ms=17020.603516)
16384 16384 16384 16384
LtFp8Matmul: 644.473492 TFlops(16384, 16384, 16384, 1264, ms=17251.697266)
16384 16384 16384 16384
LtFp8Matmul: 644.139022 TFlops(16384, 16384, 16384, 1280, ms=17479.144531)
16384 16384 16384 16384
LtFp8Matmul: 643.366411 TFlops(16384, 16384, 16384, 1296, ms=17718.886719)
16384 16384 16384 16384
LtFp8Matmul: 643.515017 TFlops(16384, 16384, 16384, 1312, ms=17933.496094)
16384 16384 16384 16384
LtFp8Matmul: 643.524988 TFlops(16384, 16384, 16384, 1328, ms=18151.916016)
16384 16384 16384 16384
LtFp8Matmul: 643.074377 TFlops(16384, 16384, 16384, 1344, ms=18383.486328)
16384 16384 16384 16384
LtFp8Matmul: 642.403654 TFlops(16384, 16384, 16384, 1360, ms=18621.759766)
16384 16384 16384 16384
LtFp8Matmul: 642.347501 TFlops(16384, 16384, 16384, 1376, ms=18842.486328)
16384 16384 16384 16384
LtFp8Matmul: 642.186323 TFlops(16384, 16384, 16384, 1392, ms=19066.369141)
16384 16384 16384 16384
LtFp8Matmul: 639.944400 TFlops(16384, 16384, 16384, 1408, ms=19353.085938)
16384 16384 16384 16384
LtFp8Matmul: 638.579403 TFlops(16384, 16384, 16384, 1424, ms=19614.845703)
16384 16384 16384 16384
LtFp8Matmul: 637.829096 TFlops(16384, 16384, 16384, 1440, ms=19858.570312)
16384 16384 16384 16384
LtFp8Matmul: 638.188536 TFlops(16384, 16384, 16384, 1456, ms=20067.912109)
16384 16384 16384 16384
LtFp8Matmul: 638.935351 TFlops(16384, 16384, 16384, 1472, ms=20264.724609)
16384 16384 16384 16384
LtFp8Matmul: 638.717372 TFlops(16384, 16384, 16384, 1488, ms=20491.984375)
16384 16384 16384 16384
LtFp8Matmul: 638.659261 TFlops(16384, 16384, 16384, 1504, ms=20714.212891)
16384 16384 16384 16384
LtFp8Matmul: 638.990865 TFlops(16384, 16384, 16384, 1520, ms=20923.712891)
16384 16384 16384 16384
LtFp8Matmul: 639.539669 TFlops(16384, 16384, 16384, 1536, ms=21125.818359)
16384 16384 16384 16384
LtFp8Matmul: 640.297077 TFlops(16384, 16384, 16384, 1552, ms=21320.628906)
16384 16384 16384 16384
LtFp8Matmul: 640.551920 TFlops(16384, 16384, 16384, 1568, ms=21531.859375)
16384 16384 16384 16384
LtFp8Matmul: 640.728083 TFlops(16384, 16384, 16384, 1584, ms=21745.591797)
16384 16384 16384 16384
LtFp8Matmul: 641.313446 TFlops(16384, 16384, 16384, 1600, ms=21945.195312)
16384 16384 16384 16384
LtFp8Matmul: 641.072819 TFlops(16384, 16384, 16384, 1616, ms=22172.966797)
16384 16384 16384 16384
LtFp8Matmul: 640.773003 TFlops(16384, 16384, 16384, 1632, ms=22402.978516)
16384 16384 16384 16384
LtFp8Matmul: 640.787672 TFlops(16384, 16384, 16384, 1648, ms=22622.097656)
16384 16384 16384 16384
LtFp8Matmul: 640.659244 TFlops(16384, 16384, 16384, 1664, ms=22846.308594)
16384 16384 16384 16384
LtFp8Matmul: 639.986467 TFlops(16384, 16384, 16384, 1680, ms=23090.232422)
16384 16384 16384 16384
LtFp8Matmul: 639.974851 TFlops(16384, 16384, 16384, 1696, ms=23310.562500)
16384 16384 16384 16384
LtFp8Matmul: 639.929352 TFlops(16384, 16384, 16384, 1712, ms=23532.146484)
16384 16384 16384 16384
LtFp8Matmul: 639.664379 TFlops(16384, 16384, 16384, 1728, ms=23761.912109)
16384 16384 16384 16384
LtFp8Matmul: 639.206220 TFlops(16384, 16384, 16384, 1744, ms=23999.119141)
16384 16384 16384 16384
LtFp8Matmul: 639.244615 TFlops(16384, 16384, 16384, 1760, ms=24217.839844)
16384 16384 16384 16384
LtFp8Matmul: 639.453693 TFlops(16384, 16384, 16384, 1776, ms=24430.011719)
16384 16384 16384 16384
LtFp8Matmul: 639.340786 TFlops(16384, 16384, 16384, 1792, ms=24654.455078)
16384 16384 16384 16384
LtFp8Matmul: 639.588223 TFlops(16384, 16384, 16384, 1808, ms=24864.960938)
16384 16384 16384 16384
LtFp8Matmul: 639.512712 TFlops(16384, 16384, 16384, 1824, ms=25087.966797)
16384 16384 16384 16384
LtFp8Matmul: 639.238904 TFlops(16384, 16384, 16384, 1840, ms=25318.876953)
16384 16384 16384 16384
LtFp8Matmul: 639.417685 TFlops(16384, 16384, 16384, 1856, ms=25531.900391)
16384 16384 16384 16384
LtFp8Matmul: 639.160011 TFlops(16384, 16384, 16384, 1872, ms=25762.384766)
16384 16384 16384 16384
LtFp8Matmul: 638.858327 TFlops(16384, 16384, 16384, 1888, ms=25994.845703)
16384 16384 16384 16384
LtFp8Matmul: 638.618535 TFlops(16384, 16384, 16384, 1904, ms=26224.984375)
16384 16384 16384 16384
LtFp8Matmul: 638.664503 TFlops(16384, 16384, 16384, 1920, ms=26443.458984)
16384 16384 16384 16384
LtFp8Matmul: 638.722071 TFlops(16384, 16384, 16384, 1936, ms=26661.417969)
16384 16384 16384 16384
LtFp8Matmul: 638.443900 TFlops(16384, 16384, 16384, 1952, ms=26893.472656)
16384 16384 16384 16384
LtFp8Matmul: 638.372137 TFlops(16384, 16384, 16384, 1968, ms=27116.958984)
16384 16384 16384 16384
LtFp8Matmul: 638.453883 TFlops(16384, 16384, 16384, 1984, ms=27333.921875)
16384 16384 16384 16384
LtFp8Matmul: 638.528185 TFlops(16384, 16384, 16384, 2000, ms=27551.150391)
16384 16384 16384 16384
LtFp8Matmul: 637.458666 TFlops(16384, 16384, 16384, 2016, ms=27818.154297)
16384 16384 16384 16384
LtFp8Matmul: 634.303168 TFlops(16384, 16384, 16384, 2032, ms=28178.419922)
