16384 16384 16384 16384
LtFp8Matmul: 967.675511 TFlops(16384, 16384, 16384, 1, ms=9.089920)
16384 16384 16384 16384
LtFp8Matmul: 874.235043 TFlops(16384, 16384, 16384, 16, ms=160.983582)
16384 16384 16384 16384
LtFp8Matmul: 847.099985 TFlops(16384, 16384, 16384, 32, ms=332.280701)
16384 16384 16384 16384
LtFp8Matmul: 839.692180 TFlops(16384, 16384, 16384, 48, ms=502.818146)
16384 16384 16384 16384
LtFp8Matmul: 830.119704 TFlops(16384, 16384, 16384, 64, ms=678.155151)
16384 16384 16384 16384
LtFp8Matmul: 826.145572 TFlops(16384, 16384, 16384, 80, ms=851.771729)
16384 16384 16384 16384
LtFp8Matmul: 798.631523 TFlops(16384, 16384, 16384, 96, ms=1057.339844)
16384 16384 16384 16384
LtFp8Matmul: 790.001328 TFlops(16384, 16384, 16384, 112, ms=1247.038940)
16384 16384 16384 16384
LtFp8Matmul: 787.815434 TFlops(16384, 16384, 16384, 128, ms=1429.141724)
16384 16384 16384 16384
LtFp8Matmul: 790.906294 TFlops(16384, 16384, 16384, 144, ms=1601.501221)
16384 16384 16384 16384
LtFp8Matmul: 791.669657 TFlops(16384, 16384, 16384, 160, ms=1777.729980)
16384 16384 16384 16384
LtFp8Matmul: 787.585358 TFlops(16384, 16384, 16384, 176, ms=1965.643921)
16384 16384 16384 16384
LtFp8Matmul: 782.016889 TFlops(16384, 16384, 16384, 192, ms=2159.607910)
16384 16384 16384 16384
LtFp8Matmul: 777.656689 TFlops(16384, 16384, 16384, 208, ms=2352.692871)
16384 16384 16384 16384
LtFp8Matmul: 779.211012 TFlops(16384, 16384, 16384, 224, ms=2528.615234)
16384 16384 16384 16384
LtFp8Matmul: 780.362855 TFlops(16384, 16384, 16384, 240, ms=2705.231689)
16384 16384 16384 16384
LtFp8Matmul: 785.713358 TFlops(16384, 16384, 16384, 256, ms=2865.930420)
16384 16384 16384 16384
LtFp8Matmul: 791.149437 TFlops(16384, 16384, 16384, 272, ms=3024.128174)
16384 16384 16384 16384
LtFp8Matmul: 786.948129 TFlops(16384, 16384, 16384, 288, ms=3219.112793)
16384 16384 16384 16384
LtFp8Matmul: 787.701136 TFlops(16384, 16384, 16384, 304, ms=3394.704102)
16384 16384 16384 16384
LtFp8Matmul: 786.699670 TFlops(16384, 16384, 16384, 320, ms=3577.921631)
16384 16384 16384 16384
LtFp8Matmul: 786.640439 TFlops(16384, 16384, 16384, 336, ms=3757.100586)
16384 16384 16384 16384
LtFp8Matmul: 786.472457 TFlops(16384, 16384, 16384, 352, ms=3936.850830)
16384 16384 16384 16384
LtFp8Matmul: 783.493352 TFlops(16384, 16384, 16384, 368, ms=4131.448242)
16384 16384 16384 16384
LtFp8Matmul: 783.453822 TFlops(16384, 16384, 16384, 384, ms=4311.293945)
16384 16384 16384 16384
LtFp8Matmul: 783.141166 TFlops(16384, 16384, 16384, 400, ms=4492.724121)
16384 16384 16384 16384
LtFp8Matmul: 783.212453 TFlops(16384, 16384, 16384, 416, ms=4672.007812)
16384 16384 16384 16384
LtFp8Matmul: 781.934013 TFlops(16384, 16384, 16384, 432, ms=4859.632812)
16384 16384 16384 16384
LtFp8Matmul: 780.545683 TFlops(16384, 16384, 16384, 448, ms=5048.583008)
16384 16384 16384 16384
LtFp8Matmul: 779.724715 TFlops(16384, 16384, 16384, 464, ms=5234.395020)
16384 16384 16384 16384
LtFp8Matmul: 779.177630 TFlops(16384, 16384, 16384, 480, ms=5418.693359)
16384 16384 16384 16384
LtFp8Matmul: 779.679685 TFlops(16384, 16384, 16384, 496, ms=5595.710938)
16384 16384 16384 16384
LtFp8Matmul: 779.097877 TFlops(16384, 16384, 16384, 512, ms=5780.531250)
16384 16384 16384 16384
LtFp8Matmul: 778.187266 TFlops(16384, 16384, 16384, 528, ms=5968.148438)
16384 16384 16384 16384
LtFp8Matmul: 778.348021 TFlops(16384, 16384, 16384, 544, ms=6147.731445)
16384 16384 16384 16384
LtFp8Matmul: 778.480967 TFlops(16384, 16384, 16384, 560, ms=6327.466309)
16384 16384 16384 16384
LtFp8Matmul: 780.021134 TFlops(16384, 16384, 16384, 576, ms=6495.400391)
16384 16384 16384 16384
LtFp8Matmul: 779.803149 TFlops(16384, 16384, 16384, 592, ms=6677.694336)
16384 16384 16384 16384
LtFp8Matmul: 781.570415 TFlops(16384, 16384, 16384, 608, ms=6842.665039)
16384 16384 16384 16384
LtFp8Matmul: 781.055631 TFlops(16384, 16384, 16384, 624, ms=7027.363770)
16384 16384 16384 16384
LtFp8Matmul: 780.382505 TFlops(16384, 16384, 16384, 640, ms=7213.769531)
16384 16384 16384 16384
LtFp8Matmul: 780.989580 TFlops(16384, 16384, 16384, 656, ms=7388.366211)
16384 16384 16384 16384
LtFp8Matmul: 780.849983 TFlops(16384, 16384, 16384, 672, ms=7569.923340)
16384 16384 16384 16384
LtFp8Matmul: 780.776535 TFlops(16384, 16384, 16384, 688, ms=7750.888672)
16384 16384 16384 16384
LtFp8Matmul: 780.122611 TFlops(16384, 16384, 16384, 704, ms=7937.790039)
16384 16384 16384 16384
LtFp8Matmul: 778.151219 TFlops(16384, 16384, 16384, 720, ms=8138.761230)
16384 16384 16384 16384
LtFp8Matmul: 777.545426 TFlops(16384, 16384, 16384, 736, ms=8326.104492)
16384 16384 16384 16384
LtFp8Matmul: 777.824306 TFlops(16384, 16384, 16384, 752, ms=8504.056641)
16384 16384 16384 16384
LtFp8Matmul: 776.976328 TFlops(16384, 16384, 16384, 768, ms=8694.472656)
16384 16384 16384 16384
LtFp8Matmul: 776.152157 TFlops(16384, 16384, 16384, 784, ms=8885.032227)
16384 16384 16384 16384
LtFp8Matmul: 774.742529 TFlops(16384, 16384, 16384, 800, ms=9082.855469)
16384 16384 16384 16384
LtFp8Matmul: 771.940563 TFlops(16384, 16384, 16384, 816, ms=9298.140625)
16384 16384 16384 16384
LtFp8Matmul: 768.522665 TFlops(16384, 16384, 16384, 832, ms=9522.620117)
16384 16384 16384 16384
LtFp8Matmul: 767.289618 TFlops(16384, 16384, 16384, 848, ms=9721.344727)
16384 16384 16384 16384
LtFp8Matmul: 768.376955 TFlops(16384, 16384, 16384, 864, ms=9890.750000)
16384 16384 16384 16384
LtFp8Matmul: 769.364191 TFlops(16384, 16384, 16384, 880, ms=10060.985352)
16384 16384 16384 16384
LtFp8Matmul: 769.608671 TFlops(16384, 16384, 16384, 896, ms=10240.658203)
16384 16384 16384 16384
LtFp8Matmul: 769.860376 TFlops(16384, 16384, 16384, 912, ms=10420.119141)
16384 16384 16384 16384
LtFp8Matmul: 769.220376 TFlops(16384, 16384, 16384, 928, ms=10611.750000)
16384 16384 16384 16384
LtFp8Matmul: 769.884219 TFlops(16384, 16384, 16384, 944, ms=10785.403320)
16384 16384 16384 16384
LtFp8Matmul: 770.903406 TFlops(16384, 16384, 16384, 960, ms=10953.706055)
16384 16384 16384 16384
LtFp8Matmul: 771.183397 TFlops(16384, 16384, 16384, 976, ms=11132.224609)
16384 16384 16384 16384
LtFp8Matmul: 771.402733 TFlops(16384, 16384, 16384, 992, ms=11311.502930)
16384 16384 16384 16384
LtFp8Matmul: 771.976921 TFlops(16384, 16384, 16384, 1008, ms=11485.397461)
16384 16384 16384 16384
LtFp8Matmul: 771.596493 TFlops(16384, 16384, 16384, 1024, ms=11673.458008)
16384 16384 16384 16384
LtFp8Matmul: 771.123057 TFlops(16384, 16384, 16384, 1040, ms=11863.134766)
16384 16384 16384 16384
LtFp8Matmul: 771.290137 TFlops(16384, 16384, 16384, 1056, ms=12043.035156)
16384 16384 16384 16384
LtFp8Matmul: 770.622095 TFlops(16384, 16384, 16384, 1072, ms=12236.103516)
16384 16384 16384 16384
LtFp8Matmul: 771.474358 TFlops(16384, 16384, 16384, 1088, ms=12405.012695)
16384 16384 16384 16384
LtFp8Matmul: 770.768975 TFlops(16384, 16384, 16384, 1104, ms=12598.958984)
16384 16384 16384 16384
LtFp8Matmul: 771.387216 TFlops(16384, 16384, 16384, 1120, ms=12771.308594)
16384 16384 16384 16384
LtFp8Matmul: 770.526806 TFlops(16384, 16384, 16384, 1136, ms=12968.220703)
16384 16384 16384 16384
LtFp8Matmul: 770.384909 TFlops(16384, 16384, 16384, 1152, ms=13153.293945)
16384 16384 16384 16384
LtFp8Matmul: 769.546957 TFlops(16384, 16384, 16384, 1168, ms=13350.500000)
16384 16384 16384 16384
LtFp8Matmul: 769.727904 TFlops(16384, 16384, 16384, 1184, ms=13530.202148)
16384 16384 16384 16384
LtFp8Matmul: 768.740068 TFlops(16384, 16384, 16384, 1200, ms=13730.664062)
16384 16384 16384 16384
LtFp8Matmul: 768.616170 TFlops(16384, 16384, 16384, 1216, ms=13915.982422)
16384 16384 16384 16384
LtFp8Matmul: 768.289619 TFlops(16384, 16384, 16384, 1232, ms=14105.080078)
16384 16384 16384 16384
LtFp8Matmul: 767.828657 TFlops(16384, 16384, 16384, 1248, ms=14296.840820)
16384 16384 16384 16384
LtFp8Matmul: 768.465598 TFlops(16384, 16384, 16384, 1264, ms=14468.131836)
16384 16384 16384 16384
LtFp8Matmul: 768.198639 TFlops(16384, 16384, 16384, 1280, ms=14656.364258)
16384 16384 16384 16384
LtFp8Matmul: 767.802172 TFlops(16384, 16384, 16384, 1296, ms=14847.231445)
16384 16384 16384 16384
LtFp8Matmul: 767.190630 TFlops(16384, 16384, 16384, 1312, ms=15042.511719)
16384 16384 16384 16384
LtFp8Matmul: 767.717051 TFlops(16384, 16384, 16384, 1328, ms=15215.516602)
16384 16384 16384 16384
LtFp8Matmul: 768.084139 TFlops(16384, 16384, 16384, 1344, ms=15391.476562)
16384 16384 16384 16384
LtFp8Matmul: 768.129337 TFlops(16384, 16384, 16384, 1360, ms=15573.791992)
16384 16384 16384 16384
LtFp8Matmul: 766.470121 TFlops(16384, 16384, 16384, 1376, ms=15791.123047)
16384 16384 16384 16384
LtFp8Matmul: 766.741161 TFlops(16384, 16384, 16384, 1392, ms=15969.093750)
16384 16384 16384 16384
LtFp8Matmul: 766.697639 TFlops(16384, 16384, 16384, 1408, ms=16153.563477)
16384 16384 16384 16384
LtFp8Matmul: 766.668755 TFlops(16384, 16384, 16384, 1424, ms=16337.742188)
16384 16384 16384 16384
LtFp8Matmul: 766.999252 TFlops(16384, 16384, 16384, 1440, ms=16514.193359)
16384 16384 16384 16384
LtFp8Matmul: 766.502137 TFlops(16384, 16384, 16384, 1456, ms=16708.513672)
16384 16384 16384 16384
LtFp8Matmul: 766.002202 TFlops(16384, 16384, 16384, 1472, ms=16903.148438)
16384 16384 16384 16384
LtFp8Matmul: 766.044556 TFlops(16384, 16384, 16384, 1488, ms=17085.933594)
16384 16384 16384 16384
LtFp8Matmul: 765.837334 TFlops(16384, 16384, 16384, 1504, ms=17274.326172)
16384 16384 16384 16384
LtFp8Matmul: 765.368016 TFlops(16384, 16384, 16384, 1520, ms=17468.800781)
16384 16384 16384 16384
LtFp8Matmul: 764.964944 TFlops(16384, 16384, 16384, 1536, ms=17661.984375)
16384 16384 16384 16384
LtFp8Matmul: 764.388565 TFlops(16384, 16384, 16384, 1552, ms=17859.419922)
16384 16384 16384 16384
LtFp8Matmul: 765.315919 TFlops(16384, 16384, 16384, 1568, ms=18021.673828)
16384 16384 16384 16384
LtFp8Matmul: 763.437970 TFlops(16384, 16384, 16384, 1584, ms=18250.351562)
16384 16384 16384 16384
LtFp8Matmul: 763.439722 TFlops(16384, 16384, 16384, 1600, ms=18434.656250)
16384 16384 16384 16384
LtFp8Matmul: 762.576782 TFlops(16384, 16384, 16384, 1616, ms=18640.072266)
16384 16384 16384 16384
LtFp8Matmul: 762.347422 TFlops(16384, 16384, 16384, 1632, ms=18830.291016)
16384 16384 16384 16384
LtFp8Matmul: 762.153798 TFlops(16384, 16384, 16384, 1648, ms=19019.732422)
16384 16384 16384 16384
LtFp8Matmul: 759.180718 TFlops(16384, 16384, 16384, 1664, ms=19279.597656)
16384 16384 16384 16384
LtFp8Matmul: 757.516484 TFlops(16384, 16384, 16384, 1680, ms=19507.742188)
16384 16384 16384 16384
LtFp8Matmul: 756.769738 TFlops(16384, 16384, 16384, 1696, ms=19712.962891)
16384 16384 16384 16384
LtFp8Matmul: 758.073739 TFlops(16384, 16384, 16384, 1712, ms=19864.705078)
16384 16384 16384 16384
LtFp8Matmul: 758.833664 TFlops(16384, 16384, 16384, 1728, ms=20030.277344)
16384 16384 16384 16384
LtFp8Matmul: 758.542158 TFlops(16384, 16384, 16384, 1744, ms=20223.511719)
16384 16384 16384 16384
LtFp8Matmul: 759.519982 TFlops(16384, 16384, 16384, 1760, ms=20382.773438)
16384 16384 16384 16384
LtFp8Matmul: 759.697414 TFlops(16384, 16384, 16384, 1776, ms=20563.267578)
16384 16384 16384 16384
LtFp8Matmul: 759.746717 TFlops(16384, 16384, 16384, 1792, ms=20747.175781)
16384 16384 16384 16384
LtFp8Matmul: 759.805789 TFlops(16384, 16384, 16384, 1808, ms=20930.791016)
16384 16384 16384 16384
LtFp8Matmul: 759.938488 TFlops(16384, 16384, 16384, 1824, ms=21112.332031)
16384 16384 16384 16384
LtFp8Matmul: 760.715246 TFlops(16384, 16384, 16384, 1840, ms=21275.781250)
16384 16384 16384 16384
LtFp8Matmul: 760.460245 TFlops(16384, 16384, 16384, 1856, ms=21467.984375)
16384 16384 16384 16384
LtFp8Matmul: 760.576615 TFlops(16384, 16384, 16384, 1872, ms=21649.740234)
16384 16384 16384 16384
LtFp8Matmul: 760.477961 TFlops(16384, 16384, 16384, 1888, ms=21837.613281)
16384 16384 16384 16384
LtFp8Matmul: 758.876031 TFlops(16384, 16384, 16384, 1904, ms=22069.166016)
16384 16384 16384 16384
LtFp8Matmul: 759.148997 TFlops(16384, 16384, 16384, 1920, ms=22246.619141)
16384 16384 16384 16384
LtFp8Matmul: 758.545467 TFlops(16384, 16384, 16384, 1936, ms=22449.855469)
16384 16384 16384 16384
LtFp8Matmul: 758.105781 TFlops(16384, 16384, 16384, 1952, ms=22648.519531)
16384 16384 16384 16384
LtFp8Matmul: 757.475206 TFlops(16384, 16384, 16384, 1968, ms=22853.171875)
16384 16384 16384 16384
LtFp8Matmul: 757.393896 TFlops(16384, 16384, 16384, 1984, ms=23041.443359)
16384 16384 16384 16384
LtFp8Matmul: 757.797817 TFlops(16384, 16384, 16384, 2000, ms=23214.880859)
16384 16384 16384 16384
LtFp8Matmul: 758.136109 TFlops(16384, 16384, 16384, 2016, ms=23390.158203)
16384 16384 16384 16384
LtFp8Matmul: 757.339527 TFlops(16384, 16384, 16384, 2032, ms=23600.591797)
