16384 16384 16384 16384
LtFp8Matmul: 1016.962739 TFlops(16384, 16384, 16384, 1, ms=8.649376)
16384 16384 16384 16384
LtFp8Matmul: 894.092898 TFlops(16384, 16384, 16384, 16, ms=157.408127)
16384 16384 16384 16384
LtFp8Matmul: 879.408776 TFlops(16384, 16384, 16384, 32, ms=320.072968)
16384 16384 16384 16384
LtFp8Matmul: 886.864288 TFlops(16384, 16384, 16384, 48, ms=476.073364)
16384 16384 16384 16384
LtFp8Matmul: 885.391924 TFlops(16384, 16384, 16384, 64, ms=635.820068)
16384 16384 16384 16384
LtFp8Matmul: 882.300861 TFlops(16384, 16384, 16384, 80, ms=797.559509)
16384 16384 16384 16384
LtFp8Matmul: 869.506619 TFlops(16384, 16384, 16384, 96, ms=971.154114)
16384 16384 16384 16384
LtFp8Matmul: 860.709333 TFlops(16384, 16384, 16384, 112, ms=1144.593628)
16384 16384 16384 16384
LtFp8Matmul: 859.805606 TFlops(16384, 16384, 16384, 128, ms=1309.481934)
16384 16384 16384 16384
LtFp8Matmul: 860.862871 TFlops(16384, 16384, 16384, 144, ms=1471.357910)
16384 16384 16384 16384
LtFp8Matmul: 863.675921 TFlops(16384, 16384, 16384, 160, ms=1629.517334)
16384 16384 16384 16384
LtFp8Matmul: 863.270127 TFlops(16384, 16384, 16384, 176, ms=1793.311646)
16384 16384 16384 16384
LtFp8Matmul: 859.779744 TFlops(16384, 16384, 16384, 192, ms=1964.281982)
16384 16384 16384 16384
LtFp8Matmul: 856.810939 TFlops(16384, 16384, 16384, 208, ms=2135.345459)
16384 16384 16384 16384
LtFp8Matmul: 856.443334 TFlops(16384, 16384, 16384, 224, ms=2300.589844)
16384 16384 16384 16384
LtFp8Matmul: 858.017554 TFlops(16384, 16384, 16384, 240, ms=2460.395264)
16384 16384 16384 16384
LtFp8Matmul: 857.302414 TFlops(16384, 16384, 16384, 256, ms=2626.610840)
16384 16384 16384 16384
LtFp8Matmul: 858.606763 TFlops(16384, 16384, 16384, 272, ms=2786.534424)
16384 16384 16384 16384
LtFp8Matmul: 856.678472 TFlops(16384, 16384, 16384, 288, ms=2957.089355)
16384 16384 16384 16384
LtFp8Matmul: 855.315542 TFlops(16384, 16384, 16384, 304, ms=3126.345947)
16384 16384 16384 16384
LtFp8Matmul: 853.608031 TFlops(16384, 16384, 16384, 320, ms=3297.473389)
16384 16384 16384 16384
LtFp8Matmul: 854.504459 TFlops(16384, 16384, 16384, 336, ms=3458.714844)
16384 16384 16384 16384
LtFp8Matmul: 855.496255 TFlops(16384, 16384, 16384, 352, ms=3619.214844)
16384 16384 16384 16384
LtFp8Matmul: 855.590547 TFlops(16384, 16384, 16384, 368, ms=3783.307617)
16384 16384 16384 16384
LtFp8Matmul: 853.609832 TFlops(16384, 16384, 16384, 384, ms=3956.959717)
16384 16384 16384 16384
LtFp8Matmul: 852.803357 TFlops(16384, 16384, 16384, 400, ms=4125.730957)
16384 16384 16384 16384
LtFp8Matmul: 852.713682 TFlops(16384, 16384, 16384, 416, ms=4291.211426)
16384 16384 16384 16384
LtFp8Matmul: 852.225718 TFlops(16384, 16384, 16384, 432, ms=4458.809570)
16384 16384 16384 16384
LtFp8Matmul: 852.917336 TFlops(16384, 16384, 16384, 448, ms=4620.201172)
16384 16384 16384 16384
LtFp8Matmul: 851.610277 TFlops(16384, 16384, 16384, 464, ms=4792.552734)
16384 16384 16384 16384
LtFp8Matmul: 851.047560 TFlops(16384, 16384, 16384, 480, ms=4961.091309)
16384 16384 16384 16384
LtFp8Matmul: 850.489922 TFlops(16384, 16384, 16384, 496, ms=5129.822266)
16384 16384 16384 16384
LtFp8Matmul: 850.357110 TFlops(16384, 16384, 16384, 512, ms=5296.127441)
16384 16384 16384 16384
LtFp8Matmul: 850.501440 TFlops(16384, 16384, 16384, 528, ms=5460.704590)
16384 16384 16384 16384
LtFp8Matmul: 849.644352 TFlops(16384, 16384, 16384, 544, ms=5631.855957)
16384 16384 16384 16384
LtFp8Matmul: 849.415745 TFlops(16384, 16384, 16384, 560, ms=5799.059082)
16384 16384 16384 16384
LtFp8Matmul: 849.051667 TFlops(16384, 16384, 16384, 576, ms=5967.304199)
16384 16384 16384 16384
LtFp8Matmul: 849.010456 TFlops(16384, 16384, 16384, 592, ms=6133.360352)
16384 16384 16384 16384
LtFp8Matmul: 848.213356 TFlops(16384, 16384, 16384, 608, ms=6305.046387)
16384 16384 16384 16384
LtFp8Matmul: 847.417692 TFlops(16384, 16384, 16384, 624, ms=6477.044434)
16384 16384 16384 16384
LtFp8Matmul: 847.831158 TFlops(16384, 16384, 16384, 640, ms=6639.882812)
16384 16384 16384 16384
LtFp8Matmul: 846.983533 TFlops(16384, 16384, 16384, 656, ms=6812.690918)
16384 16384 16384 16384
LtFp8Matmul: 846.686403 TFlops(16384, 16384, 16384, 672, ms=6981.303223)
16384 16384 16384 16384
LtFp8Matmul: 846.401726 TFlops(16384, 16384, 16384, 688, ms=7149.928711)
16384 16384 16384 16384
LtFp8Matmul: 846.092233 TFlops(16384, 16384, 16384, 704, ms=7318.882324)
16384 16384 16384 16384
LtFp8Matmul: 845.651179 TFlops(16384, 16384, 16384, 720, ms=7489.124512)
16384 16384 16384 16384
LtFp8Matmul: 846.087396 TFlops(16384, 16384, 16384, 736, ms=7651.602539)
16384 16384 16384 16384
LtFp8Matmul: 845.549243 TFlops(16384, 16384, 16384, 752, ms=7822.917480)
16384 16384 16384 16384
LtFp8Matmul: 845.108125 TFlops(16384, 16384, 16384, 768, ms=7993.532715)
16384 16384 16384 16384
LtFp8Matmul: 845.057022 TFlops(16384, 16384, 16384, 784, ms=8160.558105)
16384 16384 16384 16384
LtFp8Matmul: 844.629654 TFlops(16384, 16384, 16384, 800, ms=8331.313477)
16384 16384 16384 16384
LtFp8Matmul: 844.496825 TFlops(16384, 16384, 16384, 816, ms=8499.276367)
16384 16384 16384 16384
LtFp8Matmul: 844.278393 TFlops(16384, 16384, 16384, 832, ms=8668.170898)
16384 16384 16384 16384
LtFp8Matmul: 844.060475 TFlops(16384, 16384, 16384, 848, ms=8837.147461)
16384 16384 16384 16384
LtFp8Matmul: 844.420899 TFlops(16384, 16384, 16384, 864, ms=9000.042969)
16384 16384 16384 16384
LtFp8Matmul: 844.506952 TFlops(16384, 16384, 16384, 880, ms=9165.776367)
16384 16384 16384 16384
LtFp8Matmul: 843.886082 TFlops(16384, 16384, 16384, 896, ms=9339.292969)
16384 16384 16384 16384
LtFp8Matmul: 843.500271 TFlops(16384, 16384, 16384, 912, ms=9510.414062)
16384 16384 16384 16384
LtFp8Matmul: 843.595170 TFlops(16384, 16384, 16384, 928, ms=9676.174805)
16384 16384 16384 16384
LtFp8Matmul: 843.829797 TFlops(16384, 16384, 16384, 944, ms=9840.268555)
16384 16384 16384 16384
LtFp8Matmul: 843.797521 TFlops(16384, 16384, 16384, 960, ms=10007.435547)
16384 16384 16384 16384
LtFp8Matmul: 843.444189 TFlops(16384, 16384, 16384, 976, ms=10178.488281)
16384 16384 16384 16384
LtFp8Matmul: 843.352567 TFlops(16384, 16384, 16384, 992, ms=10346.472656)
16384 16384 16384 16384
LtFp8Matmul: 841.138840 TFlops(16384, 16384, 16384, 1008, ms=10541.020508)
16384 16384 16384 16384
LtFp8Matmul: 842.565080 TFlops(16384, 16384, 16384, 1024, ms=10690.211914)
16384 16384 16384 16384
LtFp8Matmul: 841.892297 TFlops(16384, 16384, 16384, 1040, ms=10865.922852)
16384 16384 16384 16384
LtFp8Matmul: 840.797795 TFlops(16384, 16384, 16384, 1056, ms=11047.453125)
16384 16384 16384 16384
LtFp8Matmul: 839.055382 TFlops(16384, 16384, 16384, 1072, ms=11238.127930)
16384 16384 16384 16384
LtFp8Matmul: 839.223724 TFlops(16384, 16384, 16384, 1088, ms=11403.573242)
16384 16384 16384 16384
LtFp8Matmul: 839.306840 TFlops(16384, 16384, 16384, 1104, ms=11570.126953)
16384 16384 16384 16384
LtFp8Matmul: 839.604933 TFlops(16384, 16384, 16384, 1120, ms=11733.642578)
16384 16384 16384 16384
LtFp8Matmul: 839.872287 TFlops(16384, 16384, 16384, 1136, ms=11897.477539)
16384 16384 16384 16384
LtFp8Matmul: 840.387541 TFlops(16384, 16384, 16384, 1152, ms=12057.650391)
16384 16384 16384 16384
LtFp8Matmul: 840.147989 TFlops(16384, 16384, 16384, 1168, ms=12228.603516)
16384 16384 16384 16384
LtFp8Matmul: 840.043260 TFlops(16384, 16384, 16384, 1184, ms=12397.664062)
16384 16384 16384 16384
LtFp8Matmul: 839.989392 TFlops(16384, 16384, 16384, 1200, ms=12566.005859)
16384 16384 16384 16384
LtFp8Matmul: 840.392399 TFlops(16384, 16384, 16384, 1216, ms=12727.446289)
16384 16384 16384 16384
LtFp8Matmul: 840.115163 TFlops(16384, 16384, 16384, 1232, ms=12899.167969)
16384 16384 16384 16384
LtFp8Matmul: 839.863660 TFlops(16384, 16384, 16384, 1248, ms=13070.602539)
16384 16384 16384 16384
LtFp8Matmul: 839.892319 TFlops(16384, 16384, 16384, 1264, ms=13237.722656)
16384 16384 16384 16384
LtFp8Matmul: 839.842009 TFlops(16384, 16384, 16384, 1280, ms=13406.091797)
16384 16384 16384 16384
LtFp8Matmul: 839.273573 TFlops(16384, 16384, 16384, 1296, ms=13582.861328)
16384 16384 16384 16384
LtFp8Matmul: 839.273108 TFlops(16384, 16384, 16384, 1312, ms=13750.558594)
16384 16384 16384 16384
LtFp8Matmul: 839.182155 TFlops(16384, 16384, 16384, 1328, ms=13919.756836)
16384 16384 16384 16384
LtFp8Matmul: 838.962719 TFlops(16384, 16384, 16384, 1344, ms=14091.149414)
16384 16384 16384 16384
LtFp8Matmul: 838.648699 TFlops(16384, 16384, 16384, 1360, ms=14264.240234)
16384 16384 16384 16384
LtFp8Matmul: 838.960484 TFlops(16384, 16384, 16384, 1376, ms=14426.691406)
16384 16384 16384 16384
LtFp8Matmul: 838.302690 TFlops(16384, 16384, 16384, 1392, ms=14605.895508)
16384 16384 16384 16384
LtFp8Matmul: 838.590273 TFlops(16384, 16384, 16384, 1408, ms=14768.712891)
16384 16384 16384 16384
LtFp8Matmul: 837.608261 TFlops(16384, 16384, 16384, 1424, ms=14954.050781)
16384 16384 16384 16384
LtFp8Matmul: 837.817192 TFlops(16384, 16384, 16384, 1440, ms=15118.302734)
16384 16384 16384 16384
LtFp8Matmul: 837.395834 TFlops(16384, 16384, 16384, 1456, ms=15293.975586)
16384 16384 16384 16384
LtFp8Matmul: 837.489735 TFlops(16384, 16384, 16384, 1472, ms=15460.307617)
16384 16384 16384 16384
LtFp8Matmul: 837.361539 TFlops(16384, 16384, 16384, 1488, ms=15630.747070)
16384 16384 16384 16384
LtFp8Matmul: 837.853556 TFlops(16384, 16384, 16384, 1504, ms=15789.541992)
16384 16384 16384 16384
LtFp8Matmul: 837.538039 TFlops(16384, 16384, 16384, 1520, ms=15963.527344)
16384 16384 16384 16384
LtFp8Matmul: 837.158705 TFlops(16384, 16384, 16384, 1536, ms=16138.874023)
16384 16384 16384 16384
LtFp8Matmul: 837.459116 TFlops(16384, 16384, 16384, 1552, ms=16301.137695)
16384 16384 16384 16384
LtFp8Matmul: 837.506654 TFlops(16384, 16384, 16384, 1568, ms=16468.255859)
16384 16384 16384 16384
LtFp8Matmul: 837.437659 TFlops(16384, 16384, 16384, 1584, ms=16637.669922)
16384 16384 16384 16384
LtFp8Matmul: 836.835486 TFlops(16384, 16384, 16384, 1600, ms=16817.820312)
16384 16384 16384 16384
LtFp8Matmul: 837.277791 TFlops(16384, 16384, 16384, 1616, ms=16977.025391)
16384 16384 16384 16384
LtFp8Matmul: 837.441759 TFlops(16384, 16384, 16384, 1632, ms=17141.757812)
16384 16384 16384 16384
LtFp8Matmul: 836.939546 TFlops(16384, 16384, 16384, 1648, ms=17320.201172)
16384 16384 16384 16384
LtFp8Matmul: 837.361454 TFlops(16384, 16384, 16384, 1664, ms=17479.546875)
16384 16384 16384 16384
LtFp8Matmul: 837.415408 TFlops(16384, 16384, 16384, 1680, ms=17646.482422)
16384 16384 16384 16384
LtFp8Matmul: 838.498492 TFlops(16384, 16384, 16384, 1696, ms=17791.533203)
16384 16384 16384 16384
LtFp8Matmul: 839.017993 TFlops(16384, 16384, 16384, 1712, ms=17948.257812)
16384 16384 16384 16384
LtFp8Matmul: 837.772024 TFlops(16384, 16384, 16384, 1728, ms=18142.941406)
16384 16384 16384 16384
LtFp8Matmul: 838.879051 TFlops(16384, 16384, 16384, 1744, ms=18286.767578)
16384 16384 16384 16384
LtFp8Matmul: 839.983933 TFlops(16384, 16384, 16384, 1760, ms=18430.261719)
16384 16384 16384 16384
LtFp8Matmul: 839.835097 TFlops(16384, 16384, 16384, 1776, ms=18601.105469)
16384 16384 16384 16384
LtFp8Matmul: 839.349954 TFlops(16384, 16384, 16384, 1792, ms=18779.531250)
16384 16384 16384 16384
LtFp8Matmul: 838.938940 TFlops(16384, 16384, 16384, 1808, ms=18956.488281)
16384 16384 16384 16384
LtFp8Matmul: 838.166939 TFlops(16384, 16384, 16384, 1824, ms=19141.859375)
16384 16384 16384 16384
LtFp8Matmul: 838.846261 TFlops(16384, 16384, 16384, 1840, ms=19294.132812)
16384 16384 16384 16384
LtFp8Matmul: 838.589061 TFlops(16384, 16384, 16384, 1856, ms=19467.876953)
16384 16384 16384 16384
LtFp8Matmul: 838.641212 TFlops(16384, 16384, 16384, 1872, ms=19634.482422)
16384 16384 16384 16384
LtFp8Matmul: 838.617377 TFlops(16384, 16384, 16384, 1888, ms=19802.861328)
16384 16384 16384 16384
LtFp8Matmul: 839.311341 TFlops(16384, 16384, 16384, 1904, ms=19954.169922)
16384 16384 16384 16384
LtFp8Matmul: 838.865643 TFlops(16384, 16384, 16384, 1920, ms=20132.542969)
16384 16384 16384 16384
LtFp8Matmul: 838.984693 TFlops(16384, 16384, 16384, 1936, ms=20297.433594)
16384 16384 16384 16384
LtFp8Matmul: 838.875225 TFlops(16384, 16384, 16384, 1952, ms=20467.851562)
16384 16384 16384 16384
LtFp8Matmul: 839.013707 TFlops(16384, 16384, 16384, 1968, ms=20632.214844)
16384 16384 16384 16384
LtFp8Matmul: 838.971851 TFlops(16384, 16384, 16384, 1984, ms=20800.994141)
16384 16384 16384 16384
LtFp8Matmul: 838.633302 TFlops(16384, 16384, 16384, 2000, ms=20977.208984)
16384 16384 16384 16384
LtFp8Matmul: 838.570690 TFlops(16384, 16384, 16384, 2016, ms=21146.605469)
16384 16384 16384 16384
LtFp8Matmul: 839.200114 TFlops(16384, 16384, 16384, 2032, ms=21298.449219)
