lda 8192 ldb 8192 ldc 8192
LtHSHgemmStridedBatchSimple: 682.824697 TFlops(8192, 8192, 8192, 1, 1, ms=1.610240)
lda 8192 ldb 8192 ldc 8192
LtHSHgemmStridedBatchSimple: 703.552337 TFlops(8192, 8192, 8192, 1, 2, ms=3.125600)
lda 8192 ldb 8192 ldc 8192
LtHSHgemmStridedBatchSimple: 710.146715 TFlops(8192, 8192, 8192, 1, 4, ms=6.193152)
lda 8192 ldb 8192 ldc 8192
LtHSHgemmStridedBatchSimple: 715.270921 TFlops(8192, 8192, 8192, 1, 8, ms=12.297568)
lda 8192 ldb 8192 ldc 8192
LtHSHgemmStridedBatchSimple: 717.222142 TFlops(8192, 8192, 8192, 1, 16, ms=24.528225)
lda 8192 ldb 8192 ldc 8192
LtHSHgemmStridedBatchSimple: 692.079980 TFlops(8192, 8192, 8192, 1, 32, ms=50.838593)
lda 8192 ldb 8192 ldc 8192
LtHSHgemmStridedBatchSimple: 648.177911 TFlops(8192, 8192, 8192, 1, 64, ms=108.563934)
lda 8192 ldb 8192 ldc 8192
LtHSHgemmStridedBatchSimple: 636.285728 TFlops(8192, 8192, 8192, 1, 128, ms=221.185989)
lda 8192 ldb 8192 ldc 8192
LtHSHgemmStridedBatchSimple: 625.441627 TFlops(8192, 8192, 8192, 1, 256, ms=450.041962)
lda 8192 ldb 8192 ldc 8192
LtHSHgemmStridedBatchSimple: 626.350042 TFlops(8192, 8192, 8192, 1, 512, ms=898.778503)
lda 8192 ldb 8192 ldc 8192
LtHSHgemmStridedBatchSimple: 561.082532 TFlops(8192, 8192, 8192, 1, 1024, ms=2006.656494)
