lda 8192 ldb 8192 ldc 8192
LtHSHgemmStridedBatchSimple: 447.602226 TFlops(8192, 8192, 8192, 1, 1, ms=2.456448)
lda 8192 ldb 8192 ldc 8192
LtHSHgemmStridedBatchSimple: 467.947381 TFlops(8192, 8192, 8192, 1, 2, ms=4.699296)
lda 8192 ldb 8192 ldc 8192
LtHSHgemmStridedBatchSimple: 480.282050 TFlops(8192, 8192, 8192, 1, 4, ms=9.157216)
lda 8192 ldb 8192 ldc 8192
LtHSHgemmStridedBatchSimple: 479.282160 TFlops(8192, 8192, 8192, 1, 8, ms=18.352640)
lda 8192 ldb 8192 ldc 8192
LtHSHgemmStridedBatchSimple: 480.575940 TFlops(8192, 8192, 8192, 1, 16, ms=36.606464)
lda 8192 ldb 8192 ldc 8192
LtHSHgemmStridedBatchSimple: 474.777921 TFlops(8192, 8192, 8192, 1, 32, ms=74.107010)
lda 8192 ldb 8192 ldc 8192
LtHSHgemmStridedBatchSimple: 433.971642 TFlops(8192, 8192, 8192, 1, 64, ms=162.150558)
lda 8192 ldb 8192 ldc 8192
LtHSHgemmStridedBatchSimple: 421.394791 TFlops(8192, 8192, 8192, 1, 128, ms=333.980133)
lda 8192 ldb 8192 ldc 8192
LtHSHgemmStridedBatchSimple: 420.388596 TFlops(8192, 8192, 8192, 1, 256, ms=669.559021)
lda 8192 ldb 8192 ldc 8192
LtHSHgemmStridedBatchSimple: 397.747315 TFlops(8192, 8192, 8192, 1, 512, ms=1415.345703)
lda 8192 ldb 8192 ldc 8192
LtHSHgemmStridedBatchSimple: 393.805057 TFlops(8192, 8192, 8192, 1, 1024, ms=2859.028564)
