16384 16384 16384 16384
LtFp8Matmul: 1228.219170 TFlops(16384, 16384, 16384, 1, ms=7.161664)
16384 16384 16384 16384
LtFp8Matmul: 1234.743148 TFlops(16384, 16384, 16384, 2, ms=14.247648)
16384 16384 16384 16384
LtFp8Matmul: 1223.608772 TFlops(16384, 16384, 16384, 4, ms=28.754593)
16384 16384 16384 16384
LtFp8Matmul: 1176.009886 TFlops(16384, 16384, 16384, 8, ms=59.836864)
16384 16384 16384 16384
LtFp8Matmul: 1139.732802 TFlops(16384, 16384, 16384, 16, ms=123.482880)
16384 16384 16384 16384
LtFp8Matmul: 1088.472247 TFlops(16384, 16384, 16384, 32, ms=258.596375)
16384 16384 16384 16384
LtFp8Matmul: 1071.354219 TFlops(16384, 16384, 16384, 64, ms=525.456421)
16384 16384 16384 16384
LtFp8Matmul: 1048.446081 TFlops(16384, 16384, 16384, 128, ms=1073.874878)
16384 16384 16384 16384
LtFp8Matmul: 1037.793027 TFlops(16384, 16384, 16384, 256, ms=2169.796631)
16384 16384 16384 16384
LtFp8Matmul: 1033.238748 TFlops(16384, 16384, 16384, 512, ms=4358.721191)
16384 16384 16384 16384
LtFp8Matmul: 1027.014187 TFlops(16384, 16384, 16384, 1024, ms=8770.277344)
16384 16384 16384 16384
LtFp8Matmul: 1228.219170 TFlops(16384, 16384, 16384, 1, ms=7.161664)
16384 16384 16384 16384
LtFp8Matmul: 1234.743148 TFlops(16384, 16384, 16384, 2, ms=14.247648)
16384 16384 16384 16384
LtFp8Matmul: 1223.608772 TFlops(16384, 16384, 16384, 4, ms=28.754593)
16384 16384 16384 16384
LtFp8Matmul: 1176.009886 TFlops(16384, 16384, 16384, 8, ms=59.836864)
16384 16384 16384 16384
LtFp8Matmul: 1139.732802 TFlops(16384, 16384, 16384, 16, ms=123.482880)
16384 16384 16384 16384
LtFp8Matmul: 1088.472247 TFlops(16384, 16384, 16384, 32, ms=258.596375)
16384 16384 16384 16384
LtFp8Matmul: 1071.354219 TFlops(16384, 16384, 16384, 64, ms=525.456421)
16384 16384 16384 16384
LtFp8Matmul: 1048.446081 TFlops(16384, 16384, 16384, 128, ms=1073.874878)
16384 16384 16384 16384
LtFp8Matmul: 1037.793027 TFlops(16384, 16384, 16384, 256, ms=2169.796631)
16384 16384 16384 16384
LtFp8Matmul: 1033.238748 TFlops(16384, 16384, 16384, 512, ms=4358.721191)
16384 16384 16384 16384
LtFp8Matmul: 1027.014187 TFlops(16384, 16384, 16384, 1024, ms=8770.277344)
16384 16384 16384 16384
LtFp8Matmul: 1228.219170 TFlops(16384, 16384, 16384, 1, ms=7.161664)
16384 16384 16384 16384
LtFp8Matmul: 1234.743148 TFlops(16384, 16384, 16384, 2, ms=14.247648)
16384 16384 16384 16384
LtFp8Matmul: 1223.608772 TFlops(16384, 16384, 16384, 4, ms=28.754593)
16384 16384 16384 16384
LtFp8Matmul: 1176.009886 TFlops(16384, 16384, 16384, 8, ms=59.836864)
16384 16384 16384 16384
LtFp8Matmul: 1139.732802 TFlops(16384, 16384, 16384, 16, ms=123.482880)
16384 16384 16384 16384
LtFp8Matmul: 1088.472247 TFlops(16384, 16384, 16384, 32, ms=258.596375)
16384 16384 16384 16384
LtFp8Matmul: 1071.354219 TFlops(16384, 16384, 16384, 64, ms=525.456421)
16384 16384 16384 16384
LtFp8Matmul: 1048.446081 TFlops(16384, 16384, 16384, 128, ms=1073.874878)
16384 16384 16384 16384
LtFp8Matmul: 1037.793027 TFlops(16384, 16384, 16384, 256, ms=2169.796631)
16384 16384 16384 16384
LtFp8Matmul: 1033.238748 TFlops(16384, 16384, 16384, 512, ms=4358.721191)
16384 16384 16384 16384
LtFp8Matmul: 1027.014187 TFlops(16384, 16384, 16384, 1024, ms=8770.277344)
16384 16384 16384 16384
LtFp8Matmul: 1228.219170 TFlops(16384, 16384, 16384, 1, ms=7.161664)
16384 16384 16384 16384
LtFp8Matmul: 1234.743148 TFlops(16384, 16384, 16384, 2, ms=14.247648)
16384 16384 16384 16384
LtFp8Matmul: 1223.608772 TFlops(16384, 16384, 16384, 4, ms=28.754593)
16384 16384 16384 16384
LtFp8Matmul: 1176.009886 TFlops(16384, 16384, 16384, 8, ms=59.836864)
16384 16384 16384 16384
LtFp8Matmul: 1139.732802 TFlops(16384, 16384, 16384, 16, ms=123.482880)
16384 16384 16384 16384
LtFp8Matmul: 1088.472247 TFlops(16384, 16384, 16384, 32, ms=258.596375)
16384 16384 16384 16384
LtFp8Matmul: 1071.354219 TFlops(16384, 16384, 16384, 64, ms=525.456421)
16384 16384 16384 16384
LtFp8Matmul: 1048.446081 TFlops(16384, 16384, 16384, 128, ms=1073.874878)
16384 16384 16384 16384
LtFp8Matmul: 1037.793027 TFlops(16384, 16384, 16384, 256, ms=2169.796631)
16384 16384 16384 16384
LtFp8Matmul: 1033.238748 TFlops(16384, 16384, 16384, 512, ms=4358.721191)
16384 16384 16384 16384
LtFp8Matmul: 1027.014187 TFlops(16384, 16384, 16384, 1024, ms=8770.277344)
16384 16384 16384 16384
LtFp8Matmul: 1228.219170 TFlops(16384, 16384, 16384, 1, ms=7.161664)
16384 16384 16384 16384
LtFp8Matmul: 1234.743148 TFlops(16384, 16384, 16384, 2, ms=14.247648)
16384 16384 16384 16384
LtFp8Matmul: 1223.608772 TFlops(16384, 16384, 16384, 4, ms=28.754593)
16384 16384 16384 16384
LtFp8Matmul: 1176.009886 TFlops(16384, 16384, 16384, 8, ms=59.836864)
16384 16384 16384 16384
LtFp8Matmul: 1139.732802 TFlops(16384, 16384, 16384, 16, ms=123.482880)
16384 16384 16384 16384
LtFp8Matmul: 1088.472247 TFlops(16384, 16384, 16384, 32, ms=258.596375)
16384 16384 16384 16384
LtFp8Matmul: 1071.354219 TFlops(16384, 16384, 16384, 64, ms=525.456421)
16384 16384 16384 16384
LtFp8Matmul: 1048.446081 TFlops(16384, 16384, 16384, 128, ms=1073.874878)
16384 16384 16384 16384
LtFp8Matmul: 1037.793027 TFlops(16384, 16384, 16384, 256, ms=2169.796631)
16384 16384 16384 16384
LtFp8Matmul: 1033.238748 TFlops(16384, 16384, 16384, 512, ms=4358.721191)
16384 16384 16384 16384
LtFp8Matmul: 1027.014187 TFlops(16384, 16384, 16384, 1024, ms=8770.277344)
16384 16384 16384 16384
LtFp8Matmul: 1228.219170 TFlops(16384, 16384, 16384, 1, ms=7.161664)
16384 16384 16384 16384
LtFp8Matmul: 1234.743148 TFlops(16384, 16384, 16384, 2, ms=14.247648)
16384 16384 16384 16384
LtFp8Matmul: 1223.608772 TFlops(16384, 16384, 16384, 4, ms=28.754593)
16384 16384 16384 16384
LtFp8Matmul: 1176.009886 TFlops(16384, 16384, 16384, 8, ms=59.836864)
16384 16384 16384 16384
LtFp8Matmul: 1139.732802 TFlops(16384, 16384, 16384, 16, ms=123.482880)
16384 16384 16384 16384
LtFp8Matmul: 1088.472247 TFlops(16384, 16384, 16384, 32, ms=258.596375)
16384 16384 16384 16384
LtFp8Matmul: 1071.354219 TFlops(16384, 16384, 16384, 64, ms=525.456421)
16384 16384 16384 16384
LtFp8Matmul: 1048.446081 TFlops(16384, 16384, 16384, 128, ms=1073.874878)
16384 16384 16384 16384
LtFp8Matmul: 1037.793027 TFlops(16384, 16384, 16384, 256, ms=2169.796631)
16384 16384 16384 16384
LtFp8Matmul: 1033.238748 TFlops(16384, 16384, 16384, 512, ms=4358.721191)
16384 16384 16384 16384
LtFp8Matmul: 1027.014187 TFlops(16384, 16384, 16384, 1024, ms=8770.277344)
16384 16384 16384 16384
LtFp8Matmul: 1228.219170 TFlops(16384, 16384, 16384, 1, ms=7.161664)
16384 16384 16384 16384
LtFp8Matmul: 1234.743148 TFlops(16384, 16384, 16384, 2, ms=14.247648)
16384 16384 16384 16384
LtFp8Matmul: 1223.608772 TFlops(16384, 16384, 16384, 4, ms=28.754593)
16384 16384 16384 16384
LtFp8Matmul: 1176.009886 TFlops(16384, 16384, 16384, 8, ms=59.836864)
16384 16384 16384 16384
LtFp8Matmul: 1139.732802 TFlops(16384, 16384, 16384, 16, ms=123.482880)
16384 16384 16384 16384
LtFp8Matmul: 1088.472247 TFlops(16384, 16384, 16384, 32, ms=258.596375)
16384 16384 16384 16384
LtFp8Matmul: 1071.354219 TFlops(16384, 16384, 16384, 64, ms=525.456421)
16384 16384 16384 16384
LtFp8Matmul: 1048.446081 TFlops(16384, 16384, 16384, 128, ms=1073.874878)
16384 16384 16384 16384
LtFp8Matmul: 1037.793027 TFlops(16384, 16384, 16384, 256, ms=2169.796631)
16384 16384 16384 16384
LtFp8Matmul: 1033.238748 TFlops(16384, 16384, 16384, 512, ms=4358.721191)
16384 16384 16384 16384
LtFp8Matmul: 1027.014187 TFlops(16384, 16384, 16384, 1024, ms=8770.277344)
16384 16384 16384 16384
LtFp8Matmul: 1228.219170 TFlops(16384, 16384, 16384, 1, ms=7.161664)
16384 16384 16384 16384
LtFp8Matmul: 1234.743148 TFlops(16384, 16384, 16384, 2, ms=14.247648)
16384 16384 16384 16384
LtFp8Matmul: 1223.608772 TFlops(16384, 16384, 16384, 4, ms=28.754593)
16384 16384 16384 16384
LtFp8Matmul: 1176.009886 TFlops(16384, 16384, 16384, 8, ms=59.836864)
16384 16384 16384 16384
LtFp8Matmul: 1139.732802 TFlops(16384, 16384, 16384, 16, ms=123.482880)
16384 16384 16384 16384
LtFp8Matmul: 1088.472247 TFlops(16384, 16384, 16384, 32, ms=258.596375)
16384 16384 16384 16384
LtFp8Matmul: 1071.354219 TFlops(16384, 16384, 16384, 64, ms=525.456421)
16384 16384 16384 16384
LtFp8Matmul: 1048.446081 TFlops(16384, 16384, 16384, 128, ms=1073.874878)
16384 16384 16384 16384
LtFp8Matmul: 1037.793027 TFlops(16384, 16384, 16384, 256, ms=2169.796631)
16384 16384 16384 16384
LtFp8Matmul: 1033.238748 TFlops(16384, 16384, 16384, 512, ms=4358.721191)
16384 16384 16384 16384
LtFp8Matmul: 1027.014187 TFlops(16384, 16384, 16384, 1024, ms=8770.277344)
16384 16384 16384 16384
LtFp8Matmul: 1228.219170 TFlops(16384, 16384, 16384, 1, ms=7.161664)
16384 16384 16384 16384
LtFp8Matmul: 1234.743148 TFlops(16384, 16384, 16384, 2, ms=14.247648)
16384 16384 16384 16384
LtFp8Matmul: 1223.608772 TFlops(16384, 16384, 16384, 4, ms=28.754593)
16384 16384 16384 16384
LtFp8Matmul: 1176.009886 TFlops(16384, 16384, 16384, 8, ms=59.836864)
16384 16384 16384 16384
LtFp8Matmul: 1139.732802 TFlops(16384, 16384, 16384, 16, ms=123.482880)
16384 16384 16384 16384
LtFp8Matmul: 1088.472247 TFlops(16384, 16384, 16384, 32, ms=258.596375)
16384 16384 16384 16384
LtFp8Matmul: 1071.354219 TFlops(16384, 16384, 16384, 64, ms=525.456421)
16384 16384 16384 16384
LtFp8Matmul: 1048.446081 TFlops(16384, 16384, 16384, 128, ms=1073.874878)
16384 16384 16384 16384
LtFp8Matmul: 1037.793027 TFlops(16384, 16384, 16384, 256, ms=2169.796631)
16384 16384 16384 16384
LtFp8Matmul: 1033.238748 TFlops(16384, 16384, 16384, 512, ms=4358.721191)
16384 16384 16384 16384
LtFp8Matmul: 1027.014187 TFlops(16384, 16384, 16384, 1024, ms=8770.277344)
16384 16384 16384 16384
LtFp8Matmul: 1228.219170 TFlops(16384, 16384, 16384, 1, ms=7.161664)
16384 16384 16384 16384
LtFp8Matmul: 1234.743148 TFlops(16384, 16384, 16384, 2, ms=14.247648)
16384 16384 16384 16384
LtFp8Matmul: 1223.608772 TFlops(16384, 16384, 16384, 4, ms=28.754593)
16384 16384 16384 16384
LtFp8Matmul: 1176.009886 TFlops(16384, 16384, 16384, 8, ms=59.836864)
16384 16384 16384 16384
LtFp8Matmul: 1139.732802 TFlops(16384, 16384, 16384, 16, ms=123.482880)
16384 16384 16384 16384
LtFp8Matmul: 1088.472247 TFlops(16384, 16384, 16384, 32, ms=258.596375)
16384 16384 16384 16384
LtFp8Matmul: 1071.354219 TFlops(16384, 16384, 16384, 64, ms=525.456421)
16384 16384 16384 16384
LtFp8Matmul: 1048.446081 TFlops(16384, 16384, 16384, 128, ms=1073.874878)
16384 16384 16384 16384
LtFp8Matmul: 1037.793027 TFlops(16384, 16384, 16384, 256, ms=2169.796631)
16384 16384 16384 16384
LtFp8Matmul: 1033.238748 TFlops(16384, 16384, 16384, 512, ms=4358.721191)
16384 16384 16384 16384
LtFp8Matmul: 1027.014187 TFlops(16384, 16384, 16384, 1024, ms=8770.277344)
16384 16384 16384 16384
LtFp8Matmul: 1228.219170 TFlops(16384, 16384, 16384, 1, ms=7.161664)
16384 16384 16384 16384
LtFp8Matmul: 1234.743148 TFlops(16384, 16384, 16384, 2, ms=14.247648)
16384 16384 16384 16384
LtFp8Matmul: 1223.608772 TFlops(16384, 16384, 16384, 4, ms=28.754593)
16384 16384 16384 16384
LtFp8Matmul: 1176.009886 TFlops(16384, 16384, 16384, 8, ms=59.836864)
16384 16384 16384 16384
LtFp8Matmul: 1139.732802 TFlops(16384, 16384, 16384, 16, ms=123.482880)
16384 16384 16384 16384
LtFp8Matmul: 1088.472247 TFlops(16384, 16384, 16384, 32, ms=258.596375)
16384 16384 16384 16384
LtFp8Matmul: 1071.354219 TFlops(16384, 16384, 16384, 64, ms=525.456421)
16384 16384 16384 16384
LtFp8Matmul: 1048.446081 TFlops(16384, 16384, 16384, 128, ms=1073.874878)
16384 16384 16384 16384
LtFp8Matmul: 1037.793027 TFlops(16384, 16384, 16384, 256, ms=2169.796631)
16384 16384 16384 16384
LtFp8Matmul: 1033.238748 TFlops(16384, 16384, 16384, 512, ms=4358.721191)
16384 16384 16384 16384
LtFp8Matmul: 1027.014187 TFlops(16384, 16384, 16384, 1024, ms=8770.277344)
16384 16384 16384 16384
LtFp8Matmul: 1228.219170 TFlops(16384, 16384, 16384, 1, ms=7.161664)
16384 16384 16384 16384
LtFp8Matmul: 1234.743148 TFlops(16384, 16384, 16384, 2, ms=14.247648)
16384 16384 16384 16384
LtFp8Matmul: 1223.608772 TFlops(16384, 16384, 16384, 4, ms=28.754593)
16384 16384 16384 16384
LtFp8Matmul: 1176.009886 TFlops(16384, 16384, 16384, 8, ms=59.836864)
16384 16384 16384 16384
LtFp8Matmul: 1139.732802 TFlops(16384, 16384, 16384, 16, ms=123.482880)
16384 16384 16384 16384
LtFp8Matmul: 1088.472247 TFlops(16384, 16384, 16384, 32, ms=258.596375)
16384 16384 16384 16384
LtFp8Matmul: 1071.354219 TFlops(16384, 16384, 16384, 64, ms=525.456421)
16384 16384 16384 16384
LtFp8Matmul: 1048.446081 TFlops(16384, 16384, 16384, 128, ms=1073.874878)
16384 16384 16384 16384
LtFp8Matmul: 1037.793027 TFlops(16384, 16384, 16384, 256, ms=2169.796631)
16384 16384 16384 16384
LtFp8Matmul: 1033.238748 TFlops(16384, 16384, 16384, 512, ms=4358.721191)
16384 16384 16384 16384
LtFp8Matmul: 1027.014187 TFlops(16384, 16384, 16384, 1024, ms=8770.277344)
16384 16384 16384 16384
LtFp8Matmul: 1228.219170 TFlops(16384, 16384, 16384, 1, ms=7.161664)
16384 16384 16384 16384
LtFp8Matmul: 1234.743148 TFlops(16384, 16384, 16384, 2, ms=14.247648)
16384 16384 16384 16384
LtFp8Matmul: 1223.608772 TFlops(16384, 16384, 16384, 4, ms=28.754593)
16384 16384 16384 16384
LtFp8Matmul: 1176.009886 TFlops(16384, 16384, 16384, 8, ms=59.836864)
16384 16384 16384 16384
LtFp8Matmul: 1139.732802 TFlops(16384, 16384, 16384, 16, ms=123.482880)
16384 16384 16384 16384
LtFp8Matmul: 1088.472247 TFlops(16384, 16384, 16384, 32, ms=258.596375)
16384 16384 16384 16384
LtFp8Matmul: 1071.354219 TFlops(16384, 16384, 16384, 64, ms=525.456421)
16384 16384 16384 16384
LtFp8Matmul: 1048.446081 TFlops(16384, 16384, 16384, 128, ms=1073.874878)
16384 16384 16384 16384
LtFp8Matmul: 1037.793027 TFlops(16384, 16384, 16384, 256, ms=2169.796631)
16384 16384 16384 16384
LtFp8Matmul: 1033.238748 TFlops(16384, 16384, 16384, 512, ms=4358.721191)
16384 16384 16384 16384
LtFp8Matmul: 1027.014187 TFlops(16384, 16384, 16384, 1024, ms=8770.277344)
16384 16384 16384 16384
LtFp8Matmul: 1228.219170 TFlops(16384, 16384, 16384, 1, ms=7.161664)
16384 16384 16384 16384
LtFp8Matmul: 1234.743148 TFlops(16384, 16384, 16384, 2, ms=14.247648)
16384 16384 16384 16384
LtFp8Matmul: 1223.608772 TFlops(16384, 16384, 16384, 4, ms=28.754593)
16384 16384 16384 16384
LtFp8Matmul: 1176.009886 TFlops(16384, 16384, 16384, 8, ms=59.836864)
16384 16384 16384 16384
LtFp8Matmul: 1139.732802 TFlops(16384, 16384, 16384, 16, ms=123.482880)
16384 16384 16384 16384
LtFp8Matmul: 1088.472247 TFlops(16384, 16384, 16384, 32, ms=258.596375)
16384 16384 16384 16384
LtFp8Matmul: 1071.354219 TFlops(16384, 16384, 16384, 64, ms=525.456421)
16384 16384 16384 16384
LtFp8Matmul: 1048.446081 TFlops(16384, 16384, 16384, 128, ms=1073.874878)
16384 16384 16384 16384
LtFp8Matmul: 1037.793027 TFlops(16384, 16384, 16384, 256, ms=2169.796631)
16384 16384 16384 16384
LtFp8Matmul: 1033.238748 TFlops(16384, 16384, 16384, 512, ms=4358.721191)
16384 16384 16384 16384
LtFp8Matmul: 1027.014187 TFlops(16384, 16384, 16384, 1024, ms=8770.277344)
16384 16384 16384 16384
LtFp8Matmul: 1228.219170 TFlops(16384, 16384, 16384, 1, ms=7.161664)
16384 16384 16384 16384
LtFp8Matmul: 1234.743148 TFlops(16384, 16384, 16384, 2, ms=14.247648)
16384 16384 16384 16384
LtFp8Matmul: 1223.608772 TFlops(16384, 16384, 16384, 4, ms=28.754593)
16384 16384 16384 16384
LtFp8Matmul: 1176.009886 TFlops(16384, 16384, 16384, 8, ms=59.836864)
16384 16384 16384 16384
LtFp8Matmul: 1139.732802 TFlops(16384, 16384, 16384, 16, ms=123.482880)
16384 16384 16384 16384
LtFp8Matmul: 1088.472247 TFlops(16384, 16384, 16384, 32, ms=258.596375)
16384 16384 16384 16384
LtFp8Matmul: 1071.354219 TFlops(16384, 16384, 16384, 64, ms=525.456421)
16384 16384 16384 16384
LtFp8Matmul: 1048.446081 TFlops(16384, 16384, 16384, 128, ms=1073.874878)
16384 16384 16384 16384
LtFp8Matmul: 1037.793027 TFlops(16384, 16384, 16384, 256, ms=2169.796631)
16384 16384 16384 16384
LtFp8Matmul: 1033.238748 TFlops(16384, 16384, 16384, 512, ms=4358.721191)
16384 16384 16384 16384
LtFp8Matmul: 1027.014187 TFlops(16384, 16384, 16384, 1024, ms=8770.277344)
16384 16384 16384 16384
LtFp8Matmul: 1228.219170 TFlops(16384, 16384, 16384, 1, ms=7.161664)
16384 16384 16384 16384
LtFp8Matmul: 1234.743148 TFlops(16384, 16384, 16384, 2, ms=14.247648)
16384 16384 16384 16384
LtFp8Matmul: 1223.608772 TFlops(16384, 16384, 16384, 4, ms=28.754593)
16384 16384 16384 16384
LtFp8Matmul: 1176.009886 TFlops(16384, 16384, 16384, 8, ms=59.836864)
16384 16384 16384 16384
LtFp8Matmul: 1139.732802 TFlops(16384, 16384, 16384, 16, ms=123.482880)
16384 16384 16384 16384
LtFp8Matmul: 1088.472247 TFlops(16384, 16384, 16384, 32, ms=258.596375)
16384 16384 16384 16384
LtFp8Matmul: 1071.354219 TFlops(16384, 16384, 16384, 64, ms=525.456421)
16384 16384 16384 16384
LtFp8Matmul: 1048.446081 TFlops(16384, 16384, 16384, 128, ms=1073.874878)
16384 16384 16384 16384
LtFp8Matmul: 1037.793027 TFlops(16384, 16384, 16384, 256, ms=2169.796631)
16384 16384 16384 16384
LtFp8Matmul: 1033.238748 TFlops(16384, 16384, 16384, 512, ms=4358.721191)
16384 16384 16384 16384
LtFp8Matmul: 1027.014187 TFlops(16384, 16384, 16384, 1024, ms=8770.277344)
