16384 16384 16384 16384
LtFp8Matmul: 967.226069 TFlops(16384, 16384, 16384, 1, ms=9.094144)
16384 16384 16384 16384
LtFp8Matmul: 973.894805 TFlops(16384, 16384, 16384, 2, ms=18.063744)
16384 16384 16384 16384
LtFp8Matmul: 985.078109 TFlops(16384, 16384, 16384, 4, ms=35.717342)
16384 16384 16384 16384
LtFp8Matmul: 921.198050 TFlops(16384, 16384, 16384, 8, ms=76.388290)
16384 16384 16384 16384
LtFp8Matmul: 880.864012 TFlops(16384, 16384, 16384, 16, ms=159.772095)
16384 16384 16384 16384
LtFp8Matmul: 839.760910 TFlops(16384, 16384, 16384, 32, ms=335.184662)
16384 16384 16384 16384
LtFp8Matmul: 839.010308 TFlops(16384, 16384, 16384, 64, ms=670.969055)
16384 16384 16384 16384
LtFp8Matmul: 792.363518 TFlops(16384, 16384, 16384, 128, ms=1420.938599)
16384 16384 16384 16384
LtFp8Matmul: 783.706699 TFlops(16384, 16384, 16384, 256, ms=2873.268555)
16384 16384 16384 16384
LtFp8Matmul: 771.746017 TFlops(16384, 16384, 16384, 512, ms=5835.598145)
16384 16384 16384 16384
LtFp8Matmul: 779.621751 TFlops(16384, 16384, 16384, 1024, ms=11553.293945)
