16384 16384 16384 16384
LtFp8Matmul: 1394.130474 TFlops(16384, 16384, 16384, 1, ms=6.309376)
16384 16384 16384 16384
LtFp8Matmul: 1402.617166 TFlops(16384, 16384, 16384, 2, ms=12.542400)
16384 16384 16384 16384
LtFp8Matmul: 1401.885719 TFlops(16384, 16384, 16384, 4, ms=25.097889)
16384 16384 16384 16384
LtFp8Matmul: 1333.247186 TFlops(16384, 16384, 16384, 8, ms=52.779968)
16384 16384 16384 16384
LtFp8Matmul: 1225.673907 TFlops(16384, 16384, 16384, 16, ms=114.824577)
16384 16384 16384 16384
LtFp8Matmul: 1187.911589 TFlops(16384, 16384, 16384, 32, ms=236.949432)
16384 16384 16384 16384
LtFp8Matmul: 1186.145210 TFlops(16384, 16384, 16384, 64, ms=474.604584)
16384 16384 16384 16384
LtFp8Matmul: 1174.575090 TFlops(16384, 16384, 16384, 128, ms=958.559326)
16384 16384 16384 16384
LtFp8Matmul: 1174.366613 TFlops(16384, 16384, 16384, 256, ms=1917.458984)
16384 16384 16384 16384
LtFp8Matmul: 1171.139085 TFlops(16384, 16384, 16384, 512, ms=3845.486572)
16384 16384 16384 16384
LtFp8Matmul: 1171.264532 TFlops(16384, 16384, 16384, 1024, ms=7690.149414)
