16384 16384 16384 16384
LtFp8Matmul: 1028.958042 TFlops(16384, 16384, 16384, 1, ms=8.548544)
16384 16384 16384 16384
LtFp8Matmul: 1033.948884 TFlops(16384, 16384, 16384, 2, ms=17.014561)
16384 16384 16384 16384
LtFp8Matmul: 1036.105062 TFlops(16384, 16384, 16384, 4, ms=33.958305)
16384 16384 16384 16384
LtFp8Matmul: 964.442043 TFlops(16384, 16384, 16384, 8, ms=72.963165)
16384 16384 16384 16384
LtFp8Matmul: 925.955188 TFlops(16384, 16384, 16384, 16, ms=151.991684)
16384 16384 16384 16384
LtFp8Matmul: 894.340067 TFlops(16384, 16384, 16384, 32, ms=314.729248)
16384 16384 16384 16384
LtFp8Matmul: 887.233628 TFlops(16384, 16384, 16384, 64, ms=634.500244)
16384 16384 16384 16384
LtFp8Matmul: 863.818672 TFlops(16384, 16384, 16384, 128, ms=1303.398438)
16384 16384 16384 16384
LtFp8Matmul: 859.893861 TFlops(16384, 16384, 16384, 256, ms=2618.695068)
16384 16384 16384 16384
LtFp8Matmul: 853.171527 TFlops(16384, 16384, 16384, 512, ms=5278.656738)
16384 16384 16384 16384
LtFp8Matmul: 848.564375 TFlops(16384, 16384, 16384, 1024, ms=10614.632812)
16384 16384 16384 16384
LtFp8Matmul: 1028.958042 TFlops(16384, 16384, 16384, 1, ms=8.548544)
16384 16384 16384 16384
LtFp8Matmul: 1033.948884 TFlops(16384, 16384, 16384, 2, ms=17.014561)
16384 16384 16384 16384
LtFp8Matmul: 1036.105062 TFlops(16384, 16384, 16384, 4, ms=33.958305)
16384 16384 16384 16384
LtFp8Matmul: 964.442043 TFlops(16384, 16384, 16384, 8, ms=72.963165)
16384 16384 16384 16384
LtFp8Matmul: 925.955188 TFlops(16384, 16384, 16384, 16, ms=151.991684)
16384 16384 16384 16384
LtFp8Matmul: 894.340067 TFlops(16384, 16384, 16384, 32, ms=314.729248)
16384 16384 16384 16384
LtFp8Matmul: 887.233628 TFlops(16384, 16384, 16384, 64, ms=634.500244)
16384 16384 16384 16384
LtFp8Matmul: 863.818672 TFlops(16384, 16384, 16384, 128, ms=1303.398438)
16384 16384 16384 16384
LtFp8Matmul: 859.893861 TFlops(16384, 16384, 16384, 256, ms=2618.695068)
16384 16384 16384 16384
LtFp8Matmul: 853.171527 TFlops(16384, 16384, 16384, 512, ms=5278.656738)
16384 16384 16384 16384
LtFp8Matmul: 848.564375 TFlops(16384, 16384, 16384, 1024, ms=10614.632812)
16384 16384 16384 16384
LtFp8Matmul: 1028.958042 TFlops(16384, 16384, 16384, 1, ms=8.548544)
16384 16384 16384 16384
LtFp8Matmul: 1033.948884 TFlops(16384, 16384, 16384, 2, ms=17.014561)
16384 16384 16384 16384
LtFp8Matmul: 1036.105062 TFlops(16384, 16384, 16384, 4, ms=33.958305)
16384 16384 16384 16384
LtFp8Matmul: 964.442043 TFlops(16384, 16384, 16384, 8, ms=72.963165)
16384 16384 16384 16384
LtFp8Matmul: 925.955188 TFlops(16384, 16384, 16384, 16, ms=151.991684)
16384 16384 16384 16384
LtFp8Matmul: 894.340067 TFlops(16384, 16384, 16384, 32, ms=314.729248)
16384 16384 16384 16384
LtFp8Matmul: 887.233628 TFlops(16384, 16384, 16384, 64, ms=634.500244)
16384 16384 16384 16384
LtFp8Matmul: 863.818672 TFlops(16384, 16384, 16384, 128, ms=1303.398438)
16384 16384 16384 16384
LtFp8Matmul: 859.893861 TFlops(16384, 16384, 16384, 256, ms=2618.695068)
16384 16384 16384 16384
LtFp8Matmul: 853.171527 TFlops(16384, 16384, 16384, 512, ms=5278.656738)
16384 16384 16384 16384
LtFp8Matmul: 848.564375 TFlops(16384, 16384, 16384, 1024, ms=10614.632812)
16384 16384 16384 16384
LtFp8Matmul: 1028.958042 TFlops(16384, 16384, 16384, 1, ms=8.548544)
16384 16384 16384 16384
LtFp8Matmul: 1033.948884 TFlops(16384, 16384, 16384, 2, ms=17.014561)
16384 16384 16384 16384
LtFp8Matmul: 1036.105062 TFlops(16384, 16384, 16384, 4, ms=33.958305)
16384 16384 16384 16384
LtFp8Matmul: 964.442043 TFlops(16384, 16384, 16384, 8, ms=72.963165)
16384 16384 16384 16384
LtFp8Matmul: 925.955188 TFlops(16384, 16384, 16384, 16, ms=151.991684)
16384 16384 16384 16384
LtFp8Matmul: 894.340067 TFlops(16384, 16384, 16384, 32, ms=314.729248)
16384 16384 16384 16384
LtFp8Matmul: 887.233628 TFlops(16384, 16384, 16384, 64, ms=634.500244)
16384 16384 16384 16384
LtFp8Matmul: 863.818672 TFlops(16384, 16384, 16384, 128, ms=1303.398438)
16384 16384 16384 16384
LtFp8Matmul: 859.893861 TFlops(16384, 16384, 16384, 256, ms=2618.695068)
16384 16384 16384 16384
LtFp8Matmul: 853.171527 TFlops(16384, 16384, 16384, 512, ms=5278.656738)
16384 16384 16384 16384
LtFp8Matmul: 848.564375 TFlops(16384, 16384, 16384, 1024, ms=10614.632812)
16384 16384 16384 16384
LtFp8Matmul: 1028.958042 TFlops(16384, 16384, 16384, 1, ms=8.548544)
16384 16384 16384 16384
LtFp8Matmul: 1033.948884 TFlops(16384, 16384, 16384, 2, ms=17.014561)
16384 16384 16384 16384
LtFp8Matmul: 1036.105062 TFlops(16384, 16384, 16384, 4, ms=33.958305)
16384 16384 16384 16384
LtFp8Matmul: 964.442043 TFlops(16384, 16384, 16384, 8, ms=72.963165)
16384 16384 16384 16384
LtFp8Matmul: 925.955188 TFlops(16384, 16384, 16384, 16, ms=151.991684)
16384 16384 16384 16384
LtFp8Matmul: 894.340067 TFlops(16384, 16384, 16384, 32, ms=314.729248)
16384 16384 16384 16384
LtFp8Matmul: 887.233628 TFlops(16384, 16384, 16384, 64, ms=634.500244)
16384 16384 16384 16384
LtFp8Matmul: 863.818672 TFlops(16384, 16384, 16384, 128, ms=1303.398438)
16384 16384 16384 16384
LtFp8Matmul: 859.893861 TFlops(16384, 16384, 16384, 256, ms=2618.695068)
16384 16384 16384 16384
LtFp8Matmul: 853.171527 TFlops(16384, 16384, 16384, 512, ms=5278.656738)
16384 16384 16384 16384
LtFp8Matmul: 848.564375 TFlops(16384, 16384, 16384, 1024, ms=10614.632812)
16384 16384 16384 16384
LtFp8Matmul: 1028.958042 TFlops(16384, 16384, 16384, 1, ms=8.548544)
16384 16384 16384 16384
LtFp8Matmul: 1033.948884 TFlops(16384, 16384, 16384, 2, ms=17.014561)
16384 16384 16384 16384
LtFp8Matmul: 1036.105062 TFlops(16384, 16384, 16384, 4, ms=33.958305)
16384 16384 16384 16384
LtFp8Matmul: 964.442043 TFlops(16384, 16384, 16384, 8, ms=72.963165)
16384 16384 16384 16384
LtFp8Matmul: 925.955188 TFlops(16384, 16384, 16384, 16, ms=151.991684)
16384 16384 16384 16384
LtFp8Matmul: 894.340067 TFlops(16384, 16384, 16384, 32, ms=314.729248)
16384 16384 16384 16384
LtFp8Matmul: 887.233628 TFlops(16384, 16384, 16384, 64, ms=634.500244)
16384 16384 16384 16384
LtFp8Matmul: 863.818672 TFlops(16384, 16384, 16384, 128, ms=1303.398438)
16384 16384 16384 16384
LtFp8Matmul: 859.893861 TFlops(16384, 16384, 16384, 256, ms=2618.695068)
16384 16384 16384 16384
LtFp8Matmul: 853.171527 TFlops(16384, 16384, 16384, 512, ms=5278.656738)
16384 16384 16384 16384
LtFp8Matmul: 848.564375 TFlops(16384, 16384, 16384, 1024, ms=10614.632812)
16384 16384 16384 16384
LtFp8Matmul: 1028.958042 TFlops(16384, 16384, 16384, 1, ms=8.548544)
16384 16384 16384 16384
LtFp8Matmul: 1033.948884 TFlops(16384, 16384, 16384, 2, ms=17.014561)
16384 16384 16384 16384
LtFp8Matmul: 1036.105062 TFlops(16384, 16384, 16384, 4, ms=33.958305)
16384 16384 16384 16384
LtFp8Matmul: 964.442043 TFlops(16384, 16384, 16384, 8, ms=72.963165)
16384 16384 16384 16384
LtFp8Matmul: 925.955188 TFlops(16384, 16384, 16384, 16, ms=151.991684)
16384 16384 16384 16384
LtFp8Matmul: 894.340067 TFlops(16384, 16384, 16384, 32, ms=314.729248)
16384 16384 16384 16384
LtFp8Matmul: 887.233628 TFlops(16384, 16384, 16384, 64, ms=634.500244)
16384 16384 16384 16384
LtFp8Matmul: 863.818672 TFlops(16384, 16384, 16384, 128, ms=1303.398438)
16384 16384 16384 16384
LtFp8Matmul: 859.893861 TFlops(16384, 16384, 16384, 256, ms=2618.695068)
16384 16384 16384 16384
LtFp8Matmul: 853.171527 TFlops(16384, 16384, 16384, 512, ms=5278.656738)
16384 16384 16384 16384
LtFp8Matmul: 848.564375 TFlops(16384, 16384, 16384, 1024, ms=10614.632812)
16384 16384 16384 16384
LtFp8Matmul: 1028.958042 TFlops(16384, 16384, 16384, 1, ms=8.548544)
16384 16384 16384 16384
LtFp8Matmul: 1033.948884 TFlops(16384, 16384, 16384, 2, ms=17.014561)
16384 16384 16384 16384
LtFp8Matmul: 1036.105062 TFlops(16384, 16384, 16384, 4, ms=33.958305)
16384 16384 16384 16384
LtFp8Matmul: 964.442043 TFlops(16384, 16384, 16384, 8, ms=72.963165)
16384 16384 16384 16384
LtFp8Matmul: 925.955188 TFlops(16384, 16384, 16384, 16, ms=151.991684)
16384 16384 16384 16384
LtFp8Matmul: 894.340067 TFlops(16384, 16384, 16384, 32, ms=314.729248)
16384 16384 16384 16384
LtFp8Matmul: 887.233628 TFlops(16384, 16384, 16384, 64, ms=634.500244)
16384 16384 16384 16384
LtFp8Matmul: 863.818672 TFlops(16384, 16384, 16384, 128, ms=1303.398438)
16384 16384 16384 16384
LtFp8Matmul: 859.893861 TFlops(16384, 16384, 16384, 256, ms=2618.695068)
16384 16384 16384 16384
LtFp8Matmul: 853.171527 TFlops(16384, 16384, 16384, 512, ms=5278.656738)
16384 16384 16384 16384
LtFp8Matmul: 848.564375 TFlops(16384, 16384, 16384, 1024, ms=10614.632812)
16384 16384 16384 16384
LtFp8Matmul: 1028.958042 TFlops(16384, 16384, 16384, 1, ms=8.548544)
16384 16384 16384 16384
LtFp8Matmul: 1033.948884 TFlops(16384, 16384, 16384, 2, ms=17.014561)
16384 16384 16384 16384
LtFp8Matmul: 1036.105062 TFlops(16384, 16384, 16384, 4, ms=33.958305)
16384 16384 16384 16384
LtFp8Matmul: 964.442043 TFlops(16384, 16384, 16384, 8, ms=72.963165)
16384 16384 16384 16384
LtFp8Matmul: 925.955188 TFlops(16384, 16384, 16384, 16, ms=151.991684)
16384 16384 16384 16384
LtFp8Matmul: 894.340067 TFlops(16384, 16384, 16384, 32, ms=314.729248)
16384 16384 16384 16384
LtFp8Matmul: 887.233628 TFlops(16384, 16384, 16384, 64, ms=634.500244)
16384 16384 16384 16384
LtFp8Matmul: 863.818672 TFlops(16384, 16384, 16384, 128, ms=1303.398438)
16384 16384 16384 16384
LtFp8Matmul: 859.893861 TFlops(16384, 16384, 16384, 256, ms=2618.695068)
16384 16384 16384 16384
LtFp8Matmul: 853.171527 TFlops(16384, 16384, 16384, 512, ms=5278.656738)
16384 16384 16384 16384
LtFp8Matmul: 848.564375 TFlops(16384, 16384, 16384, 1024, ms=10614.632812)
16384 16384 16384 16384
LtFp8Matmul: 1028.958042 TFlops(16384, 16384, 16384, 1, ms=8.548544)
16384 16384 16384 16384
LtFp8Matmul: 1033.948884 TFlops(16384, 16384, 16384, 2, ms=17.014561)
16384 16384 16384 16384
LtFp8Matmul: 1036.105062 TFlops(16384, 16384, 16384, 4, ms=33.958305)
16384 16384 16384 16384
LtFp8Matmul: 964.442043 TFlops(16384, 16384, 16384, 8, ms=72.963165)
16384 16384 16384 16384
LtFp8Matmul: 925.955188 TFlops(16384, 16384, 16384, 16, ms=151.991684)
16384 16384 16384 16384
LtFp8Matmul: 894.340067 TFlops(16384, 16384, 16384, 32, ms=314.729248)
16384 16384 16384 16384
LtFp8Matmul: 887.233628 TFlops(16384, 16384, 16384, 64, ms=634.500244)
16384 16384 16384 16384
LtFp8Matmul: 863.818672 TFlops(16384, 16384, 16384, 128, ms=1303.398438)
16384 16384 16384 16384
LtFp8Matmul: 859.893861 TFlops(16384, 16384, 16384, 256, ms=2618.695068)
16384 16384 16384 16384
LtFp8Matmul: 853.171527 TFlops(16384, 16384, 16384, 512, ms=5278.656738)
16384 16384 16384 16384
LtFp8Matmul: 848.564375 TFlops(16384, 16384, 16384, 1024, ms=10614.632812)
16384 16384 16384 16384
LtFp8Matmul: 1028.958042 TFlops(16384, 16384, 16384, 1, ms=8.548544)
16384 16384 16384 16384
LtFp8Matmul: 1033.948884 TFlops(16384, 16384, 16384, 2, ms=17.014561)
16384 16384 16384 16384
LtFp8Matmul: 1036.105062 TFlops(16384, 16384, 16384, 4, ms=33.958305)
16384 16384 16384 16384
LtFp8Matmul: 964.442043 TFlops(16384, 16384, 16384, 8, ms=72.963165)
16384 16384 16384 16384
LtFp8Matmul: 925.955188 TFlops(16384, 16384, 16384, 16, ms=151.991684)
16384 16384 16384 16384
LtFp8Matmul: 894.340067 TFlops(16384, 16384, 16384, 32, ms=314.729248)
16384 16384 16384 16384
LtFp8Matmul: 887.233628 TFlops(16384, 16384, 16384, 64, ms=634.500244)
16384 16384 16384 16384
LtFp8Matmul: 863.818672 TFlops(16384, 16384, 16384, 128, ms=1303.398438)
16384 16384 16384 16384
LtFp8Matmul: 859.893861 TFlops(16384, 16384, 16384, 256, ms=2618.695068)
16384 16384 16384 16384
LtFp8Matmul: 853.171527 TFlops(16384, 16384, 16384, 512, ms=5278.656738)
16384 16384 16384 16384
LtFp8Matmul: 848.564375 TFlops(16384, 16384, 16384, 1024, ms=10614.632812)
16384 16384 16384 16384
LtFp8Matmul: 1028.958042 TFlops(16384, 16384, 16384, 1, ms=8.548544)
16384 16384 16384 16384
LtFp8Matmul: 1033.948884 TFlops(16384, 16384, 16384, 2, ms=17.014561)
16384 16384 16384 16384
LtFp8Matmul: 1036.105062 TFlops(16384, 16384, 16384, 4, ms=33.958305)
16384 16384 16384 16384
LtFp8Matmul: 964.442043 TFlops(16384, 16384, 16384, 8, ms=72.963165)
16384 16384 16384 16384
LtFp8Matmul: 925.955188 TFlops(16384, 16384, 16384, 16, ms=151.991684)
16384 16384 16384 16384
LtFp8Matmul: 894.340067 TFlops(16384, 16384, 16384, 32, ms=314.729248)
16384 16384 16384 16384
LtFp8Matmul: 887.233628 TFlops(16384, 16384, 16384, 64, ms=634.500244)
16384 16384 16384 16384
LtFp8Matmul: 863.818672 TFlops(16384, 16384, 16384, 128, ms=1303.398438)
16384 16384 16384 16384
LtFp8Matmul: 859.893861 TFlops(16384, 16384, 16384, 256, ms=2618.695068)
16384 16384 16384 16384
LtFp8Matmul: 853.171527 TFlops(16384, 16384, 16384, 512, ms=5278.656738)
16384 16384 16384 16384
LtFp8Matmul: 848.564375 TFlops(16384, 16384, 16384, 1024, ms=10614.632812)
16384 16384 16384 16384
LtFp8Matmul: 1028.958042 TFlops(16384, 16384, 16384, 1, ms=8.548544)
16384 16384 16384 16384
LtFp8Matmul: 1033.948884 TFlops(16384, 16384, 16384, 2, ms=17.014561)
16384 16384 16384 16384
LtFp8Matmul: 1036.105062 TFlops(16384, 16384, 16384, 4, ms=33.958305)
16384 16384 16384 16384
LtFp8Matmul: 964.442043 TFlops(16384, 16384, 16384, 8, ms=72.963165)
16384 16384 16384 16384
LtFp8Matmul: 925.955188 TFlops(16384, 16384, 16384, 16, ms=151.991684)
16384 16384 16384 16384
LtFp8Matmul: 894.340067 TFlops(16384, 16384, 16384, 32, ms=314.729248)
16384 16384 16384 16384
LtFp8Matmul: 887.233628 TFlops(16384, 16384, 16384, 64, ms=634.500244)
16384 16384 16384 16384
LtFp8Matmul: 863.818672 TFlops(16384, 16384, 16384, 128, ms=1303.398438)
16384 16384 16384 16384
LtFp8Matmul: 859.893861 TFlops(16384, 16384, 16384, 256, ms=2618.695068)
16384 16384 16384 16384
LtFp8Matmul: 853.171527 TFlops(16384, 16384, 16384, 512, ms=5278.656738)
16384 16384 16384 16384
LtFp8Matmul: 848.564375 TFlops(16384, 16384, 16384, 1024, ms=10614.632812)
16384 16384 16384 16384
LtFp8Matmul: 1028.958042 TFlops(16384, 16384, 16384, 1, ms=8.548544)
16384 16384 16384 16384
LtFp8Matmul: 1033.948884 TFlops(16384, 16384, 16384, 2, ms=17.014561)
16384 16384 16384 16384
LtFp8Matmul: 1036.105062 TFlops(16384, 16384, 16384, 4, ms=33.958305)
16384 16384 16384 16384
LtFp8Matmul: 964.442043 TFlops(16384, 16384, 16384, 8, ms=72.963165)
16384 16384 16384 16384
LtFp8Matmul: 925.955188 TFlops(16384, 16384, 16384, 16, ms=151.991684)
16384 16384 16384 16384
LtFp8Matmul: 894.340067 TFlops(16384, 16384, 16384, 32, ms=314.729248)
16384 16384 16384 16384
LtFp8Matmul: 887.233628 TFlops(16384, 16384, 16384, 64, ms=634.500244)
16384 16384 16384 16384
LtFp8Matmul: 863.818672 TFlops(16384, 16384, 16384, 128, ms=1303.398438)
16384 16384 16384 16384
LtFp8Matmul: 859.893861 TFlops(16384, 16384, 16384, 256, ms=2618.695068)
16384 16384 16384 16384
LtFp8Matmul: 853.171527 TFlops(16384, 16384, 16384, 512, ms=5278.656738)
16384 16384 16384 16384
LtFp8Matmul: 848.564375 TFlops(16384, 16384, 16384, 1024, ms=10614.632812)
16384 16384 16384 16384
LtFp8Matmul: 1028.958042 TFlops(16384, 16384, 16384, 1, ms=8.548544)
16384 16384 16384 16384
LtFp8Matmul: 1033.948884 TFlops(16384, 16384, 16384, 2, ms=17.014561)
16384 16384 16384 16384
LtFp8Matmul: 1036.105062 TFlops(16384, 16384, 16384, 4, ms=33.958305)
16384 16384 16384 16384
LtFp8Matmul: 964.442043 TFlops(16384, 16384, 16384, 8, ms=72.963165)
16384 16384 16384 16384
LtFp8Matmul: 925.955188 TFlops(16384, 16384, 16384, 16, ms=151.991684)
16384 16384 16384 16384
LtFp8Matmul: 894.340067 TFlops(16384, 16384, 16384, 32, ms=314.729248)
16384 16384 16384 16384
LtFp8Matmul: 887.233628 TFlops(16384, 16384, 16384, 64, ms=634.500244)
16384 16384 16384 16384
LtFp8Matmul: 863.818672 TFlops(16384, 16384, 16384, 128, ms=1303.398438)
16384 16384 16384 16384
LtFp8Matmul: 859.893861 TFlops(16384, 16384, 16384, 256, ms=2618.695068)
16384 16384 16384 16384
LtFp8Matmul: 853.171527 TFlops(16384, 16384, 16384, 512, ms=5278.656738)
16384 16384 16384 16384
LtFp8Matmul: 848.564375 TFlops(16384, 16384, 16384, 1024, ms=10614.632812)
16384 16384 16384 16384
LtFp8Matmul: 1028.958042 TFlops(16384, 16384, 16384, 1, ms=8.548544)
16384 16384 16384 16384
LtFp8Matmul: 1033.948884 TFlops(16384, 16384, 16384, 2, ms=17.014561)
16384 16384 16384 16384
LtFp8Matmul: 1036.105062 TFlops(16384, 16384, 16384, 4, ms=33.958305)
16384 16384 16384 16384
LtFp8Matmul: 964.442043 TFlops(16384, 16384, 16384, 8, ms=72.963165)
16384 16384 16384 16384
LtFp8Matmul: 925.955188 TFlops(16384, 16384, 16384, 16, ms=151.991684)
16384 16384 16384 16384
LtFp8Matmul: 894.340067 TFlops(16384, 16384, 16384, 32, ms=314.729248)
16384 16384 16384 16384
LtFp8Matmul: 887.233628 TFlops(16384, 16384, 16384, 64, ms=634.500244)
16384 16384 16384 16384
LtFp8Matmul: 863.818672 TFlops(16384, 16384, 16384, 128, ms=1303.398438)
16384 16384 16384 16384
LtFp8Matmul: 859.893861 TFlops(16384, 16384, 16384, 256, ms=2618.695068)
16384 16384 16384 16384
LtFp8Matmul: 853.171527 TFlops(16384, 16384, 16384, 512, ms=5278.656738)
16384 16384 16384 16384
LtFp8Matmul: 848.564375 TFlops(16384, 16384, 16384, 1024, ms=10614.632812)
