16384 16384 16384 16384
LtFp8Matmul: 1142.762914 TFlops(16384, 16384, 16384, 1, ms=7.697216)
16384 16384 16384 16384
LtFp8Matmul: 1151.827628 TFlops(16384, 16384, 16384, 2, ms=15.273280)
16384 16384 16384 16384
LtFp8Matmul: 1153.985479 TFlops(16384, 16384, 16384, 4, ms=30.489441)
16384 16384 16384 16384
LtFp8Matmul: 1119.693549 TFlops(16384, 16384, 16384, 8, ms=62.846432)
16384 16384 16384 16384
LtFp8Matmul: 1050.899402 TFlops(16384, 16384, 16384, 16, ms=133.920990)
16384 16384 16384 16384
LtFp8Matmul: 1050.077923 TFlops(16384, 16384, 16384, 32, ms=268.051514)
16384 16384 16384 16384
LtFp8Matmul: 1037.226534 TFlops(16384, 16384, 16384, 64, ms=542.745422)
16384 16384 16384 16384
LtFp8Matmul: 1031.116833 TFlops(16384, 16384, 16384, 128, ms=1091.922729)
16384 16384 16384 16384
LtFp8Matmul: 1027.425809 TFlops(16384, 16384, 16384, 256, ms=2191.690918)
16384 16384 16384 16384
LtFp8Matmul: 1026.878577 TFlops(16384, 16384, 16384, 512, ms=4385.717773)
16384 16384 16384 16384
LtFp8Matmul: 1026.211799 TFlops(16384, 16384, 16384, 1024, ms=8777.134766)
