1024 1024 16384 16384
LtFp8Matmul: 767.605128 TFlops(16384, 16384, 1024, 256, ms=183.346207)
2048 2048 16384 16384
LtFp8Matmul: 796.554274 TFlops(16384, 16384, 2048, 256, ms=353.365723)
3072 3072 16384 16384
LtFp8Matmul: 783.301146 TFlops(16384, 16384, 3072, 256, ms=539.016785)
4096 4096 16384 16384
LtFp8Matmul: 819.969651 TFlops(16384, 16384, 4096, 256, ms=686.549744)
5120 5120 16384 16384
LtFp8Matmul: 815.043046 TFlops(16384, 16384, 5120, 256, ms=863.374573)
6144 6144 16384 16384
LtFp8Matmul: 799.605444 TFlops(16384, 16384, 6144, 256, ms=1056.052002)
7168 7168 16384 16384
LtFp8Matmul: 785.981917 TFlops(16384, 16384, 7168, 256, ms=1253.416138)
8192 8192 16384 16384
LtFp8Matmul: 783.632789 TFlops(16384, 16384, 8192, 256, ms=1436.769775)
9216 9216 16384 16384
LtFp8Matmul: 776.140194 TFlops(16384, 16384, 9216, 256, ms=1631.969849)
10240 10240 16384 16384
LtFp8Matmul: 775.518519 TFlops(16384, 16384, 10240, 256, ms=1814.753418)
11264 11264 16384 16384
LtFp8Matmul: 781.943825 TFlops(16384, 16384, 11264, 256, ms=1979.825562)
12288 12288 16384 16384
LtFp8Matmul: 775.333115 TFlops(16384, 16384, 12288, 256, ms=2178.224854)
13312 13312 16384 16384
LtFp8Matmul: 772.483966 TFlops(16384, 16384, 13312, 256, ms=2368.447021)
14336 14336 16384 16384
LtFp8Matmul: 777.104537 TFlops(16384, 16384, 14336, 256, ms=2535.469482)
15360 15360 16384 16384
LtFp8Matmul: 786.552058 TFlops(16384, 16384, 15360, 256, ms=2683.944824)
