1024 1024 16384 16384
LtFp8Matmul: 933.711774 TFlops(16384, 16384, 1024, 256, ms=150.729050)
2048 2048 16384 16384
LtFp8Matmul: 1007.868117 TFlops(16384, 16384, 2048, 256, ms=279.277588)
3072 3072 16384 16384
LtFp8Matmul: 1005.412640 TFlops(16384, 16384, 3072, 256, ms=419.939484)
4096 4096 16384 16384
LtFp8Matmul: 1013.872447 TFlops(16384, 16384, 4096, 256, ms=555.247314)
5120 5120 16384 16384
LtFp8Matmul: 1030.920976 TFlops(16384, 16384, 5120, 256, ms=682.581360)
6144 6144 16384 16384
LtFp8Matmul: 1034.084899 TFlops(16384, 16384, 6144, 256, ms=816.591492)
7168 7168 16384 16384
LtFp8Matmul: 1029.235877 TFlops(16384, 16384, 7168, 256, ms=957.178467)
8192 8192 16384 16384
LtFp8Matmul: 1027.378315 TFlops(16384, 16384, 8192, 256, ms=1095.896118)
9216 9216 16384 16384
LtFp8Matmul: 1012.348284 TFlops(16384, 16384, 9216, 256, ms=1251.187378)
10240 10240 16384 16384
LtFp8Matmul: 1018.138588 TFlops(16384, 16384, 10240, 256, ms=1382.301880)
11264 11264 16384 16384
LtFp8Matmul: 1033.584328 TFlops(16384, 16384, 11264, 256, ms=1497.809448)
12288 12288 16384 16384
LtFp8Matmul: 1035.881951 TFlops(16384, 16384, 12288, 256, ms=1630.349731)
13312 13312 16384 16384
LtFp8Matmul: 1039.860583 TFlops(16384, 16384, 13312, 256, ms=1759.454468)
14336 14336 16384 16384
LtFp8Matmul: 1037.661677 TFlops(16384, 16384, 14336, 256, ms=1898.812378)
15360 15360 16384 16384
LtFp8Matmul: 1033.674351 TFlops(16384, 16384, 15360, 256, ms=2042.289551)
