1024 1024 16384 16384
LtFp8Matmul: 689.320532 TFlops(16384, 16384, 1024, 32768, ms=26133.558594)
2048 2048 16384 16384
LtFp8Matmul: 716.178381 TFlops(16384, 16384, 2048, 16384, ms=25153.507812)
3072 3072 16384 16384
LtFp8Matmul: 708.239033 TFlops(16384, 16384, 3072, 10922, ms=25433.925781)
4096 4096 16384 16384
LtFp8Matmul: 760.096442 TFlops(16384, 16384, 4096, 8192, ms=23700.148438)
5120 5120 16384 16384
LtFp8Matmul: 759.266678 TFlops(16384, 16384, 5120, 6553, ms=23723.876953)
6144 6144 16384 16384
LtFp8Matmul: 750.553453 TFlops(16384, 16384, 6144, 5461, ms=24000.021484)
7168 7168 16384 16384
LtFp8Matmul: 751.293964 TFlops(16384, 16384, 7168, 4681, ms=23977.097656)
8192 8192 16384 16384
LtFp8Matmul: 752.259218 TFlops(16384, 16384, 8192, 4096, ms=23947.062500)
9216 9216 16384 16384
LtFp8Matmul: 742.906666 TFlops(16384, 16384, 9216, 3640, ms=24242.615234)
10240 10240 16384 16384
LtFp8Matmul: 737.859268 TFlops(16384, 16384, 10240, 3276, ms=24408.449219)
11264 11264 16384 16384
LtFp8Matmul: 748.257630 TFlops(16384, 16384, 11264, 2978, ms=24067.781250)
12288 12288 16384 16384
LtFp8Matmul: 748.438999 TFlops(16384, 16384, 12288, 2730, ms=24063.417969)
13312 13312 16384 16384
LtFp8Matmul: 749.334761 TFlops(16384, 16384, 13312, 2520, ms=24034.652344)
14336 14336 16384 16384
LtFp8Matmul: 749.765218 TFlops(16384, 16384, 14336, 2340, ms=24020.853516)
15360 15360 16384 16384
LtFp8Matmul: 749.909423 TFlops(16384, 16384, 15360, 2184, ms=24016.234375)
