1024 1024 16384 16384
LtFp8Matmul: 796.787893 TFlops(16384, 1024, 1024, 32768, ms=1413.048462)
2048 2048 16384 16384
LtFp8Matmul: 1064.040352 TFlops(16384, 2048, 2048, 16384, ms=2116.272949)
3072 3072 16384 16384
LtFp8Matmul: 1097.306139 TFlops(16384, 3072, 3072, 10922, ms=3077.986572)
4096 4096 16384 16384
LtFp8Matmul: 1048.588877 TFlops(16384, 4096, 4096, 8192, ms=4294.914551)
5120 5120 16384 16384
LtFp8Matmul: 971.672818 TFlops(16384, 5120, 5120, 6553, ms=5793.085938)
6144 6144 16384 16384
LtFp8Matmul: 1115.777927 TFlops(16384, 6144, 6144, 5461, ms=6054.060547)
7168 7168 16384 16384
LtFp8Matmul: 1121.639058 TFlops(16384, 7168, 7168, 4681, ms=7026.376953)
8192 8192 16384 16384
LtFp8Matmul: 1135.932708 TFlops(16384, 8192, 8192, 4096, ms=7929.342285)
9216 9216 16384 16384
LtFp8Matmul: 1171.924834 TFlops(16384, 9216, 9216, 3640, ms=8644.432617)
10240 10240 16384 16384
LtFp8Matmul: 1179.755651 TFlops(16384, 10240, 10240, 3276, ms=9541.170898)
11264 11264 16384 16384
LtFp8Matmul: 1181.230721 TFlops(16384, 11264, 11264, 2978, ms=10481.541992)
12288 12288 16384 16384
LtFp8Matmul: 1180.665385 TFlops(16384, 12288, 12288, 2730, ms=11440.583008)
13312 13312 16384 16384
LtFp8Matmul: 1183.637305 TFlops(16384, 13312, 13312, 2520, ms=12362.845703)
14336 14336 16384 16384
LtFp8Matmul: 1157.692364 TFlops(16384, 14336, 14336, 2340, ms=13612.208984)
15360 15360 16384 16384
LtFp8Matmul: 1163.214346 TFlops(16384, 15360, 15360, 2184, ms=14515.274414)
