lda 8192 ldb 8192 ldc 8192
LtHSHgemmStridedBatchSimple: 293.291954 TFlops(8192, 8192, 8192, 1, 1, ms=3.748864)
lda 8192 ldb 8192 ldc 8192
LtHSHgemmStridedBatchSimple: 296.419293 TFlops(8192, 8192, 8192, 1, 8, ms=29.674496)
lda 8192 ldb 8192 ldc 8192
LtHSHgemmStridedBatchSimple: 271.992621 TFlops(8192, 8192, 8192, 1, 16, ms=64.678909)
lda 8192 ldb 8192 ldc 8192
LtHSHgemmStridedBatchSimple: 263.621607 TFlops(8192, 8192, 8192, 1, 24, ms=100.099075)
lda 8192 ldb 8192 ldc 8192
LtHSHgemmStridedBatchSimple: 258.649215 TFlops(8192, 8192, 8192, 1, 32, ms=136.031235)
lda 8192 ldb 8192 ldc 8192
LtHSHgemmStridedBatchSimple: 256.925197 TFlops(8192, 8192, 8192, 1, 40, ms=171.180038)
lda 8192 ldb 8192 ldc 8192
LtHSHgemmStridedBatchSimple: 254.724133 TFlops(8192, 8192, 8192, 1, 48, ms=207.191040)
lda 8192 ldb 8192 ldc 8192
LtHSHgemmStridedBatchSimple: 251.247436 TFlops(8192, 8192, 8192, 1, 56, ms=245.067780)
lda 8192 ldb 8192 ldc 8192
LtHSHgemmStridedBatchSimple: 251.786101 TFlops(8192, 8192, 8192, 1, 64, ms=279.478271)
lda 8192 ldb 8192 ldc 8192
LtHSHgemmStridedBatchSimple: 251.024136 TFlops(8192, 8192, 8192, 1, 72, ms=315.367432)
lda 8192 ldb 8192 ldc 8192
LtHSHgemmStridedBatchSimple: 250.742449 TFlops(8192, 8192, 8192, 1, 80, ms=350.801910)
lda 8192 ldb 8192 ldc 8192
LtHSHgemmStridedBatchSimple: 251.331367 TFlops(8192, 8192, 8192, 1, 88, ms=384.977905)
lda 8192 ldb 8192 ldc 8192
LtHSHgemmStridedBatchSimple: 248.560941 TFlops(8192, 8192, 8192, 1, 96, ms=424.656891)
lda 8192 ldb 8192 ldc 8192
LtHSHgemmStridedBatchSimple: 248.682528 TFlops(8192, 8192, 8192, 1, 104, ms=459.820038)
lda 8192 ldb 8192 ldc 8192
LtHSHgemmStridedBatchSimple: 250.172322 TFlops(8192, 8192, 8192, 1, 112, ms=492.241913)
lda 8192 ldb 8192 ldc 8192
LtHSHgemmStridedBatchSimple: 250.207335 TFlops(8192, 8192, 8192, 1, 120, ms=527.328247)
lda 8192 ldb 8192 ldc 8192
LtHSHgemmStridedBatchSimple: 248.756941 TFlops(8192, 8192, 8192, 1, 128, ms=565.763062)
lda 8192 ldb 8192 ldc 8192
LtHSHgemmStridedBatchSimple: 249.425060 TFlops(8192, 8192, 8192, 1, 136, ms=599.513062)
lda 8192 ldb 8192 ldc 8192
LtHSHgemmStridedBatchSimple: 248.134133 TFlops(8192, 8192, 8192, 1, 144, ms=638.080994)
lda 8192 ldb 8192 ldc 8192
LtHSHgemmStridedBatchSimple: 249.645531 TFlops(8192, 8192, 8192, 1, 152, ms=669.452271)
lda 8192 ldb 8192 ldc 8192
LtHSHgemmStridedBatchSimple: 249.418101 TFlops(8192, 8192, 8192, 1, 160, ms=705.329163)
lda 8192 ldb 8192 ldc 8192
LtHSHgemmStridedBatchSimple: 249.143180 TFlops(8192, 8192, 8192, 1, 168, ms=741.412842)
lda 8192 ldb 8192 ldc 8192
LtHSHgemmStridedBatchSimple: 249.491806 TFlops(8192, 8192, 8192, 1, 176, ms=775.632874)
lda 8192 ldb 8192 ldc 8192
LtHSHgemmStridedBatchSimple: 248.669595 TFlops(8192, 8192, 8192, 1, 184, ms=813.570068)
lda 8192 ldb 8192 ldc 8192
LtHSHgemmStridedBatchSimple: 249.654781 TFlops(8192, 8192, 8192, 1, 192, ms=845.592590)
lda 8192 ldb 8192 ldc 8192
LtHSHgemmStridedBatchSimple: 248.389205 TFlops(8192, 8192, 8192, 1, 200, ms=885.313538)
lda 8192 ldb 8192 ldc 8192
LtHSHgemmStridedBatchSimple: 247.730597 TFlops(8192, 8192, 8192, 1, 208, ms=923.173889)
lda 8192 ldb 8192 ldc 8192
LtHSHgemmStridedBatchSimple: 246.734793 TFlops(8192, 8192, 8192, 1, 216, ms=962.549744)
lda 8192 ldb 8192 ldc 8192
LtHSHgemmStridedBatchSimple: 246.924887 TFlops(8192, 8192, 8192, 1, 224, ms=997.431274)
lda 8192 ldb 8192 ldc 8192
LtHSHgemmStridedBatchSimple: 246.738666 TFlops(8192, 8192, 8192, 1, 232, ms=1033.833496)
lda 8192 ldb 8192 ldc 8192
LtHSHgemmStridedBatchSimple: 246.338397 TFlops(8192, 8192, 8192, 1, 240, ms=1071.220703)
lda 8192 ldb 8192 ldc 8192
LtHSHgemmStridedBatchSimple: 246.652471 TFlops(8192, 8192, 8192, 1, 248, ms=1105.518555)
lda 8192 ldb 8192 ldc 8192
LtHSHgemmStridedBatchSimple: 246.401740 TFlops(8192, 8192, 8192, 1, 256, ms=1142.341675)
lda 8192 ldb 8192 ldc 8192
LtHSHgemmStridedBatchSimple: 246.542006 TFlops(8192, 8192, 8192, 1, 264, ms=1177.369629)
lda 8192 ldb 8192 ldc 8192
LtHSHgemmStridedBatchSimple: 246.477643 TFlops(8192, 8192, 8192, 1, 272, ms=1213.364258)
lda 8192 ldb 8192 ldc 8192
LtHSHgemmStridedBatchSimple: 246.480833 TFlops(8192, 8192, 8192, 1, 280, ms=1249.035278)
lda 8192 ldb 8192 ldc 8192
LtHSHgemmStridedBatchSimple: 245.950035 TFlops(8192, 8192, 8192, 1, 288, ms=1287.494629)
lda 8192 ldb 8192 ldc 8192
LtHSHgemmStridedBatchSimple: 246.448850 TFlops(8192, 8192, 8192, 1, 296, ms=1320.580078)
lda 8192 ldb 8192 ldc 8192
LtHSHgemmStridedBatchSimple: 246.326061 TFlops(8192, 8192, 8192, 1, 304, ms=1356.947510)
lda 8192 ldb 8192 ldc 8192
LtHSHgemmStridedBatchSimple: 246.811919 TFlops(8192, 8192, 8192, 1, 312, ms=1389.915161)
lda 8192 ldb 8192 ldc 8192
LtHSHgemmStridedBatchSimple: 246.469981 TFlops(8192, 8192, 8192, 1, 320, ms=1427.531738)
lda 8192 ldb 8192 ldc 8192
LtHSHgemmStridedBatchSimple: 246.849821 TFlops(8192, 8192, 8192, 1, 328, ms=1460.968506)
lda 8192 ldb 8192 ldc 8192
LtHSHgemmStridedBatchSimple: 246.485077 TFlops(8192, 8192, 8192, 1, 336, ms=1498.816528)
lda 8192 ldb 8192 ldc 8192
LtHSHgemmStridedBatchSimple: 247.238685 TFlops(8192, 8192, 8192, 1, 344, ms=1529.825317)
lda 8192 ldb 8192 ldc 8192
LtHSHgemmStridedBatchSimple: 246.791906 TFlops(8192, 8192, 8192, 1, 352, ms=1568.236572)
lda 8192 ldb 8192 ldc 8192
LtHSHgemmStridedBatchSimple: 246.379687 TFlops(8192, 8192, 8192, 1, 360, ms=1606.561768)
lda 8192 ldb 8192 ldc 8192
LtHSHgemmStridedBatchSimple: 246.711437 TFlops(8192, 8192, 8192, 1, 368, ms=1640.054810)
lda 8192 ldb 8192 ldc 8192
LtHSHgemmStridedBatchSimple: 246.801283 TFlops(8192, 8192, 8192, 1, 376, ms=1675.098145)
lda 8192 ldb 8192 ldc 8192
LtHSHgemmStridedBatchSimple: 246.638758 TFlops(8192, 8192, 8192, 1, 384, ms=1711.865845)
lda 8192 ldb 8192 ldc 8192
LtHSHgemmStridedBatchSimple: 246.314865 TFlops(8192, 8192, 8192, 1, 392, ms=1749.827637)
lda 8192 ldb 8192 ldc 8192
LtHSHgemmStridedBatchSimple: 246.551109 TFlops(8192, 8192, 8192, 1, 400, ms=1783.827515)
lda 8192 ldb 8192 ldc 8192
LtHSHgemmStridedBatchSimple: 246.001803 TFlops(8192, 8192, 8192, 1, 408, ms=1823.566895)
lda 8192 ldb 8192 ldc 8192
LtHSHgemmStridedBatchSimple: 245.932615 TFlops(8192, 8192, 8192, 1, 416, ms=1859.846191)
lda 8192 ldb 8192 ldc 8192
LtHSHgemmStridedBatchSimple: 245.381853 TFlops(8192, 8192, 8192, 1, 424, ms=1899.867188)
lda 8192 ldb 8192 ldc 8192
LtHSHgemmStridedBatchSimple: 246.183104 TFlops(8192, 8192, 8192, 1, 432, ms=1929.413574)
lda 8192 ldb 8192 ldc 8192
LtHSHgemmStridedBatchSimple: 245.901637 TFlops(8192, 8192, 8192, 1, 440, ms=1967.392822)
lda 8192 ldb 8192 ldc 8192
LtHSHgemmStridedBatchSimple: 245.585326 TFlops(8192, 8192, 8192, 1, 448, ms=2005.743652)
lda 8192 ldb 8192 ldc 8192
LtHSHgemmStridedBatchSimple: 245.301159 TFlops(8192, 8192, 8192, 1, 456, ms=2043.925537)
lda 8192 ldb 8192 ldc 8192
LtHSHgemmStridedBatchSimple: 245.574407 TFlops(8192, 8192, 8192, 1, 464, ms=2077.469727)
lda 8192 ldb 8192 ldc 8192
LtHSHgemmStridedBatchSimple: 245.680340 TFlops(8192, 8192, 8192, 1, 472, ms=2112.376953)
lda 8192 ldb 8192 ldc 8192
LtHSHgemmStridedBatchSimple: 245.503754 TFlops(8192, 8192, 8192, 1, 480, ms=2149.725098)
lda 8192 ldb 8192 ldc 8192
LtHSHgemmStridedBatchSimple: 245.448659 TFlops(8192, 8192, 8192, 1, 488, ms=2186.044434)
lda 8192 ldb 8192 ldc 8192
LtHSHgemmStridedBatchSimple: 245.380107 TFlops(8192, 8192, 8192, 1, 496, ms=2222.501953)
lda 8192 ldb 8192 ldc 8192
LtHSHgemmStridedBatchSimple: 245.779923 TFlops(8192, 8192, 8192, 1, 504, ms=2254.675049)
lda 8192 ldb 8192 ldc 8192
LtHSHgemmStridedBatchSimple: 245.893246 TFlops(8192, 8192, 8192, 1, 512, ms=2289.407959)
lda 8192 ldb 8192 ldc 8192
LtHSHgemmStridedBatchSimple: 245.784859 TFlops(8192, 8192, 8192, 1, 520, ms=2326.205322)
lda 8192 ldb 8192 ldc 8192
LtHSHgemmStridedBatchSimple: 245.642464 TFlops(8192, 8192, 8192, 1, 528, ms=2363.362305)
lda 8192 ldb 8192 ldc 8192
LtHSHgemmStridedBatchSimple: 245.403895 TFlops(8192, 8192, 8192, 1, 536, ms=2401.503174)
lda 8192 ldb 8192 ldc 8192
LtHSHgemmStridedBatchSimple: 245.802223 TFlops(8192, 8192, 8192, 1, 544, ms=2433.396729)
lda 8192 ldb 8192 ldc 8192
LtHSHgemmStridedBatchSimple: 245.235491 TFlops(8192, 8192, 8192, 1, 552, ms=2474.888184)
lda 8192 ldb 8192 ldc 8192
LtHSHgemmStridedBatchSimple: 245.301851 TFlops(8192, 8192, 8192, 1, 560, ms=2510.076904)
lda 8192 ldb 8192 ldc 8192
LtHSHgemmStridedBatchSimple: 245.470848 TFlops(8192, 8192, 8192, 1, 568, ms=2544.182373)
lda 8192 ldb 8192 ldc 8192
LtHSHgemmStridedBatchSimple: 245.435180 TFlops(8192, 8192, 8192, 1, 576, ms=2580.390869)
lda 8192 ldb 8192 ldc 8192
LtHSHgemmStridedBatchSimple: 245.458397 TFlops(8192, 8192, 8192, 1, 584, ms=2615.982178)
lda 8192 ldb 8192 ldc 8192
LtHSHgemmStridedBatchSimple: 245.378395 TFlops(8192, 8192, 8192, 1, 592, ms=2652.682129)
lda 8192 ldb 8192 ldc 8192
LtHSHgemmStridedBatchSimple: 245.424273 TFlops(8192, 8192, 8192, 1, 600, ms=2688.026611)
lda 8192 ldb 8192 ldc 8192
LtHSHgemmStridedBatchSimple: 245.547809 TFlops(8192, 8192, 8192, 1, 608, ms=2722.496582)
lda 8192 ldb 8192 ldc 8192
LtHSHgemmStridedBatchSimple: 245.479524 TFlops(8192, 8192, 8192, 1, 616, ms=2759.086182)
lda 8192 ldb 8192 ldc 8192
LtHSHgemmStridedBatchSimple: 245.310435 TFlops(8192, 8192, 8192, 1, 624, ms=2796.844971)
lda 8192 ldb 8192 ldc 8192
LtHSHgemmStridedBatchSimple: 245.283169 TFlops(8192, 8192, 8192, 1, 632, ms=2833.016846)
lda 8192 ldb 8192 ldc 8192
LtHSHgemmStridedBatchSimple: 245.127375 TFlops(8192, 8192, 8192, 1, 640, ms=2870.701172)
lda 8192 ldb 8192 ldc 8192
LtHSHgemmStridedBatchSimple: 245.078585 TFlops(8192, 8192, 8192, 1, 648, ms=2907.163574)
lda 8192 ldb 8192 ldc 8192
LtHSHgemmStridedBatchSimple: 246.084709 TFlops(8192, 8192, 8192, 1, 656, ms=2931.021729)
lda 8192 ldb 8192 ldc 8192
LtHSHgemmStridedBatchSimple: 245.250845 TFlops(8192, 8192, 8192, 1, 664, ms=2976.853027)
lda 8192 ldb 8192 ldc 8192
LtHSHgemmStridedBatchSimple: 245.849824 TFlops(8192, 8192, 8192, 1, 672, ms=3005.378662)
lda 8192 ldb 8192 ldc 8192
LtHSHgemmStridedBatchSimple: 246.121046 TFlops(8192, 8192, 8192, 1, 680, ms=3037.805664)
lda 8192 ldb 8192 ldc 8192
LtHSHgemmStridedBatchSimple: 245.614384 TFlops(8192, 8192, 8192, 1, 688, ms=3079.884766)
lda 8192 ldb 8192 ldc 8192
LtHSHgemmStridedBatchSimple: 245.735298 TFlops(8192, 8192, 8192, 1, 696, ms=3114.164307)
lda 8192 ldb 8192 ldc 8192
LtHSHgemmStridedBatchSimple: 245.710394 TFlops(8192, 8192, 8192, 1, 704, ms=3150.278564)
lda 8192 ldb 8192 ldc 8192
LtHSHgemmStridedBatchSimple: 245.447893 TFlops(8192, 8192, 8192, 1, 712, ms=3189.484619)
lda 8192 ldb 8192 ldc 8192
LtHSHgemmStridedBatchSimple: 245.786183 TFlops(8192, 8192, 8192, 1, 720, ms=3220.882324)
lda 8192 ldb 8192 ldc 8192
LtHSHgemmStridedBatchSimple: 245.597960 TFlops(8192, 8192, 8192, 1, 728, ms=3259.165771)
lda 8192 ldb 8192 ldc 8192
LtHSHgemmStridedBatchSimple: 245.627485 TFlops(8192, 8192, 8192, 1, 736, ms=3294.584717)
lda 8192 ldb 8192 ldc 8192
LtHSHgemmStridedBatchSimple: 245.791192 TFlops(8192, 8192, 8192, 1, 744, ms=3328.177246)
lda 8192 ldb 8192 ldc 8192
LtHSHgemmStridedBatchSimple: 246.140444 TFlops(8192, 8192, 8192, 1, 752, ms=3359.190918)
lda 8192 ldb 8192 ldc 8192
LtHSHgemmStridedBatchSimple: 245.824236 TFlops(8192, 8192, 8192, 1, 760, ms=3399.293945)
lda 8192 ldb 8192 ldc 8192
LtHSHgemmStridedBatchSimple: 245.949557 TFlops(8192, 8192, 8192, 1, 768, ms=3433.325684)
lda 8192 ldb 8192 ldc 8192
LtHSHgemmStridedBatchSimple: 245.711142 TFlops(8192, 8192, 8192, 1, 776, ms=3472.455566)
lda 8192 ldb 8192 ldc 8192
LtHSHgemmStridedBatchSimple: 245.692671 TFlops(8192, 8192, 8192, 1, 784, ms=3508.517822)
lda 8192 ldb 8192 ldc 8192
LtHSHgemmStridedBatchSimple: 246.021565 TFlops(8192, 8192, 8192, 1, 792, ms=3539.580811)
lda 8192 ldb 8192 ldc 8192
LtHSHgemmStridedBatchSimple: 245.939874 TFlops(8192, 8192, 8192, 1, 800, ms=3576.521729)
lda 8192 ldb 8192 ldc 8192
LtHSHgemmStridedBatchSimple: 246.267705 TFlops(8192, 8192, 8192, 1, 808, ms=3607.478271)
lda 8192 ldb 8192 ldc 8192
LtHSHgemmStridedBatchSimple: 245.951127 TFlops(8192, 8192, 8192, 1, 816, ms=3647.885254)
lda 8192 ldb 8192 ldc 8192
LtHSHgemmStridedBatchSimple: 245.893999 TFlops(8192, 8192, 8192, 1, 824, ms=3684.504639)
lda 8192 ldb 8192 ldc 8192
LtHSHgemmStridedBatchSimple: 246.212216 TFlops(8192, 8192, 8192, 1, 832, ms=3715.468262)
lda 8192 ldb 8192 ldc 8192
LtHSHgemmStridedBatchSimple: 246.134031 TFlops(8192, 8192, 8192, 1, 840, ms=3752.385498)
lda 8192 ldb 8192 ldc 8192
LtHSHgemmStridedBatchSimple: 245.914947 TFlops(8192, 8192, 8192, 1, 848, ms=3791.497314)
lda 8192 ldb 8192 ldc 8192
LtHSHgemmStridedBatchSimple: 245.948210 TFlops(8192, 8192, 8192, 1, 856, ms=3826.748535)
lda 8192 ldb 8192 ldc 8192
LtHSHgemmStridedBatchSimple: 245.673021 TFlops(8192, 8192, 8192, 1, 864, ms=3866.839111)
lda 8192 ldb 8192 ldc 8192
LtHSHgemmStridedBatchSimple: 245.532638 TFlops(8192, 8192, 8192, 1, 872, ms=3904.874512)
lda 8192 ldb 8192 ldc 8192
LtHSHgemmStridedBatchSimple: 245.777871 TFlops(8192, 8192, 8192, 1, 880, ms=3936.767090)
lda 8192 ldb 8192 ldc 8192
LtHSHgemmStridedBatchSimple: 245.815712 TFlops(8192, 8192, 8192, 1, 888, ms=3971.944336)
lda 8192 ldb 8192 ldc 8192
LtHSHgemmStridedBatchSimple: 245.367795 TFlops(8192, 8192, 8192, 1, 896, ms=4015.043701)
lda 8192 ldb 8192 ldc 8192
LtHSHgemmStridedBatchSimple: 245.755167 TFlops(8192, 8192, 8192, 1, 904, ms=4044.507080)
lda 8192 ldb 8192 ldc 8192
LtHSHgemmStridedBatchSimple: 245.616485 TFlops(8192, 8192, 8192, 1, 912, ms=4082.603027)
lda 8192 ldb 8192 ldc 8192
LtHSHgemmStridedBatchSimple: 245.332964 TFlops(8192, 8192, 8192, 1, 920, ms=4123.174805)
lda 8192 ldb 8192 ldc 8192
LtHSHgemmStridedBatchSimple: 245.585778 TFlops(8192, 8192, 8192, 1, 928, ms=4154.747070)
lda 8192 ldb 8192 ldc 8192
LtHSHgemmStridedBatchSimple: 246.319655 TFlops(8192, 8192, 8192, 1, 936, ms=4178.078613)
lda 8192 ldb 8192 ldc 8192
LtHSHgemmStridedBatchSimple: 246.357373 TFlops(8192, 8192, 8192, 1, 944, ms=4213.143555)
lda 8192 ldb 8192 ldc 8192
LtHSHgemmStridedBatchSimple: 246.271421 TFlops(8192, 8192, 8192, 1, 952, ms=4250.331055)
lda 8192 ldb 8192 ldc 8192
LtHSHgemmStridedBatchSimple: 246.460371 TFlops(8192, 8192, 8192, 1, 960, ms=4282.762207)
lda 8192 ldb 8192 ldc 8192
LtHSHgemmStridedBatchSimple: 246.400151 TFlops(8192, 8192, 8192, 1, 968, ms=4319.507324)
lda 8192 ldb 8192 ldc 8192
LtHSHgemmStridedBatchSimple: 245.624688 TFlops(8192, 8192, 8192, 1, 976, ms=4368.955566)
lda 8192 ldb 8192 ldc 8192
LtHSHgemmStridedBatchSimple: 245.512863 TFlops(8192, 8192, 8192, 1, 984, ms=4406.772949)
lda 8192 ldb 8192 ldc 8192
LtHSHgemmStridedBatchSimple: 245.550445 TFlops(8192, 8192, 8192, 1, 992, ms=4441.920410)
lda 8192 ldb 8192 ldc 8192
LtHSHgemmStridedBatchSimple: 246.443388 TFlops(8192, 8192, 8192, 1, 1000, ms=4461.518066)
lda 8192 ldb 8192 ldc 8192
LtHSHgemmStridedBatchSimple: 245.811704 TFlops(8192, 8192, 8192, 1, 1008, ms=4508.767090)
lda 8192 ldb 8192 ldc 8192
LtHSHgemmStridedBatchSimple: 245.776328 TFlops(8192, 8192, 8192, 1, 1016, ms=4545.205078)
lda 8192 ldb 8192 ldc 8192
LtHSHgemmStridedBatchSimple: 246.404795 TFlops(8192, 8192, 8192, 1, 1024, ms=4569.310059)
lda 8192 ldb 8192 ldc 8192
LtHSHgemmStridedBatchSimple: 246.244400 TFlops(8192, 8192, 8192, 1, 1032, ms=4608.007324)
lda 8192 ldb 8192 ldc 8192
LtHSHgemmStridedBatchSimple: 246.463918 TFlops(8192, 8192, 8192, 1, 1040, ms=4639.592285)
lda 8192 ldb 8192 ldc 8192
LtHSHgemmStridedBatchSimple: 246.147471 TFlops(8192, 8192, 8192, 1, 1048, ms=4681.291992)
lda 8192 ldb 8192 ldc 8192
LtHSHgemmStridedBatchSimple: 246.260536 TFlops(8192, 8192, 8192, 1, 1056, ms=4714.861328)
lda 8192 ldb 8192 ldc 8192
LtHSHgemmStridedBatchSimple: 246.226213 TFlops(8192, 8192, 8192, 1, 1064, ms=4751.242188)
lda 8192 ldb 8192 ldc 8192
LtHSHgemmStridedBatchSimple: 246.156461 TFlops(8192, 8192, 8192, 1, 1072, ms=4788.322266)
lda 8192 ldb 8192 ldc 8192
LtHSHgemmStridedBatchSimple: 246.323102 TFlops(8192, 8192, 8192, 1, 1080, ms=4820.792480)
lda 8192 ldb 8192 ldc 8192
LtHSHgemmStridedBatchSimple: 246.353424 TFlops(8192, 8192, 8192, 1, 1088, ms=4855.904297)
lda 8192 ldb 8192 ldc 8192
LtHSHgemmStridedBatchSimple: 246.302463 TFlops(8192, 8192, 8192, 1, 1096, ms=4892.621582)
lda 8192 ldb 8192 ldc 8192
LtHSHgemmStridedBatchSimple: 246.112155 TFlops(8192, 8192, 8192, 1, 1104, ms=4932.145020)
lda 8192 ldb 8192 ldc 8192
LtHSHgemmStridedBatchSimple: 246.086247 TFlops(8192, 8192, 8192, 1, 1112, ms=4968.408203)
lda 8192 ldb 8192 ldc 8192
LtHSHgemmStridedBatchSimple: 245.885350 TFlops(8192, 8192, 8192, 1, 1120, ms=5008.240723)
lda 8192 ldb 8192 ldc 8192
LtHSHgemmStridedBatchSimple: 245.851446 TFlops(8192, 8192, 8192, 1, 1128, ms=5044.709473)
lda 8192 ldb 8192 ldc 8192
LtHSHgemmStridedBatchSimple: 246.080514 TFlops(8192, 8192, 8192, 1, 1136, ms=5075.758301)
lda 8192 ldb 8192 ldc 8192
LtHSHgemmStridedBatchSimple: 245.709434 TFlops(8192, 8192, 8192, 1, 1144, ms=5119.222656)
lda 8192 ldb 8192 ldc 8192
LtHSHgemmStridedBatchSimple: 245.714830 TFlops(8192, 8192, 8192, 1, 1152, ms=5154.908203)
lda 8192 ldb 8192 ldc 8192
LtHSHgemmStridedBatchSimple: 245.258675 TFlops(8192, 8192, 8192, 1, 1160, ms=5200.360352)
lda 8192 ldb 8192 ldc 8192
LtHSHgemmStridedBatchSimple: 245.154786 TFlops(8192, 8192, 8192, 1, 1168, ms=5238.443848)
lda 8192 ldb 8192 ldc 8192
LtHSHgemmStridedBatchSimple: 245.120129 TFlops(8192, 8192, 8192, 1, 1176, ms=5275.069336)
lda 8192 ldb 8192 ldc 8192
LtHSHgemmStridedBatchSimple: 244.824433 TFlops(8192, 8192, 8192, 1, 1184, ms=5317.368652)
lda 8192 ldb 8192 ldc 8192
LtHSHgemmStridedBatchSimple: 245.070495 TFlops(8192, 8192, 8192, 1, 1192, ms=5347.921875)
lda 8192 ldb 8192 ldc 8192
LtHSHgemmStridedBatchSimple: 245.347951 TFlops(8192, 8192, 8192, 1, 1200, ms=5377.725586)
lda 8192 ldb 8192 ldc 8192
LtHSHgemmStridedBatchSimple: 245.212768 TFlops(8192, 8192, 8192, 1, 1208, ms=5416.561523)
lda 8192 ldb 8192 ldc 8192
LtHSHgemmStridedBatchSimple: 245.211305 TFlops(8192, 8192, 8192, 1, 1216, ms=5452.465332)
lda 8192 ldb 8192 ldc 8192
LtHSHgemmStridedBatchSimple: 245.950106 TFlops(8192, 8192, 8192, 1, 1224, ms=5471.850586)
lda 8192 ldb 8192 ldc 8192
LtHSHgemmStridedBatchSimple: 245.821288 TFlops(8192, 8192, 8192, 1, 1232, ms=5510.500488)
lda 8192 ldb 8192 ldc 8192
LtHSHgemmStridedBatchSimple: 245.954466 TFlops(8192, 8192, 8192, 1, 1240, ms=5543.279785)
lda 8192 ldb 8192 ldc 8192
LtHSHgemmStridedBatchSimple: 246.001290 TFlops(8192, 8192, 8192, 1, 1248, ms=5577.980957)
lda 8192 ldb 8192 ldc 8192
LtHSHgemmStridedBatchSimple: 246.153794 TFlops(8192, 8192, 8192, 1, 1256, ms=5610.259277)
lda 8192 ldb 8192 ldc 8192
LtHSHgemmStridedBatchSimple: 245.916352 TFlops(8192, 8192, 8192, 1, 1264, ms=5651.444824)
lda 8192 ldb 8192 ldc 8192
LtHSHgemmStridedBatchSimple: 245.891719 TFlops(8192, 8192, 8192, 1, 1272, ms=5687.783203)
lda 8192 ldb 8192 ldc 8192
LtHSHgemmStridedBatchSimple: 245.699833 TFlops(8192, 8192, 8192, 1, 1280, ms=5728.025391)
lda 8192 ldb 8192 ldc 8192
LtHSHgemmStridedBatchSimple: 245.946184 TFlops(8192, 8192, 8192, 1, 1288, ms=5758.052246)
lda 8192 ldb 8192 ldc 8192
LtHSHgemmStridedBatchSimple: 246.148698 TFlops(8192, 8192, 8192, 1, 1296, ms=5789.049805)
lda 8192 ldb 8192 ldc 8192
LtHSHgemmStridedBatchSimple: 245.990556 TFlops(8192, 8192, 8192, 1, 1304, ms=5828.529297)
lda 8192 ldb 8192 ldc 8192
LtHSHgemmStridedBatchSimple: 245.960268 TFlops(8192, 8192, 8192, 1, 1312, ms=5865.009277)
lda 8192 ldb 8192 ldc 8192
LtHSHgemmStridedBatchSimple: 245.679233 TFlops(8192, 8192, 8192, 1, 1320, ms=5907.521484)
lda 8192 ldb 8192 ldc 8192
LtHSHgemmStridedBatchSimple: 245.857484 TFlops(8192, 8192, 8192, 1, 1328, ms=5939.015625)
lda 8192 ldb 8192 ldc 8192
LtHSHgemmStridedBatchSimple: 245.614080 TFlops(8192, 8192, 8192, 1, 1336, ms=5980.713867)
lda 8192 ldb 8192 ldc 8192
LtHSHgemmStridedBatchSimple: 245.913549 TFlops(8192, 8192, 8192, 1, 1344, ms=6009.199707)
lda 8192 ldb 8192 ldc 8192
LtHSHgemmStridedBatchSimple: 245.557474 TFlops(8192, 8192, 8192, 1, 1352, ms=6053.734375)
lda 8192 ldb 8192 ldc 8192
LtHSHgemmStridedBatchSimple: 245.366205 TFlops(8192, 8192, 8192, 1, 1360, ms=6094.302246)
lda 8192 ldb 8192 ldc 8192
LtHSHgemmStridedBatchSimple: 245.701479 TFlops(8192, 8192, 8192, 1, 1368, ms=6121.786133)
lda 8192 ldb 8192 ldc 8192
LtHSHgemmStridedBatchSimple: 245.525887 TFlops(8192, 8192, 8192, 1, 1376, ms=6161.989746)
lda 8192 ldb 8192 ldc 8192
LtHSHgemmStridedBatchSimple: 245.553835 TFlops(8192, 8192, 8192, 1, 1384, ms=6197.109863)
lda 8192 ldb 8192 ldc 8192
LtHSHgemmStridedBatchSimple: 245.649888 TFlops(8192, 8192, 8192, 1, 1392, ms=6230.494141)
lda 8192 ldb 8192 ldc 8192
LtHSHgemmStridedBatchSimple: 245.247765 TFlops(8192, 8192, 8192, 1, 1400, ms=6276.576172)
lda 8192 ldb 8192 ldc 8192
LtHSHgemmStridedBatchSimple: 245.500235 TFlops(8192, 8192, 8192, 1, 1408, ms=6305.950684)
lda 8192 ldb 8192 ldc 8192
LtHSHgemmStridedBatchSimple: 245.447421 TFlops(8192, 8192, 8192, 1, 1416, ms=6343.144531)
lda 8192 ldb 8192 ldc 8192
LtHSHgemmStridedBatchSimple: 246.048260 TFlops(8192, 8192, 8192, 1, 1424, ms=6363.404297)
lda 8192 ldb 8192 ldc 8192
LtHSHgemmStridedBatchSimple: 245.552206 TFlops(8192, 8192, 8192, 1, 1432, ms=6412.081055)
lda 8192 ldb 8192 ldc 8192
LtHSHgemmStridedBatchSimple: 245.650051 TFlops(8192, 8192, 8192, 1, 1440, ms=6445.334473)
lda 8192 ldb 8192 ldc 8192
LtHSHgemmStridedBatchSimple: 245.660389 TFlops(8192, 8192, 8192, 1, 1448, ms=6480.869141)
lda 8192 ldb 8192 ldc 8192
LtHSHgemmStridedBatchSimple: 245.520090 TFlops(8192, 8192, 8192, 1, 1456, ms=6520.398926)
lda 8192 ldb 8192 ldc 8192
LtHSHgemmStridedBatchSimple: 245.489327 TFlops(8192, 8192, 8192, 1, 1464, ms=6557.046875)
lda 8192 ldb 8192 ldc 8192
LtHSHgemmStridedBatchSimple: 245.633692 TFlops(8192, 8192, 8192, 1, 1472, ms=6589.002930)
lda 8192 ldb 8192 ldc 8192
LtHSHgemmStridedBatchSimple: 245.394973 TFlops(8192, 8192, 8192, 1, 1480, ms=6631.257324)
lda 8192 ldb 8192 ldc 8192
LtHSHgemmStridedBatchSimple: 245.585567 TFlops(8192, 8192, 8192, 1, 1488, ms=6661.927734)
lda 8192 ldb 8192 ldc 8192
LtHSHgemmStridedBatchSimple: 245.566087 TFlops(8192, 8192, 8192, 1, 1496, ms=6698.275879)
lda 8192 ldb 8192 ldc 8192
LtHSHgemmStridedBatchSimple: 245.455877 TFlops(8192, 8192, 8192, 1, 1504, ms=6737.119141)
lda 8192 ldb 8192 ldc 8192
LtHSHgemmStridedBatchSimple: 245.242011 TFlops(8192, 8192, 8192, 1, 1512, ms=6778.861328)
lda 8192 ldb 8192 ldc 8192
LtHSHgemmStridedBatchSimple: 245.626056 TFlops(8192, 8192, 8192, 1, 1520, ms=6804.073242)
lda 8192 ldb 8192 ldc 8192
LtHSHgemmStridedBatchSimple: 245.235826 TFlops(8192, 8192, 8192, 1, 1528, ms=6850.768066)
lda 8192 ldb 8192 ldc 8192
LtHSHgemmStridedBatchSimple: 245.476562 TFlops(8192, 8192, 8192, 1, 1536, ms=6879.882324)
lda 8192 ldb 8192 ldc 8192
LtHSHgemmStridedBatchSimple: 245.452966 TFlops(8192, 8192, 8192, 1, 1544, ms=6916.379883)
lda 8192 ldb 8192 ldc 8192
LtHSHgemmStridedBatchSimple: 245.507289 TFlops(8192, 8192, 8192, 1, 1552, ms=6950.677734)
lda 8192 ldb 8192 ldc 8192
LtHSHgemmStridedBatchSimple: 245.531746 TFlops(8192, 8192, 8192, 1, 1560, ms=6985.810059)
lda 8192 ldb 8192 ldc 8192
LtHSHgemmStridedBatchSimple: 245.308873 TFlops(8192, 8192, 8192, 1, 1568, ms=7028.014160)
lda 8192 ldb 8192 ldc 8192
LtHSHgemmStridedBatchSimple: 245.539371 TFlops(8192, 8192, 8192, 1, 1576, ms=7057.240234)
lda 8192 ldb 8192 ldc 8192
LtHSHgemmStridedBatchSimple: 245.626360 TFlops(8192, 8192, 8192, 1, 1584, ms=7090.551758)
lda 8192 ldb 8192 ldc 8192
LtHSHgemmStridedBatchSimple: 245.231475 TFlops(8192, 8192, 8192, 1, 1592, ms=7137.837891)
lda 8192 ldb 8192 ldc 8192
LtHSHgemmStridedBatchSimple: 245.343072 TFlops(8192, 8192, 8192, 1, 1600, ms=7170.443359)
lda 8192 ldb 8192 ldc 8192
LtHSHgemmStridedBatchSimple: 245.443976 TFlops(8192, 8192, 8192, 1, 1608, ms=7203.333008)
lda 8192 ldb 8192 ldc 8192
LtHSHgemmStridedBatchSimple: 245.280374 TFlops(8192, 8192, 8192, 1, 1616, ms=7243.999023)
lda 8192 ldb 8192 ldc 8192
LtHSHgemmStridedBatchSimple: 245.427114 TFlops(8192, 8192, 8192, 1, 1624, ms=7275.507812)
lda 8192 ldb 8192 ldc 8192
LtHSHgemmStridedBatchSimple: 245.385262 TFlops(8192, 8192, 8192, 1, 1632, ms=7312.594727)
lda 8192 ldb 8192 ldc 8192
LtHSHgemmStridedBatchSimple: 245.427153 TFlops(8192, 8192, 8192, 1, 1640, ms=7347.186523)
lda 8192 ldb 8192 ldc 8192
LtHSHgemmStridedBatchSimple: 245.537287 TFlops(8192, 8192, 8192, 1, 1648, ms=7379.714844)
lda 8192 ldb 8192 ldc 8192
LtHSHgemmStridedBatchSimple: 245.560591 TFlops(8192, 8192, 8192, 1, 1656, ms=7414.834961)
lda 8192 ldb 8192 ldc 8192
LtHSHgemmStridedBatchSimple: 245.574581 TFlops(8192, 8192, 8192, 1, 1664, ms=7450.230957)
lda 8192 ldb 8192 ldc 8192
LtHSHgemmStridedBatchSimple: 245.425997 TFlops(8192, 8192, 8192, 1, 1672, ms=7490.581543)
lda 8192 ldb 8192 ldc 8192
LtHSHgemmStridedBatchSimple: 245.386079 TFlops(8192, 8192, 8192, 1, 1680, ms=7527.645996)
lda 8192 ldb 8192 ldc 8192
LtHSHgemmStridedBatchSimple: 245.196815 TFlops(8192, 8192, 8192, 1, 1688, ms=7569.330078)
lda 8192 ldb 8192 ldc 8192
LtHSHgemmStridedBatchSimple: 245.286535 TFlops(8192, 8192, 8192, 1, 1696, ms=7602.421875)
lda 8192 ldb 8192 ldc 8192
LtHSHgemmStridedBatchSimple: 245.267991 TFlops(8192, 8192, 8192, 1, 1704, ms=7638.859863)
lda 8192 ldb 8192 ldc 8192
LtHSHgemmStridedBatchSimple: 245.336402 TFlops(8192, 8192, 8192, 1, 1712, ms=7672.583008)
lda 8192 ldb 8192 ldc 8192
LtHSHgemmStridedBatchSimple: 245.206790 TFlops(8192, 8192, 8192, 1, 1720, ms=7712.510742)
lda 8192 ldb 8192 ldc 8192
LtHSHgemmStridedBatchSimple: 245.082943 TFlops(8192, 8192, 8192, 1, 1728, ms=7752.298340)
lda 8192 ldb 8192 ldc 8192
LtHSHgemmStridedBatchSimple: 245.211516 TFlops(8192, 8192, 8192, 1, 1736, ms=7784.104980)
lda 8192 ldb 8192 ldc 8192
LtHSHgemmStridedBatchSimple: 245.229397 TFlops(8192, 8192, 8192, 1, 1744, ms=7819.406250)
lda 8192 ldb 8192 ldc 8192
LtHSHgemmStridedBatchSimple: 245.233457 TFlops(8192, 8192, 8192, 1, 1752, ms=7855.145020)
lda 8192 ldb 8192 ldc 8192
LtHSHgemmStridedBatchSimple: 245.387883 TFlops(8192, 8192, 8192, 1, 1760, ms=7886.047363)
lda 8192 ldb 8192 ldc 8192
LtHSHgemmStridedBatchSimple: 245.344163 TFlops(8192, 8192, 8192, 1, 1768, ms=7923.304688)
lda 8192 ldb 8192 ldc 8192
LtHSHgemmStridedBatchSimple: 245.321212 TFlops(8192, 8192, 8192, 1, 1776, ms=7959.901367)
lda 8192 ldb 8192 ldc 8192
LtHSHgemmStridedBatchSimple: 245.138815 TFlops(8192, 8192, 8192, 1, 1784, ms=8001.706055)
lda 8192 ldb 8192 ldc 8192
LtHSHgemmStridedBatchSimple: 245.405608 TFlops(8192, 8192, 8192, 1, 1792, ms=8028.850098)
lda 8192 ldb 8192 ldc 8192
LtHSHgemmStridedBatchSimple: 245.258342 TFlops(8192, 8192, 8192, 1, 1800, ms=8069.535645)
lda 8192 ldb 8192 ldc 8192
LtHSHgemmStridedBatchSimple: 245.422728 TFlops(8192, 8192, 8192, 1, 1808, ms=8099.971191)
lda 8192 ldb 8192 ldc 8192
LtHSHgemmStridedBatchSimple: 245.337423 TFlops(8192, 8192, 8192, 1, 1816, ms=8138.640625)
lda 8192 ldb 8192 ldc 8192
LtHSHgemmStridedBatchSimple: 245.191770 TFlops(8192, 8192, 8192, 1, 1824, ms=8179.349609)
lda 8192 ldb 8192 ldc 8192
LtHSHgemmStridedBatchSimple: 244.943470 TFlops(8192, 8192, 8192, 1, 1832, ms=8223.551758)
lda 8192 ldb 8192 ldc 8192
LtHSHgemmStridedBatchSimple: 245.290670 TFlops(8192, 8192, 8192, 1, 1840, ms=8247.771484)
lda 8192 ldb 8192 ldc 8192
LtHSHgemmStridedBatchSimple: 245.203299 TFlops(8192, 8192, 8192, 1, 1848, ms=8286.583008)
lda 8192 ldb 8192 ldc 8192
LtHSHgemmStridedBatchSimple: 245.215027 TFlops(8192, 8192, 8192, 1, 1856, ms=8322.057617)
lda 8192 ldb 8192 ldc 8192
LtHSHgemmStridedBatchSimple: 245.065237 TFlops(8192, 8192, 8192, 1, 1864, ms=8363.037109)
lda 8192 ldb 8192 ldc 8192
LtHSHgemmStridedBatchSimple: 245.103605 TFlops(8192, 8192, 8192, 1, 1872, ms=8397.615234)
lda 8192 ldb 8192 ldc 8192
LtHSHgemmStridedBatchSimple: 245.007869 TFlops(8192, 8192, 8192, 1, 1880, ms=8436.797852)
lda 8192 ldb 8192 ldc 8192
LtHSHgemmStridedBatchSimple: 245.267125 TFlops(8192, 8192, 8192, 1, 1888, ms=8463.743164)
lda 8192 ldb 8192 ldc 8192
LtHSHgemmStridedBatchSimple: 245.118004 TFlops(8192, 8192, 8192, 1, 1896, ms=8504.777344)
lda 8192 ldb 8192 ldc 8192
LtHSHgemmStridedBatchSimple: 245.111232 TFlops(8192, 8192, 8192, 1, 1904, ms=8540.898438)
lda 8192 ldb 8192 ldc 8192
LtHSHgemmStridedBatchSimple: 245.351353 TFlops(8192, 8192, 8192, 1, 1912, ms=8568.390625)
lda 8192 ldb 8192 ldc 8192
LtHSHgemmStridedBatchSimple: 245.093357 TFlops(8192, 8192, 8192, 1, 1920, ms=8613.298828)
lda 8192 ldb 8192 ldc 8192
LtHSHgemmStridedBatchSimple: 245.092225 TFlops(8192, 8192, 8192, 1, 1928, ms=8649.227539)
lda 8192 ldb 8192 ldc 8192
LtHSHgemmStridedBatchSimple: 245.084047 TFlops(8192, 8192, 8192, 1, 1936, ms=8685.406250)
lda 8192 ldb 8192 ldc 8192
LtHSHgemmStridedBatchSimple: 245.182291 TFlops(8192, 8192, 8192, 1, 1944, ms=8717.801758)
lda 8192 ldb 8192 ldc 8192
LtHSHgemmStridedBatchSimple: 245.075163 TFlops(8192, 8192, 8192, 1, 1952, ms=8757.503906)
lda 8192 ldb 8192 ldc 8192
LtHSHgemmStridedBatchSimple: 244.911148 TFlops(8192, 8192, 8192, 1, 1960, ms=8799.284180)
lda 8192 ldb 8192 ldc 8192
LtHSHgemmStridedBatchSimple: 244.765770 TFlops(8192, 8192, 8192, 1, 1968, ms=8840.447266)
lda 8192 ldb 8192 ldc 8192
LtHSHgemmStridedBatchSimple: 244.922333 TFlops(8192, 8192, 8192, 1, 1976, ms=8870.709961)
lda 8192 ldb 8192 ldc 8192
LtHSHgemmStridedBatchSimple: 245.205968 TFlops(8192, 8192, 8192, 1, 1984, ms=8896.321289)
lda 8192 ldb 8192 ldc 8192
LtHSHgemmStridedBatchSimple: 245.293856 TFlops(8192, 8192, 8192, 1, 1992, ms=8928.993164)
lda 8192 ldb 8192 ldc 8192
LtHSHgemmStridedBatchSimple: 244.916824 TFlops(8192, 8192, 8192, 1, 2000, ms=8978.653320)
lda 8192 ldb 8192 ldc 8192
LtHSHgemmStridedBatchSimple: 245.187634 TFlops(8192, 8192, 8192, 1, 2008, ms=9004.611328)
lda 8192 ldb 8192 ldc 8192
LtHSHgemmStridedBatchSimple: 245.112437 TFlops(8192, 8192, 8192, 1, 2016, ms=9043.259766)
lda 8192 ldb 8192 ldc 8192
LtHSHgemmStridedBatchSimple: 245.113181 TFlops(8192, 8192, 8192, 1, 2024, ms=9079.118164)
lda 8192 ldb 8192 ldc 8192
LtHSHgemmStridedBatchSimple: 245.078078 TFlops(8192, 8192, 8192, 1, 2032, ms=9116.309570)
lda 8192 ldb 8192 ldc 8192
LtHSHgemmStridedBatchSimple: 245.236321 TFlops(8192, 8192, 8192, 1, 2040, ms=9146.294922)
lda 8192 ldb 8192 ldc 8192
LtHSHgemmStridedBatchSimple: 245.131768 TFlops(8192, 8192, 8192, 1, 2048, ms=9186.079102)
lda 8192 ldb 8192 ldc 8192
LtHSHgemmStridedBatchSimple: 245.161528 TFlops(8192, 8192, 8192, 1, 2056, ms=9220.842773)
lda 8192 ldb 8192 ldc 8192
LtHSHgemmStridedBatchSimple: 245.211685 TFlops(8192, 8192, 8192, 1, 2064, ms=9254.828125)
lda 8192 ldb 8192 ldc 8192
LtHSHgemmStridedBatchSimple: 244.841357 TFlops(8192, 8192, 8192, 1, 2072, ms=9304.751953)
lda 8192 ldb 8192 ldc 8192
LtHSHgemmStridedBatchSimple: 245.152458 TFlops(8192, 8192, 8192, 1, 2080, ms=9328.824219)
lda 8192 ldb 8192 ldc 8192
LtHSHgemmStridedBatchSimple: 244.926041 TFlops(8192, 8192, 8192, 1, 2088, ms=9373.361328)
lda 8192 ldb 8192 ldc 8192
LtHSHgemmStridedBatchSimple: 245.157129 TFlops(8192, 8192, 8192, 1, 2096, ms=9400.405273)
lda 8192 ldb 8192 ldc 8192
LtHSHgemmStridedBatchSimple: 245.170768 TFlops(8192, 8192, 8192, 1, 2104, ms=9435.759766)
lda 8192 ldb 8192 ldc 8192
LtHSHgemmStridedBatchSimple: 244.791085 TFlops(8192, 8192, 8192, 1, 2112, ms=9486.328125)
lda 8192 ldb 8192 ldc 8192
LtHSHgemmStridedBatchSimple: 245.126654 TFlops(8192, 8192, 8192, 1, 2120, ms=9509.225586)
lda 8192 ldb 8192 ldc 8192
LtHSHgemmStridedBatchSimple: 245.197751 TFlops(8192, 8192, 8192, 1, 2128, ms=9542.341797)
lda 8192 ldb 8192 ldc 8192
LtHSHgemmStridedBatchSimple: 244.837648 TFlops(8192, 8192, 8192, 1, 2136, ms=9592.302734)
lda 8192 ldb 8192 ldc 8192
LtHSHgemmStridedBatchSimple: 245.056237 TFlops(8192, 8192, 8192, 1, 2144, ms=9619.640625)
lda 8192 ldb 8192 ldc 8192
LtHSHgemmStridedBatchSimple: 244.891568 TFlops(8192, 8192, 8192, 1, 2152, ms=9662.027344)
lda 8192 ldb 8192 ldc 8192
LtHSHgemmStridedBatchSimple: 245.022962 TFlops(8192, 8192, 8192, 1, 2160, ms=9692.745117)
lda 8192 ldb 8192 ldc 8192
LtHSHgemmStridedBatchSimple: 245.072350 TFlops(8192, 8192, 8192, 1, 2168, ms=9726.683594)
lda 8192 ldb 8192 ldc 8192
LtHSHgemmStridedBatchSimple: 245.192071 TFlops(8192, 8192, 8192, 1, 2176, ms=9757.808594)
lda 8192 ldb 8192 ldc 8192
LtHSHgemmStridedBatchSimple: 244.936145 TFlops(8192, 8192, 8192, 1, 2184, ms=9803.916016)
lda 8192 ldb 8192 ldc 8192
LtHSHgemmStridedBatchSimple: 244.966989 TFlops(8192, 8192, 8192, 1, 2192, ms=9838.588867)
lda 8192 ldb 8192 ldc 8192
LtHSHgemmStridedBatchSimple: 245.095240 TFlops(8192, 8192, 8192, 1, 2200, ms=9869.329102)
lda 8192 ldb 8192 ldc 8192
LtHSHgemmStridedBatchSimple: 245.053075 TFlops(8192, 8192, 8192, 1, 2208, ms=9906.921875)
lda 8192 ldb 8192 ldc 8192
LtHSHgemmStridedBatchSimple: 244.890218 TFlops(8192, 8192, 8192, 1, 2216, ms=9949.428711)
lda 8192 ldb 8192 ldc 8192
LtHSHgemmStridedBatchSimple: 245.205846 TFlops(8192, 8192, 8192, 1, 2224, ms=9972.494141)
lda 8192 ldb 8192 ldc 8192
LtHSHgemmStridedBatchSimple: 244.859678 TFlops(8192, 8192, 8192, 1, 2232, ms=10022.515625)
lda 8192 ldb 8192 ldc 8192
LtHSHgemmStridedBatchSimple: 244.795202 TFlops(8192, 8192, 8192, 1, 2240, ms=10061.087891)
lda 8192 ldb 8192 ldc 8192
LtHSHgemmStridedBatchSimple: 244.782343 TFlops(8192, 8192, 8192, 1, 2248, ms=10097.550781)
lda 8192 ldb 8192 ldc 8192
LtHSHgemmStridedBatchSimple: 244.629596 TFlops(8192, 8192, 8192, 1, 2256, ms=10139.812500)
lda 8192 ldb 8192 ldc 8192
LtHSHgemmStridedBatchSimple: 245.027466 TFlops(8192, 8192, 8192, 1, 2264, ms=10159.246094)
lda 8192 ldb 8192 ldc 8192
LtHSHgemmStridedBatchSimple: 244.994118 TFlops(8192, 8192, 8192, 1, 2272, ms=10196.532227)
lda 8192 ldb 8192 ldc 8192
LtHSHgemmStridedBatchSimple: 244.883011 TFlops(8192, 8192, 8192, 1, 2280, ms=10237.078125)
lda 8192 ldb 8192 ldc 8192
LtHSHgemmStridedBatchSimple: 244.877322 TFlops(8192, 8192, 8192, 1, 2288, ms=10273.236328)
lda 8192 ldb 8192 ldc 8192
LtHSHgemmStridedBatchSimple: 244.981508 TFlops(8192, 8192, 8192, 1, 2296, ms=10304.772461)
lda 8192 ldb 8192 ldc 8192
LtHSHgemmStridedBatchSimple: 244.861951 TFlops(8192, 8192, 8192, 1, 2304, ms=10345.726562)
lda 8192 ldb 8192 ldc 8192
LtHSHgemmStridedBatchSimple: 244.812757 TFlops(8192, 8192, 8192, 1, 2312, ms=10383.735352)
lda 8192 ldb 8192 ldc 8192
LtHSHgemmStridedBatchSimple: 244.682414 TFlops(8192, 8192, 8192, 1, 2320, ms=10425.215820)
lda 8192 ldb 8192 ldc 8192
LtHSHgemmStridedBatchSimple: 244.944910 TFlops(8192, 8192, 8192, 1, 2328, ms=10449.954102)
lda 8192 ldb 8192 ldc 8192
LtHSHgemmStridedBatchSimple: 244.689280 TFlops(8192, 8192, 8192, 1, 2336, ms=10496.819336)
lda 8192 ldb 8192 ldc 8192
LtHSHgemmStridedBatchSimple: 244.873766 TFlops(8192, 8192, 8192, 1, 2344, ms=10524.832031)
lda 8192 ldb 8192 ldc 8192
LtHSHgemmStridedBatchSimple: 244.771256 TFlops(8192, 8192, 8192, 1, 2352, ms=10565.175781)
lda 8192 ldb 8192 ldc 8192
LtHSHgemmStridedBatchSimple: 244.827356 TFlops(8192, 8192, 8192, 1, 2360, ms=10598.682617)
lda 8192 ldb 8192 ldc 8192
LtHSHgemmStridedBatchSimple: 244.888163 TFlops(8192, 8192, 8192, 1, 2368, ms=10631.969727)
lda 8192 ldb 8192 ldc 8192
LtHSHgemmStridedBatchSimple: 244.790951 TFlops(8192, 8192, 8192, 1, 2376, ms=10672.125000)
lda 8192 ldb 8192 ldc 8192
LtHSHgemmStridedBatchSimple: 244.641143 TFlops(8192, 8192, 8192, 1, 2384, ms=10714.615234)
lda 8192 ldb 8192 ldc 8192
LtHSHgemmStridedBatchSimple: 244.896171 TFlops(8192, 8192, 8192, 1, 2392, ms=10739.375000)
lda 8192 ldb 8192 ldc 8192
LtHSHgemmStridedBatchSimple: 244.920935 TFlops(8192, 8192, 8192, 1, 2400, ms=10774.203125)
lda 8192 ldb 8192 ldc 8192
LtHSHgemmStridedBatchSimple: 244.598679 TFlops(8192, 8192, 8192, 1, 2408, ms=10824.359375)
lda 8192 ldb 8192 ldc 8192
LtHSHgemmStridedBatchSimple: 244.750763 TFlops(8192, 8192, 8192, 1, 2416, ms=10853.572266)
lda 8192 ldb 8192 ldc 8192
LtHSHgemmStridedBatchSimple: 244.813565 TFlops(8192, 8192, 8192, 1, 2424, ms=10886.717773)
lda 8192 ldb 8192 ldc 8192
LtHSHgemmStridedBatchSimple: 244.708374 TFlops(8192, 8192, 8192, 1, 2432, ms=10927.342773)
lda 8192 ldb 8192 ldc 8192
LtHSHgemmStridedBatchSimple: 244.573824 TFlops(8192, 8192, 8192, 1, 2440, ms=10969.319336)
lda 8192 ldb 8192 ldc 8192
LtHSHgemmStridedBatchSimple: 244.821811 TFlops(8192, 8192, 8192, 1, 2448, ms=10994.136719)
lda 8192 ldb 8192 ldc 8192
LtHSHgemmStridedBatchSimple: 244.757340 TFlops(8192, 8192, 8192, 1, 2456, ms=11032.970703)
lda 8192 ldb 8192 ldc 8192
LtHSHgemmStridedBatchSimple: 244.571051 TFlops(8192, 8192, 8192, 1, 2464, ms=11077.339844)
lda 8192 ldb 8192 ldc 8192
LtHSHgemmStridedBatchSimple: 244.627835 TFlops(8192, 8192, 8192, 1, 2472, ms=11110.725586)
lda 8192 ldb 8192 ldc 8192
LtHSHgemmStridedBatchSimple: 244.777843 TFlops(8192, 8192, 8192, 1, 2480, ms=11139.851562)
lda 8192 ldb 8192 ldc 8192
LtHSHgemmStridedBatchSimple: 244.627173 TFlops(8192, 8192, 8192, 1, 2488, ms=11182.669922)
lda 8192 ldb 8192 ldc 8192
LtHSHgemmStridedBatchSimple: 244.602519 TFlops(8192, 8192, 8192, 1, 2496, ms=11219.757812)
lda 8192 ldb 8192 ldc 8192
LtHSHgemmStridedBatchSimple: 244.556811 TFlops(8192, 8192, 8192, 1, 2504, ms=11257.822266)
lda 8192 ldb 8192 ldc 8192
LtHSHgemmStridedBatchSimple: 244.813498 TFlops(8192, 8192, 8192, 1, 2512, ms=11281.948242)
lda 8192 ldb 8192 ldc 8192
LtHSHgemmStridedBatchSimple: 244.727978 TFlops(8192, 8192, 8192, 1, 2520, ms=11321.833008)
lda 8192 ldb 8192 ldc 8192
LtHSHgemmStridedBatchSimple: 244.854801 TFlops(8192, 8192, 8192, 1, 2528, ms=11351.892578)
lda 8192 ldb 8192 ldc 8192
LtHSHgemmStridedBatchSimple: 244.845413 TFlops(8192, 8192, 8192, 1, 2536, ms=11388.252930)
lda 8192 ldb 8192 ldc 8192
LtHSHgemmStridedBatchSimple: 244.672827 TFlops(8192, 8192, 8192, 1, 2544, ms=11432.236328)
lda 8192 ldb 8192 ldc 8192
LtHSHgemmStridedBatchSimple: 244.680187 TFlops(8192, 8192, 8192, 1, 2552, ms=11467.841797)
lda 8192 ldb 8192 ldc 8192
LtHSHgemmStridedBatchSimple: 244.760080 TFlops(8192, 8192, 8192, 1, 2560, ms=11500.036133)
lda 8192 ldb 8192 ldc 8192
LtHSHgemmStridedBatchSimple: 244.874593 TFlops(8192, 8192, 8192, 1, 2568, ms=11530.579102)
lda 8192 ldb 8192 ldc 8192
LtHSHgemmStridedBatchSimple: 244.406973 TFlops(8192, 8192, 8192, 1, 2576, ms=11588.629883)
lda 8192 ldb 8192 ldc 8192
LtHSHgemmStridedBatchSimple: 244.680239 TFlops(8192, 8192, 8192, 1, 2584, ms=11611.636719)
lda 8192 ldb 8192 ldc 8192
LtHSHgemmStridedBatchSimple: 244.564614 TFlops(8192, 8192, 8192, 1, 2592, ms=11653.092773)
lda 8192 ldb 8192 ldc 8192
LtHSHgemmStridedBatchSimple: 244.664927 TFlops(8192, 8192, 8192, 1, 2600, ms=11684.266602)
lda 8192 ldb 8192 ldc 8192
LtHSHgemmStridedBatchSimple: 244.636235 TFlops(8192, 8192, 8192, 1, 2608, ms=11721.592773)
lda 8192 ldb 8192 ldc 8192
LtHSHgemmStridedBatchSimple: 244.533702 TFlops(8192, 8192, 8192, 1, 2616, ms=11762.478516)
lda 8192 ldb 8192 ldc 8192
LtHSHgemmStridedBatchSimple: 244.533078 TFlops(8192, 8192, 8192, 1, 2624, ms=11798.479492)
lda 8192 ldb 8192 ldc 8192
LtHSHgemmStridedBatchSimple: 244.459979 TFlops(8192, 8192, 8192, 1, 2632, ms=11837.989258)
lda 8192 ldb 8192 ldc 8192
LtHSHgemmStridedBatchSimple: 244.591263 TFlops(8192, 8192, 8192, 1, 2640, ms=11867.597656)
lda 8192 ldb 8192 ldc 8192
LtHSHgemmStridedBatchSimple: 244.650141 TFlops(8192, 8192, 8192, 1, 2648, ms=11900.695312)
lda 8192 ldb 8192 ldc 8192
LtHSHgemmStridedBatchSimple: 244.413162 TFlops(8192, 8192, 8192, 1, 2656, ms=11948.222656)
lda 8192 ldb 8192 ldc 8192
LtHSHgemmStridedBatchSimple: 244.665115 TFlops(8192, 8192, 8192, 1, 2664, ms=11971.870117)
lda 8192 ldb 8192 ldc 8192
LtHSHgemmStridedBatchSimple: 244.425647 TFlops(8192, 8192, 8192, 1, 2672, ms=12019.585938)
lda 8192 ldb 8192 ldc 8192
LtHSHgemmStridedBatchSimple: 244.435477 TFlops(8192, 8192, 8192, 1, 2680, ms=12055.087891)
lda 8192 ldb 8192 ldc 8192
LtHSHgemmStridedBatchSimple: 244.498945 TFlops(8192, 8192, 8192, 1, 2688, ms=12087.934570)
lda 8192 ldb 8192 ldc 8192
LtHSHgemmStridedBatchSimple: 244.532359 TFlops(8192, 8192, 8192, 1, 2696, ms=12122.253906)
lda 8192 ldb 8192 ldc 8192
LtHSHgemmStridedBatchSimple: 244.447449 TFlops(8192, 8192, 8192, 1, 2704, ms=12162.448242)
lda 8192 ldb 8192 ldc 8192
LtHSHgemmStridedBatchSimple: 244.471877 TFlops(8192, 8192, 8192, 1, 2712, ms=12197.212891)
lda 8192 ldb 8192 ldc 8192
LtHSHgemmStridedBatchSimple: 244.466833 TFlops(8192, 8192, 8192, 1, 2720, ms=12233.445312)
lda 8192 ldb 8192 ldc 8192
LtHSHgemmStridedBatchSimple: 244.678820 TFlops(8192, 8192, 8192, 1, 2728, ms=12258.795898)
lda 8192 ldb 8192 ldc 8192
LtHSHgemmStridedBatchSimple: 244.543928 TFlops(8192, 8192, 8192, 1, 2736, ms=12301.527344)
lda 8192 ldb 8192 ldc 8192
LtHSHgemmStridedBatchSimple: 244.407204 TFlops(8192, 8192, 8192, 1, 2744, ms=12344.398438)
lda 8192 ldb 8192 ldc 8192
LtHSHgemmStridedBatchSimple: 244.608780 TFlops(8192, 8192, 8192, 1, 2752, ms=12370.185547)
lda 8192 ldb 8192 ldc 8192
LtHSHgemmStridedBatchSimple: 244.442723 TFlops(8192, 8192, 8192, 1, 2760, ms=12414.573242)
lda 8192 ldb 8192 ldc 8192
LtHSHgemmStridedBatchSimple: 244.502843 TFlops(8192, 8192, 8192, 1, 2768, ms=12447.496094)
lda 8192 ldb 8192 ldc 8192
LtHSHgemmStridedBatchSimple: 244.308644 TFlops(8192, 8192, 8192, 1, 2776, ms=12493.394531)
lda 8192 ldb 8192 ldc 8192
LtHSHgemmStridedBatchSimple: 244.512144 TFlops(8192, 8192, 8192, 1, 2784, ms=12518.970703)
lda 8192 ldb 8192 ldc 8192
LtHSHgemmStridedBatchSimple: 244.506827 TFlops(8192, 8192, 8192, 1, 2792, ms=12555.217773)
lda 8192 ldb 8192 ldc 8192
LtHSHgemmStridedBatchSimple: 244.419023 TFlops(8192, 8192, 8192, 1, 2800, ms=12595.715820)
lda 8192 ldb 8192 ldc 8192
LtHSHgemmStridedBatchSimple: 244.450158 TFlops(8192, 8192, 8192, 1, 2808, ms=12630.094727)
lda 8192 ldb 8192 ldc 8192
LtHSHgemmStridedBatchSimple: 244.388444 TFlops(8192, 8192, 8192, 1, 2816, ms=12669.276367)
lda 8192 ldb 8192 ldc 8192
LtHSHgemmStridedBatchSimple: 244.440020 TFlops(8192, 8192, 8192, 1, 2824, ms=12702.587891)
lda 8192 ldb 8192 ldc 8192
LtHSHgemmStridedBatchSimple: 244.565643 TFlops(8192, 8192, 8192, 1, 2832, ms=12732.029297)
lda 8192 ldb 8192 ldc 8192
LtHSHgemmStridedBatchSimple: 244.486943 TFlops(8192, 8192, 8192, 1, 2840, ms=12772.105469)
lda 8192 ldb 8192 ldc 8192
LtHSHgemmStridedBatchSimple: 244.406333 TFlops(8192, 8192, 8192, 1, 2848, ms=12812.307617)
lda 8192 ldb 8192 ldc 8192
LtHSHgemmStridedBatchSimple: 244.469126 TFlops(8192, 8192, 8192, 1, 2856, ms=12844.997070)
lda 8192 ldb 8192 ldc 8192
LtHSHgemmStridedBatchSimple: 244.294323 TFlops(8192, 8192, 8192, 1, 2864, ms=12890.194336)
lda 8192 ldb 8192 ldc 8192
LtHSHgemmStridedBatchSimple: 244.250540 TFlops(8192, 8192, 8192, 1, 2872, ms=12928.517578)
lda 8192 ldb 8192 ldc 8192
LtHSHgemmStridedBatchSimple: 244.518878 TFlops(8192, 8192, 8192, 1, 2880, ms=12950.302734)
lda 8192 ldb 8192 ldc 8192
LtHSHgemmStridedBatchSimple: 244.228429 TFlops(8192, 8192, 8192, 1, 2888, ms=13001.719727)
lda 8192 ldb 8192 ldc 8192
LtHSHgemmStridedBatchSimple: 244.401977 TFlops(8192, 8192, 8192, 1, 2896, ms=13028.477539)
lda 8192 ldb 8192 ldc 8192
LtHSHgemmStridedBatchSimple: 244.395310 TFlops(8192, 8192, 8192, 1, 2904, ms=13064.824219)
lda 8192 ldb 8192 ldc 8192
LtHSHgemmStridedBatchSimple: 244.391358 TFlops(8192, 8192, 8192, 1, 2912, ms=13101.027344)
lda 8192 ldb 8192 ldc 8192
LtHSHgemmStridedBatchSimple: 244.440449 TFlops(8192, 8192, 8192, 1, 2920, ms=13134.380859)
lda 8192 ldb 8192 ldc 8192
LtHSHgemmStridedBatchSimple: 244.554548 TFlops(8192, 8192, 8192, 1, 2928, ms=13164.220703)
lda 8192 ldb 8192 ldc 8192
LtHSHgemmStridedBatchSimple: 244.455154 TFlops(8192, 8192, 8192, 1, 2936, ms=13205.555664)
lda 8192 ldb 8192 ldc 8192
LtHSHgemmStridedBatchSimple: 244.284291 TFlops(8192, 8192, 8192, 1, 2944, ms=13250.799805)
lda 8192 ldb 8192 ldc 8192
LtHSHgemmStridedBatchSimple: 244.376321 TFlops(8192, 8192, 8192, 1, 2952, ms=13281.803711)
lda 8192 ldb 8192 ldc 8192
LtHSHgemmStridedBatchSimple: 244.181099 TFlops(8192, 8192, 8192, 1, 2960, ms=13328.445312)
lda 8192 ldb 8192 ldc 8192
LtHSHgemmStridedBatchSimple: 244.278904 TFlops(8192, 8192, 8192, 1, 2968, ms=13359.117188)
lda 8192 ldb 8192 ldc 8192
LtHSHgemmStridedBatchSimple: 244.470530 TFlops(8192, 8192, 8192, 1, 2976, ms=13384.625977)
lda 8192 ldb 8192 ldc 8192
LtHSHgemmStridedBatchSimple: 244.149657 TFlops(8192, 8192, 8192, 1, 2984, ms=13438.244141)
lda 8192 ldb 8192 ldc 8192
LtHSHgemmStridedBatchSimple: 244.448185 TFlops(8192, 8192, 8192, 1, 2992, ms=13457.816406)
lda 8192 ldb 8192 ldc 8192
LtHSHgemmStridedBatchSimple: 244.332824 TFlops(8192, 8192, 8192, 1, 3000, ms=13500.170898)
lda 8192 ldb 8192 ldc 8192
LtHSHgemmStridedBatchSimple: 244.493999 TFlops(8192, 8192, 8192, 1, 3008, ms=13527.248047)
lda 8192 ldb 8192 ldc 8192
LtHSHgemmStridedBatchSimple: 244.246340 TFlops(8192, 8192, 8192, 1, 3016, ms=13576.977539)
lda 8192 ldb 8192 ldc 8192
LtHSHgemmStridedBatchSimple: 244.489388 TFlops(8192, 8192, 8192, 1, 3024, ms=13599.458008)
lda 8192 ldb 8192 ldc 8192
LtHSHgemmStridedBatchSimple: 244.355593 TFlops(8192, 8192, 8192, 1, 3032, ms=13642.901367)
lda 8192 ldb 8192 ldc 8192
LtHSHgemmStridedBatchSimple: 244.164807 TFlops(8192, 8192, 8192, 1, 3040, ms=13689.586914)
lda 8192 ldb 8192 ldc 8192
LtHSHgemmStridedBatchSimple: 244.279096 TFlops(8192, 8192, 8192, 1, 3048, ms=13719.190430)
lda 8192 ldb 8192 ldc 8192
LtHSHgemmStridedBatchSimple: 244.204364 TFlops(8192, 8192, 8192, 1, 3056, ms=13759.408203)
lda 8192 ldb 8192 ldc 8192
LtHSHgemmStridedBatchSimple: 244.275017 TFlops(8192, 8192, 8192, 1, 3064, ms=13791.437500)
lda 8192 ldb 8192 ldc 8192
LtHSHgemmStridedBatchSimple: 244.196601 TFlops(8192, 8192, 8192, 1, 3072, ms=13831.886719)
lda 8192 ldb 8192 ldc 8192
LtHSHgemmStridedBatchSimple: 244.173475 TFlops(8192, 8192, 8192, 1, 3080, ms=13869.220703)
lda 8192 ldb 8192 ldc 8192
LtHSHgemmStridedBatchSimple: 244.261692 TFlops(8192, 8192, 8192, 1, 3088, ms=13900.222656)
lda 8192 ldb 8192 ldc 8192
LtHSHgemmStridedBatchSimple: 244.097011 TFlops(8192, 8192, 8192, 1, 3096, ms=13945.635742)
lda 8192 ldb 8192 ldc 8192
LtHSHgemmStridedBatchSimple: 244.435361 TFlops(8192, 8192, 8192, 1, 3104, ms=13962.317383)
lda 8192 ldb 8192 ldc 8192
LtHSHgemmStridedBatchSimple: 244.290756 TFlops(8192, 8192, 8192, 1, 3112, ms=14006.588867)
lda 8192 ldb 8192 ldc 8192
LtHSHgemmStridedBatchSimple: 244.351877 TFlops(8192, 8192, 8192, 1, 3120, ms=14039.083008)
lda 8192 ldb 8192 ldc 8192
LtHSHgemmStridedBatchSimple: 244.251054 TFlops(8192, 8192, 8192, 1, 3128, ms=14080.890625)
lda 8192 ldb 8192 ldc 8192
LtHSHgemmStridedBatchSimple: 244.010495 TFlops(8192, 8192, 8192, 1, 3136, ms=14130.820312)
lda 8192 ldb 8192 ldc 8192
LtHSHgemmStridedBatchSimple: 244.234987 TFlops(8192, 8192, 8192, 1, 3144, ms=14153.846680)
lda 8192 ldb 8192 ldc 8192
LtHSHgemmStridedBatchSimple: 244.198572 TFlops(8192, 8192, 8192, 1, 3152, ms=14191.977539)
lda 8192 ldb 8192 ldc 8192
LtHSHgemmStridedBatchSimple: 244.128644 TFlops(8192, 8192, 8192, 1, 3160, ms=14232.073242)
lda 8192 ldb 8192 ldc 8192
LtHSHgemmStridedBatchSimple: 244.158545 TFlops(8192, 8192, 8192, 1, 3168, ms=14266.356445)
lda 8192 ldb 8192 ldc 8192
LtHSHgemmStridedBatchSimple: 244.349976 TFlops(8192, 8192, 8192, 1, 3176, ms=14291.177734)
lda 8192 ldb 8192 ldc 8192
LtHSHgemmStridedBatchSimple: 244.318433 TFlops(8192, 8192, 8192, 1, 3184, ms=14329.025391)
lda 8192 ldb 8192 ldc 8192
LtHSHgemmStridedBatchSimple: 244.101304 TFlops(8192, 8192, 8192, 1, 3192, ms=14377.805664)
lda 8192 ldb 8192 ldc 8192
LtHSHgemmStridedBatchSimple: 243.943209 TFlops(8192, 8192, 8192, 1, 3200, ms=14423.181641)
lda 8192 ldb 8192 ldc 8192
LtHSHgemmStridedBatchSimple: 244.107010 TFlops(8192, 8192, 8192, 1, 3208, ms=14449.537109)
lda 8192 ldb 8192 ldc 8192
LtHSHgemmStridedBatchSimple: 244.277548 TFlops(8192, 8192, 8192, 1, 3216, ms=14475.458008)
lda 8192 ldb 8192 ldc 8192
LtHSHgemmStridedBatchSimple: 244.291223 TFlops(8192, 8192, 8192, 1, 3224, ms=14510.654297)
lda 8192 ldb 8192 ldc 8192
LtHSHgemmStridedBatchSimple: 244.201200 TFlops(8192, 8192, 8192, 1, 3232, ms=14552.023438)
lda 8192 ldb 8192 ldc 8192
LtHSHgemmStridedBatchSimple: 244.121456 TFlops(8192, 8192, 8192, 1, 3240, ms=14592.808594)
lda 8192 ldb 8192 ldc 8192
LtHSHgemmStridedBatchSimple: 244.084328 TFlops(8192, 8192, 8192, 1, 3248, ms=14631.065430)
lda 8192 ldb 8192 ldc 8192
LtHSHgemmStridedBatchSimple: 244.061577 TFlops(8192, 8192, 8192, 1, 3256, ms=14668.469727)
lda 8192 ldb 8192 ldc 8192
LtHSHgemmStridedBatchSimple: 244.347939 TFlops(8192, 8192, 8192, 1, 3264, ms=14687.277344)
lda 8192 ldb 8192 ldc 8192
LtHSHgemmStridedBatchSimple: 244.126204 TFlops(8192, 8192, 8192, 1, 3272, ms=14736.648438)
lda 8192 ldb 8192 ldc 8192
LtHSHgemmStridedBatchSimple: 244.216590 TFlops(8192, 8192, 8192, 1, 3280, ms=14767.211914)
lda 8192 ldb 8192 ldc 8192
LtHSHgemmStridedBatchSimple: 244.259130 TFlops(8192, 8192, 8192, 1, 3288, ms=14800.651367)
lda 8192 ldb 8192 ldc 8192
LtHSHgemmStridedBatchSimple: 244.252436 TFlops(8192, 8192, 8192, 1, 3296, ms=14837.069336)
lda 8192 ldb 8192 ldc 8192
LtHSHgemmStridedBatchSimple: 244.128009 TFlops(8192, 8192, 8192, 1, 3304, ms=14880.662109)
lda 8192 ldb 8192 ldc 8192
LtHSHgemmStridedBatchSimple: 244.262935 TFlops(8192, 8192, 8192, 1, 3312, ms=14908.453125)
lda 8192 ldb 8192 ldc 8192
LtHSHgemmStridedBatchSimple: 244.177618 TFlops(8192, 8192, 8192, 1, 3320, ms=14949.685547)
lda 8192 ldb 8192 ldc 8192
LtHSHgemmStridedBatchSimple: 244.043503 TFlops(8192, 8192, 8192, 1, 3328, ms=14993.944336)
lda 8192 ldb 8192 ldc 8192
LtHSHgemmStridedBatchSimple: 244.198665 TFlops(8192, 8192, 8192, 1, 3336, ms=15020.437500)
lda 8192 ldb 8192 ldc 8192
LtHSHgemmStridedBatchSimple: 244.147750 TFlops(8192, 8192, 8192, 1, 3344, ms=15059.597656)
lda 8192 ldb 8192 ldc 8192
LtHSHgemmStridedBatchSimple: 244.088353 TFlops(8192, 8192, 8192, 1, 3352, ms=15099.298828)
lda 8192 ldb 8192 ldc 8192
LtHSHgemmStridedBatchSimple: 244.154334 TFlops(8192, 8192, 8192, 1, 3360, ms=15131.245117)
lda 8192 ldb 8192 ldc 8192
LtHSHgemmStridedBatchSimple: 244.173143 TFlops(8192, 8192, 8192, 1, 3368, ms=15166.103516)
lda 8192 ldb 8192 ldc 8192
LtHSHgemmStridedBatchSimple: 244.026175 TFlops(8192, 8192, 8192, 1, 3376, ms=15211.283203)
lda 8192 ldb 8192 ldc 8192
LtHSHgemmStridedBatchSimple: 243.999292 TFlops(8192, 8192, 8192, 1, 3384, ms=15249.008789)
lda 8192 ldb 8192 ldc 8192
LtHSHgemmStridedBatchSimple: 244.126517 TFlops(8192, 8192, 8192, 1, 3392, ms=15277.092773)
lda 8192 ldb 8192 ldc 8192
LtHSHgemmStridedBatchSimple: 244.070507 TFlops(8192, 8192, 8192, 1, 3400, ms=15316.637695)
lda 8192 ldb 8192 ldc 8192
LtHSHgemmStridedBatchSimple: 243.973237 TFlops(8192, 8192, 8192, 1, 3408, ms=15358.797852)
lda 8192 ldb 8192 ldc 8192
LtHSHgemmStridedBatchSimple: 244.304364 TFlops(8192, 8192, 8192, 1, 3416, ms=15373.985352)
lda 8192 ldb 8192 ldc 8192
LtHSHgemmStridedBatchSimple: 243.882662 TFlops(8192, 8192, 8192, 1, 3424, ms=15436.635742)
lda 8192 ldb 8192 ldc 8192
LtHSHgemmStridedBatchSimple: 244.175251 TFlops(8192, 8192, 8192, 1, 3432, ms=15454.162109)
lda 8192 ldb 8192 ldc 8192
LtHSHgemmStridedBatchSimple: 244.024028 TFlops(8192, 8192, 8192, 1, 3440, ms=15499.785156)
lda 8192 ldb 8192 ldc 8192
LtHSHgemmStridedBatchSimple: 244.059222 TFlops(8192, 8192, 8192, 1, 3448, ms=15533.590820)
lda 8192 ldb 8192 ldc 8192
LtHSHgemmStridedBatchSimple: 243.951254 TFlops(8192, 8192, 8192, 1, 3456, ms=15576.522461)
lda 8192 ldb 8192 ldc 8192
LtHSHgemmStridedBatchSimple: 244.197205 TFlops(8192, 8192, 8192, 1, 3464, ms=15596.854492)
lda 8192 ldb 8192 ldc 8192
LtHSHgemmStridedBatchSimple: 243.945001 TFlops(8192, 8192, 8192, 1, 3472, ms=15649.037109)
lda 8192 ldb 8192 ldc 8192
LtHSHgemmStridedBatchSimple: 243.928904 TFlops(8192, 8192, 8192, 1, 3480, ms=15686.129883)
lda 8192 ldb 8192 ldc 8192
LtHSHgemmStridedBatchSimple: 244.027905 TFlops(8192, 8192, 8192, 1, 3488, ms=15715.811523)
lda 8192 ldb 8192 ldc 8192
LtHSHgemmStridedBatchSimple: 243.872532 TFlops(8192, 8192, 8192, 1, 3496, ms=15761.892578)
lda 8192 ldb 8192 ldc 8192
LtHSHgemmStridedBatchSimple: 244.084160 TFlops(8192, 8192, 8192, 1, 3504, ms=15784.263672)
lda 8192 ldb 8192 ldc 8192
LtHSHgemmStridedBatchSimple: 243.989396 TFlops(8192, 8192, 8192, 1, 3512, ms=15826.445312)
lda 8192 ldb 8192 ldc 8192
LtHSHgemmStridedBatchSimple: 243.990753 TFlops(8192, 8192, 8192, 1, 3520, ms=15862.408203)
lda 8192 ldb 8192 ldc 8192
LtHSHgemmStridedBatchSimple: 243.902364 TFlops(8192, 8192, 8192, 1, 3528, ms=15904.220703)
lda 8192 ldb 8192 ldc 8192
LtHSHgemmStridedBatchSimple: 244.101567 TFlops(8192, 8192, 8192, 1, 3536, ms=15927.276367)
lda 8192 ldb 8192 ldc 8192
LtHSHgemmStridedBatchSimple: 244.014932 TFlops(8192, 8192, 8192, 1, 3544, ms=15968.978516)
lda 8192 ldb 8192 ldc 8192
LtHSHgemmStridedBatchSimple: 243.923229 TFlops(8192, 8192, 8192, 1, 3552, ms=16011.042969)
lda 8192 ldb 8192 ldc 8192
LtHSHgemmStridedBatchSimple: 243.993156 TFlops(8192, 8192, 8192, 1, 3560, ms=16042.504883)
lda 8192 ldb 8192 ldc 8192
LtHSHgemmStridedBatchSimple: 243.938570 TFlops(8192, 8192, 8192, 1, 3568, ms=16082.153320)
lda 8192 ldb 8192 ldc 8192
LtHSHgemmStridedBatchSimple: 244.092110 TFlops(8192, 8192, 8192, 1, 3576, ms=16108.073242)
lda 8192 ldb 8192 ldc 8192
LtHSHgemmStridedBatchSimple: 244.027261 TFlops(8192, 8192, 8192, 1, 3584, ms=16148.399414)
lda 8192 ldb 8192 ldc 8192
LtHSHgemmStridedBatchSimple: 243.994085 TFlops(8192, 8192, 8192, 1, 3592, ms=16186.645508)
lda 8192 ldb 8192 ldc 8192
LtHSHgemmStridedBatchSimple: 243.893672 TFlops(8192, 8192, 8192, 1, 3600, ms=16229.375000)
lda 8192 ldb 8192 ldc 8192
LtHSHgemmStridedBatchSimple: 244.138485 TFlops(8192, 8192, 8192, 1, 3608, ms=16249.129883)
lda 8192 ldb 8192 ldc 8192
LtHSHgemmStridedBatchSimple: 243.978351 TFlops(8192, 8192, 8192, 1, 3616, ms=16295.847656)
lda 8192 ldb 8192 ldc 8192
LtHSHgemmStridedBatchSimple: 244.087947 TFlops(8192, 8192, 8192, 1, 3624, ms=16324.567383)
lda 8192 ldb 8192 ldc 8192
LtHSHgemmStridedBatchSimple: 243.894856 TFlops(8192, 8192, 8192, 1, 3632, ms=16373.556641)
lda 8192 ldb 8192 ldc 8192
LtHSHgemmStridedBatchSimple: 243.808418 TFlops(8192, 8192, 8192, 1, 3640, ms=16415.439453)
lda 8192 ldb 8192 ldc 8192
LtHSHgemmStridedBatchSimple: 244.168500 TFlops(8192, 8192, 8192, 1, 3648, ms=16427.255859)
lda 8192 ldb 8192 ldc 8192
LtHSHgemmStridedBatchSimple: 243.954466 TFlops(8192, 8192, 8192, 1, 3656, ms=16477.724609)
lda 8192 ldb 8192 ldc 8192
LtHSHgemmStridedBatchSimple: 243.851816 TFlops(8192, 8192, 8192, 1, 3664, ms=16520.732422)
lda 8192 ldb 8192 ldc 8192
LtHSHgemmStridedBatchSimple: 243.869123 TFlops(8192, 8192, 8192, 1, 3672, ms=16555.628906)
lda 8192 ldb 8192 ldc 8192
LtHSHgemmStridedBatchSimple: 244.054061 TFlops(8192, 8192, 8192, 1, 3680, ms=16579.125000)
lda 8192 ldb 8192 ldc 8192
LtHSHgemmStridedBatchSimple: 244.018300 TFlops(8192, 8192, 8192, 1, 3688, ms=16617.601562)
lda 8192 ldb 8192 ldc 8192
LtHSHgemmStridedBatchSimple: 244.004936 TFlops(8192, 8192, 8192, 1, 3696, ms=16654.560547)
lda 8192 ldb 8192 ldc 8192
LtHSHgemmStridedBatchSimple: 243.886183 TFlops(8192, 8192, 8192, 1, 3704, ms=16698.736328)
lda 8192 ldb 8192 ldc 8192
LtHSHgemmStridedBatchSimple: 244.057600 TFlops(8192, 8192, 8192, 1, 3712, ms=16723.048828)
lda 8192 ldb 8192 ldc 8192
LtHSHgemmStridedBatchSimple: 244.140283 TFlops(8192, 8192, 8192, 1, 3720, ms=16753.414062)
lda 8192 ldb 8192 ldc 8192
LtHSHgemmStridedBatchSimple: 243.804642 TFlops(8192, 8192, 8192, 1, 3728, ms=16812.556641)
lda 8192 ldb 8192 ldc 8192
LtHSHgemmStridedBatchSimple: 244.070998 TFlops(8192, 8192, 8192, 1, 3736, ms=16830.248047)
lda 8192 ldb 8192 ldc 8192
LtHSHgemmStridedBatchSimple: 243.984317 TFlops(8192, 8192, 8192, 1, 3744, ms=16872.279297)
lda 8192 ldb 8192 ldc 8192
LtHSHgemmStridedBatchSimple: 244.014690 TFlops(8192, 8192, 8192, 1, 3752, ms=16906.226562)
lda 8192 ldb 8192 ldc 8192
LtHSHgemmStridedBatchSimple: 244.139716 TFlops(8192, 8192, 8192, 1, 3760, ms=16933.597656)
lda 8192 ldb 8192 ldc 8192
LtHSHgemmStridedBatchSimple: 243.848191 TFlops(8192, 8192, 8192, 1, 3768, ms=16989.914062)
lda 8192 ldb 8192 ldc 8192
LtHSHgemmStridedBatchSimple: 243.880025 TFlops(8192, 8192, 8192, 1, 3776, ms=17023.763672)
lda 8192 ldb 8192 ldc 8192
LtHSHgemmStridedBatchSimple: 243.948379 TFlops(8192, 8192, 8192, 1, 3784, ms=17055.050781)
lda 8192 ldb 8192 ldc 8192
LtHSHgemmStridedBatchSimple: 243.777060 TFlops(8192, 8192, 8192, 1, 3792, ms=17103.119141)
lda 8192 ldb 8192 ldc 8192
LtHSHgemmStridedBatchSimple: 243.918827 TFlops(8192, 8192, 8192, 1, 3800, ms=17129.240234)
lda 8192 ldb 8192 ldc 8192
LtHSHgemmStridedBatchSimple: 243.923698 TFlops(8192, 8192, 8192, 1, 3808, ms=17164.958984)
lda 8192 ldb 8192 ldc 8192
LtHSHgemmStridedBatchSimple: 244.164487 TFlops(8192, 8192, 8192, 1, 3816, ms=17184.056641)
lda 8192 ldb 8192 ldc 8192
LtHSHgemmStridedBatchSimple: 244.087522 TFlops(8192, 8192, 8192, 1, 3824, ms=17225.511719)
lda 8192 ldb 8192 ldc 8192
LtHSHgemmStridedBatchSimple: 243.882539 TFlops(8192, 8192, 8192, 1, 3832, ms=17276.056641)
lda 8192 ldb 8192 ldc 8192
LtHSHgemmStridedBatchSimple: 243.970046 TFlops(8192, 8192, 8192, 1, 3840, ms=17305.914062)
lda 8192 ldb 8192 ldc 8192
LtHSHgemmStridedBatchSimple: 243.965887 TFlops(8192, 8192, 8192, 1, 3848, ms=17342.263672)
lda 8192 ldb 8192 ldc 8192
LtHSHgemmStridedBatchSimple: 243.771476 TFlops(8192, 8192, 8192, 1, 3856, ms=17392.177734)
lda 8192 ldb 8192 ldc 8192
LtHSHgemmStridedBatchSimple: 243.836886 TFlops(8192, 8192, 8192, 1, 3864, ms=17423.585938)
lda 8192 ldb 8192 ldc 8192
LtHSHgemmStridedBatchSimple: 243.927689 TFlops(8192, 8192, 8192, 1, 3872, ms=17453.160156)
lda 8192 ldb 8192 ldc 8192
LtHSHgemmStridedBatchSimple: 243.946319 TFlops(8192, 8192, 8192, 1, 3880, ms=17487.884766)
lda 8192 ldb 8192 ldc 8192
LtHSHgemmStridedBatchSimple: 243.997484 TFlops(8192, 8192, 8192, 1, 3888, ms=17520.267578)
lda 8192 ldb 8192 ldc 8192
LtHSHgemmStridedBatchSimple: 243.878664 TFlops(8192, 8192, 8192, 1, 3896, ms=17564.871094)
lda 8192 ldb 8192 ldc 8192
LtHSHgemmStridedBatchSimple: 244.059429 TFlops(8192, 8192, 8192, 1, 3904, ms=17587.902344)
lda 8192 ldb 8192 ldc 8192
LtHSHgemmStridedBatchSimple: 243.922616 TFlops(8192, 8192, 8192, 1, 3912, ms=17633.828125)
lda 8192 ldb 8192 ldc 8192
LtHSHgemmStridedBatchSimple: 243.880569 TFlops(8192, 8192, 8192, 1, 3920, ms=17672.935547)
lda 8192 ldb 8192 ldc 8192
LtHSHgemmStridedBatchSimple: 243.834540 TFlops(8192, 8192, 8192, 1, 3928, ms=17712.345703)
lda 8192 ldb 8192 ldc 8192
LtHSHgemmStridedBatchSimple: 243.848411 TFlops(8192, 8192, 8192, 1, 3936, ms=17747.410156)
lda 8192 ldb 8192 ldc 8192
LtHSHgemmStridedBatchSimple: 243.838043 TFlops(8192, 8192, 8192, 1, 3944, ms=17784.238281)
lda 8192 ldb 8192 ldc 8192
LtHSHgemmStridedBatchSimple: 243.942706 TFlops(8192, 8192, 8192, 1, 3952, ms=17812.666016)
lda 8192 ldb 8192 ldc 8192
LtHSHgemmStridedBatchSimple: 243.866752 TFlops(8192, 8192, 8192, 1, 3960, ms=17854.283203)
lda 8192 ldb 8192 ldc 8192
LtHSHgemmStridedBatchSimple: 244.040365 TFlops(8192, 8192, 8192, 1, 3968, ms=17877.625000)
lda 8192 ldb 8192 ldc 8192
LtHSHgemmStridedBatchSimple: 243.775914 TFlops(8192, 8192, 8192, 1, 3976, ms=17933.101562)
lda 8192 ldb 8192 ldc 8192
LtHSHgemmStridedBatchSimple: 243.789067 TFlops(8192, 8192, 8192, 1, 3984, ms=17968.214844)
lda 8192 ldb 8192 ldc 8192
LtHSHgemmStridedBatchSimple: 243.939967 TFlops(8192, 8192, 8192, 1, 3992, ms=17993.158203)
lda 8192 ldb 8192 ldc 8192
LtHSHgemmStridedBatchSimple: 244.006128 TFlops(8192, 8192, 8192, 1, 4000, ms=18024.328125)
lda 8192 ldb 8192 ldc 8192
LtHSHgemmStridedBatchSimple: 243.916941 TFlops(8192, 8192, 8192, 1, 4008, ms=18066.980469)
lda 8192 ldb 8192 ldc 8192
LtHSHgemmStridedBatchSimple: 243.854289 TFlops(8192, 8192, 8192, 1, 4016, ms=18107.693359)
lda 8192 ldb 8192 ldc 8192
LtHSHgemmStridedBatchSimple: 243.938461 TFlops(8192, 8192, 8192, 1, 4024, ms=18137.503906)
lda 8192 ldb 8192 ldc 8192
LtHSHgemmStridedBatchSimple: 243.793258 TFlops(8192, 8192, 8192, 1, 4032, ms=18184.386719)
lda 8192 ldb 8192 ldc 8192
LtHSHgemmStridedBatchSimple: 243.925120 TFlops(8192, 8192, 8192, 1, 4040, ms=18210.617188)
lda 8192 ldb 8192 ldc 8192
LtHSHgemmStridedBatchSimple: 244.029866 TFlops(8192, 8192, 8192, 1, 4048, ms=18238.845703)
lda 8192 ldb 8192 ldc 8192
LtHSHgemmStridedBatchSimple: 243.791646 TFlops(8192, 8192, 8192, 1, 4056, ms=18292.748047)
lda 8192 ldb 8192 ldc 8192
LtHSHgemmStridedBatchSimple: 244.032162 TFlops(8192, 8192, 8192, 1, 4064, ms=18310.763672)
lda 8192 ldb 8192 ldc 8192
LtHSHgemmStridedBatchSimple: 243.747223 TFlops(8192, 8192, 8192, 1, 4072, ms=18368.255859)
lda 8192 ldb 8192 ldc 8192
LtHSHgemmStridedBatchSimple: 243.807133 TFlops(8192, 8192, 8192, 1, 4080, ms=18399.820312)
lda 8192 ldb 8192 ldc 8192
LtHSHgemmStridedBatchSimple: 243.756414 TFlops(8192, 8192, 8192, 1, 4088, ms=18439.734375)
lda 8192 ldb 8192 ldc 8192
LtHSHgemmStridedBatchSimple: 243.775299 TFlops(8192, 8192, 8192, 1, 4096, ms=18474.388672)
lda 8192 ldb 8192 ldc 8192
LtHSHgemmStridedBatchSimple: 243.918020 TFlops(8192, 8192, 8192, 1, 4104, ms=18499.640625)
lda 8192 ldb 8192 ldc 8192
LtHSHgemmStridedBatchSimple: 243.797964 TFlops(8192, 8192, 8192, 1, 4112, ms=18544.830078)
lda 8192 ldb 8192 ldc 8192
LtHSHgemmStridedBatchSimple: 243.868475 TFlops(8192, 8192, 8192, 1, 4120, ms=18575.537109)
lda 8192 ldb 8192 ldc 8192
LtHSHgemmStridedBatchSimple: 243.794724 TFlops(8192, 8192, 8192, 1, 4128, ms=18617.236328)
lda 8192 ldb 8192 ldc 8192
LtHSHgemmStridedBatchSimple: 243.868722 TFlops(8192, 8192, 8192, 1, 4136, ms=18647.656250)
lda 8192 ldb 8192 ldc 8192
LtHSHgemmStridedBatchSimple: 243.757325 TFlops(8192, 8192, 8192, 1, 4144, ms=18692.263672)
lda 8192 ldb 8192 ldc 8192
LtHSHgemmStridedBatchSimple: 243.615248 TFlops(8192, 8192, 8192, 1, 4152, ms=18739.271484)
lda 8192 ldb 8192 ldc 8192
LtHSHgemmStridedBatchSimple: 243.689968 TFlops(8192, 8192, 8192, 1, 4160, ms=18769.621094)
lda 8192 ldb 8192 ldc 8192
LtHSHgemmStridedBatchSimple: 243.730922 TFlops(8192, 8192, 8192, 1, 4168, ms=18802.556641)
lda 8192 ldb 8192 ldc 8192
LtHSHgemmStridedBatchSimple: 244.038551 TFlops(8192, 8192, 8192, 1, 4176, ms=18814.898438)
lda 8192 ldb 8192 ldc 8192
LtHSHgemmStridedBatchSimple: 243.825373 TFlops(8192, 8192, 8192, 1, 4184, ms=18867.423828)
lda 8192 ldb 8192 ldc 8192
LtHSHgemmStridedBatchSimple: 243.833223 TFlops(8192, 8192, 8192, 1, 4192, ms=18902.890625)
lda 8192 ldb 8192 ldc 8192
LtHSHgemmStridedBatchSimple: 243.859503 TFlops(8192, 8192, 8192, 1, 4200, ms=18936.923828)
lda 8192 ldb 8192 ldc 8192
LtHSHgemmStridedBatchSimple: 243.727029 TFlops(8192, 8192, 8192, 1, 4208, ms=18983.306641)
lda 8192 ldb 8192 ldc 8192
LtHSHgemmStridedBatchSimple: 244.033365 TFlops(8192, 8192, 8192, 1, 4216, ms=18995.521484)
lda 8192 ldb 8192 ldc 8192
LtHSHgemmStridedBatchSimple: 243.811397 TFlops(8192, 8192, 8192, 1, 4224, ms=19048.892578)
lda 8192 ldb 8192 ldc 8192
LtHSHgemmStridedBatchSimple: 244.004689 TFlops(8192, 8192, 8192, 1, 4232, ms=19069.851562)
lda 8192 ldb 8192 ldc 8192
LtHSHgemmStridedBatchSimple: 243.707051 TFlops(8192, 8192, 8192, 1, 4240, ms=19129.234375)
lda 8192 ldb 8192 ldc 8192
LtHSHgemmStridedBatchSimple: 243.849334 TFlops(8192, 8192, 8192, 1, 4248, ms=19154.144531)
lda 8192 ldb 8192 ldc 8192
LtHSHgemmStridedBatchSimple: 243.985409 TFlops(8192, 8192, 8192, 1, 4256, ms=19179.513672)
lda 8192 ldb 8192 ldc 8192
LtHSHgemmStridedBatchSimple: 243.662564 TFlops(8192, 8192, 8192, 1, 4264, ms=19241.025391)
lda 8192 ldb 8192 ldc 8192
LtHSHgemmStridedBatchSimple: 243.896948 TFlops(8192, 8192, 8192, 1, 4272, ms=19258.599609)
lda 8192 ldb 8192 ldc 8192
LtHSHgemmStridedBatchSimple: 243.846351 TFlops(8192, 8192, 8192, 1, 4280, ms=19298.667969)
lda 8192 ldb 8192 ldc 8192
LtHSHgemmStridedBatchSimple: 243.754088 TFlops(8192, 8192, 8192, 1, 4288, ms=19342.058594)
lda 8192 ldb 8192 ldc 8192
LtHSHgemmStridedBatchSimple: 243.924341 TFlops(8192, 8192, 8192, 1, 4296, ms=19364.619141)
lda 8192 ldb 8192 ldc 8192
LtHSHgemmStridedBatchSimple: 243.656994 TFlops(8192, 8192, 8192, 1, 4304, ms=19421.966797)
lda 8192 ldb 8192 ldc 8192
LtHSHgemmStridedBatchSimple: 243.698049 TFlops(8192, 8192, 8192, 1, 4312, ms=19454.789062)
lda 8192 ldb 8192 ldc 8192
LtHSHgemmStridedBatchSimple: 243.819191 TFlops(8192, 8192, 8192, 1, 4320, ms=19481.199219)
lda 8192 ldb 8192 ldc 8192
LtHSHgemmStridedBatchSimple: 243.729314 TFlops(8192, 8192, 8192, 1, 4328, ms=19524.472656)
lda 8192 ldb 8192 ldc 8192
LtHSHgemmStridedBatchSimple: 243.709186 TFlops(8192, 8192, 8192, 1, 4336, ms=19562.177734)
lda 8192 ldb 8192 ldc 8192
LtHSHgemmStridedBatchSimple: 243.898276 TFlops(8192, 8192, 8192, 1, 4344, ms=19583.076172)
lda 8192 ldb 8192 ldc 8192
LtHSHgemmStridedBatchSimple: 243.785134 TFlops(8192, 8192, 8192, 1, 4352, ms=19628.246094)
lda 8192 ldb 8192 ldc 8192
LtHSHgemmStridedBatchSimple: 243.709869 TFlops(8192, 8192, 8192, 1, 4360, ms=19670.400391)
lda 8192 ldb 8192 ldc 8192
LtHSHgemmStridedBatchSimple: 243.743867 TFlops(8192, 8192, 8192, 1, 4368, ms=19703.744141)
lda 8192 ldb 8192 ldc 8192
LtHSHgemmStridedBatchSimple: 243.752375 TFlops(8192, 8192, 8192, 1, 4376, ms=19739.142578)
lda 8192 ldb 8192 ldc 8192
LtHSHgemmStridedBatchSimple: 243.761695 TFlops(8192, 8192, 8192, 1, 4384, ms=19774.472656)
lda 8192 ldb 8192 ldc 8192
LtHSHgemmStridedBatchSimple: 243.866003 TFlops(8192, 8192, 8192, 1, 4392, ms=19802.083984)
lda 8192 ldb 8192 ldc 8192
LtHSHgemmStridedBatchSimple: 243.490584 TFlops(8192, 8192, 8192, 1, 4400, ms=19868.740234)
lda 8192 ldb 8192 ldc 8192
LtHSHgemmStridedBatchSimple: 243.693620 TFlops(8192, 8192, 8192, 1, 4408, ms=19888.281250)
lda 8192 ldb 8192 ldc 8192
LtHSHgemmStridedBatchSimple: 243.658499 TFlops(8192, 8192, 8192, 1, 4416, ms=19927.248047)
lda 8192 ldb 8192 ldc 8192
LtHSHgemmStridedBatchSimple: 243.701660 TFlops(8192, 8192, 8192, 1, 4424, ms=19959.812500)
lda 8192 ldb 8192 ldc 8192
LtHSHgemmStridedBatchSimple: 243.680642 TFlops(8192, 8192, 8192, 1, 4432, ms=19997.630859)
lda 8192 ldb 8192 ldc 8192
LtHSHgemmStridedBatchSimple: 243.704201 TFlops(8192, 8192, 8192, 1, 4440, ms=20031.791016)
lda 8192 ldb 8192 ldc 8192
LtHSHgemmStridedBatchSimple: 243.670544 TFlops(8192, 8192, 8192, 1, 4448, ms=20070.656250)
lda 8192 ldb 8192 ldc 8192
LtHSHgemmStridedBatchSimple: 243.773274 TFlops(8192, 8192, 8192, 1, 4456, ms=20098.281250)
lda 8192 ldb 8192 ldc 8192
LtHSHgemmStridedBatchSimple: 243.756002 TFlops(8192, 8192, 8192, 1, 4464, ms=20135.791016)
lda 8192 ldb 8192 ldc 8192
LtHSHgemmStridedBatchSimple: 243.707884 TFlops(8192, 8192, 8192, 1, 4472, ms=20175.859375)
lda 8192 ldb 8192 ldc 8192
LtHSHgemmStridedBatchSimple: 243.542969 TFlops(8192, 8192, 8192, 1, 4480, ms=20225.638672)
lda 8192 ldb 8192 ldc 8192
LtHSHgemmStridedBatchSimple: 243.504662 TFlops(8192, 8192, 8192, 1, 4488, ms=20264.943359)
lda 8192 ldb 8192 ldc 8192
LtHSHgemmStridedBatchSimple: 243.693395 TFlops(8192, 8192, 8192, 1, 4496, ms=20285.343750)
lda 8192 ldb 8192 ldc 8192
LtHSHgemmStridedBatchSimple: 243.774358 TFlops(8192, 8192, 8192, 1, 4504, ms=20314.689453)
lda 8192 ldb 8192 ldc 8192
LtHSHgemmStridedBatchSimple: 243.907633 TFlops(8192, 8192, 8192, 1, 4512, ms=20339.652344)
lda 8192 ldb 8192 ldc 8192
LtHSHgemmStridedBatchSimple: 243.627919 TFlops(8192, 8192, 8192, 1, 4520, ms=20399.109375)
lda 8192 ldb 8192 ldc 8192
LtHSHgemmStridedBatchSimple: 243.727889 TFlops(8192, 8192, 8192, 1, 4528, ms=20426.832031)
lda 8192 ldb 8192 ldc 8192
LtHSHgemmStridedBatchSimple: 243.679511 TFlops(8192, 8192, 8192, 1, 4536, ms=20466.984375)
lda 8192 ldb 8192 ldc 8192
LtHSHgemmStridedBatchSimple: 243.653530 TFlops(8192, 8192, 8192, 1, 4544, ms=20505.267578)
lda 8192 ldb 8192 ldc 8192
LtHSHgemmStridedBatchSimple: 243.617409 TFlops(8192, 8192, 8192, 1, 4552, ms=20544.414062)
lda 8192 ldb 8192 ldc 8192
LtHSHgemmStridedBatchSimple: 243.726268 TFlops(8192, 8192, 8192, 1, 4560, ms=20571.328125)
lda 8192 ldb 8192 ldc 8192
LtHSHgemmStridedBatchSimple: 243.612187 TFlops(8192, 8192, 8192, 1, 4568, ms=20617.068359)
lda 8192 ldb 8192 ldc 8192
LtHSHgemmStridedBatchSimple: 243.515530 TFlops(8192, 8192, 8192, 1, 4576, ms=20661.373047)
lda 8192 ldb 8192 ldc 8192
LtHSHgemmStridedBatchSimple: 243.522932 TFlops(8192, 8192, 8192, 1, 4584, ms=20696.865234)
lda 8192 ldb 8192 ldc 8192
LtHSHgemmStridedBatchSimple: 243.681844 TFlops(8192, 8192, 8192, 1, 4592, ms=20719.464844)
lda 8192 ldb 8192 ldc 8192
LtHSHgemmStridedBatchSimple: 243.622570 TFlops(8192, 8192, 8192, 1, 4600, ms=20760.611328)
lda 8192 ldb 8192 ldc 8192
LtHSHgemmStridedBatchSimple: 243.739519 TFlops(8192, 8192, 8192, 1, 4608, ms=20786.738281)
lda 8192 ldb 8192 ldc 8192
LtHSHgemmStridedBatchSimple: 243.860682 TFlops(8192, 8192, 8192, 1, 4616, ms=20812.480469)
lda 8192 ldb 8192 ldc 8192
LtHSHgemmStridedBatchSimple: 243.596601 TFlops(8192, 8192, 8192, 1, 4624, ms=20871.152344)
lda 8192 ldb 8192 ldc 8192
LtHSHgemmStridedBatchSimple: 243.772338 TFlops(8192, 8192, 8192, 1, 4632, ms=20892.189453)
lda 8192 ldb 8192 ldc 8192
LtHSHgemmStridedBatchSimple: 243.664951 TFlops(8192, 8192, 8192, 1, 4640, ms=20937.496094)
lda 8192 ldb 8192 ldc 8192
LtHSHgemmStridedBatchSimple: 243.734694 TFlops(8192, 8192, 8192, 1, 4648, ms=20967.593750)
lda 8192 ldb 8192 ldc 8192
LtHSHgemmStridedBatchSimple: 243.546211 TFlops(8192, 8192, 8192, 1, 4656, ms=21019.937500)
lda 8192 ldb 8192 ldc 8192
LtHSHgemmStridedBatchSimple: 243.789120 TFlops(8192, 8192, 8192, 1, 4664, ms=21035.074219)
lda 8192 ldb 8192 ldc 8192
LtHSHgemmStridedBatchSimple: 243.569545 TFlops(8192, 8192, 8192, 1, 4672, ms=21090.150391)
lda 8192 ldb 8192 ldc 8192
LtHSHgemmStridedBatchSimple: 243.593281 TFlops(8192, 8192, 8192, 1, 4680, ms=21124.205078)
lda 8192 ldb 8192 ldc 8192
LtHSHgemmStridedBatchSimple: 243.779505 TFlops(8192, 8192, 8192, 1, 4688, ms=21144.150391)
lda 8192 ldb 8192 ldc 8192
LtHSHgemmStridedBatchSimple: 243.647620 TFlops(8192, 8192, 8192, 1, 4696, ms=21191.697266)
lda 8192 ldb 8192 ldc 8192
LtHSHgemmStridedBatchSimple: 243.724089 TFlops(8192, 8192, 8192, 1, 4704, ms=21221.138672)
lda 8192 ldb 8192 ldc 8192
LtHSHgemmStridedBatchSimple: 243.420594 TFlops(8192, 8192, 8192, 1, 4712, ms=21283.732422)
lda 8192 ldb 8192 ldc 8192
LtHSHgemmStridedBatchSimple: 243.615547 TFlops(8192, 8192, 8192, 1, 4720, ms=21302.806641)
lda 8192 ldb 8192 ldc 8192
LtHSHgemmStridedBatchSimple: 243.500043 TFlops(8192, 8192, 8192, 1, 4728, ms=21349.035156)
lda 8192 ldb 8192 ldc 8192
LtHSHgemmStridedBatchSimple: 243.671833 TFlops(8192, 8192, 8192, 1, 4736, ms=21370.082031)
lda 8192 ldb 8192 ldc 8192
LtHSHgemmStridedBatchSimple: 243.815214 TFlops(8192, 8192, 8192, 1, 4744, ms=21393.591797)
lda 8192 ldb 8192 ldc 8192
LtHSHgemmStridedBatchSimple: 243.610910 TFlops(8192, 8192, 8192, 1, 4752, ms=21447.640625)
lda 8192 ldb 8192 ldc 8192
LtHSHgemmStridedBatchSimple: 243.712006 TFlops(8192, 8192, 8192, 1, 4760, ms=21474.835938)
lda 8192 ldb 8192 ldc 8192
LtHSHgemmStridedBatchSimple: 243.479575 TFlops(8192, 8192, 8192, 1, 4768, ms=21531.462891)
lda 8192 ldb 8192 ldc 8192
LtHSHgemmStridedBatchSimple: 243.524538 TFlops(8192, 8192, 8192, 1, 4776, ms=21563.607422)
lda 8192 ldb 8192 ldc 8192
LtHSHgemmStridedBatchSimple: 243.560203 TFlops(8192, 8192, 8192, 1, 4784, ms=21596.564453)
lda 8192 ldb 8192 ldc 8192
LtHSHgemmStridedBatchSimple: 243.425209 TFlops(8192, 8192, 8192, 1, 4792, ms=21644.675781)
lda 8192 ldb 8192 ldc 8192
LtHSHgemmStridedBatchSimple: 243.560322 TFlops(8192, 8192, 8192, 1, 4800, ms=21668.783203)
lda 8192 ldb 8192 ldc 8192
LtHSHgemmStridedBatchSimple: 243.403010 TFlops(8192, 8192, 8192, 1, 4808, ms=21718.925781)
lda 8192 ldb 8192 ldc 8192
LtHSHgemmStridedBatchSimple: 243.553416 TFlops(8192, 8192, 8192, 1, 4816, ms=21741.628906)
lda 8192 ldb 8192 ldc 8192
LtHSHgemmStridedBatchSimple: 243.574698 TFlops(8192, 8192, 8192, 1, 4824, ms=21775.841797)
lda 8192 ldb 8192 ldc 8192
LtHSHgemmStridedBatchSimple: 243.537028 TFlops(8192, 8192, 8192, 1, 4832, ms=21815.328125)
lda 8192 ldb 8192 ldc 8192
LtHSHgemmStridedBatchSimple: 243.427443 TFlops(8192, 8192, 8192, 1, 4840, ms=21861.283203)
lda 8192 ldb 8192 ldc 8192
LtHSHgemmStridedBatchSimple: 243.778773 TFlops(8192, 8192, 8192, 1, 4848, ms=21865.859375)
lda 8192 ldb 8192 ldc 8192
LtHSHgemmStridedBatchSimple: 243.551270 TFlops(8192, 8192, 8192, 1, 4856, ms=21922.400391)
lda 8192 ldb 8192 ldc 8192
LtHSHgemmStridedBatchSimple: 243.571232 TFlops(8192, 8192, 8192, 1, 4864, ms=21956.716797)
lda 8192 ldb 8192 ldc 8192
LtHSHgemmStridedBatchSimple: 243.448362 TFlops(8192, 8192, 8192, 1, 4872, ms=22003.929688)
lda 8192 ldb 8192 ldc 8192
LtHSHgemmStridedBatchSimple: 243.473718 TFlops(8192, 8192, 8192, 1, 4880, ms=22037.765625)
lda 8192 ldb 8192 ldc 8192
LtHSHgemmStridedBatchSimple: 243.434566 TFlops(8192, 8192, 8192, 1, 4888, ms=22077.443359)
lda 8192 ldb 8192 ldc 8192
LtHSHgemmStridedBatchSimple: 243.403807 TFlops(8192, 8192, 8192, 1, 4896, ms=22116.371094)
lda 8192 ldb 8192 ldc 8192
LtHSHgemmStridedBatchSimple: 243.561977 TFlops(8192, 8192, 8192, 1, 4904, ms=22138.123047)
lda 8192 ldb 8192 ldc 8192
LtHSHgemmStridedBatchSimple: 243.641864 TFlops(8192, 8192, 8192, 1, 4912, ms=22166.966797)
lda 8192 ldb 8192 ldc 8192
LtHSHgemmStridedBatchSimple: 243.448302 TFlops(8192, 8192, 8192, 1, 4920, ms=22220.722656)
lda 8192 ldb 8192 ldc 8192
LtHSHgemmStridedBatchSimple: 243.766612 TFlops(8192, 8192, 8192, 1, 4928, ms=22227.791016)
lda 8192 ldb 8192 ldc 8192
LtHSHgemmStridedBatchSimple: 243.677471 TFlops(8192, 8192, 8192, 1, 4936, ms=22272.019531)
lda 8192 ldb 8192 ldc 8192
LtHSHgemmStridedBatchSimple: 243.644766 TFlops(8192, 8192, 8192, 1, 4944, ms=22311.111328)
lda 8192 ldb 8192 ldc 8192
LtHSHgemmStridedBatchSimple: 243.458249 TFlops(8192, 8192, 8192, 1, 4952, ms=22364.333984)
lda 8192 ldb 8192 ldc 8192
LtHSHgemmStridedBatchSimple: 243.604433 TFlops(8192, 8192, 8192, 1, 4960, ms=22387.021484)
lda 8192 ldb 8192 ldc 8192
LtHSHgemmStridedBatchSimple: 243.544618 TFlops(8192, 8192, 8192, 1, 4968, ms=22428.636719)
lda 8192 ldb 8192 ldc 8192
LtHSHgemmStridedBatchSimple: 243.583392 TFlops(8192, 8192, 8192, 1, 4976, ms=22461.177734)
lda 8192 ldb 8192 ldc 8192
LtHSHgemmStridedBatchSimple: 243.392372 TFlops(8192, 8192, 8192, 1, 4984, ms=22514.945312)
lda 8192 ldb 8192 ldc 8192
LtHSHgemmStridedBatchSimple: 243.713600 TFlops(8192, 8192, 8192, 1, 4992, ms=22521.361328)
lda 8192 ldb 8192 ldc 8192
LtHSHgemmStridedBatchSimple: 243.416365 TFlops(8192, 8192, 8192, 1, 5000, ms=22584.998047)
lda 8192 ldb 8192 ldc 8192
LtHSHgemmStridedBatchSimple: 243.643150 TFlops(8192, 8192, 8192, 1, 5008, ms=22600.078125)
lda 8192 ldb 8192 ldc 8192
LtHSHgemmStridedBatchSimple: 243.451313 TFlops(8192, 8192, 8192, 1, 5016, ms=22654.017578)
lda 8192 ldb 8192 ldc 8192
LtHSHgemmStridedBatchSimple: 243.594567 TFlops(8192, 8192, 8192, 1, 5024, ms=22676.804688)
lda 8192 ldb 8192 ldc 8192
LtHSHgemmStridedBatchSimple: 243.452233 TFlops(8192, 8192, 8192, 1, 5032, ms=22726.193359)
lda 8192 ldb 8192 ldc 8192
LtHSHgemmStridedBatchSimple: 243.584721 TFlops(8192, 8192, 8192, 1, 5040, ms=22749.943359)
lda 8192 ldb 8192 ldc 8192
LtHSHgemmStridedBatchSimple: 243.579936 TFlops(8192, 8192, 8192, 1, 5048, ms=22786.501953)
lda 8192 ldb 8192 ldc 8192
LtHSHgemmStridedBatchSimple: 243.520130 TFlops(8192, 8192, 8192, 1, 5056, ms=22828.218750)
lda 8192 ldb 8192 ldc 8192
LtHSHgemmStridedBatchSimple: 243.522933 TFlops(8192, 8192, 8192, 1, 5064, ms=22864.076172)
lda 8192 ldb 8192 ldc 8192
LtHSHgemmStridedBatchSimple: 243.410050 TFlops(8192, 8192, 8192, 1, 5072, ms=22910.816406)
lda 8192 ldb 8192 ldc 8192
LtHSHgemmStridedBatchSimple: 243.625460 TFlops(8192, 8192, 8192, 1, 5080, ms=22926.664062)
lda 8192 ldb 8192 ldc 8192
LtHSHgemmStridedBatchSimple: 243.338319 TFlops(8192, 8192, 8192, 1, 5088, ms=22989.865234)
lda 8192 ldb 8192 ldc 8192
LtHSHgemmStridedBatchSimple: 243.430567 TFlops(8192, 8192, 8192, 1, 5096, ms=23017.287109)
lda 8192 ldb 8192 ldc 8192
LtHSHgemmStridedBatchSimple: 243.551701 TFlops(8192, 8192, 8192, 1, 5104, ms=23041.955078)
lda 8192 ldb 8192 ldc 8192
LtHSHgemmStridedBatchSimple: 243.522381 TFlops(8192, 8192, 8192, 1, 5112, ms=23080.849609)
lda 8192 ldb 8192 ldc 8192
LtHSHgemmStridedBatchSimple: 243.470287 TFlops(8192, 8192, 8192, 1, 5120, ms=23121.916016)
lda 8192 ldb 8192 ldc 8192
LtHSHgemmStridedBatchSimple: 243.476520 TFlops(8192, 8192, 8192, 1, 5128, ms=23157.451172)
lda 8192 ldb 8192 ldc 8192
LtHSHgemmStridedBatchSimple: 243.346130 TFlops(8192, 8192, 8192, 1, 5136, ms=23206.005859)
lda 8192 ldb 8192 ldc 8192
LtHSHgemmStridedBatchSimple: 243.470893 TFlops(8192, 8192, 8192, 1, 5144, ms=23230.242188)
lda 8192 ldb 8192 ldc 8192
LtHSHgemmStridedBatchSimple: 243.579971 TFlops(8192, 8192, 8192, 1, 5152, ms=23255.951172)
lda 8192 ldb 8192 ldc 8192
LtHSHgemmStridedBatchSimple: 243.511346 TFlops(8192, 8192, 8192, 1, 5160, ms=23298.626953)
lda 8192 ldb 8192 ldc 8192
LtHSHgemmStridedBatchSimple: 243.399386 TFlops(8192, 8192, 8192, 1, 5168, ms=23345.482422)
lda 8192 ldb 8192 ldc 8192
LtHSHgemmStridedBatchSimple: 243.430110 TFlops(8192, 8192, 8192, 1, 5176, ms=23378.669922)
lda 8192 ldb 8192 ldc 8192
LtHSHgemmStridedBatchSimple: 243.633326 TFlops(8192, 8192, 8192, 1, 5184, ms=23395.273438)
lda 8192 ldb 8192 ldc 8192
LtHSHgemmStridedBatchSimple: 243.431755 TFlops(8192, 8192, 8192, 1, 5192, ms=23450.779297)
lda 8192 ldb 8192 ldc 8192
LtHSHgemmStridedBatchSimple: 243.400574 TFlops(8192, 8192, 8192, 1, 5200, ms=23489.921875)
lda 8192 ldb 8192 ldc 8192
LtHSHgemmStridedBatchSimple: 243.542203 TFlops(8192, 8192, 8192, 1, 5208, ms=23512.378906)
lda 8192 ldb 8192 ldc 8192
LtHSHgemmStridedBatchSimple: 243.634187 TFlops(8192, 8192, 8192, 1, 5216, ms=23539.605469)
lda 8192 ldb 8192 ldc 8192
LtHSHgemmStridedBatchSimple: 243.523289 TFlops(8192, 8192, 8192, 1, 5224, ms=23586.445312)
lda 8192 ldb 8192 ldc 8192
LtHSHgemmStridedBatchSimple: 243.536770 TFlops(8192, 8192, 8192, 1, 5232, ms=23621.257812)
lda 8192 ldb 8192 ldc 8192
LtHSHgemmStridedBatchSimple: 243.525481 TFlops(8192, 8192, 8192, 1, 5240, ms=23658.472656)
lda 8192 ldb 8192 ldc 8192
LtHSHgemmStridedBatchSimple: 243.626620 TFlops(8192, 8192, 8192, 1, 5248, ms=23684.755859)
lda 8192 ldb 8192 ldc 8192
LtHSHgemmStridedBatchSimple: 243.561236 TFlops(8192, 8192, 8192, 1, 5256, ms=23727.228516)
lda 8192 ldb 8192 ldc 8192
LtHSHgemmStridedBatchSimple: 243.415902 TFlops(8192, 8192, 8192, 1, 5264, ms=23777.531250)
lda 8192 ldb 8192 ldc 8192
LtHSHgemmStridedBatchSimple: 243.480716 TFlops(8192, 8192, 8192, 1, 5272, ms=23807.328125)
lda 8192 ldb 8192 ldc 8192
LtHSHgemmStridedBatchSimple: 243.344028 TFlops(8192, 8192, 8192, 1, 5280, ms=23856.847656)
lda 8192 ldb 8192 ldc 8192
LtHSHgemmStridedBatchSimple: 243.457926 TFlops(8192, 8192, 8192, 1, 5288, ms=23881.816406)
lda 8192 ldb 8192 ldc 8192
LtHSHgemmStridedBatchSimple: 243.562353 TFlops(8192, 8192, 8192, 1, 5296, ms=23907.691406)
lda 8192 ldb 8192 ldc 8192
LtHSHgemmStridedBatchSimple: 243.452347 TFlops(8192, 8192, 8192, 1, 5304, ms=23954.625000)
lda 8192 ldb 8192 ldc 8192
LtHSHgemmStridedBatchSimple: 243.569338 TFlops(8192, 8192, 8192, 1, 5312, ms=23979.232422)
lda 8192 ldb 8192 ldc 8192
LtHSHgemmStridedBatchSimple: 243.410237 TFlops(8192, 8192, 8192, 1, 5320, ms=24031.042969)
lda 8192 ldb 8192 ldc 8192
LtHSHgemmStridedBatchSimple: 243.396807 TFlops(8192, 8192, 8192, 1, 5328, ms=24068.507812)
lda 8192 ldb 8192 ldc 8192
LtHSHgemmStridedBatchSimple: 243.699183 TFlops(8192, 8192, 8192, 1, 5336, ms=24074.738281)
lda 8192 ldb 8192 ldc 8192
LtHSHgemmStridedBatchSimple: 243.447411 TFlops(8192, 8192, 8192, 1, 5344, ms=24135.767578)
lda 8192 ldb 8192 ldc 8192
LtHSHgemmStridedBatchSimple: 243.344935 TFlops(8192, 8192, 8192, 1, 5352, ms=24182.078125)
lda 8192 ldb 8192 ldc 8192
LtHSHgemmStridedBatchSimple: 243.604951 TFlops(8192, 8192, 8192, 1, 5360, ms=24192.375000)
lda 8192 ldb 8192 ldc 8192
LtHSHgemmStridedBatchSimple: 243.441740 TFlops(8192, 8192, 8192, 1, 5368, ms=24244.726562)
lda 8192 ldb 8192 ldc 8192
LtHSHgemmStridedBatchSimple: 243.559049 TFlops(8192, 8192, 8192, 1, 5376, ms=24269.164062)
lda 8192 ldb 8192 ldc 8192
LtHSHgemmStridedBatchSimple: 243.543877 TFlops(8192, 8192, 8192, 1, 5384, ms=24306.792969)
lda 8192 ldb 8192 ldc 8192
LtHSHgemmStridedBatchSimple: 243.492105 TFlops(8192, 8192, 8192, 1, 5392, ms=24348.085938)
lda 8192 ldb 8192 ldc 8192
LtHSHgemmStridedBatchSimple: 243.472503 TFlops(8192, 8192, 8192, 1, 5400, ms=24386.173828)
lda 8192 ldb 8192 ldc 8192
LtHSHgemmStridedBatchSimple: 243.439842 TFlops(8192, 8192, 8192, 1, 5408, ms=24425.578125)
lda 8192 ldb 8192 ldc 8192
LtHSHgemmStridedBatchSimple: 243.274540 TFlops(8192, 8192, 8192, 1, 5416, ms=24478.332031)
lda 8192 ldb 8192 ldc 8192
LtHSHgemmStridedBatchSimple: 243.497785 TFlops(8192, 8192, 8192, 1, 5424, ms=24492.013672)
lda 8192 ldb 8192 ldc 8192
LtHSHgemmStridedBatchSimple: 243.269873 TFlops(8192, 8192, 8192, 1, 5432, ms=24551.117188)
lda 8192 ldb 8192 ldc 8192
LtHSHgemmStridedBatchSimple: 243.390881 TFlops(8192, 8192, 8192, 1, 5440, ms=24575.050781)
lda 8192 ldb 8192 ldc 8192
LtHSHgemmStridedBatchSimple: 243.264423 TFlops(8192, 8192, 8192, 1, 5448, ms=24623.984375)
lda 8192 ldb 8192 ldc 8192
LtHSHgemmStridedBatchSimple: 243.201344 TFlops(8192, 8192, 8192, 1, 5456, ms=24666.539062)
lda 8192 ldb 8192 ldc 8192
LtHSHgemmStridedBatchSimple: 243.409962 TFlops(8192, 8192, 8192, 1, 5464, ms=24681.535156)
lda 8192 ldb 8192 ldc 8192
LtHSHgemmStridedBatchSimple: 243.331324 TFlops(8192, 8192, 8192, 1, 5472, ms=24725.660156)
lda 8192 ldb 8192 ldc 8192
LtHSHgemmStridedBatchSimple: 243.412540 TFlops(8192, 8192, 8192, 1, 5480, ms=24753.546875)
lda 8192 ldb 8192 ldc 8192
LtHSHgemmStridedBatchSimple: 243.404407 TFlops(8192, 8192, 8192, 1, 5488, ms=24790.511719)
lda 8192 ldb 8192 ldc 8192
LtHSHgemmStridedBatchSimple: 243.425234 TFlops(8192, 8192, 8192, 1, 5496, ms=24824.525391)
lda 8192 ldb 8192 ldc 8192
LtHSHgemmStridedBatchSimple: 243.289126 TFlops(8192, 8192, 8192, 1, 5504, ms=24874.568359)
lda 8192 ldb 8192 ldc 8192
LtHSHgemmStridedBatchSimple: 243.296533 TFlops(8192, 8192, 8192, 1, 5512, ms=24909.964844)
lda 8192 ldb 8192 ldc 8192
LtHSHgemmStridedBatchSimple: 243.286928 TFlops(8192, 8192, 8192, 1, 5520, ms=24947.103516)
lda 8192 ldb 8192 ldc 8192
LtHSHgemmStridedBatchSimple: 243.048856 TFlops(8192, 8192, 8192, 1, 5528, ms=25007.730469)
lda 8192 ldb 8192 ldc 8192
LtHSHgemmStridedBatchSimple: 243.288770 TFlops(8192, 8192, 8192, 1, 5536, ms=25019.224609)
lda 8192 ldb 8192 ldc 8192
LtHSHgemmStridedBatchSimple: 243.241183 TFlops(8192, 8192, 8192, 1, 5544, ms=25060.281250)
lda 8192 ldb 8192 ldc 8192
LtHSHgemmStridedBatchSimple: 243.198862 TFlops(8192, 8192, 8192, 1, 5552, ms=25100.810547)
lda 8192 ldb 8192 ldc 8192
LtHSHgemmStridedBatchSimple: 243.193234 TFlops(8192, 8192, 8192, 1, 5560, ms=25137.560547)
lda 8192 ldb 8192 ldc 8192
LtHSHgemmStridedBatchSimple: 243.170662 TFlops(8192, 8192, 8192, 1, 5568, ms=25176.066406)
lda 8192 ldb 8192 ldc 8192
LtHSHgemmStridedBatchSimple: 243.224538 TFlops(8192, 8192, 8192, 1, 5576, ms=25206.654297)
lda 8192 ldb 8192 ldc 8192
LtHSHgemmStridedBatchSimple: 243.288035 TFlops(8192, 8192, 8192, 1, 5584, ms=25236.230469)
lda 8192 ldb 8192 ldc 8192
LtHSHgemmStridedBatchSimple: 243.218100 TFlops(8192, 8192, 8192, 1, 5592, ms=25279.652344)
lda 8192 ldb 8192 ldc 8192
LtHSHgemmStridedBatchSimple: 243.239526 TFlops(8192, 8192, 8192, 1, 5600, ms=25313.587891)
lda 8192 ldb 8192 ldc 8192
LtHSHgemmStridedBatchSimple: 243.206079 TFlops(8192, 8192, 8192, 1, 5608, ms=25353.236328)
lda 8192 ldb 8192 ldc 8192
LtHSHgemmStridedBatchSimple: 243.307499 TFlops(8192, 8192, 8192, 1, 5616, ms=25378.820312)
lda 8192 ldb 8192 ldc 8192
LtHSHgemmStridedBatchSimple: 243.183742 TFlops(8192, 8192, 8192, 1, 5624, ms=25427.906250)
lda 8192 ldb 8192 ldc 8192
LtHSHgemmStridedBatchSimple: 243.230071 TFlops(8192, 8192, 8192, 1, 5632, ms=25459.226562)
lda 8192 ldb 8192 ldc 8192
LtHSHgemmStridedBatchSimple: 243.110613 TFlops(8192, 8192, 8192, 1, 5640, ms=25507.917969)
lda 8192 ldb 8192 ldc 8192
LtHSHgemmStridedBatchSimple: 243.402782 TFlops(8192, 8192, 8192, 1, 5648, ms=25513.437500)
lda 8192 ldb 8192 ldc 8192
LtHSHgemmStridedBatchSimple: 243.173830 TFlops(8192, 8192, 8192, 1, 5656, ms=25573.630859)
lda 8192 ldb 8192 ldc 8192
LtHSHgemmStridedBatchSimple: 243.049732 TFlops(8192, 8192, 8192, 1, 5664, ms=25622.878906)
lda 8192 ldb 8192 ldc 8192
LtHSHgemmStridedBatchSimple: 243.184130 TFlops(8192, 8192, 8192, 1, 5672, ms=25644.888672)
lda 8192 ldb 8192 ldc 8192
LtHSHgemmStridedBatchSimple: 243.086910 TFlops(8192, 8192, 8192, 1, 5680, ms=25691.330078)
lda 8192 ldb 8192 ldc 8192
LtHSHgemmStridedBatchSimple: 243.127012 TFlops(8192, 8192, 8192, 1, 5688, ms=25723.271484)
