16384 16384 16384 16384
LtFp8Matmul: 1138.319217 TFlops(16384, 16384, 16384, 1, ms=7.727264)
16384 16384 16384 16384
LtFp8Matmul: 1059.421225 TFlops(16384, 16384, 16384, 16, ms=132.843750)
16384 16384 16384 16384
LtFp8Matmul: 1037.301308 TFlops(16384, 16384, 16384, 32, ms=271.353149)
16384 16384 16384 16384
LtFp8Matmul: 1027.172405 TFlops(16384, 16384, 16384, 48, ms=411.043427)
16384 16384 16384 16384
LtFp8Matmul: 1029.827165 TFlops(16384, 16384, 16384, 64, ms=546.645081)
16384 16384 16384 16384
LtFp8Matmul: 1031.142816 TFlops(16384, 16384, 16384, 80, ms=682.434509)
16384 16384 16384 16384
LtFp8Matmul: 1030.118579 TFlops(16384, 16384, 16384, 96, ms=819.735657)
16384 16384 16384 16384
LtFp8Matmul: 1030.563377 TFlops(16384, 16384, 16384, 112, ms=955.945496)
16384 16384 16384 16384
LtFp8Matmul: 1030.291106 TFlops(16384, 16384, 16384, 128, ms=1092.797852)
16384 16384 16384 16384
LtFp8Matmul: 1027.627863 TFlops(16384, 16384, 16384, 144, ms=1232.583740)
16384 16384 16384 16384
LtFp8Matmul: 1028.183881 TFlops(16384, 16384, 16384, 160, ms=1368.796875)
16384 16384 16384 16384
LtFp8Matmul: 1029.553898 TFlops(16384, 16384, 16384, 176, ms=1503.672974)
16384 16384 16384 16384
LtFp8Matmul: 1027.932838 TFlops(16384, 16384, 16384, 192, ms=1642.957397)
16384 16384 16384 16384
LtFp8Matmul: 1027.619299 TFlops(16384, 16384, 16384, 208, ms=1780.413574)
16384 16384 16384 16384
LtFp8Matmul: 1028.367276 TFlops(16384, 16384, 16384, 224, ms=1915.973877)
16384 16384 16384 16384
LtFp8Matmul: 1027.288016 TFlops(16384, 16384, 16384, 240, ms=2054.985840)
16384 16384 16384 16384
LtFp8Matmul: 1027.230138 TFlops(16384, 16384, 16384, 256, ms=2192.108398)
16384 16384 16384 16384
LtFp8Matmul: 1028.172166 TFlops(16384, 16384, 16384, 272, ms=2326.981201)
16384 16384 16384 16384
LtFp8Matmul: 1026.511922 TFlops(16384, 16384, 16384, 288, ms=2467.847412)
16384 16384 16384 16384
LtFp8Matmul: 1026.739731 TFlops(16384, 16384, 16384, 304, ms=2604.372070)
16384 16384 16384 16384
LtFp8Matmul: 1026.909721 TFlops(16384, 16384, 16384, 320, ms=2740.990479)
16384 16384 16384 16384
LtFp8Matmul: 1026.664112 TFlops(16384, 16384, 16384, 336, ms=2878.728516)
16384 16384 16384 16384
LtFp8Matmul: 1026.536812 TFlops(16384, 16384, 16384, 352, ms=3016.184814)
16384 16384 16384 16384
LtFp8Matmul: 1026.664771 TFlops(16384, 16384, 16384, 368, ms=3152.891113)
16384 16384 16384 16384
LtFp8Matmul: 1026.220781 TFlops(16384, 16384, 16384, 384, ms=3291.396729)
16384 16384 16384 16384
LtFp8Matmul: 1026.581879 TFlops(16384, 16384, 16384, 400, ms=3427.332275)
16384 16384 16384 16384
LtFp8Matmul: 1026.251517 TFlops(16384, 16384, 16384, 416, ms=3565.572998)
16384 16384 16384 16384
LtFp8Matmul: 1026.947796 TFlops(16384, 16384, 16384, 432, ms=3700.199951)
16384 16384 16384 16384
LtFp8Matmul: 1026.566037 TFlops(16384, 16384, 16384, 448, ms=3838.671387)
16384 16384 16384 16384
LtFp8Matmul: 1026.135651 TFlops(16384, 16384, 16384, 464, ms=3977.434326)
16384 16384 16384 16384
LtFp8Matmul: 1026.580758 TFlops(16384, 16384, 16384, 480, ms=4112.803223)
16384 16384 16384 16384
LtFp8Matmul: 1026.375144 TFlops(16384, 16384, 16384, 496, ms=4250.748047)
16384 16384 16384 16384
LtFp8Matmul: 1026.683687 TFlops(16384, 16384, 16384, 512, ms=4386.550293)
16384 16384 16384 16384
LtFp8Matmul: 1026.433650 TFlops(16384, 16384, 16384, 528, ms=4524.731934)
16384 16384 16384 16384
LtFp8Matmul: 1026.438984 TFlops(16384, 16384, 16384, 544, ms=4661.820801)
16384 16384 16384 16384
LtFp8Matmul: 1026.757007 TFlops(16384, 16384, 16384, 560, ms=4797.446777)
16384 16384 16384 16384
LtFp8Matmul: 1026.704906 TFlops(16384, 16384, 16384, 576, ms=4934.767090)
16384 16384 16384 16384
LtFp8Matmul: 1025.986855 TFlops(16384, 16384, 16384, 592, ms=5075.393555)
16384 16384 16384 16384
LtFp8Matmul: 1026.139294 TFlops(16384, 16384, 16384, 608, ms=5211.791992)
16384 16384 16384 16384
LtFp8Matmul: 1026.623164 TFlops(16384, 16384, 16384, 624, ms=5346.423340)
16384 16384 16384 16384
LtFp8Matmul: 1026.606049 TFlops(16384, 16384, 16384, 640, ms=5483.602539)
16384 16384 16384 16384
LtFp8Matmul: 1026.227199 TFlops(16384, 16384, 16384, 656, ms=5622.767578)
16384 16384 16384 16384
LtFp8Matmul: 1026.362678 TFlops(16384, 16384, 16384, 672, ms=5759.147949)
16384 16384 16384 16384
LtFp8Matmul: 1026.350441 TFlops(16384, 16384, 16384, 688, ms=5896.340820)
16384 16384 16384 16384
LtFp8Matmul: 1026.388432 TFlops(16384, 16384, 16384, 704, ms=6033.241699)
16384 16384 16384 16384
LtFp8Matmul: 1026.500041 TFlops(16384, 16384, 16384, 720, ms=6169.689941)
16384 16384 16384 16384
LtFp8Matmul: 1026.561036 TFlops(16384, 16384, 16384, 736, ms=6306.419434)
16384 16384 16384 16384
LtFp8Matmul: 1021.055221 TFlops(16384, 16384, 16384, 752, ms=6478.260742)
16384 16384 16384 16384
LtFp8Matmul: 1020.682252 TFlops(16384, 16384, 16384, 768, ms=6618.513672)
16384 16384 16384 16384
LtFp8Matmul: 1026.475106 TFlops(16384, 16384, 16384, 784, ms=6718.270020)
16384 16384 16384 16384
LtFp8Matmul: 1026.602136 TFlops(16384, 16384, 16384, 800, ms=6854.529297)
16384 16384 16384 16384
LtFp8Matmul: 1026.557580 TFlops(16384, 16384, 16384, 816, ms=6991.923340)
16384 16384 16384 16384
LtFp8Matmul: 1026.173805 TFlops(16384, 16384, 16384, 832, ms=7131.686035)
16384 16384 16384 16384
LtFp8Matmul: 1025.767725 TFlops(16384, 16384, 16384, 848, ms=7271.711426)
16384 16384 16384 16384
LtFp8Matmul: 1025.413467 TFlops(16384, 16384, 16384, 864, ms=7411.473145)
16384 16384 16384 16384
LtFp8Matmul: 1020.683068 TFlops(16384, 16384, 16384, 880, ms=7583.707520)
16384 16384 16384 16384
LtFp8Matmul: 1025.106666 TFlops(16384, 16384, 16384, 896, ms=7688.272461)
16384 16384 16384 16384
LtFp8Matmul: 1024.466747 TFlops(16384, 16384, 16384, 912, ms=7830.451172)
16384 16384 16384 16384
LtFp8Matmul: 1024.797379 TFlops(16384, 16384, 16384, 928, ms=7965.256836)
16384 16384 16384 16384
LtFp8Matmul: 1023.914892 TFlops(16384, 16384, 16384, 944, ms=8109.572266)
16384 16384 16384 16384
LtFp8Matmul: 1022.680909 TFlops(16384, 16384, 16384, 960, ms=8256.973633)
16384 16384 16384 16384
LtFp8Matmul: 1022.588360 TFlops(16384, 16384, 16384, 976, ms=8395.349609)
16384 16384 16384 16384
LtFp8Matmul: 1023.165855 TFlops(16384, 16384, 16384, 992, ms=8528.162109)
16384 16384 16384 16384
LtFp8Matmul: 1021.714315 TFlops(16384, 16384, 16384, 1008, ms=8678.024414)
16384 16384 16384 16384
LtFp8Matmul: 1021.839771 TFlops(16384, 16384, 16384, 1024, ms=8814.688477)
16384 16384 16384 16384
LtFp8Matmul: 1021.111639 TFlops(16384, 16384, 16384, 1040, ms=8958.801758)
16384 16384 16384 16384
LtFp8Matmul: 1021.441548 TFlops(16384, 16384, 16384, 1056, ms=9093.691406)
16384 16384 16384 16384
LtFp8Matmul: 1022.299789 TFlops(16384, 16384, 16384, 1072, ms=9223.724609)
16384 16384 16384 16384
LtFp8Matmul: 1021.901899 TFlops(16384, 16384, 16384, 1088, ms=9365.037109)
16384 16384 16384 16384
LtFp8Matmul: 1020.457172 TFlops(16384, 16384, 16384, 1104, ms=9516.211914)
16384 16384 16384 16384
LtFp8Matmul: 1021.757812 TFlops(16384, 16384, 16384, 1120, ms=9641.838867)
16384 16384 16384 16384
LtFp8Matmul: 1022.134986 TFlops(16384, 16384, 16384, 1136, ms=9775.970703)
16384 16384 16384 16384
LtFp8Matmul: 1020.984449 TFlops(16384, 16384, 16384, 1152, ms=9924.832031)
16384 16384 16384 16384
LtFp8Matmul: 1021.497386 TFlops(16384, 16384, 16384, 1168, ms=10057.624023)
16384 16384 16384 16384
LtFp8Matmul: 1020.821468 TFlops(16384, 16384, 16384, 1184, ms=10202.150391)
16384 16384 16384 16384
LtFp8Matmul: 1019.075047 TFlops(16384, 16384, 16384, 1200, ms=10357.737305)
16384 16384 16384 16384
LtFp8Matmul: 1020.355044 TFlops(16384, 16384, 16384, 1216, ms=10482.673828)
16384 16384 16384 16384
LtFp8Matmul: 1018.880357 TFlops(16384, 16384, 16384, 1232, ms=10635.975586)
16384 16384 16384 16384
LtFp8Matmul: 1018.909787 TFlops(16384, 16384, 16384, 1248, ms=10773.793945)
16384 16384 16384 16384
LtFp8Matmul: 1018.428689 TFlops(16384, 16384, 16384, 1264, ms=10917.074219)
16384 16384 16384 16384
LtFp8Matmul: 1018.585823 TFlops(16384, 16384, 16384, 1280, ms=11053.559570)
16384 16384 16384 16384
LtFp8Matmul: 1020.472267 TFlops(16384, 16384, 16384, 1296, ms=11171.040039)
16384 16384 16384 16384
LtFp8Matmul: 1020.774084 TFlops(16384, 16384, 16384, 1312, ms=11305.610352)
16384 16384 16384 16384
LtFp8Matmul: 1020.816966 TFlops(16384, 16384, 16384, 1328, ms=11443.002930)
16384 16384 16384 16384
LtFp8Matmul: 1021.201145 TFlops(16384, 16384, 16384, 1344, ms=11576.513672)
16384 16384 16384 16384
LtFp8Matmul: 1020.466831 TFlops(16384, 16384, 16384, 1360, ms=11722.758789)
16384 16384 16384 16384
LtFp8Matmul: 1021.101062 TFlops(16384, 16384, 16384, 1376, ms=11853.306641)
16384 16384 16384 16384
LtFp8Matmul: 1021.062398 TFlops(16384, 16384, 16384, 1392, ms=11991.589844)
16384 16384 16384 16384
LtFp8Matmul: 1020.494774 TFlops(16384, 16384, 16384, 1408, ms=12136.170898)
16384 16384 16384 16384
LtFp8Matmul: 1020.558831 TFlops(16384, 16384, 16384, 1424, ms=12273.311523)
16384 16384 16384 16384
LtFp8Matmul: 1020.154997 TFlops(16384, 16384, 16384, 1440, ms=12416.126953)
16384 16384 16384 16384
LtFp8Matmul: 1019.912457 TFlops(16384, 16384, 16384, 1456, ms=12557.069336)
16384 16384 16384 16384
LtFp8Matmul: 1016.914340 TFlops(16384, 16384, 16384, 1472, ms=12732.487305)
16384 16384 16384 16384
LtFp8Matmul: 1013.863478 TFlops(16384, 16384, 16384, 1488, ms=12909.614258)
16384 16384 16384 16384
LtFp8Matmul: 1013.746833 TFlops(16384, 16384, 16384, 1504, ms=13049.928711)
16384 16384 16384 16384
LtFp8Matmul: 1014.579283 TFlops(16384, 16384, 16384, 1520, ms=13177.936523)
16384 16384 16384 16384
LtFp8Matmul: 1014.323199 TFlops(16384, 16384, 16384, 1536, ms=13320.013672)
16384 16384 16384 16384
LtFp8Matmul: 1013.923137 TFlops(16384, 16384, 16384, 1552, ms=13464.074219)
16384 16384 16384 16384
LtFp8Matmul: 1013.476125 TFlops(16384, 16384, 16384, 1568, ms=13608.878906)
16384 16384 16384 16384
LtFp8Matmul: 1013.198594 TFlops(16384, 16384, 16384, 1584, ms=13751.510742)
16384 16384 16384 16384
LtFp8Matmul: 1013.048660 TFlops(16384, 16384, 16384, 1600, ms=13892.470703)
16384 16384 16384 16384
LtFp8Matmul: 1013.402791 TFlops(16384, 16384, 16384, 1616, ms=14026.492188)
16384 16384 16384 16384
LtFp8Matmul: 1014.256703 TFlops(16384, 16384, 16384, 1632, ms=14153.442383)
16384 16384 16384 16384
LtFp8Matmul: 1014.916439 TFlops(16384, 16384, 16384, 1648, ms=14282.911133)
16384 16384 16384 16384
LtFp8Matmul: 1014.395156 TFlops(16384, 16384, 16384, 1664, ms=14428.991211)
16384 16384 16384 16384
LtFp8Matmul: 1015.858542 TFlops(16384, 16384, 16384, 1680, ms=14546.746094)
16384 16384 16384 16384
LtFp8Matmul: 1014.440230 TFlops(16384, 16384, 16384, 1696, ms=14705.818359)
16384 16384 16384 16384
LtFp8Matmul: 1015.495404 TFlops(16384, 16384, 16384, 1712, ms=14829.127930)
16384 16384 16384 16384
LtFp8Matmul: 1015.813871 TFlops(16384, 16384, 16384, 1728, ms=14963.025391)
16384 16384 16384 16384
LtFp8Matmul: 1015.041277 TFlops(16384, 16384, 16384, 1744, ms=15113.066406)
16384 16384 16384 16384
LtFp8Matmul: 1015.290887 TFlops(16384, 16384, 16384, 1760, ms=15247.968750)
16384 16384 16384 16384
LtFp8Matmul: 1014.667291 TFlops(16384, 16384, 16384, 1776, ms=15396.042969)
16384 16384 16384 16384
LtFp8Matmul: 1015.336708 TFlops(16384, 16384, 16384, 1792, ms=15524.503906)
16384 16384 16384 16384
LtFp8Matmul: 1014.923331 TFlops(16384, 16384, 16384, 1808, ms=15669.495117)
16384 16384 16384 16384
LtFp8Matmul: 1016.054978 TFlops(16384, 16384, 16384, 1824, ms=15790.556641)
16384 16384 16384 16384
LtFp8Matmul: 1015.281100 TFlops(16384, 16384, 16384, 1840, ms=15941.211914)
16384 16384 16384 16384
LtFp8Matmul: 1015.449281 TFlops(16384, 16384, 16384, 1856, ms=16077.167969)
16384 16384 16384 16384
LtFp8Matmul: 1014.562328 TFlops(16384, 16384, 16384, 1872, ms=16229.940430)
16384 16384 16384 16384
LtFp8Matmul: 1014.508075 TFlops(16384, 16384, 16384, 1888, ms=16369.533203)
16384 16384 16384 16384
LtFp8Matmul: 1014.698011 TFlops(16384, 16384, 16384, 1904, ms=16505.167969)
16384 16384 16384 16384
LtFp8Matmul: 1015.246141 TFlops(16384, 16384, 16384, 1920, ms=16634.880859)
16384 16384 16384 16384
LtFp8Matmul: 1014.734344 TFlops(16384, 16384, 16384, 1936, ms=16781.964844)
16384 16384 16384 16384
LtFp8Matmul: 1014.466574 TFlops(16384, 16384, 16384, 1952, ms=16925.125000)
16384 16384 16384 16384
LtFp8Matmul: 1014.121020 TFlops(16384, 16384, 16384, 1968, ms=17069.669922)
16384 16384 16384 16384
LtFp8Matmul: 1014.299484 TFlops(16384, 16384, 16384, 1984, ms=17205.419922)
16384 16384 16384 16384
LtFp8Matmul: 1013.993322 TFlops(16384, 16384, 16384, 2000, ms=17349.410156)
16384 16384 16384 16384
LtFp8Matmul: 1013.934459 TFlops(16384, 16384, 16384, 2016, ms=17489.220703)
16384 16384 16384 16384
LtFp8Matmul: 1014.149110 TFlops(16384, 16384, 16384, 2032, ms=17624.292969)
